 
                                                                                                                                                                                                                                                                
 
 
Variable Importance

                                 Number of    Number of
                                 Splitting    Surrogate
Variable Name           Label      Rules        Rules      Importance

GenHlth                              5            8          1.00000 
HighBP                               4            0          0.82146 
PhysHlth                             2            2          0.70991 
DiffWalk                             1            0          0.70418 
HighChol                             1            3          0.68639 
Age                                  0            7          0.68338 
HeartDiseaseorAttack                 0            2          0.66051 
Stroke                               0            1          0.59520 
CholCheck                            1            0          0.43972 
BMI                                  0            5          0.31461 
MentHlth                             2            2          0.25557 
Income                               4            2          0.25421 
Education                            1            2          0.20368 
NoDocbcCost                          1            1          0.14235 
AnyHealthcare                        0            1          0.13151 
PhysActivity                         0            1          0.02794 
Fruits                               0            1          0.02783 
Sex                                  0            1          0.02765 
