 
                                                                                                                                                                                                                                                                
 
 
Variable Summary

            Measurement    Frequency
Role           Level         Count

ID           INTERVAL          1    
INPUT        BINARY            8    
INPUT        INTERVAL          2    
INPUT        ORDINAL           5    
REJECTED     BINARY            6    
REJECTED     NOMINAL           1    
 
                                                                                                                                                                                                                                                                
 
The CLUSTER Procedure
Centroid Hierarchical Cluster Analysis

            Eigenvalues of the Covariance Matrix
 
        Eigenvalue    Difference    Proportion    Cumulative

   1    7.53183787    4.49546815        0.6530        0.6530
   2    3.03636972    2.79927768        0.2633        0.9163
   3    0.23709204    0.07560670        0.0206        0.9369
   4    0.16148534    0.04118990        0.0140        0.9509
   5    0.12029543    0.00717052        0.0104        0.9613
   6    0.11312491    0.00571591        0.0098        0.9711
   7    0.10740901    0.02309316        0.0093        0.9804
   8    0.08431584    0.01605891        0.0073        0.9877
   9    0.06825693    0.02358404        0.0059        0.9937
  10    0.04467289    0.01907192        0.0039        0.9975
  11    0.02560097    0.02312611        0.0022        0.9997
  12    0.00247486    0.00212233        0.0002        1.0000
  13    0.00035252    0.00024805        0.0000        1.0000
  14    0.00010447    0.00007619        0.0000        1.0000
  15    0.00002829    0.00002829        0.0000        1.0000
  16    0.00000000    0.00000000        0.0000        1.0000
  17    0.00000000    0.00000000        0.0000        1.0000
  18    0.00000000    0.00000000        0.0000        1.0000
  19    0.00000000    0.00000000        0.0000        1.0000
  20    0.00000000    0.00000000        0.0000        1.0000
  21    -.00000000    0.00000000       -0.0000        1.0000
  22    -.00000000    0.00000000       -0.0000        1.0000
  23    -.00000000                     -0.0000        1.0000

Root-Mean-Square Total-Sample Standard Deviation    0.874652

Root-Mean-Square Distance Between Observations     5.93218


                                          Cluster History
  Number                                                                               Norm
      of                                                  Pseudo F       Pseudo    Centroid
Clusters    ------Clusters Joined-------         Freq    Statistic    t-Squared    Distance    Tie

      49    OB29            OB37                  441         8840          8.8       0.126       
      48    OB13            OB44                  778         9027         26.8        0.17       
      47    OB34            OB45                  502         9222         17.0      0.1763       
      46    OB11            OB36                58938         9230         4229      0.2021       
      45    OB1             OB16                  533         9438         34.7      0.2266       
      44    OB9             OB42                 1749         9649          120      0.2272       
      43    OB7             OB18                   52         9878          3.5      0.2336       
      42    CL45            CL49                  974          1E4         67.7      0.2407       
      41    CL46            OB46                61867          1E4         1215      0.2424       
      40    CL43            OB28                  118         11E3          7.0      0.2424       
      39    OB25            OB27                 4420         11E3          216      0.2428       
      38    OB6             OB39                  806         11E3         23.0      0.2454       
      37    OB12            OB15                 2896         11E3         69.8      0.2469       
      36    OB31            OB47                 2592         12E3          158      0.2507       
      35    OB24            OB40                 6166         12E3          623      0.2651       
      34    CL35            CL47                 6668         12E3          154      0.2479       
      33    CL41            CL34                68535         13E3         2969      0.2651       
      32    OB5             OB43                 8591         13E3          195      0.2707       
      31    OB8             OB48                54319         13E3         6976      0.2793       
      30    OB2             CL31                63775         13E3         3649      0.2855       
      29    CL42            CL32                 9565         13E3          280      0.2902       
      28    OB3             OB23                 6975         14E3         41.4      0.2913       
      27    CL44            OB30                 1978         14E3         87.4      0.3019       
      26    CL30            CL39                68195         15E3         2009      0.3069       
      25    CL26            OB19                82825         15E3         6228      0.3099       
      24    OB14            OB32                 4924         15E3          6.4      0.3181       
      23    CL25            OB26                93523         15E3         4799      0.3196       
      22    OB33            OB38                  475         16E3         38.4      0.3312       
      21    CL29            CL27                11543         17E3          692       0.333       
      20    CL38            CL24                 5730         18E3          258       0.334       
      19    CL33            CL37                71431         18E3         2240      0.3475       
      18    CL23            OB41                93642          2E4         72.7      0.3603       
      17    OB10            CL22                 2744         21E3          241      0.3644       
      16    CL17            OB21                 2766         22E3         12.4      0.3654       
      15    CL40            OB17                  191         24E3         26.9      0.3671       
      14    CL15            CL48                  969         25E3         91.4      0.3379       
      13    CL14            CL19                72400         27E3          841      0.3694       
      12    OB4             CL36                 2749          3E4         87.8      0.3765       
      11    CL12            CL20                 8479         33E3          929      0.3817       
      10    CL18            OB35                93877         36E3          178      0.4014       
       9    CL21            CL16                14309          4E4         1399      0.4116       
       8    CL9             CL13                86709         42E3         12E3      0.4309       
       7    CL11            OB49                 9122         49E3          370      0.4429       
       6    CL28            OB50                18271         57E3         4352      0.4633       
       5    CL6             CL7                 27393         68E3         4293      0.4487       
       4    CL8             OB22                86725         91E3         28.7      0.6072       
       3    CL4             CL10               180602         71E3         85E3        0.63       
       2    CL3             CL5                207995         73E3         51E3      0.8174       
       1    CL2             OB20               223088           .          73E3      1.3983       
 
                                                                                                                                                                                                                                                                
 
Candidates for Optimum Number of Clusters

        Number     Clustering
          of          Cubic
Obs    Clusters     Criterion

  1        4         146.553 
  2        9          51.367 
  3       20         -18.333 
  4       24          -2.851 
  5       27          41.217 
  6       32          89.894 
  7       34         100.310 
  8       37          98.187 
  9       42          86.583 
 10       47          93.970 
