 
                                                                                                                                                                                                                                                                
 
 
Fit Statistics

Target=Diabetes_Prediction Target Label=Diabetes Prediction

   Fit
Statistics    Statistics Label                       Train    Validation         Test

 _DFT_        Total Degrees of Freedom           160456.00           .            .  
 _DFE_        Degrees of Freedom for Error       160169.00           .            .  
 _DFM_        Model Degrees of Freedom              287.00           .            .  
 _NW_         Number of Estimated Weights           287.00           .            .  
 _AIC_        Akaike's Information Criterion      66256.84           .            .  
 _SBC_        Schwarz's Bayesian Criterion        69122.76           .            .  
 _ASE_        Average Squared Error                   0.08          0.08         0.08
 _MAX_        Maximum Absolute Error                  1.00          1.00         1.00
 _DIV_        Divisor for ASE                    240684.00     180507.00    180528.00
 _NOBS_       Sum of Frequencies                  80228.00      60169.00     60176.00
 _RASE_       Root Average Squared Error              0.28          0.28         0.28
 _SSE_        Sum of Squared Errors               18432.90      13768.98     13751.62
 _SUMW_       Sum of Case Weights Times Freq     240684.00     180507.00    180528.00
 _FPE_        Final Prediction Error                  0.08           .            .  
 _MSE_        Mean Squared Error                      0.08          0.08         0.08
 _RFPE_       Root Final Prediction Error             0.28           .            .  
 _RMSE_       Root Mean Squared Error                 0.28          0.28         0.28
 _AVERR_      Average Error Function                  0.27          0.27         0.27
 _ERR_        Error Function                      65682.84      49016.53     49045.60
 _MISC_       Misclassification Rate                  0.16          0.16         0.16
 _WRONG_      Number of Wrong Classifications     12726.00       9514.00      9541.00
 
                                                                                                                                                                                                                                                                
 
 
Classification Table

Data Role=TRAIN Target Variable=Diabetes_Prediction Target Label=Diabetes Prediction

                                Target        Outcome     Frequency       Total
  Target         Outcome      Percentage    Percentage      Count      Percentage

DIABETES       DIABETES         38.6982        5.9688         654         0.8152 
NO DIABETES    DIABETES         57.2189        1.4259         967         1.2053 
PREDIABETES    DIABETES          4.0828        4.7390          69         0.0860 
DIABETES       NO DIABETES      13.1185       94.0312       10303        12.8421 
NO DIABETES    NO DIABETES      85.1155       98.5741       66848        83.3225 
PREDIABETES    NO DIABETES       1.7660       95.2610        1387         1.7288 


Data Role=VALIDATE Target Variable=Diabetes_Prediction Target Label=Diabetes Prediction

                                Target        Outcome     Frequency       Total
  Target         Outcome      Percentage    Percentage      Count      Percentage

DIABETES       DIABETES         38.9968        5.8652         482         0.8011 
NO DIABETES    DIABETES         55.5825        1.3508         687         1.1418 
PREDIABETES    DIABETES          5.4207        6.1412          67         0.1114 
DIABETES       NO DIABETES      13.1268       94.1348        7736        12.8571 
NO DIABETES    NO DIABETES      85.1357       98.6492       50173        83.3868 
PREDIABETES    NO DIABETES       1.7376       93.8588        1024         1.7019 
 
                                                                                                                                                                                                                                                                
 
 
Event Classification Table

Data Role=TRAIN Target=Diabetes_Prediction Target Label=Diabetes Prediction

  False       True        False       True
Negative    Negative    Positive    Positive

  1456        78772         0           0   


Data Role=VALIDATE Target=Diabetes_Prediction Target Label=Diabetes Prediction

  False       True        False       True
Negative    Negative    Positive    Positive

  1091        59078         0           0   
 
                                                                                                                                                                                                                                                                
 
 
Assessment Score Rankings

Data Role=TRAIN Target Variable=Diabetes_Prediction Target Label=Diabetes Prediction

                                                                                           Mean
                               Cumulative        %       Cumulative      Number of      Posterior
Depth       Gain      Lift        Lift       Response    % Response    Observations    Probability

   5     123.868    2.23868      2.23868      4.06281      4.06281         4012          0.066224 
  10     113.594    2.03317      2.13594      3.68985      3.87636         4011          0.048299 
  15     108.319    1.97773      2.08319      3.58923      3.78064         4012          0.043898 
  20     106.382    2.00569      2.06382      3.63999      3.74548         4011          0.039469 
  25     100.000    1.74468      2.00000      3.16629      3.62966         4011          0.034668 
  30      87.724    1.26355      1.87724      2.29312      3.40687         4012          0.029571 
  35      84.261    1.63478      1.84261      2.96684      3.34402         4011          0.024476 
  40      75.991    1.18114      1.75991      2.14357      3.19394         4012          0.019831 
  45      66.207    0.87921      1.66207      1.59561      3.01637         4011          0.015671 
  50      57.830    0.82426      1.57830      1.49589      2.86434         4011          0.012298 
  55      51.471    0.87899      1.51471      1.59521      2.74895         4012          0.009687 
  60      43.658    0.57698      1.43658      1.04712      2.60714         4011          0.007740 
  65      38.840    0.81032      1.38840      1.47059      2.51970         4012          0.006320 
  70      32.946    0.56324      1.32946      1.02219      2.41275         4011          0.005291 
  75      26.007    0.28849      1.26007      0.52356      2.28682         4011          0.004541 
  80      20.191    0.32962      1.20191      0.59821      2.18126         4012          0.003994 
  85      14.253    0.19233      1.14253      0.34904      2.07350         4011          0.003595 
  90       9.431    0.27468      1.09431      0.49850      1.98598         4012          0.003305 
  95       4.829    0.21980      1.04829      0.39890      1.90246         4011          0.003090 
 100       0.000    0.08243      1.00000      0.14959      1.81483         4011          0.002905 


Data Role=VALIDATE Target Variable=Diabetes_Prediction Target Label=Diabetes Prediction

                                                                                           Mean
                               Cumulative        %       Cumulative      Number of      Posterior
Depth       Gain      Lift        Lift       Response    % Response    Observations    Probability

   5     127.273    2.27273      2.27273      4.12097      4.12097         3009          0.065615 
  10      98.897    1.70511      1.98897      3.09176      3.60645         3008          0.048184 
  15     103.468    2.12610      2.03468      3.85510      3.68934         3009          0.043855 
  20      97.522    1.79679      1.97522      3.25798      3.58152         3008          0.039465 
  25      92.474    1.72287      1.92474      3.12396      3.49000         3009          0.034624 
  30      89.120    1.72345      1.89120      3.12500      3.42917         3008          0.029521 
  35      82.001    1.39296      1.82001      2.52576      3.30009         3009          0.024480 
  40      74.149    1.19175      1.74149      2.16090      3.15772         3008          0.019747 
  45      68.647    1.24633      1.68647      2.25989      3.05795         3009          0.015636 
  50      60.034    0.82505      1.60034      1.49601      2.90178         3008          0.012305 
  55      53.987    0.93506      1.53987      1.69548      2.79213         3008          0.009667 
  60      47.721    0.78812      1.47721      1.42905      2.67852         3009          0.007708 
  65      40.731    0.56837      1.40731      1.03059      2.55178         3008          0.006305 
  70      34.475    0.53153      1.34475      0.96378      2.43833         3009          0.005277 
  75      27.344    0.27502      1.27344      0.49867      2.30904         3008          0.004513 
  80      21.904    0.40323      1.21904      0.73114      2.21040         3009          0.003957 
  85      16.029    0.22001      1.16029      0.39894      2.10386         3008          0.003573 
  90      10.295    0.12830      1.10295      0.23264      1.99989         3009          0.003292 
  95       4.973    0.09167      1.04973      0.16622      1.90340         3008          0.003081 
 100       0.000    0.05500      1.00000      0.09973      1.81323         3008          0.002899 
 
                                                                                                                                                                                                                                                                
 
 
Assessment Score Distribution

Data Role=TRAIN Target Variable=Diabetes_Prediction Target Label=Diabetes Prediction

 Posterior     Number                     Mean
Probability      of      Number of     Posterior
   Range       Events    Nonevents    Probability    Percentage

 0.10-0.15         1          15        0.10277         0.0199 
 0.05-0.10       192        4585        0.06360         5.9543 
 0.00-0.05      1263       74172        0.01642        94.0258 


Data Role=VALIDATE Target Variable=Diabetes_Prediction Target Label=Diabetes Prediction

 Posterior     Number                     Mean
Probability      of      Number of     Posterior
   Range       Events    Nonevents    Probability    Percentage

 0.10-0.15         0          10        0.10350         0.0166 
 0.05-0.10       144        3401        0.06324         5.8917 
 0.00-0.05       947       55667        0.01641        94.0916 
