 
                                                                                                                                                                                                                                                                
 
 
Variable Summary

          Measurement    Frequency
 Role        Level         Count

INPUT      BINARY            14   
INPUT      INTERVAL           2   
INPUT      ORDINAL            5   
TARGET     NOMINAL            1   
 
                                                                                                                                                                                                                                                                
 
 
Model Events

                                                     Number
                                      Measurement      of
      Target              Event          Level       Levels      Order       Label

Diabetes_Prediction    PREDIABETES      NOMINAL         3      Descending         
 
                                                                                                                                                                                                                                                                
 
 
Predicted and decision variables

Type         Variable                            Label

TARGET       Diabetes_Prediction                                                           
PREDICTED    P_Diabetes_Predictionprediabetes    Predicted: Diabetes_Prediction=prediabetes
RESIDUAL     R_Diabetes_Predictionprediabetes    Residual: Diabetes_Prediction=prediabetes 
PREDICTED    P_Diabetes_Predictionno_diabetes    Predicted: Diabetes_Prediction=no diabetes
RESIDUAL     R_Diabetes_Predictionno_diabetes    Residual: Diabetes_Prediction=no diabetes 
PREDICTED    P_Diabetes_Predictiondiabetes       Predicted: Diabetes_Prediction=diabetes   
RESIDUAL     R_Diabetes_Predictiondiabetes       Residual: Diabetes_Prediction=diabetes    
FROM         F_Diabetes_Prediction               From: Diabetes_Prediction                 
INTO         I_Diabetes_Prediction               Into: Diabetes_Prediction                 
 
                                                                                                                                                                                                                                                                
 
 

The DMREG Procedure

                Model Information

Training Data Set              WORK.EM_DMREG.VIEW 
DMDB Catalog                   WORK.REG_DMDB      
Target Variable                Diabetes_Prediction
Target Measurement Level       Nominal            
Number of Target Categories    3                  
Error                          MBernoulli         
Link Function                  Logit              
Number of Model Parameters     186                
Number of Observations         80227              


            Target Profile
 
 Ordered     Diabetes_           Total
   Value     Prediction      Frequency

       1     prediabetes          1467
       2     no diabetes         67821
       3     diabetes            10939
 
                                                                                                                                                                                                                                                                
 
 

The DMREG Procedure

Dual Quasi-Newton Optimization

Dual Broyden - Fletcher - Goldfarb - Shanno Update (DBFGS)

Parameter Estimates             186

                                             Optimization Start

Active Constraints                                  0  Objective Function                       39059.775852
Max Abs Gradient Element                 7700.9658843                                                       


                                                                 Objective     Max Abs                Slope of
                     Function         Active        Objective     Function    Gradient       Step       Search
Iter     Restarts       Calls    Constraints         Function       Change     Element       Size    Direction

   1            0           5              0            32916       6143.6      3913.5      0.962       -14330
   2            0           7              0            31943        972.8      1027.3      1.000      -2367.1
   3            0           9              0            31757        186.9       464.0      1.000       -331.2
   4            0          11              0            31693      63.5335       268.0      1.000       -182.9
   5            0          13              0            31644      48.8975       210.9      0.494       -321.8
   6            0          16              0            31620      24.3074       114.8      0.640      -86.606
   7            0          19              0            31608      12.1211     83.4830      0.307      -77.478
   8            0          24              0            31602       5.6559     52.6437      0.336      -31.671
   9            0          27              0            31599       3.0029     18.3361      0.370      -21.013
  10            0          29              0            31596       2.9040     25.5388      0.344      -21.855
  11            0          32              0            31595       1.5579     25.5968      0.370       -6.465
  12            0          35              0            31593       1.0731      7.5430      0.861       -2.379
  13            0          38              0            31593       0.1383      6.1733      0.487       -0.775
  14            0          40              0            31593       0.0590      5.8903      1.533       -0.226
  15            0          42              0            31593       0.0773      2.1578      0.865       -0.171
  16            0          45              0            31593       0.0293      1.6918      0.550       -0.110
  17            0          47              0            31593       0.0478      1.8861      1.423      -0.0515
  18            0          49              0            31593       0.0693      1.6962      0.999       -0.120

                                            Optimization Results

Iterations                                         18  Function Calls                                     51
Gradient Calls                                     22  Active Constraints                                  0
Objective Function                       31593.038492  Max Abs Gradient Element                 1.6962281514
Slope of Search Direction                -0.119703639                                                       

Convergence criterion (FCONV=0.0001) satisfied.                                                   

NOTE: At least one element of the gradient is greater than 1e-3.



     Likelihood Ratio Test for Global Null Hypothesis: BETA=0
 
     -2 Log Likelihood          Likelihood
  Intercept     Intercept &          Ratio
       Only      Covariates     Chi-Square       DF     Pr > ChiSq

  78119.552       63186.077     14933.4747      184         <.0001


               Type 3 Analysis of Effects
 
                                      Wald
Effect                    DF    Chi-Square    Pr > ChiSq

Age                        2      764.6090        <.0001
AnyHealthcare              2        0.4081        0.8154
BMI                        2     1781.5083        <.0001
CholCheck                  2      100.2100        <.0001
DiffWalk                   2       12.1667        0.0023
Education                 10       24.8217        0.0057
Fruits                     2        1.6726        0.4333
GenHlth                    8     1315.4991        <.0001
HeartDiseaseorAttack       2       67.5825        <.0001
HighBP                     2      731.6311        <.0001
HighChol                   2      647.8088        <.0001
HvyAlcoholConsump          2      120.3422        <.0001
Income                    14      109.8681        <.0001
MentHlth                  59     5158.4728        <.0001
NoDocbcCost                2       31.6104        <.0001
PhysActivity               2        5.0009        0.0820
PhysHlth                  60       61.7653        0.4128
Sex                        2       88.4714        <.0001
Smoker                     2        0.3667        0.8325
Stroke                     2       14.6896        0.0006
Veggies                    2        3.8277        0.1475


                                              Analysis of Maximum Likelihood Estimates
 
                                    Diabetes_                        Standard          Wald                  Standardized
Parameter                           Prediction     DF    Estimate       Error    Chi-Square    Pr > ChiSq        Estimate    Exp(Est)

Intercept                           prediabetes     1     -2.3569      1.6249          2.10        0.1469                       0.095
Intercept                           no diabetes     1      6.3017      0.2074        923.54        <.0001                     545.479
Age                                 prediabetes     1    -0.00414      0.0126          0.11        0.7425        -0.00696       0.996
Age                                 no diabetes     1     -0.1367     0.00523        683.74        <.0001         -0.2295       0.872
AnyHealthcare        0              prediabetes     1      0.0413      0.0671          0.38        0.5382                       1.042
AnyHealthcare        0              no diabetes     1      0.0113      0.0301          0.14        0.7067                       1.011
BMI                                 prediabetes     1     -0.0201     0.00493         16.54        <.0001         -0.0619       0.980
BMI                                 no diabetes     1     -0.0851     0.00206       1707.74        <.0001         -0.2623       0.918
CholCheck            0              prediabetes     1      0.1759      0.1237          2.02        0.1552                       1.192
CholCheck            0              no diabetes     1      0.5566      0.0583         91.03        <.0001                       1.745
DiffWalk             0              prediabetes     1      0.0681      0.0383          3.15        0.0758                       1.070
DiffWalk             0              no diabetes     1      0.0520      0.0154         11.42        0.0007                       1.053
Education            1              prediabetes     1     -3.6069      5.8490          0.38        0.5374                       0.027
Education            1              no diabetes     1     -0.3152      0.3305          0.91        0.3403                       0.730
Education            2              prediabetes     1      0.8268      1.1781          0.49        0.4828                       2.286
Education            2              no diabetes     1     -0.0165      0.0913          0.03        0.8562                       0.984
Education            3              prediabetes     1      0.8429      1.1738          0.52        0.4727                       2.323
Education            3              no diabetes     1      0.0439      0.0790          0.31        0.5784                       1.045
Education            4              prediabetes     1      0.5986      1.1712          0.26        0.6093                       1.820
Education            4              no diabetes     1      0.1036      0.0702          2.18        0.1400                       1.109
Education            5              prediabetes     1      0.6579      1.1712          0.32        0.5743                       1.931
Education            5              no diabetes     1      0.0391      0.0705          0.31        0.5792                       1.040
Fruits               0              prediabetes     1    -0.00826      0.0302          0.07        0.7845                       0.992
Fruits               0              no diabetes     1     -0.0159      0.0124          1.65        0.1983                       0.984
GenHlth              1              prediabetes     1      0.4563      0.1038         19.33        <.0001                       1.578
GenHlth              1              no diabetes     1      1.1521      0.0467        608.59        <.0001                       3.165
GenHlth              2              prediabetes     1      0.2469      0.0632         15.26        <.0001                       1.280
GenHlth              2              no diabetes     1      0.4694      0.0266        312.10        <.0001                       1.599
GenHlth              3              prediabetes     1     -0.0209      0.0535          0.15        0.6960                       0.979
GenHlth              3              no diabetes     1     -0.1790      0.0221         65.86        <.0001                       0.836
GenHlth              4              prediabetes     1     -0.1560      0.0629          6.15        0.0131                       0.856
GenHlth              4              no diabetes     1     -0.6071      0.0259        548.25        <.0001                       0.545
HeartDiseaseorAttack 0              prediabetes     1      0.1596      0.0423         14.22        0.0002                       1.173
HeartDiseaseorAttack 0              no diabetes     1      0.1286      0.0161         64.11        <.0001                       1.137
HighBP               0              prediabetes     1      0.1883      0.0320         34.67        <.0001                       1.207
HighBP               0              no diabetes     1      0.3574      0.0133        718.83        <.0001                       1.430
HighChol             0              prediabetes     1     -0.0214      0.0304          0.50        0.4811                       0.979
HighChol             0              no diabetes     1      0.2923      0.0123        568.53        <.0001                       1.339
HvyAlcoholConsump    0              prediabetes     1     -0.2943      0.0708         17.26        <.0001                       0.745
HvyAlcoholConsump    0              no diabetes     1     -0.3766      0.0344        120.01        <.0001                       0.686
Income               1              prediabetes     1      0.1243      0.1050          1.40        0.2362                       1.132
Income               1              no diabetes     1     -0.1886      0.0467         16.28        <.0001                       0.828
Income               2              prediabetes     1      0.0118      0.0962          0.02        0.9023                       1.012
Income               2              no diabetes     1     -0.1144      0.0404          8.00        0.0047                       0.892
Income               3              prediabetes     1     -0.0171      0.0871          0.04        0.8447                       0.983
Income               3              no diabetes     1     -0.0964      0.0361          7.14        0.0075                       0.908
Income               4              prediabetes     1     -0.1627      0.0850          3.67        0.0555                       0.850
Income               4              no diabetes     1     -0.0588      0.0334          3.11        0.0779                       0.943
Income               5              prediabetes     1     -0.0449      0.0762          0.35        0.5559                       0.956
Income               5              no diabetes     1      0.0101      0.0310          0.11        0.7440                       1.010
Income               6              prediabetes     1      0.1638      0.0669          5.99        0.0144                       1.178
Income               6              no diabetes     1      0.1071      0.0288         13.83        0.0002                       1.113
Income               7              prediabetes     1     0.00937      0.0717          0.02        0.8960                       1.009
Income               7              no diabetes     1      0.1148      0.0294         15.23        <.0001                       1.122
MentHlth             0              prediabetes     1      1.0480      1.0883          0.93        0.3355                       2.852
MentHlth             0              no diabetes     1     -0.0900      0.0950          0.90        0.3432                       0.914
MentHlth             1              prediabetes     1      1.2259      1.1003          1.24        0.2652                       3.407
MentHlth             1              no diabetes     1      0.1274      0.1179          1.17        0.2799                       1.136
MentHlth             2              prediabetes     1      1.1011      1.0948          1.01        0.3145                       3.007
MentHlth             2              no diabetes     1     -0.0213      0.1070          0.04        0.8420                       0.979
MentHlth             3              prediabetes     1      0.9761      1.1008          0.79        0.3752                       2.654
MentHlth             3              no diabetes     1     -0.0595      0.1149          0.27        0.6041                       0.942
MentHlth             4              prediabetes     1      1.3692      1.1062          1.53        0.2158                       3.932
MentHlth             4              no diabetes     1    -0.00917      0.1327          0.00        0.9449                       0.991
MentHlth             5              prediabetes     1      1.4024      1.0949          1.64        0.2003                       4.065
MentHlth             5              no diabetes     1    -0.00028      0.1105          0.00        0.9979                       1.000
MentHlth             6              prediabetes     1      1.5729      1.1390          1.91        0.1673                       4.820
MentHlth             6              no diabetes     1     0.00303      0.1941          0.00        0.9875                       1.003
MentHlth             7              prediabetes     1      1.2241      1.1180          1.20        0.2736                       3.401
MentHlth             7              no diabetes     1      0.1414      0.1445          0.96        0.3278                       1.152
MentHlth             8              prediabetes     1      1.2609      1.2066          1.09        0.2960                       3.529
MentHlth             8              no diabetes     1      0.1698      0.2470          0.47        0.4917                       1.185
MentHlth             9              prediabetes     1      3.7833      1.4074          7.23        0.0072                      43.962
MentHlth             9              no diabetes     1      1.1866      0.7469          2.52        0.1121                       3.276
MentHlth             10             prediabetes     1      1.3421      1.0977          1.49        0.2215                       3.827
MentHlth             10             no diabetes     1      0.0247      0.1145          0.05        0.8291                       1.025
MentHlth             11             prediabetes     1     -2.5327     12.9576          0.04        0.8450                       0.079
MentHlth             11             no diabetes     1      0.4688      0.8689          0.29        0.5895                       1.598
MentHlth             12             prediabetes     1      1.1929      1.2478          0.91        0.3391                       3.297
MentHlth             12             no diabetes     1     -0.3701      0.3033          1.49        0.2224                       0.691
MentHlth             13             prediabetes     1     -2.0140     13.0035          0.02        0.8769                       0.133
MentHlth             13             no diabetes     1      0.8915      1.0931          0.67        0.4147                       2.439
MentHlth             14             prediabetes     1      1.1623      1.1553          1.01        0.3144                       3.197
MentHlth             14             no diabetes     1     -0.1057      0.1858          0.32        0.5694                       0.900
MentHlth             15             prediabetes     1      1.5037      1.0976          1.88        0.1707                       4.498
MentHlth             15             no diabetes     1      0.1397      0.1170          1.43        0.2326                       1.150
MentHlth             16             prediabetes     1     -1.9839      7.6667          0.07        0.7958                       0.138
MentHlth             16             no diabetes     1      0.4792      0.6044          0.63        0.4278                       1.615
MentHlth             17             prediabetes     1      1.9909      1.5779          1.59        0.2070                       7.322
MentHlth             17             no diabetes     1     -0.0231      0.6914          0.00        0.9734                       0.977
MentHlth             18             prediabetes     1     -3.2814      8.4769          0.15        0.6987                       0.038
MentHlth             18             no diabetes     1     -0.8977      0.4854          3.42        0.0644                       0.407
MentHlth             19             prediabetes     1     -7.9435           .           .           .                   .       0.000
MentHlth             19             no diabetes     1     -1.0903      0.9180          1.41        0.2350                       0.336
MentHlth             20             prediabetes     1      0.9781      1.1122          0.77        0.3792                       2.659
MentHlth             20             no diabetes     1      0.0224      0.1275          0.03        0.8607                       1.023
MentHlth             21             prediabetes     1      1.5010      1.2572          1.43        0.2325                       4.486
MentHlth             21             no diabetes     1     -0.6104      0.3540          2.97        0.0847                       0.543
MentHlth             22             prediabetes     1     -1.2359      8.6625          0.02        0.8866                       0.291
MentHlth             22             no diabetes     1      1.5525      0.7929          3.83        0.0502                       4.723
MentHlth             23             prediabetes     1     -2.9744     12.9655          0.05        0.8186                       0.051
MentHlth             23             no diabetes     1     -0.8306      0.7217          1.32        0.2498                       0.436
MentHlth             24             prediabetes     1      2.0862      1.6543          1.59        0.2073                       8.054
MentHlth             24             no diabetes     1     -0.5510      0.8485          0.42        0.5161                       0.576
MentHlth             25             prediabetes     1      1.6344      1.1216          2.12        0.1451                       5.126
MentHlth             25             no diabetes     1     -0.0958      0.1646          0.34        0.5603                       0.909
MentHlth             26             prediabetes     1     -2.7594     13.0717          0.04        0.8328                       0.063
MentHlth             26             no diabetes     1      0.2920      0.8047          0.13        0.7167                       1.339
MentHlth             27             prediabetes     1     -2.8992      8.6767          0.11        0.7383                       0.055
MentHlth             27             no diabetes     1     -0.3475      0.5513          0.40        0.5284                       0.706
MentHlth             28             prediabetes     1      0.8371      1.3043          0.41        0.5210                       2.310
MentHlth             28             no diabetes     1     -0.1569      0.2837          0.31        0.5804                       0.855
MentHlth             29             prediabetes     1     -2.8607      6.3797          0.20        0.6539                       0.057
MentHlth             29             no diabetes     1     -0.1723      0.4062          0.18        0.6714                       0.842
NoDocbcCost          0              prediabetes     1     -0.2175      0.0451         23.25        <.0001                       0.805
NoDocbcCost          0              no diabetes     1      0.0225      0.0209          1.16        0.2817                       1.023
PhysActivity         0              prediabetes     1     -0.0721      0.0326          4.90        0.0269                       0.930
PhysActivity         0              no diabetes     1     -0.0124      0.0131          0.91        0.3412                       0.988
PhysHlth             0              prediabetes     1     -0.3614      0.1853          3.80        0.0512                       0.697
PhysHlth             0              no diabetes     1     -0.1737      0.1402          1.54        0.2153                       0.841
PhysHlth             1              prediabetes     1     -0.4553      0.2282          3.98        0.0460                       0.634
PhysHlth             1              no diabetes     1     -0.3121      0.1503          4.31        0.0378                       0.732
PhysHlth             2              prediabetes     1     -0.4521      0.2121          4.55        0.0330                       0.636
PhysHlth             2              no diabetes     1     -0.2831      0.1462          3.75        0.0528                       0.753
PhysHlth             3              prediabetes     1     -0.2747      0.2245          1.50        0.2211                       0.760
PhysHlth             3              no diabetes     1     -0.0910      0.1501          0.37        0.5443                       0.913
PhysHlth             4              prediabetes     1     -0.4070      0.2548          2.55        0.1102                       0.666
PhysHlth             4              no diabetes     1     -0.2671      0.1575          2.88        0.0898                       0.766
PhysHlth             5              prediabetes     1     -0.2680      0.2241          1.43        0.2316                       0.765
PhysHlth             5              no diabetes     1     -0.1421      0.1503          0.89        0.3443                       0.868
PhysHlth             6              prediabetes     1     -0.3687      0.3481          1.12        0.2895                       0.692
PhysHlth             6              no diabetes     1     -0.3598      0.1888          3.63        0.0567                       0.698
PhysHlth             7              prediabetes     1     -0.4729      0.2718          3.03        0.0818                       0.623
PhysHlth             7              no diabetes     1     -0.1445      0.1604          0.81        0.3674                       0.865
PhysHlth             8              prediabetes     1     0.00471      0.3808          0.00        0.9901                       1.005
PhysHlth             8              no diabetes     1     -0.3116      0.2191          2.02        0.1550                       0.732
PhysHlth             9              prediabetes     1     -1.1006      1.0452          1.11        0.2923                       0.333
PhysHlth             9              no diabetes     1     -0.4732      0.3803          1.55        0.2135                       0.623
PhysHlth             10             prediabetes     1     -0.1490      0.2245          0.44        0.5070                       0.862
PhysHlth             10             no diabetes     1     -0.2165      0.1521          2.03        0.1545                       0.805
PhysHlth             11             prediabetes     1      4.3716      3.6273          1.45        0.2281                      79.172
PhysHlth             11             no diabetes     1      4.1022      3.5071          1.37        0.2421                      60.471
PhysHlth             12             prediabetes     1     -0.4813      0.5400          0.79        0.3728                       0.618
PhysHlth             12             no diabetes     1     -0.1277      0.2413          0.28        0.5967                       0.880
PhysHlth             13             prediabetes     1      0.0232      1.1168          0.00        0.9834                       1.023
PhysHlth             13             no diabetes     1     -0.7582      0.5896          1.65        0.1985                       0.469
PhysHlth             14             prediabetes     1     -0.6758      0.3326          4.13        0.0422                       0.509
PhysHlth             14             no diabetes     1     -0.0984      0.1703          0.33        0.5633                       0.906
PhysHlth             15             prediabetes     1     -0.2371      0.2285          1.08        0.2995                       0.789
PhysHlth             15             no diabetes     1     -0.1754      0.1521          1.33        0.2489                       0.839
PhysHlth             16             prediabetes     1     -0.5593      1.0283          0.30        0.5865                       0.572
PhysHlth             16             no diabetes     1     -0.3809      0.4055          0.88        0.3475                       0.683
PhysHlth             17             prediabetes     1     -0.6776      1.0329          0.43        0.5118                       0.508
PhysHlth             17             no diabetes     1     -0.6687      0.4503          2.21        0.1375                       0.512
PhysHlth             18             prediabetes     1     -0.6623      1.0550          0.39        0.5301                       0.516
PhysHlth             18             no diabetes     1      0.0266      0.4128          0.00        0.9486                       1.027
PhysHlth             19             prediabetes     1      2.2773      1.4005          2.64        0.1039                       9.750
PhysHlth             19             no diabetes     1      0.9199      1.2205          0.57        0.4510                       2.509
PhysHlth             20             prediabetes     1     -0.8779      0.2905          9.13        0.0025                       0.416
PhysHlth             20             no diabetes     1     -0.2222      0.1575          1.99        0.1584                       0.801
PhysHlth             21             prediabetes     1     -0.1453      0.4673          0.10        0.7558                       0.865
PhysHlth             21             no diabetes     1     -0.0918      0.2369          0.15        0.6983                       0.912
PhysHlth             22             prediabetes     1      0.3942      1.0729          0.14        0.7133                       1.483
PhysHlth             22             no diabetes     1      0.3620      0.5818          0.39        0.5338                       1.436
PhysHlth             23             prediabetes     1      1.7695      1.4075          1.58        0.2087                       5.868
PhysHlth             23             no diabetes     1      1.4698      1.0487          1.96        0.1611                       4.348
PhysHlth             24             prediabetes     1      0.0493      1.0744          0.00        0.9634                       1.051
PhysHlth             24             no diabetes     1     -0.2209      0.5407          0.17        0.6828                       0.802
PhysHlth             25             prediabetes     1     -0.7110      0.3809          3.48        0.0619                       0.491
PhysHlth             25             no diabetes     1     -0.1594      0.1808          0.78        0.3780                       0.853
PhysHlth             26             prediabetes     1      0.1722      0.8055          0.05        0.8307                       1.188
PhysHlth             26             no diabetes     1     -1.1814      0.5236          5.09        0.0241                       0.307
PhysHlth             27             prediabetes     1      1.0651      0.8214          1.68        0.1947                       2.901
PhysHlth             27             no diabetes     1      0.4007      0.5069          0.62        0.4293                       1.493
PhysHlth             28             prediabetes     1     -0.0417      0.4629          0.01        0.9282                       0.959
PhysHlth             28             no diabetes     1     -0.0810      0.2393          0.11        0.7349                       0.922
PhysHlth             29             prediabetes     1     -0.4011      0.7388          0.29        0.5871                       0.670
PhysHlth             29             no diabetes     1     -0.2627      0.3077          0.73        0.3932                       0.769
Sex                  0              prediabetes     1      0.0689      0.0297          5.36        0.0205                       1.071
Sex                  0              no diabetes     1      0.1147      0.0122         88.00        <.0001                       1.122
Smoker               0              prediabetes     1     -0.0168      0.0290          0.34        0.5615                       0.983
Smoker               0              no diabetes     1    -0.00023      0.0119          0.00        0.9846                       1.000
Stroke               0              prediabetes     1      0.1967      0.0645          9.29        0.0023                       1.217
Stroke               0              no diabetes     1      0.0669      0.0227          8.67        0.0032                       1.069
Veggies              0              prediabetes     1      0.0294      0.0347          0.72        0.3962                       1.030
Veggies              0              no diabetes     1     -0.0204      0.0143          2.02        0.1556                       0.980


                  Odds Ratio Estimates
                            
                                 Diabetes_         Point
Effect                           Prediction     Estimate

Age                              prediabetes       0.996
Age                              no diabetes       0.872
AnyHealthcare        0 vs 1      prediabetes       1.086
AnyHealthcare        0 vs 1      no diabetes       1.023
BMI                              prediabetes       0.980
BMI                              no diabetes       0.918
CholCheck            0 vs 1      prediabetes       1.422
CholCheck            0 vs 1      no diabetes       3.044
DiffWalk             0 vs 1      prediabetes       1.146
DiffWalk             0 vs 1      no diabetes       1.110
Education            1 vs 6      prediabetes       0.014
Education            1 vs 6      no diabetes       0.631
Education            2 vs 6      prediabetes       1.157
Education            2 vs 6      no diabetes       0.851
Education            3 vs 6      prediabetes       1.176
Education            3 vs 6      no diabetes       0.904
Education            4 vs 6      prediabetes       0.921
Education            4 vs 6      no diabetes       0.959
Education            5 vs 6      prediabetes       0.978
Education            5 vs 6      no diabetes       0.899
Fruits               0 vs 1      prediabetes       0.984
Fruits               0 vs 1      no diabetes       0.969
GenHlth              1 vs 5      prediabetes       2.671
GenHlth              1 vs 5      no diabetes       7.296
GenHlth              2 vs 5      prediabetes       2.167
GenHlth              2 vs 5      no diabetes       3.687
GenHlth              3 vs 5      prediabetes       1.658
GenHlth              3 vs 5      no diabetes       1.928
GenHlth              4 vs 5      prediabetes       1.448
GenHlth              4 vs 5      no diabetes       1.256
HeartDiseaseorAttack 0 vs 1      prediabetes       1.376
HeartDiseaseorAttack 0 vs 1      no diabetes       1.293
HighBP               0 vs 1      prediabetes       1.457
HighBP               0 vs 1      no diabetes       2.044
HighChol             0 vs 1      prediabetes       0.958
HighChol             0 vs 1      no diabetes       1.794
HvyAlcoholConsump    0 vs 1      prediabetes       0.555
HvyAlcoholConsump    0 vs 1      no diabetes       0.471
Income               1 vs 8      prediabetes       1.232
Income               1 vs 8      no diabetes       0.661
Income               2 vs 8      prediabetes       1.101
Income               2 vs 8      no diabetes       0.711
Income               3 vs 8      prediabetes       1.070
Income               3 vs 8      no diabetes       0.724
Income               4 vs 8      prediabetes       0.925
Income               4 vs 8      no diabetes       0.752
Income               5 vs 8      prediabetes       1.041
Income               5 vs 8      no diabetes       0.806
Income               6 vs 8      prediabetes       1.282
Income               6 vs 8      no diabetes       0.888
Income               7 vs 8      prediabetes       1.099
Income               7 vs 8      no diabetes       0.895
MentHlth             0 vs 30     prediabetes       0.783
MentHlth             0 vs 30     no diabetes       0.977
MentHlth             1 vs 30     prediabetes       0.935
MentHlth             1 vs 30     no diabetes       1.215
MentHlth             2 vs 30     prediabetes       0.826
MentHlth             2 vs 30     no diabetes       1.047
MentHlth             3 vs 30     prediabetes       0.729
MentHlth             3 vs 30     no diabetes       1.008
MentHlth             4 vs 30     prediabetes       1.080
MentHlth             4 vs 30     no diabetes       1.060
MentHlth             5 vs 30     prediabetes       1.116
MentHlth             5 vs 30     no diabetes       1.069
MentHlth             6 vs 30     prediabetes       1.323
MentHlth             6 vs 30     no diabetes       1.073
MentHlth             7 vs 30     prediabetes       0.934
MentHlth             7 vs 30     no diabetes       1.232
MentHlth             8 vs 30     prediabetes       0.969
MentHlth             8 vs 30     no diabetes       1.267
MentHlth             9 vs 30     prediabetes      12.070
MentHlth             9 vs 30     no diabetes       3.504
MentHlth             10 vs 30    prediabetes       1.051
MentHlth             10 vs 30    no diabetes       1.096
MentHlth             11 vs 30    prediabetes       0.022
MentHlth             11 vs 30    no diabetes       1.709
MentHlth             12 vs 30    prediabetes       0.905
MentHlth             12 vs 30    no diabetes       0.739
MentHlth             13 vs 30    prediabetes       0.037
MentHlth             13 vs 30    no diabetes       2.608
MentHlth             14 vs 30    prediabetes       0.878
MentHlth             14 vs 30    no diabetes       0.962
MentHlth             15 vs 30    prediabetes       1.235
MentHlth             15 vs 30    no diabetes       1.230
MentHlth             16 vs 30    prediabetes       0.038
MentHlth             16 vs 30    no diabetes       1.727
MentHlth             17 vs 30    prediabetes       2.010
MentHlth             17 vs 30    no diabetes       1.045
MentHlth             18 vs 30    prediabetes       0.010
MentHlth             18 vs 30    no diabetes       0.436
MentHlth             19 vs 30    prediabetes      <0.001
MentHlth             19 vs 30    no diabetes       0.359
MentHlth             20 vs 30    prediabetes       0.730
MentHlth             20 vs 30    no diabetes       1.094
MentHlth             21 vs 30    prediabetes       1.232
MentHlth             21 vs 30    no diabetes       0.581
MentHlth             22 vs 30    prediabetes       0.080
MentHlth             22 vs 30    no diabetes       5.052
MentHlth             23 vs 30    prediabetes       0.014
MentHlth             23 vs 30    no diabetes       0.466
MentHlth             24 vs 30    prediabetes       2.211
MentHlth             24 vs 30    no diabetes       0.616
MentHlth             25 vs 30    prediabetes       1.407
MentHlth             25 vs 30    no diabetes       0.972
MentHlth             26 vs 30    prediabetes       0.017
MentHlth             26 vs 30    no diabetes       1.432
MentHlth             27 vs 30    prediabetes       0.015
MentHlth             27 vs 30    no diabetes       0.756
MentHlth             28 vs 30    prediabetes       0.634
MentHlth             28 vs 30    no diabetes       0.914
MentHlth             29 vs 30    prediabetes       0.016
MentHlth             29 vs 30    no diabetes       0.900
NoDocbcCost          0 vs 1      prediabetes       0.647
NoDocbcCost          0 vs 1      no diabetes       1.046
PhysActivity         0 vs 1      prediabetes       0.866
PhysActivity         0 vs 1      no diabetes       0.975
PhysHlth             0 vs 30     prediabetes       0.986
PhysHlth             0 vs 30     no diabetes       0.908
PhysHlth             1 vs 30     prediabetes       0.897
PhysHlth             1 vs 30     no diabetes       0.791
PhysHlth             2 vs 30     prediabetes       0.900
PhysHlth             2 vs 30     no diabetes       0.814
PhysHlth             3 vs 30     prediabetes       1.075
PhysHlth             3 vs 30     no diabetes       0.986
PhysHlth             4 vs 30     prediabetes       0.942
PhysHlth             4 vs 30     no diabetes       0.827
PhysHlth             5 vs 30     prediabetes       1.082
PhysHlth             5 vs 30     no diabetes       0.937
PhysHlth             6 vs 30     prediabetes       0.978
PhysHlth             6 vs 30     no diabetes       0.754
PhysHlth             7 vs 30     prediabetes       0.882
PhysHlth             7 vs 30     no diabetes       0.935
PhysHlth             8 vs 30     prediabetes       1.421
PhysHlth             8 vs 30     no diabetes       0.791
PhysHlth             9 vs 30     prediabetes       0.471
PhysHlth             9 vs 30     no diabetes       0.673
PhysHlth             10 vs 30    prediabetes       1.219
PhysHlth             10 vs 30    no diabetes       0.870
PhysHlth             11 vs 30    prediabetes     111.998
PhysHlth             11 vs 30    no diabetes      65.336
PhysHlth             12 vs 30    prediabetes       0.874
PhysHlth             12 vs 30    no diabetes       0.951
PhysHlth             13 vs 30    prediabetes       1.448
PhysHlth             13 vs 30    no diabetes       0.506
PhysHlth             14 vs 30    prediabetes       0.720
PhysHlth             14 vs 30    no diabetes       0.979
PhysHlth             15 vs 30    prediabetes       1.116
PhysHlth             15 vs 30    no diabetes       0.907
PhysHlth             16 vs 30    prediabetes       0.809
PhysHlth             16 vs 30    no diabetes       0.738
PhysHlth             17 vs 30    prediabetes       0.718
PhysHlth             17 vs 30    no diabetes       0.554
PhysHlth             18 vs 30    prediabetes       0.729
PhysHlth             18 vs 30    no diabetes       1.110
PhysHlth             19 vs 30    prediabetes      13.793
PhysHlth             19 vs 30    no diabetes       2.711
PhysHlth             20 vs 30    prediabetes       0.588
PhysHlth             20 vs 30    no diabetes       0.865
PhysHlth             21 vs 30    prediabetes       1.223
PhysHlth             21 vs 30    no diabetes       0.986
PhysHlth             22 vs 30    prediabetes       2.098
PhysHlth             22 vs 30    no diabetes       1.552
PhysHlth             23 vs 30    prediabetes       8.300
PhysHlth             23 vs 30    no diabetes       4.698
PhysHlth             24 vs 30    prediabetes       1.486
PhysHlth             24 vs 30    no diabetes       0.866
PhysHlth             25 vs 30    prediabetes       0.695
PhysHlth             25 vs 30    no diabetes       0.921
PhysHlth             26 vs 30    prediabetes       1.680
PhysHlth             26 vs 30    no diabetes       0.332
PhysHlth             27 vs 30    prediabetes       4.104
PhysHlth             27 vs 30    no diabetes       1.613
PhysHlth             28 vs 30    prediabetes       1.357
PhysHlth             28 vs 30    no diabetes       0.996
PhysHlth             29 vs 30    prediabetes       0.947
PhysHlth             29 vs 30    no diabetes       0.831
Sex                  0 vs 1      prediabetes       1.148
Sex                  0 vs 1      no diabetes       1.258
Smoker               0 vs 1      prediabetes       0.967
Smoker               0 vs 1      no diabetes       1.000
Stroke               0 vs 1      prediabetes       1.482
Stroke               0 vs 1      no diabetes       1.143
Veggies              0 vs 1      prediabetes       1.061
Veggies              0 vs 1      no diabetes       0.960
