 
                                                                                                                                                                                                                                                                
 
 
Variable Summary

         Measurement    Frequency
Role        Level         Count

INPUT     BINARY            14   
INPUT     INTERVAL           2   
INPUT     ORDINAL            5   
 
                                                                                                                                                                                                                                                                
 
The CLUSTER Procedure
Centroid Hierarchical Cluster Analysis

            Eigenvalues of the Covariance Matrix
 
        Eigenvalue    Difference    Proportion    Cumulative

   1    4.66690293    3.58386946        0.6843        0.6843
   2    1.08303347    0.86375554        0.1588        0.8431
   3    0.21927793    0.05465793        0.0322        0.8752
   4    0.16462000    0.02692518        0.0241        0.8994
   5    0.13769482    0.00618007        0.0202        0.9196
   6    0.13151475    0.03155751        0.0193        0.9388
   7    0.09995724    0.00991977        0.0147        0.9535
   8    0.09003747    0.00892635        0.0132        0.9667
   9    0.08111112    0.01336033        0.0119        0.9786
  10    0.06775079    0.00425917        0.0099        0.9885
  11    0.06349162    0.05731254        0.0093        0.9978
  12    0.00617908    0.00143664        0.0009        0.9987
  13    0.00474244    0.00307374        0.0007        0.9994
  14    0.00166870    0.00053123        0.0002        0.9997
  15    0.00113747    0.00067061        0.0002        0.9998
  16    0.00046686    0.00025000        0.0001        0.9999
  17    0.00021686    0.00002679        0.0000        0.9999
  18    0.00019007    0.00007323        0.0000        1.0000
  19    0.00011684    0.00008332        0.0000        1.0000
  20    0.00003353    0.00000425        0.0000        1.0000
  21    0.00002928    0.00002928        0.0000        1.0000
  22    0.00000000    0.00000000        0.0000        1.0000
  23    0.00000000    0.00000000        0.0000        1.0000
  24    0.00000000    0.00000000        0.0000        1.0000
  25    0.00000000    0.00000000        0.0000        1.0000
  26    0.00000000    0.00000000        0.0000        1.0000
  27    0.00000000    0.00000000        0.0000        1.0000
  28    0.00000000    0.00000000        0.0000        1.0000
  29    -.00000000    0.00000000       -0.0000        1.0000
  30    -.00000000    0.00000000       -0.0000        1.0000
  31    -.00000000    0.00000000       -0.0000        1.0000
  32    -.00000000    0.00000000       -0.0000        1.0000
  33    -.00000000    0.00000000       -0.0000        1.0000
  34    -.00000000    0.00000000       -0.0000        1.0000
  35    -.00000000                     -0.0000        1.0000

Root-Mean-Square Total-Sample Standard Deviation    0.719717

Root-Mean-Square Distance Between Observations    6.021588


                                          Cluster History
  Number                                                                               Norm
      of                                                  Pseudo F       Pseudo    Centroid
Clusters    ------Clusters Joined-------         Freq    Statistic    t-Squared    Distance    Tie

      49    OB5             OB27                 1371         3112         47.4       0.214       
      48    OB14            OB36                  910         3177         36.9      0.2399       
      47    OB17            OB48                 1678         3243         70.4      0.2514       
      46    OB7             OB49                 1159         3314         28.8      0.2517       
      45    OB28            OB38                49237         3371          740       0.257       
      44    CL47            OB26                 3819         3442          171      0.2577       
      43    OB6             OB21                31388         3502          588      0.2602       
      42    OB10            OB31                 3729         3583          117      0.2647       
      41    OB22            OB42                13009         3671         36.3       0.272       
      40    OB2             OB23                  171         3764          7.4       0.275       
      39    OB35            OB41                 5430         3850          246      0.2792       
      38    OB9             OB44                30692         3936          542      0.2816       
      37    OB30            OB43                 1024         4042         49.5      0.2833       
      36    OB37            OB45                 6863         4139          457      0.2842       
      35    OB13            CL36                 7470         4255          122      0.2633       
      34    OB1             OB16                 1311         4381         56.2      0.2845       
      33    CL35            CL45                56707         4433         2348      0.2901       
      32    CL46            OB34                 2106         4569          114      0.2931       
      31    CL32            OB19                 4616         4705          237      0.2928       
      30    OB46            OB47                  824         4865         22.4      0.2958       
      29    CL42            CL33                60436         4982         1313      0.3035       
      28    OB11            OB39                  151         5166          9.8       0.311       
      27    CL38            CL29                91128         4981         8290      0.3211       
      26    CL41            OB33                35926         5021         2161      0.3233       
      25    OB12            CL26                36701         5216          183      0.3204       
      24    CL44            OB18                24029         5375          872      0.3258       
      23    OB3             OB24                   32         5620          1.2      0.3262       
      22    CL43            CL39                36818         5780         1547      0.3309       
      21    CL22            OB29                53416         5803         3307      0.3257       
      20    CL49            CL21                54787         6076          367      0.3265       
      19    CL20            OB15                84731         5917         6195      0.3321       
      18    OB4             CL28                  779         6261         30.2      0.3418       
      17    CL31            CL25                41317         6529         1131       0.344       
      16    CL40            CL30                  995         6960         30.9       0.345       
      15    CL16            CL37                 2019         7442          111      0.3306       
      14    CL34            CL48                 2221         7994          190      0.3491       
      13    CL19            CL24               108760         7907         6094      0.3507       
      12    CL15            CL13               110779         8537          638      0.3593       
      11    OB8             OB32                  102         9390          7.1      0.3699       
      10    CL14            CL27                93349          1E4         1106       0.377       
       9    CL11            OB40                  432         12E3         22.5      0.3846       
       8    CL10            CL18                94128         13E3          470      0.4152       
       7    CL12            CL17               152096         12E3         15E3      0.4503       
       6    OB20            OB50                   17         14E3          1.0      0.4607       
       5    CL8             OB25                95298         17E3          884      0.4671       
       4    CL7             CL9                152528         23E3          210      0.4701       
       3    CL5             CL23                95330         35E3         34.3      0.5553       
       2    CL3             CL6                 95347         69E3         26.9      0.6754       
       1    CL2             CL4                247875           .          69E3        0.68       
 
                                                                                                                                                                                                                                                                
 
Candidates for Optimum Number of Clusters

        Number     Clustering
          of          Cubic
Obs    Clusters     Criterion

  1        2          36.801 
  2        8        -229.205 
  3       14        -296.021 
  4       18        -320.308 
  5       20        -241.255 
  6       23        -182.568 
  7       25        -183.845 
  8       28         -62.488 
  9       30         -66.923 
 10       34         -93.996 
 11       37        -111.942 
 12       39        -117.870 
 13       44        -133.662 
 14       46        -131.035 
