MPRINT(EM_DIAGRAM):    data _null_;
MPRINT(EM_DIAGRAM):   call symput('NLDATE', strip(put(date(), NLDATE.)));
MPRINT(EM_DIAGRAM):   call symput('NLTIME', strip(put(datetime(), NLTIME.)));
MPRINT(EM_DIAGRAM):   run;
MPRINT(EM_DIAGRAM):   data _null_;
MPRINT(EM_DIAGRAM):   nldate= sasmsg("sashelp.dmine", "log_date_note", 'N', "March 03, 2024" );
MPRINT(EM_DIAGRAM):   nltime= sasmsg("sashelp.dmine", "log_time_note", 'N', "20:05:40" );
MPRINT(EM_DIAGRAM):   put "*------------------------------------------------------------*";
MPRINT(EM_DIAGRAM):   put "* Report Log";
MPRINT(EM_DIAGRAM):   put nldate;
MPRINT(EM_DIAGRAM):   put nltime;
MPRINT(EM_DIAGRAM):   put "*------------------------------------------------------------*";
MPRINT(EM_DIAGRAM):   run;
*------------------------------------------------------------*
* Report Log
Date:                March 03, 2024
Time:                20:05:40
*------------------------------------------------------------*
MPRINT(EM_DIAGRAM):    filename O204UCOV "\\uisnutvdiprof1a\redirected$\bkris2\Documents\ZetaProject\ZetaExploratoryAnalysis\Workspaces\EMWS2\Smpl\EMREPORT.out" encoding="UTF-8" NOBOM;
MPRINT(EM_DIAGRAM):   proc printto print=O204UCOV new;
MPRINT(EM_DIAGRAM):   run;
MPRINT(EM_DIAGRAM):    data WORK.M159P7Y0;
MPRINT(EM_DIAGRAM):   set WORK.M159P7Y0;
MPRINT(EM_DIAGRAM):   where(ROLE = "TARGET");
MPRINT(EM_DIAGRAM):   run;
MPRINT(EM_DIAGRAM):    *------------------------------------------------------------*;
MPRINT(EM_DIAGRAM):   * Smpl: Computing statistics for interval target variables;
MPRINT(EM_DIAGRAM):   *------------------------------------------------------------*;
MPRINT(EM_DIAGRAM):   data WORK.M28EXJ_B;
MPRINT(EM_DIAGRAM):   set WORK.M28EXJ_B;
MPRINT(EM_DIAGRAM):   where((ROLE = "TARGET" and LEVEL ne "INTERVAL") or ROLE = "FREQ");
MPRINT(EM_DIAGRAM):   run;
MPRINT(EM_DIAGRAM):    *------------------------------------------------------------*;
MPRINT(EM_DIAGRAM):   * Smpl: Computing statistics for class target variables;
MPRINT(EM_DIAGRAM):   *------------------------------------------------------------*;
MPRINT(EM_DIAGRAM):   proc printto;
MPRINT(EM_DIAGRAM):   run;
