MPRINT(EM_DIAGRAM):    data _null_;
MPRINT(EM_DIAGRAM):   call symput('NLDATE', strip(put(date(), NLDATE.)));
MPRINT(EM_DIAGRAM):   call symput('NLTIME', strip(put(datetime(), NLTIME.)));
MPRINT(EM_DIAGRAM):   run;
MPRINT(EM_DIAGRAM):   data _null_;
MPRINT(EM_DIAGRAM):   nldate= sasmsg("sashelp.dmine", "log_date_note", 'N', "March 04, 2024" );
MPRINT(EM_DIAGRAM):   nltime= sasmsg("sashelp.dmine", "log_time_note", 'N', "12:07:07" );
MPRINT(EM_DIAGRAM):   put "*------------------------------------------------------------*";
MPRINT(EM_DIAGRAM):   put "* Training Log";
MPRINT(EM_DIAGRAM):   put nldate;
MPRINT(EM_DIAGRAM):   put nltime;
MPRINT(EM_DIAGRAM):   put "*------------------------------------------------------------*";
MPRINT(EM_DIAGRAM):   run;
*------------------------------------------------------------*
* Training Log
Date:                March 04, 2024
Time:                12:07:07
*------------------------------------------------------------*
MPRINT(EM_DIAGRAM):    filename O1I27_Q4 "\\uisnutvdiprof1a\redirected$\shre2\Documents\SV.SAS EM Assignments\SV.PredictiveAnalysis\Workspaces\EMWS1\Part\EMTRAIN.out" encoding="UTF-8" NOBOM;
MPRINT(EM_DIAGRAM):   proc printto print=O1I27_Q4 new;
MPRINT(EM_DIAGRAM):   run;
MPRINT(EM_DIAGRAM):    filename _LOG "\\uisnutvdiprof1a\redirected$\shre2\Documents\SV.SAS EM Assignments\SV.PredictiveAnalysis\Workspaces\EMWS1\Part\EMLOG.log" encoding="UTF-8" NOBOM;
MPRINT(EM_DIAGRAM):    data _null_;
MPRINT(EM_DIAGRAM):   call symput('NLDATE', strip(put(date(), NLDATE.)));
MPRINT(EM_DIAGRAM):   call symput('NLTIME', strip(put(datetime(), NLTIME.)));
MPRINT(EM_DIAGRAM):   run;
MPRINT(EM_DIAGRAM):   data _null_;
MPRINT(EM_DIAGRAM):   nldate= sasmsg("sashelp.dmine", "log_date_note", 'N', "March 04, 2024" );
MPRINT(EM_DIAGRAM):   nltime= sasmsg("sashelp.dmine", "log_time_note", 'N', "12:07:08" );
MPRINT(EM_DIAGRAM):   file _LOG;
MPRINT(EM_DIAGRAM):   put "*------------------------------------------------------------*";
MPRINT(EM_DIAGRAM):   put "User:                shre2";
MPRINT(EM_DIAGRAM):   put nldate;
MPRINT(EM_DIAGRAM):   put nltime;
MPRINT(EM_DIAGRAM):   put "Site:                70080107";
MPRINT(EM_DIAGRAM):   put "Platform:            X64_10PRO";
MPRINT(EM_DIAGRAM):   put "Maintenance Release: 9.04.01M7P080520";
MPRINT(EM_DIAGRAM):   put "EM Version:          15.2";
MPRINT(EM_DIAGRAM):   put "* ";
MPRINT(EM_DIAGRAM):   run;
MPRINT(EM_DIAGRAM):    filename _LOGIN "\\uisnutvdiprof1a\redirected$\shre2\Documents\SV.SAS EM Assignments\SV.PredictiveAnalysis\Workspaces\EMWS1\Part\EMTRAIN.log" encoding="UTF-8" NOBOM;
MPRINT(EM_COPYFILE):   data _null_;
MPRINT(EM_COPYFILE):   length line $20000;
MPRINT(EM_COPYFILE):   file _LOG MOD lrecl=20000;
MPRINT(EM_COPYFILE):   fid=fopen("_LOGIN",'i',20000,'v');
MPRINT(EM_COPYFILE):   if fid > 0 then do;
MPRINT(EM_COPYFILE):   do while(^fread(fid));
MPRINT(EM_COPYFILE):   rlen = frlen(fid);
MPRINT(EM_COPYFILE):   rc= fget(fid,line,20000);
MPRINT(EM_COPYFILE):   start = length(line)-length(left(line))+1;
MPRINT(EM_COPYFILE):   line=strip(line);
MPRINT(EM_COPYFILE):   put @start line;
MPRINT(EM_COPYFILE):   end;
MPRINT(EM_COPYFILE):   if fid > 0 then rc=fclose(fid);
MPRINT(EM_COPYFILE):   end;
MPRINT(EM_COPYFILE):   run;
MPRINT(EM_DIAGRAM):  ;
MPRINT(EM_DIAGRAM):   filename _LOGIN;
MPRINT(EM_DIAGRAM):    data _null_;
MPRINT(EM_DIAGRAM):   file _LOG mod;
MPRINT(EM_DIAGRAM):   put _page_;
MPRINT(EM_DIAGRAM):   run;
MPRINT(EM_DIAGRAM):   filename _LOGIN "\\uisnutvdiprof1a\redirected$\shre2\Documents\SV.SAS EM Assignments\SV.PredictiveAnalysis\Workspaces\EMWS1\Part\EMSCORE.log" encoding="UTF-8" NOBOM;
MPRINT(EM_DIAGRAM):  ;
MPRINT(EM_DIAGRAM):   data _null_;
MPRINT(EM_DIAGRAM):   file _LOG mod;
MPRINT(EM_DIAGRAM):   put _page_;
MPRINT(EM_DIAGRAM):   run;
MPRINT(EM_DIAGRAM):    filename _LOGIN "\\uisnutvdiprof1a\redirected$\shre2\Documents\SV.SAS EM Assignments\SV.PredictiveAnalysis\Workspaces\EMWS1\Part\EMREPORT.log" encoding="UTF-8" NOBOM;
MPRINT(EM_DIAGRAM):  ;
MPRINT(EM_DIAGRAM):   filename _LOGIN;
MPRINT(EM_DIAGRAM):    filename _LOG;
MPRINT(EM_DIAGRAM):    filename _OUT "\\uisnutvdiprof1a\redirected$\shre2\Documents\SV.SAS EM Assignments\SV.PredictiveAnalysis\Workspaces\EMWS1\Part\EMOUTPUT.out" encoding="UTF-8" NOBOM;
MPRINT(EM_DIAGRAM):    data _null_;
MPRINT(EM_DIAGRAM):   call symput('NLDATE', strip(put(date(), NLDATE.)));
MPRINT(EM_DIAGRAM):   call symput('NLTIME', strip(put(datetime(), NLTIME.)));
MPRINT(EM_DIAGRAM):   run;
MPRINT(EM_DIAGRAM):   data _null_;
MPRINT(EM_DIAGRAM):   nldate= sasmsg("sashelp.dmine", "log_date_note", 'N', "March 04, 2024" );
MPRINT(EM_DIAGRAM):   nltime= sasmsg("sashelp.dmine", "log_time_note", 'N', "12:07:08" );
MPRINT(EM_DIAGRAM):   file _OUT;
MPRINT(EM_DIAGRAM):   put "*------------------------------------------------------------*";
MPRINT(EM_DIAGRAM):   put "User:                shre2";
MPRINT(EM_DIAGRAM):   put nldate;
MPRINT(EM_DIAGRAM):   put nltime;
MPRINT(EM_DIAGRAM):   put "*------------------------------------------------------------*";
MPRINT(EM_DIAGRAM):   put "* Training Output";
MPRINT(EM_DIAGRAM):   put "*------------------------------------------------------------*";
MPRINT(EM_DIAGRAM):   run;
MPRINT(EM_DIAGRAM):    filename _OUTIN "\\uisnutvdiprof1a\redirected$\shre2\Documents\SV.SAS EM Assignments\SV.PredictiveAnalysis\Workspaces\EMWS1\Part\EMTRAIN.out" encoding="UTF-8" NOBOM;
MPRINT(EM_DIAGRAM):   ;
MPRINT(EM_COPYFILE):   data _null_;
MPRINT(EM_COPYFILE):   length line $20000;
MPRINT(EM_COPYFILE):   file _OUT MOD lrecl=20000;
MPRINT(EM_COPYFILE):   fid=fopen("_OUTIN",'i',20000,'v');
MPRINT(EM_COPYFILE):   if fid > 0 then do;
MPRINT(EM_COPYFILE):   do while(^fread(fid));
MPRINT(EM_COPYFILE):   rlen = frlen(fid);
MPRINT(EM_COPYFILE):   rc= fget(fid,line,20000);
MPRINT(EM_COPYFILE):   start = length(line)-length(left(line))+1;
MPRINT(EM_COPYFILE):   line=strip(line);
MPRINT(EM_COPYFILE):   put @start line;
MPRINT(EM_COPYFILE):   end;
MPRINT(EM_COPYFILE):   if fid > 0 then rc=fclose(fid);
MPRINT(EM_COPYFILE):   end;
MPRINT(EM_COPYFILE):   run;
MPRINT(EM_DIAGRAM):  ;
MPRINT(EM_DIAGRAM):   filename _OUTIN;
MPRINT(EM_DIAGRAM):    data _null_;
MPRINT(EM_DIAGRAM):   file _OUT mod;
MPRINT(EM_DIAGRAM):   put _page_;
MPRINT(EM_DIAGRAM):   put // "*------------------------------------------------------------*";
MPRINT(EM_DIAGRAM):   put "* Score Output";
MPRINT(EM_DIAGRAM):   put "*------------------------------------------------------------*";
MPRINT(EM_DIAGRAM):   run;
MPRINT(EM_DIAGRAM):    filename _OUTIN "\\uisnutvdiprof1a\redirected$\shre2\Documents\SV.SAS EM Assignments\SV.PredictiveAnalysis\Workspaces\EMWS1\Part\EMSCORE.out" encoding="UTF-8" NOBOM;
MPRINT(EM_DIAGRAM):  ;
MPRINT(EM_DIAGRAM):   filename _OUTIN;
MPRINT(EM_DIAGRAM):    data _null_;
MPRINT(EM_DIAGRAM):   file _OUT mod;
MPRINT(EM_DIAGRAM):   put _page_;
MPRINT(EM_DIAGRAM):   put // "*------------------------------------------------------------*";
MPRINT(EM_DIAGRAM):   put "* Report Output";
MPRINT(EM_DIAGRAM):   put "*------------------------------------------------------------*";
MPRINT(EM_DIAGRAM):   run;
MPRINT(EM_DIAGRAM):    filename _OUTIN "\\uisnutvdiprof1a\redirected$\shre2\Documents\SV.SAS EM Assignments\SV.PredictiveAnalysis\Workspaces\EMWS1\Part\EMREPORT.out" encoding="UTF-8" NOBOM;
MPRINT(EM_DIAGRAM):  ;
MPRINT(EM_DIAGRAM):   filename _OUTIN;
MPRINT(EM_DIAGRAM):    filename _OUT;
MPRINT(EM_DIAGRAM):    filename _emtool_ '\\uisnutvdiprof1a\redirected$\shre2\Documents\SV.SAS EM Assignments\SV.PredictiveAnalysis\Workspaces\EMWS1\Part\EMRUNSTATUS.xml' encoding="UTF-8" NOBOM;
34003      proc freq data=EMWS1.Part_VariableSet noprint;
MPRINT(EM_DIAGRAM):    proc freq data=EMWS1.Part_VariableSet noprint;
34004      table ROLE*LEVEL/out=WORK.PartMETA;
MPRINT(EM_DIAGRAM):   table ROLE*LEVEL/out=WORK.PartMETA;
34005      run;
MPRINT(EM_DIAGRAM):   run;

NOTE: There were 22 observations read from the data set EMWS1.PART_VARIABLESET.
NOTE: The data set WORK.PARTMETA has 4 observations and 4 variables.
NOTE: PROCEDURE FREQ used (Total process time):
      real time           0.10 seconds
      cpu time            0.09 seconds
      

34006      proc print data=WORK.PartMETA label noobs;
MPRINT(EM_DIAGRAM):   proc print data=WORK.PartMETA label noobs;
34007      var ROLE LEVEL COUNT;
MPRINT(EM_DIAGRAM):   var ROLE LEVEL COUNT;
34008      label ROLE = "%sysfunc(sasmsg(sashelp.dmine, meta_role_vlabel, NOQUOTE))" LEVEL = "%sysfunc(sasmsg(sashelp.dmine, meta_level_vlabel, NOQUOTE))" COUNT = "%sysfunc(sasmsg(sashelp.dmine, rpt_count_vlabel, NOQUOTE))";
MPRINT(EM_DIAGRAM):   label ROLE = "Role" LEVEL = "Measurement Level" COUNT = "Frequency Count";
34009      title9 ' ';
MPRINT(EM_DIAGRAM):   title9 ' ';
34010      title10 "%sysfunc(sasmsg(sashelp.dmine, rpt_varSummary_title  , NOQUOTE))";
MPRINT(EM_DIAGRAM):   title10 "Variable Summary";
MPRINT(EM_DIAGRAM):   run;
34011      run;

NOTE: There were 4 observations read from the data set WORK.PARTMETA.
NOTE: The PROCEDURE PRINT printed page 7.
NOTE: PROCEDURE PRINT used (Total process time):
      real time           0.01 seconds
      cpu time            0.01 seconds
      

34012      title10;
MPRINT(EM_DIAGRAM):   title10;
MPRINT(EM_DIAGRAM):    *------------------------------------------------------------*;
MPRINT(EM_DIAGRAM):   * Part: Preparing metadata for Training;
MPRINT(EM_DIAGRAM):   *------------------------------------------------------------*;
MPRINT(EM_DIAGRAM):   data WORK.M2S6PBJF;
MPRINT(EM_DIAGRAM):   set WORK.M2S6PBJF;
MPRINT(EM_DIAGRAM):   where(PARTITIONROLE ne '' or ROLE='TARGET');
MPRINT(EM_DIAGRAM):   run;
trainPct=40 validatePct=30 testPct=30 
34020      *------------------------------------------------------------*;
MPRINT(EM_DIAGRAM):    *------------------------------------------------------------*;
34021      * Part: Retrieving stratification variable(s) levels;
MPRINT(EM_DIAGRAM):   * Part: Retrieving stratification variable(s) levels;
34022      *------------------------------------------------------------*;
MPRINT(EM_DIAGRAM):   *------------------------------------------------------------*;
34023      proc freq data=EMWS1.Ids5_DATA noprint;
MPRINT(EM_DIAGRAM):   proc freq data=EMWS1.Ids5_DATA noprint;
34024      table
34025      Diabetes_Prediction
34026      /out=WORK.Part_FREQ(drop=percent);
MPRINT(EM_DIAGRAM):   table Diabetes_Prediction /out=WORK.Part_FREQ(drop=percent);
34027      run;
MPRINT(EM_DIAGRAM):   run;

NOTE: There were 200573 observations read from the data set EMWS1.IDS5_DATA.
NOTE: The data set WORK.PART_FREQ has 3 observations and 2 variables.
NOTE: PROCEDURE FREQ used (Total process time):
      real time           0.59 seconds
      cpu time            0.04 seconds
      

34028      proc sort data=WORK.Part_FREQ;
MPRINT(EM_DIAGRAM):    proc sort data=WORK.Part_FREQ;
34029      by descending count;
MPRINT(EM_DIAGRAM):   by descending count;
34030      run;
MPRINT(EM_DIAGRAM):   run;

NOTE: There were 3 observations read from the data set WORK.PART_FREQ.
NOTE: The data set WORK.PART_FREQ has 3 observations and 2 variables.
NOTE: PROCEDURE SORT used (Total process time):
      real time           0.01 seconds
      cpu time            0.01 seconds
      

MPRINT(EM_DIAGRAM):   * Part: Retrieving levels that meet minimum requirement;
34031      * Part: Retrieving levels that meet minimum requirement;
34032      data WORK.Part_FREQ2(keep = count);
MPRINT(EM_DIAGRAM):   data WORK.Part_FREQ2(keep = count);
34033      set WORK.Part_FREQ;
MPRINT(EM_DIAGRAM):   set WORK.Part_FREQ;
34034      where (.01 * 40 * count) >= 3;
MPRINT(EM_DIAGRAM):   where (.01 * 40 * count) >= 3;
34035      run;
MPRINT(EM_DIAGRAM):   run;

NOTE: There were 3 observations read from the data set WORK.PART_FREQ.
      WHERE (0.4*count)>=3;
NOTE: The data set WORK.PART_FREQ2 has 3 observations and 1 variables.
NOTE: DATA statement used (Total process time):
      real time           0.01 seconds
      cpu time            0.00 seconds
      

34036      *------------------------------------------------------------*;
MPRINT(EM_DIAGRAM):    *------------------------------------------------------------*;
34037      * Part: Create stratified partitioning;
MPRINT(EM_DIAGRAM):   * Part: Create stratified partitioning;
34038      *------------------------------------------------------------*;
MPRINT(EM_DIAGRAM):   *------------------------------------------------------------*;
34039      data
34040      EMWS1.Part_TRAIN(label="")
34041      EMWS1.Part_VALIDATE(label="")
34042      EMWS1.Part_TEST(label="")
34043      ;
MPRINT(EM_DIAGRAM):   data EMWS1.Part_TRAIN(label="") EMWS1.PART_VALIDATE(label="") EMWS1.PART_TEST(label="") ;
34044      retain _seed_ 12345;
MPRINT(EM_DIAGRAM):   retain _seed_ 12345;
34045      drop _seed_ _genvalue_;
MPRINT(EM_DIAGRAM):   drop _seed_ _genvalue_;
34046      call ranuni(_seed_, _genvalue_);
MPRINT(EM_DIAGRAM):   call ranuni(_seed_, _genvalue_);
34047      label _dataobs_ = "%sysfunc(sasmsg(sashelp.dmine, sample_dataobs_vlabel, NOQUOTE))";
MPRINT(EM_DIAGRAM):   label _dataobs_ = "Observation Number";
34048      _dataobs_ = _N_;
MPRINT(EM_DIAGRAM):   _dataobs_ = _N_;
34049      drop _c00:;
MPRINT(EM_DIAGRAM):   drop _c00:;
34050      set EMWS1.Ids5_DATA;
MPRINT(EM_DIAGRAM):   set EMWS1.Ids5_DATA;
34051      if
34052      strip(Diabetes_Prediction) = 'no diabetes'
34053      then do;
MPRINT(EM_DIAGRAM):   if strip(Diabetes_Prediction) = 'no diabetes' then do;
34054      if (169538+1-_C000004)*_genvalue_ <= (67815 - _C000001) then do;
MPRINT(EM_DIAGRAM):   if (169538+1-_C000004)*_genvalue_ <= (67815 - _C000001) then do;
34055      _C000001 + 1;
MPRINT(EM_DIAGRAM):   _C000001 + 1;
34056      output EMWS1.Part_TRAIN;
MPRINT(EM_DIAGRAM):   output EMWS1.Part_TRAIN;
34057      end;
MPRINT(EM_DIAGRAM):   end;
34058      else do;
MPRINT(EM_DIAGRAM):   else do;
34059      if (169538+1-_C000004)*_genvalue_ <= (67815 - _C000001 + 50861 - _C000002) then do;
MPRINT(EM_DIAGRAM):   if (169538+1-_C000004)*_genvalue_ <= (67815 - _C000001 + 50861 - _C000002) then do;
34060      _C000002 + 1;
MPRINT(EM_DIAGRAM):   _C000002 + 1;
34061      output EMWS1.Part_VALIDATE;
MPRINT(EM_DIAGRAM):   output EMWS1.Part_VALIDATE;
34062      end;
MPRINT(EM_DIAGRAM):   end;
34063      else do;
MPRINT(EM_DIAGRAM):   else do;
34064      _C000003 + 1;
MPRINT(EM_DIAGRAM):   _C000003 + 1;
34065      output EMWS1.Part_TEST;
MPRINT(EM_DIAGRAM):   output EMWS1.Part_TEST;
34066      end;
MPRINT(EM_DIAGRAM):   end;
34067      end;
MPRINT(EM_DIAGRAM):   end;
34068      _C000004+1;
MPRINT(EM_DIAGRAM):   _C000004+1;
34069      end;
MPRINT(EM_DIAGRAM):   end;
34070      else if
34071      strip(Diabetes_Prediction) = 'diabetes'
34072      then do;
MPRINT(EM_DIAGRAM):   else if strip(Diabetes_Prediction) = 'diabetes' then do;
34073      if (27394+1-_C000008)*_genvalue_ <= (10958 - _C000005) then do;
MPRINT(EM_DIAGRAM):   if (27394+1-_C000008)*_genvalue_ <= (10958 - _C000005) then do;
34074      _C000005 + 1;
MPRINT(EM_DIAGRAM):   _C000005 + 1;
34075      output EMWS1.Part_TRAIN;
MPRINT(EM_DIAGRAM):   output EMWS1.Part_TRAIN;
34076      end;
MPRINT(EM_DIAGRAM):   end;
34077      else do;
MPRINT(EM_DIAGRAM):   else do;
34078      if (27394+1-_C000008)*_genvalue_ <= (10958 - _C000005 + 8218 - _C000006) then do;
MPRINT(EM_DIAGRAM):   if (27394+1-_C000008)*_genvalue_ <= (10958 - _C000005 + 8218 - _C000006) then do;
34079      _C000006 + 1;
MPRINT(EM_DIAGRAM):   _C000006 + 1;
34080      output EMWS1.Part_VALIDATE;
MPRINT(EM_DIAGRAM):   output EMWS1.Part_VALIDATE;
34081      end;
MPRINT(EM_DIAGRAM):   end;
34082      else do;
MPRINT(EM_DIAGRAM):   else do;
34083      _C000007 + 1;
MPRINT(EM_DIAGRAM):   _C000007 + 1;
34084      output EMWS1.Part_TEST;
MPRINT(EM_DIAGRAM):   output EMWS1.Part_TEST;
34085      end;
MPRINT(EM_DIAGRAM):   end;
34086      end;
MPRINT(EM_DIAGRAM):   end;
34087      _C000008+1;
MPRINT(EM_DIAGRAM):   _C000008+1;
34088      end;
MPRINT(EM_DIAGRAM):   end;
34089      else if
34090      strip(Diabetes_Prediction) = 'prediabetes'
34091      then do;
MPRINT(EM_DIAGRAM):   else if strip(Diabetes_Prediction) = 'prediabetes' then do;
34092      if (3641+1-_C0000012)*_genvalue_ <= (1456 - _C000009) then do;
MPRINT(EM_DIAGRAM):   if (3641+1-_C0000012)*_genvalue_ <= (1456 - _C000009) then do;
34093      _C000009 + 1;
MPRINT(EM_DIAGRAM):   _C000009 + 1;
34094      output EMWS1.Part_TRAIN;
MPRINT(EM_DIAGRAM):   output EMWS1.Part_TRAIN;
34095      end;
MPRINT(EM_DIAGRAM):   end;
34096      else do;
MPRINT(EM_DIAGRAM):   else do;
34097      if (3641+1-_C0000012)*_genvalue_ <= (1456 - _C000009 + 1092 - _C0000010) then do;
MPRINT(EM_DIAGRAM):   if (3641+1-_C0000012)*_genvalue_ <= (1456 - _C000009 + 1092 - _C0000010) then do;
34098      _C0000010 + 1;
MPRINT(EM_DIAGRAM):   _C0000010 + 1;
34099      output EMWS1.Part_VALIDATE;
MPRINT(EM_DIAGRAM):   output EMWS1.Part_VALIDATE;
34100      end;
MPRINT(EM_DIAGRAM):   end;
34101      else do;
MPRINT(EM_DIAGRAM):   else do;
34102      _C0000011 + 1;
MPRINT(EM_DIAGRAM):   _C0000011 + 1;
34103      output EMWS1.Part_TEST;
MPRINT(EM_DIAGRAM):   output EMWS1.Part_TEST;
34104      end;
MPRINT(EM_DIAGRAM):   end;
34105      end;
MPRINT(EM_DIAGRAM):   end;
34106      _C0000012+1;
MPRINT(EM_DIAGRAM):   _C0000012+1;
34107      end;
MPRINT(EM_DIAGRAM):   end;
34108      run;
MPRINT(EM_DIAGRAM):   run;

NOTE: There were 200573 observations read from the data set EMWS1.IDS5_DATA.
NOTE: The data set EMWS1.PART_TRAIN has 80228 observations and 23 variables.
NOTE: The data set EMWS1.PART_VALIDATE has 60169 observations and 23 variables.
NOTE: The data set EMWS1.PART_TEST has 60176 observations and 23 variables.
NOTE: DATA statement used (Total process time):
      real time           0.90 seconds
      cpu time            0.28 seconds
      

34109      data _tempNobs;
MPRINT(EM_DIAGRAM):    data _tempNobs;
34110      length Type $8 Table $32 Nobs 8;
MPRINT(EM_DIAGRAM):   length Type $8 Table $32 Nobs 8;
34111      label type= "%sysfunc(sasmsg(sashelp.dmine, meta_type_vlabel,    NOQUOTE))" table = "%sysfunc(sasmsg(sashelp.dmine, meta_dataset_vlabel, NOQUOTE))" nobs = "%sysfunc(sasmsg(sashelp.dmine,  rpt_numObs_vlabel,   NOQUOTE))";
MPRINT(EM_DIAGRAM):   label type= "Type" table = "Data Set" nobs = "Number of Observations";
34112      type='DATA';
MPRINT(EM_DIAGRAM):   type='DATA';
34113      table="EMWS1.Ids5_DATA";
MPRINT(EM_DIAGRAM):   table="EMWS1.Ids5_DATA";
34114      Nobs=200573;
MPRINT(EM_DIAGRAM):   Nobs=200573;
34115      output;
MPRINT(EM_DIAGRAM):   output;
34116      type='TRAIN';
MPRINT(EM_DIAGRAM):   type='TRAIN';
34117      table="EMWS1.Part_TRAIN";
MPRINT(EM_DIAGRAM):   table="EMWS1.Part_TRAIN";
34118      Nobs=80228;
MPRINT(EM_DIAGRAM):   Nobs=80228;
34119      output;
MPRINT(EM_DIAGRAM):   output;
34120      type='VALIDATE';
MPRINT(EM_DIAGRAM):   type='VALIDATE';
34121      table="EMWS1.Part_VALIDATE";
MPRINT(EM_DIAGRAM):   table="EMWS1.Part_VALIDATE";
34122      Nobs=60169;
MPRINT(EM_DIAGRAM):   Nobs=60169;
34123      output;
MPRINT(EM_DIAGRAM):   output;
34124      type='TEST';
MPRINT(EM_DIAGRAM):   type='TEST';
34125      table="EMWS1.Part_TEST";
MPRINT(EM_DIAGRAM):   table="EMWS1.Part_TEST";
34126      Nobs=60176;
MPRINT(EM_DIAGRAM):   Nobs=60176;
34127      output;
MPRINT(EM_DIAGRAM):   output;
34128      run;
MPRINT(EM_DIAGRAM):   run;

NOTE: The data set WORK._TEMPNOBS has 4 observations and 3 variables.
NOTE: DATA statement used (Total process time):
      real time           0.04 seconds
      cpu time            0.04 seconds
      

34129      %let _cn = %sysfunc(getoption(CENTER));
34130      %let _nb = %sysfunc(getoption(NUMBER));
34131      options nonumber nocenter;
MPRINT(EM_DIAGRAM):   options nonumber nocenter;
34132      proc print data=_tempNobs noobs label;
MPRINT(EM_DIAGRAM):   proc print data=_tempNobs noobs label;
34133      title9 ' ';
MPRINT(EM_DIAGRAM):   title9 ' ';
34134      title10 "%sysfunc(sasmsg(sashelp.dmine, rpt_partitionSummary_title, NOQUOTE))";
MPRINT(EM_DIAGRAM):   title10 "Partition Summary";
MPRINT(EM_DIAGRAM):   run;
34135      run;

NOTE: There were 4 observations read from the data set WORK._TEMPNOBS.
NOTE: The PROCEDURE PRINT printed page 8.
NOTE: PROCEDURE PRINT used (Total process time):
      real time           0.01 seconds
      cpu time            0.01 seconds
      

34136      title10;
MPRINT(EM_DIAGRAM):   title10;
34137      options &_cn &_nb;
MPRINT(EM_DIAGRAM):   options NOCENTER NONUMBER;
MPRINT(EM_DIAGRAM):   run;
34138      run;

MPRINT(EM_DIAGRAM):    proc printto;
MPRINT(EM_DIAGRAM):   run;
