MPRINT(EM_DIAGRAM):    data _null_;
MPRINT(EM_DIAGRAM):   call symput('NLDATE', strip(put(date(), NLDATE.)));
MPRINT(EM_DIAGRAM):   call symput('NLTIME', strip(put(datetime(), NLTIME.)));
MPRINT(EM_DIAGRAM):   run;
MPRINT(EM_DIAGRAM):   data _null_;
MPRINT(EM_DIAGRAM):   nldate= sasmsg("sashelp.dmine", "log_date_note", 'N', "March 03, 2024" );
MPRINT(EM_DIAGRAM):   nltime= sasmsg("sashelp.dmine", "log_time_note", 'N', "18:27:56" );
MPRINT(EM_DIAGRAM):   put "*------------------------------------------------------------*";
MPRINT(EM_DIAGRAM):   put "* Training Log";
MPRINT(EM_DIAGRAM):   put nldate;
MPRINT(EM_DIAGRAM):   put nltime;
MPRINT(EM_DIAGRAM):   put "*------------------------------------------------------------*";
MPRINT(EM_DIAGRAM):   run;
*------------------------------------------------------------*
* Training Log
Date:                March 03, 2024
Time:                18:27:56
*------------------------------------------------------------*
MPRINT(EM_DIAGRAM):    filename O0METFB7 "\\uisnutvdiprof1a\redirected$\bkris2\Documents\ZetaProject\ZetaExploratoryAnalysis\Workspaces\EMWS1\Clus6\EMTRAIN.out" encoding="UTF-8" NOBOM;
MPRINT(EM_DIAGRAM):   proc printto print=O0METFB7 new;
MPRINT(EM_DIAGRAM):   run;
MPRINT(EM_DIAGRAM):    filename _LOG "\\uisnutvdiprof1a\redirected$\bkris2\Documents\ZetaProject\ZetaExploratoryAnalysis\Workspaces\EMWS1\Clus6\EMLOG.log" encoding="UTF-8" NOBOM;
MPRINT(EM_DIAGRAM):    data _null_;
MPRINT(EM_DIAGRAM):   call symput('NLDATE', strip(put(date(), NLDATE.)));
MPRINT(EM_DIAGRAM):   call symput('NLTIME', strip(put(datetime(), NLTIME.)));
MPRINT(EM_DIAGRAM):   run;
MPRINT(EM_DIAGRAM):   data _null_;
MPRINT(EM_DIAGRAM):   nldate= sasmsg("sashelp.dmine", "log_date_note", 'N', "March 03, 2024" );
MPRINT(EM_DIAGRAM):   nltime= sasmsg("sashelp.dmine", "log_time_note", 'N', "18:27:56" );
MPRINT(EM_DIAGRAM):   file _LOG;
MPRINT(EM_DIAGRAM):   put "*------------------------------------------------------------*";
MPRINT(EM_DIAGRAM):   put "User:                bkris2";
MPRINT(EM_DIAGRAM):   put nldate;
MPRINT(EM_DIAGRAM):   put nltime;
MPRINT(EM_DIAGRAM):   put "Site:                70080107";
MPRINT(EM_DIAGRAM):   put "Platform:            X64_10PRO";
MPRINT(EM_DIAGRAM):   put "Maintenance Release: 9.04.01M7P080520";
MPRINT(EM_DIAGRAM):   put "EM Version:          15.2";
MPRINT(EM_DIAGRAM):   put "* ";
MPRINT(EM_DIAGRAM):   run;
MPRINT(EM_DIAGRAM):    filename _LOGIN "\\uisnutvdiprof1a\redirected$\bkris2\Documents\ZetaProject\ZetaExploratoryAnalysis\Workspaces\EMWS1\Clus6\EMTRAIN.log" encoding="UTF-8" NOBOM;
MPRINT(EM_COPYFILE):   data _null_;
MPRINT(EM_COPYFILE):   length line $20000;
MPRINT(EM_COPYFILE):   file _LOG MOD lrecl=20000;
MPRINT(EM_COPYFILE):   fid=fopen("_LOGIN",'i',20000,'v');
MPRINT(EM_COPYFILE):   if fid > 0 then do;
MPRINT(EM_COPYFILE):   do while(^fread(fid));
MPRINT(EM_COPYFILE):   rlen = frlen(fid);
MPRINT(EM_COPYFILE):   rc= fget(fid,line,20000);
MPRINT(EM_COPYFILE):   start = length(line)-length(left(line))+1;
MPRINT(EM_COPYFILE):   line=strip(line);
MPRINT(EM_COPYFILE):   put @start line;
MPRINT(EM_COPYFILE):   end;
MPRINT(EM_COPYFILE):   if fid > 0 then rc=fclose(fid);
MPRINT(EM_COPYFILE):   end;
MPRINT(EM_COPYFILE):   run;
MPRINT(EM_DIAGRAM):  ;
MPRINT(EM_DIAGRAM):   filename _LOGIN;
MPRINT(EM_DIAGRAM):    data _null_;
MPRINT(EM_DIAGRAM):   file _LOG mod;
MPRINT(EM_DIAGRAM):   put _page_;
MPRINT(EM_DIAGRAM):   run;
MPRINT(EM_DIAGRAM):   filename _LOGIN "\\uisnutvdiprof1a\redirected$\bkris2\Documents\ZetaProject\ZetaExploratoryAnalysis\Workspaces\EMWS1\Clus6\EMSCORE.log" encoding="UTF-8" NOBOM;
MPRINT(EM_DIAGRAM):  ;
MPRINT(EM_DIAGRAM):   data _null_;
MPRINT(EM_DIAGRAM):   file _LOG mod;
MPRINT(EM_DIAGRAM):   put _page_;
MPRINT(EM_DIAGRAM):   run;
MPRINT(EM_DIAGRAM):    filename _LOGIN "\\uisnutvdiprof1a\redirected$\bkris2\Documents\ZetaProject\ZetaExploratoryAnalysis\Workspaces\EMWS1\Clus6\EMREPORT.log" encoding="UTF-8" NOBOM;
MPRINT(EM_DIAGRAM):  ;
MPRINT(EM_DIAGRAM):   filename _LOGIN;
MPRINT(EM_DIAGRAM):    filename _LOG;
MPRINT(EM_DIAGRAM):    filename _OUT "\\uisnutvdiprof1a\redirected$\bkris2\Documents\ZetaProject\ZetaExploratoryAnalysis\Workspaces\EMWS1\Clus6\EMOUTPUT.out" encoding="UTF-8" NOBOM;
MPRINT(EM_DIAGRAM):    data _null_;
MPRINT(EM_DIAGRAM):   call symput('NLDATE', strip(put(date(), NLDATE.)));
MPRINT(EM_DIAGRAM):   call symput('NLTIME', strip(put(datetime(), NLTIME.)));
MPRINT(EM_DIAGRAM):   run;
MPRINT(EM_DIAGRAM):   data _null_;
MPRINT(EM_DIAGRAM):   nldate= sasmsg("sashelp.dmine", "log_date_note", 'N', "March 03, 2024" );
MPRINT(EM_DIAGRAM):   nltime= sasmsg("sashelp.dmine", "log_time_note", 'N', "18:27:57" );
MPRINT(EM_DIAGRAM):   file _OUT;
MPRINT(EM_DIAGRAM):   put "*------------------------------------------------------------*";
MPRINT(EM_DIAGRAM):   put "User:                bkris2";
MPRINT(EM_DIAGRAM):   put nldate;
MPRINT(EM_DIAGRAM):   put nltime;
MPRINT(EM_DIAGRAM):   put "*------------------------------------------------------------*";
MPRINT(EM_DIAGRAM):   put "* Training Output";
MPRINT(EM_DIAGRAM):   put "*------------------------------------------------------------*";
MPRINT(EM_DIAGRAM):   run;
MPRINT(EM_DIAGRAM):    filename _OUTIN "\\uisnutvdiprof1a\redirected$\bkris2\Documents\ZetaProject\ZetaExploratoryAnalysis\Workspaces\EMWS1\Clus6\EMTRAIN.out" encoding="UTF-8" NOBOM;
MPRINT(EM_DIAGRAM):   ;
MPRINT(EM_COPYFILE):   data _null_;
MPRINT(EM_COPYFILE):   length line $20000;
MPRINT(EM_COPYFILE):   file _OUT MOD lrecl=20000;
MPRINT(EM_COPYFILE):   fid=fopen("_OUTIN",'i',20000,'v');
MPRINT(EM_COPYFILE):   if fid > 0 then do;
MPRINT(EM_COPYFILE):   do while(^fread(fid));
MPRINT(EM_COPYFILE):   rlen = frlen(fid);
MPRINT(EM_COPYFILE):   rc= fget(fid,line,20000);
MPRINT(EM_COPYFILE):   start = length(line)-length(left(line))+1;
MPRINT(EM_COPYFILE):   line=strip(line);
MPRINT(EM_COPYFILE):   put @start line;
MPRINT(EM_COPYFILE):   end;
MPRINT(EM_COPYFILE):   if fid > 0 then rc=fclose(fid);
MPRINT(EM_COPYFILE):   end;
MPRINT(EM_COPYFILE):   run;
MPRINT(EM_DIAGRAM):  ;
MPRINT(EM_DIAGRAM):   filename _OUTIN;
MPRINT(EM_DIAGRAM):    data _null_;
MPRINT(EM_DIAGRAM):   file _OUT mod;
MPRINT(EM_DIAGRAM):   put _page_;
MPRINT(EM_DIAGRAM):   put // "*------------------------------------------------------------*";
MPRINT(EM_DIAGRAM):   put "* Score Output";
MPRINT(EM_DIAGRAM):   put "*------------------------------------------------------------*";
MPRINT(EM_DIAGRAM):   run;
MPRINT(EM_DIAGRAM):    filename _OUTIN "\\uisnutvdiprof1a\redirected$\bkris2\Documents\ZetaProject\ZetaExploratoryAnalysis\Workspaces\EMWS1\Clus6\EMSCORE.out" encoding="UTF-8" NOBOM;
MPRINT(EM_DIAGRAM):  ;
MPRINT(EM_DIAGRAM):   filename _OUTIN;
MPRINT(EM_DIAGRAM):    data _null_;
MPRINT(EM_DIAGRAM):   file _OUT mod;
MPRINT(EM_DIAGRAM):   put _page_;
MPRINT(EM_DIAGRAM):   put // "*------------------------------------------------------------*";
MPRINT(EM_DIAGRAM):   put "* Report Output";
MPRINT(EM_DIAGRAM):   put "*------------------------------------------------------------*";
MPRINT(EM_DIAGRAM):   run;
MPRINT(EM_DIAGRAM):    filename _OUTIN "\\uisnutvdiprof1a\redirected$\bkris2\Documents\ZetaProject\ZetaExploratoryAnalysis\Workspaces\EMWS1\Clus6\EMREPORT.out" encoding="UTF-8" NOBOM;
MPRINT(EM_DIAGRAM):  ;
MPRINT(EM_DIAGRAM):   filename _OUTIN;
MPRINT(EM_DIAGRAM):    filename _OUT;
MPRINT(EM_DIAGRAM):    filename _emtool_ '\\uisnutvdiprof1a\redirected$\bkris2\Documents\ZetaProject\ZetaExploratoryAnalysis\Workspaces\EMWS1\Clus6\EMRUNSTATUS.xml' encoding="UTF-8" NOBOM;
MPRINT(EM_DIAGRAM):    filename _emtool_ '\\uisnutvdiprof1a\redirected$\bkris2\Documents\ZetaProject\ZetaExploratoryAnalysis\Workspaces\EMWS1\Clus6\EMRUNSTATUS.xml' encoding="UTF-8" NOBOM;
22234      proc freq data=EMWS1.Clus6_VariableSet noprint;
MPRINT(EM_DIAGRAM):    proc freq data=EMWS1.Clus6_VariableSet noprint;
22235      table ROLE*LEVEL/out=WORK.Clus6META;
MPRINT(EM_DIAGRAM):   table ROLE*LEVEL/out=WORK.Clus6META;
22236      run;
MPRINT(EM_DIAGRAM):   run;

NOTE: There were 23 observations read from the data set EMWS1.CLUS6_VARIABLESET.
NOTE: The data set WORK.CLUS6META has 5 observations and 4 variables.
NOTE: PROCEDURE FREQ used (Total process time):
      real time           0.11 seconds
      cpu time            0.09 seconds
      

22237      proc print data=WORK.Clus6META label noobs;
MPRINT(EM_DIAGRAM):   proc print data=WORK.Clus6META label noobs;
22238      var ROLE LEVEL COUNT;
MPRINT(EM_DIAGRAM):   var ROLE LEVEL COUNT;
22239      label ROLE = "%sysfunc(sasmsg(sashelp.dmine, meta_role_vlabel, NOQUOTE))" LEVEL = "%sysfunc(sasmsg(sashelp.dmine, meta_level_vlabel, NOQUOTE))" COUNT = "%sysfunc(sasmsg(sashelp.dmine, rpt_count_vlabel, NOQUOTE))";
MPRINT(EM_DIAGRAM):   label ROLE = "Role" LEVEL = "Measurement Level" COUNT = "Frequency Count";
22240      title9 ' ';
MPRINT(EM_DIAGRAM):   title9 ' ';
22241      title10 "%sysfunc(sasmsg(sashelp.dmine, rpt_varSummary_title  , NOQUOTE))";
MPRINT(EM_DIAGRAM):   title10 "Variable Summary";
MPRINT(EM_DIAGRAM):   run;
22242      run;

NOTE: There were 5 observations read from the data set WORK.CLUS6META.
NOTE: The PROCEDURE PRINT printed page 1.
NOTE: PROCEDURE PRINT used (Total process time):
      real time           0.04 seconds
      cpu time            0.04 seconds
      

22243      title10;
MPRINT(EM_DIAGRAM):   title10;
22244      data WORK.M20EA4E9;
MPRINT(EM_DIAGRAM):    data WORK.M20EA4E9;
22245      set WORK.M20EA4E9;
MPRINT(EM_DIAGRAM):   set WORK.M20EA4E9;
22246      if role eq 'REJECTED' then role = 'INPUT';
MPRINT(EM_DIAGRAM):   if role eq 'REJECTED' then role = 'INPUT';
22247      run;
MPRINT(EM_DIAGRAM):   run;

NOTE: There were 21 observations read from the data set WORK.M20EA4E9.
NOTE: The data set WORK.M20EA4E9 has 21 observations and 21 variables.
NOTE: DATA statement used (Total process time):
      real time           0.03 seconds
      cpu time            0.03 seconds
      

MPRINT(EM_DIAGRAM):    *------------------------------------------------------------*;
MPRINT(EM_DIAGRAM):   * Clus6: Preparing metadata for training;
MPRINT(EM_DIAGRAM):   ;
MPRINT(EM_DIAGRAM):   *------------------------------------------------------------*;
MPRINT(EM_DIAGRAM):   data WORK.M20EA4E9;
MPRINT(EM_DIAGRAM):   set WORK.M20EA4E9;
MPRINT(EM_DIAGRAM):   if role eq 'REJECTED' then role = 'INPUT';
MPRINT(EM_DIAGRAM):   run;
22256      *------------------------------------------------------------*;
MPRINT(EM_DIAGRAM):    *------------------------------------------------------------*;
22257      * Clus6: Preliminary Clustering;
MPRINT(EM_DIAGRAM):   * Clus6: Preliminary Clustering;
22258      *------------------------------------------------------------*;
MPRINT(EM_DIAGRAM):   *------------------------------------------------------------*;
22259      *------------------------------------------------------------* ;
MPRINT(EM_DIAGRAM):   *------------------------------------------------------------* ;
22260      * Clus6: DMDBClass Macro ;
MPRINT(EM_DIAGRAM):   * Clus6: DMDBClass Macro ;
22261      *------------------------------------------------------------* ;
MPRINT(EM_DIAGRAM):   *------------------------------------------------------------* ;
22262      %macro DMDBClass;
22263          AnyHealthcare(ASC) CholCheck(ASC) DiffWalk(ASC) Education(ASC) Fruits(ASC)
22264         GenHlth(ASC) HeartDiseaseorAttack(ASC) HighBP(ASC) HighChol(ASC)
22265         HvyAlcoholConsump(ASC) Income(ASC) MentHlth(ASC) NoDocbcCost(ASC)
22266         PhysActivity(ASC) PhysHlth(ASC) Sex(ASC) Smoker(ASC) Stroke(ASC) Veggies(ASC)
22267      %mend DMDBClass;
22268      *------------------------------------------------------------* ;
MPRINT(EM_DIAGRAM):   *------------------------------------------------------------* ;
22269      * Clus6: DMDBVar Macro ;
MPRINT(EM_DIAGRAM):   * Clus6: DMDBVar Macro ;
22270      *------------------------------------------------------------* ;
MPRINT(EM_DIAGRAM):   *------------------------------------------------------------* ;
22271      %macro DMDBVar;
22272          Age BMI
22273      %mend DMDBVar;
22274      *------------------------------------------------------------*;
MPRINT(EM_DIAGRAM):   *------------------------------------------------------------*;
22275      * Clus6: Create DMDB;
MPRINT(EM_DIAGRAM):   * Clus6: Create DMDB;
22276      *------------------------------------------------------------*;
MPRINT(EM_DIAGRAM):   *------------------------------------------------------------*;
22277      proc dmdb batch data=EMWS1.Smpl_DATA
22278      dmdbcat=WORK.Clus6_DMDB
22279      maxlevel = 513
22280      out=WORK.Clus6_DMDB
22281      ;
MPRINT(EM_DIAGRAM):   proc dmdb batch data=EMWS1.Smpl_DATA dmdbcat=WORK.Clus6_DMDB maxlevel = 513 out=WORK.Clus6_DMDB ;
MPRINT(EM_DIAGRAM):   class
22282      class %DMDBClass;
MPRINT(DMDBCLASS):   AnyHealthcare(ASC) CholCheck(ASC) DiffWalk(ASC) Education(ASC) Fruits(ASC) GenHlth(ASC) HeartDiseaseorAttack(ASC) HighBP(ASC) HighChol(ASC) HvyAlcoholConsump(ASC) Income(ASC) MentHlth(ASC) NoDocbcCost(ASC) PhysActivity(ASC) 
PhysHlth(ASC) Sex(ASC) Smoker(ASC) Stroke(ASC) Veggies(ASC)
MPRINT(EM_DIAGRAM):  ;
MPRINT(EM_DIAGRAM):   var
22283      var %DMDBVar;
MPRINT(DMDBVAR):   Age BMI
MPRINT(EM_DIAGRAM):  ;
22284      run;
MPRINT(EM_DIAGRAM):   run;

NOTE: Records processed = 100000   Memory used = 511K.
NOTE: Records processed = 200000   Memory used = 511K.
NOTE: Records processed = 223088   Memory used = 511K.
NOTE: There were 223088 observations read from the data set EMWS1.SMPL_DATA.
NOTE: The data set WORK.CLUS6_DMDB has 223088 observations and 21 variables.
NOTE: PROCEDURE DMDB used (Total process time):
      real time           0.93 seconds
      cpu time            0.81 seconds
      

MPRINT(EM_DIAGRAM):   quit;
MPRINT(EM_DIAGRAM):   *--- end code ---*;
22285      quit;
22286      *--- end code ---*;

22287      *------------------------------------------------------------* ;
MPRINT(EM_DIAGRAM):    *------------------------------------------------------------* ;
22288      * Clus6: Interval Inputs Macro ;
MPRINT(EM_DIAGRAM):   * Clus6: Interval Inputs Macro ;
22289      *------------------------------------------------------------* ;
MPRINT(EM_DIAGRAM):   *------------------------------------------------------------* ;
22290      %macro DMVQINTERVAL;
22291          Age BMI
22292      %mend DMVQINTERVAL;
22293      *------------------------------------------------------------* ;
MPRINT(EM_DIAGRAM):   *------------------------------------------------------------* ;
22294      * Clus6: Nominal Inputs Macro ;
MPRINT(EM_DIAGRAM):   * Clus6: Nominal Inputs Macro ;
22295      *------------------------------------------------------------* ;
MPRINT(EM_DIAGRAM):   *------------------------------------------------------------* ;
22296      %macro DMVQNOMINAL;
22297          AnyHealthcare CholCheck DiffWalk Fruits HeartDiseaseorAttack HighBP HighChol
22298         HvyAlcoholConsump NoDocbcCost PhysActivity Sex Smoker Stroke Veggies
22299      %mend DMVQNOMINAL;
22300      *------------------------------------------------------------* ;
MPRINT(EM_DIAGRAM):   *------------------------------------------------------------* ;
22301      * Clus6: Ordinal Inputs Macro ;
MPRINT(EM_DIAGRAM):   * Clus6: Ordinal Inputs Macro ;
22302      *------------------------------------------------------------* ;
MPRINT(EM_DIAGRAM):   *------------------------------------------------------------* ;
22303      %macro DMVQORDINAL;
22304          Education GenHlth Income MentHlth PhysHlth
22305      %mend DMVQORDINAL;
22306      *------------------------------------------------------------*;
MPRINT(EM_DIAGRAM):   *------------------------------------------------------------*;
22307      * Clus6: Run DMVQ procedure;
MPRINT(EM_DIAGRAM):   * Clus6: Run DMVQ procedure;
22308      *------------------------------------------------------------*;
MPRINT(EM_DIAGRAM):   *------------------------------------------------------------*;
22309      title;
MPRINT(EM_DIAGRAM):   title;
22310      options nodate;
MPRINT(EM_DIAGRAM):   options nodate;
22311      proc dmvq data=WORK.Clus6_DMDB dmdbcat=WORK.Clus6_DMDB std=STD nominal=GLM ordinal=RANK
22312      ;
MPRINT(EM_DIAGRAM):   proc dmvq data=WORK.Clus6_DMDB dmdbcat=WORK.Clus6_DMDB std=STD nominal=GLM ordinal=RANK ;
NOTE: The training set WORK.CLUS6_DMDB.DATA has 21 variable(s).
NOTE: The DMVQ statement has finished with return code=0 and status=begin.
MPRINT(EM_DIAGRAM):   input
22313      input %DMVQINTERVAL / level=interval;
MPRINT(DMVQINTERVAL):   Age BMI
MPRINT(EM_DIAGRAM):   / level=interval;
NOTE: 2 input variable(s) defined for ID=I1.
NOTE: The INPUT statement has finished with return code=0 and status=variables.
MPRINT(EM_DIAGRAM):   input
22314      input %DMVQNOMINAL / level=nominal;
MPRINT(DMVQNOMINAL):   AnyHealthcare CholCheck DiffWalk Fruits HeartDiseaseorAttack HighBP HighChol HvyAlcoholConsump NoDocbcCost PhysActivity Sex Smoker Stroke Veggies
MPRINT(EM_DIAGRAM):   / level=nominal;
NOTE: 14 input variable(s) defined for ID=I2.
NOTE: The INPUT statement has finished with return code=0 and status=variables.
MPRINT(EM_DIAGRAM):   input
22315      input %DMVQORDINAL / level=ordinal;
MPRINT(DMVQORDINAL):   Education GenHlth Income MentHlth PhysHlth
MPRINT(EM_DIAGRAM):   / level=ordinal;
NOTE: 5 input variable(s) defined for ID=I3.
NOTE: The INPUT statement has finished with return code=0 and status=variables.
22316      VQ maxc = 50 clusname=_SEGMENT_ CLUSLABEL="Segment Id" DISTLABEL="Distance";
MPRINT(EM_DIAGRAM):   VQ maxc = 50 clusname=_SEGMENT_ CLUSLABEL="Segment Id" DISTLABEL="Distance";
NOTE: A maximum of 50 clusters have been requested.
NOTE: The VQ statement has finished with return code=0 and status=architecture.
22317      MAKE outvar=EMWS1.Clus6_OUTVAR;
MPRINT(EM_DIAGRAM):   MAKE outvar=EMWS1.Clus6_OUTVAR;

NOTE: 21 input variable(s).
NOTE: Number of cases=223088
NOTE: Sum of frequencies=223088
NOTE: Sum of weights=223088
NOTE: VARDEF=DF      
NOTE: Maximum number of categories=31
NOTE: The total number of variables is 21 with dimensionality 35.
NOTE: 21 variables will be used for clustering.
NOTE: Open output data set EMWS1.CLUS6_OUTVAR.DATA with 36 variables.
NOTE: The data set EMWS1.CLUS6_OUTVAR has 4 observations and 36 variables.
NOTE: The MAKE statement has finished with return code=0 and status=made.
22318      INITIAL radius=0
22319      ;
MPRINT(EM_DIAGRAM):   INITIAL radius=0 ;
NOTE: 50 seeds were selected from data set WORK.CLUS6_DMDB.DATA using the SEPARATE algorithm.
NOTE: The INITIAL statement has finished with return code=0 and status=initialized.
22320      TRAIN tech=FORGY
22321      ;
MPRINT(EM_DIAGRAM):   TRAIN tech=FORGY ;
WARNING: The limit of 10 iterations was reached without convergence.
NOTE: The TRAIN statement has finished with return code=0 and status=trained.
22322      SAVE outstat=WORK.Clus6_OUTSTAT outmean=EMWS1.Clus6_OUTMEAN;
MPRINT(EM_DIAGRAM):   SAVE outstat=WORK.Clus6_OUTSTAT outmean=EMWS1.Clus6_OUTMEAN;
NOTE: The data set WORK.CLUS6_OUTSTAT has 316 observations and 38 variables.
NOTE: The data set EMWS1.CLUS6_OUTMEAN has 50 observations and 44 variables.
NOTE: The SAVE statement has finished with return code=0 and status=statistics.
22323      code file="\\uisnutvdiprof1a\redirected$\bkris2\Documents\ZetaProject\ZetaExploratoryAnalysis\Workspaces\EMWS1\Clus6\DMVQSCORECODE.sas"
22324      group=Clus6
22325      ;
MPRINT(EM_DIAGRAM):   code file="\\uisnutvdiprof1a\redirected$\bkris2\Documents\ZetaProject\ZetaExploratoryAnalysis\Workspaces\EMWS1\Clus6\DMVQSCORECODE.sas" group=Clus6 ;
NOTE: External file \\uisnutvdiprof1a\redirected$\bkris2\Documents\ZetaProject\ZetaExploratoryAnalysis\Workspaces\EMWS1\Clus6\DMVQSCORECODE.sas opened.
NOTE: The CODE statement has finished with return code=0 and status=statistics.
22326      run;
MPRINT(EM_DIAGRAM):   run;

22327      quit;
MPRINT(EM_DIAGRAM):   quit;

NOTE: There were 223088 observations read from the data set WORK.CLUS6_DMDB.
NOTE: PROCEDURE DMVQ used (Total process time):
      real time           8.30 seconds
      cpu time            8.06 seconds
      

22328      proc transpose data=EMWS1.Clus6_OUTVAR out=WORK.Clus6_OUTVAR(where=(COL1 ^in('IMPUTED','OMITTED')));
MPRINT(EM_DIAGRAM):    proc transpose data=EMWS1.Clus6_OUTVAR out=WORK.Clus6_OUTVAR(where=(COL1 ^in('IMPUTED','OMITTED')));
22329      var Age--T_PhysHlth;
MPRINT(EM_DIAGRAM):   var Age--T_PhysHlth;
22330      where _TYPE_ in('TYPE' 'VARIABLE');
MPRINT(EM_DIAGRAM):   where _TYPE_ in('TYPE' 'VARIABLE');
22331      run;
MPRINT(EM_DIAGRAM):   run;

NOTE: There were 2 observations read from the data set EMWS1.CLUS6_OUTVAR.
      WHERE _TYPE_ in ('TYPE', 'VARIABLE');
NOTE: The data set WORK.CLUS6_OUTVAR has 35 observations and 4 variables.
NOTE: PROCEDURE TRANSPOSE used (Total process time):
      real time           0.05 seconds
      cpu time            0.04 seconds
      

22332      *------------------------------------------------------------* ;
MPRINT(EM_DIAGRAM):    *------------------------------------------------------------* ;
22333      * Clus6: DMVQ Variables;
MPRINT(EM_DIAGRAM):   * Clus6: DMVQ Variables;
22334      *------------------------------------------------------------* ;
MPRINT(EM_DIAGRAM):   *------------------------------------------------------------* ;
22335      %macro dmvqvars;
22336          Age BMI AnyHealthcare0 AnyHealthcare1 CholCheck0 CholCheck1 DiffWalk0
22337         DiffWalk1 Fruits0 Fruits1 HeartDiseaseorAttack0 HeartDiseaseorAttack1 HighBP0
22338         HighBP1 HighChol0 HighChol1 HvyAlcoholConsump0 HvyAlcoholConsump1 NoDocbcCost0
22339         NoDocbcCost1 PhysActivity0 PhysActivity1 Sex0 Sex1 Smoker0 Smoker1 Stroke0
22340         Stroke1 Veggies0 Veggies1 T_Education T_GenHlth T_Income T_MentHlth T_PhysHlth
22341      %mend ;
22342      
22343      

22344      *------------------------------------------------------------*;
MPRINT(EM_DIAGRAM):    *------------------------------------------------------------*;
22345      * Clus6: Determining the number of clusters;
MPRINT(EM_DIAGRAM):   * Clus6: Determining the number of clusters;
22346      *------------------------------------------------------------*;
MPRINT(EM_DIAGRAM):   *------------------------------------------------------------*;
22347      proc cluster data=EMWS1.Clus6_OUTMEAN method=AVERAGE pseudo outtree=EMWS1.Clus6_CLUSSEED
WARNING: The SAS/STAT product with which CLUSTER is associated will be expiring soon, and is currently in warning mode to indicate this upcoming expiration. Please run PROC SETINIT to obtain more information on your warning period.
22348      ;
MPRINT(EM_DIAGRAM):   proc cluster data=EMWS1.Clus6_OUTMEAN method=AVERAGE pseudo outtree=EMWS1.Clus6_CLUSSEED ;
MPRINT(EM_DIAGRAM):   var
22349      var %dmvqvars;
MPRINT(DMVQVARS):   Age BMI AnyHealthcare0 AnyHealthcare1 CholCheck0 CholCheck1 DiffWalk0 DiffWalk1 Fruits0 Fruits1 HeartDiseaseorAttack0 HeartDiseaseorAttack1 HighBP0 HighBP1 HighChol0 HighChol1 HvyAlcoholConsump0 HvyAlcoholConsump1 NoDocbcCost0 
NoDocbcCost1 PhysActivity0 PhysActivity1 Sex0 Sex1 Smoker0 Smoker1 Stroke0 Stroke1 Veggies0 Veggies1 T_Education T_GenHlth T_Income T_MentHlth T_PhysHlth
MPRINT(EM_DIAGRAM):  ;
22350      copy _SEGMENT_;
MPRINT(EM_DIAGRAM):   copy _SEGMENT_;
22351      run;
MPRINT(EM_DIAGRAM):   run;

NOTE: The data set EMWS1.CLUS6_CLUSSEED has 99 observations and 52 variables.
NOTE: The PROCEDURE CLUSTER printed page 2.
NOTE: PROCEDURE CLUSTER used (Total process time):
      real time           0.15 seconds
      cpu time            0.06 seconds
      

MPRINT(EM_DIAGRAM):   quit;
22352      quit;
22353      proc sort data =EMWS1.Clus6_CLUSSEED out=WORK._SEED_;
MPRINT(EM_DIAGRAM):   proc sort data =EMWS1.Clus6_CLUSSEED out=WORK._SEED_;
22354      by _ncl_;
MPRINT(EM_DIAGRAM):   by _ncl_;
22355      where (_ccc_ > -99999.0);
MPRINT(EM_DIAGRAM):   where (_ccc_ > -99999.0);
22356      run;
MPRINT(EM_DIAGRAM):   run;

NOTE: There were 49 observations read from the data set EMWS1.CLUS6_CLUSSEED.
      WHERE _ccc_>-99999;
NOTE: The data set WORK._SEED_ has 49 observations and 52 variables.
NOTE: PROCEDURE SORT used (Total process time):
      real time           0.04 seconds
      cpu time            0.03 seconds
      

22357      data WORK._SEED2_;
MPRINT(EM_DIAGRAM):   data WORK._SEED2_;
22358      retain oJump occc oncl;
MPRINT(EM_DIAGRAM):   retain oJump occc oncl;
22359      set WORK._SEED_;
MPRINT(EM_DIAGRAM):   set WORK._SEED_;
22360      _lccc_=lag(_ccc_);
MPRINT(EM_DIAGRAM):   _lccc_=lag(_ccc_);
22361      if _lccc_ > . then jump = _ccc_ - _lccc_;
MPRINT(EM_DIAGRAM):   if _lccc_ > . then jump = _ccc_ - _lccc_;
22362      if jump<0 and ojump>0 then do;
MPRINT(EM_DIAGRAM):   if jump<0 and ojump>0 then do;
22363      * Have a local Max;
MPRINT(EM_DIAGRAM):   * Have a local Max;
22364      numclus = oncl;
MPRINT(EM_DIAGRAM):   numclus = oncl;
22365      cccvalue = occc;
MPRINT(EM_DIAGRAM):   cccvalue = occc;
22366      output;
MPRINT(EM_DIAGRAM):   output;
22367      end;
MPRINT(EM_DIAGRAM):   end;
22368      ojump = jump;
MPRINT(EM_DIAGRAM):   ojump = jump;
22369      occc = _ccc_;
MPRINT(EM_DIAGRAM):   occc = _ccc_;
22370      oncl = _ncl_;
MPRINT(EM_DIAGRAM):   oncl = _ncl_;
22371      run;
MPRINT(EM_DIAGRAM):   run;

NOTE: There were 49 observations read from the data set WORK._SEED_.
NOTE: The data set WORK._SEED2_ has 10 observations and 59 variables.
NOTE: DATA statement used (Total process time):
      real time           0.03 seconds
      cpu time            0.03 seconds
      

22372      proc print data=WORK._SEED2_ label;
MPRINT(EM_DIAGRAM):   proc print data=WORK._SEED2_ label;
22373      var numclus cccvalue;
MPRINT(EM_DIAGRAM):   var numclus cccvalue;
22374      label numclus="%sysfunc(sasmsg(sashelp.dmine, rpt_numclus_vlabel ,  NOQUOTE))";
MPRINT(EM_DIAGRAM):   label numclus= "Number of Clusters";
22375      label cccvalue="%sysfunc(sasmsg(sashelp.dmine, rpt_ccc_vlabel ,     NOQUOTE))";
MPRINT(EM_DIAGRAM):   label cccvalue= "Clustering Cubic Criterion";
22376      title10 "%sysfunc(sasmsg(sashelp.dmine, rpt_OptClus_title, NOQUOTE))";
MPRINT(EM_DIAGRAM):   title10 "Candidates for Optimum Number of Clusters";
MPRINT(EM_DIAGRAM):   run;
22377      run;

NOTE: There were 10 observations read from the data set WORK._SEED2_.
NOTE: The PROCEDURE PRINT printed page 3.
NOTE: PROCEDURE PRINT used (Total process time):
      real time           0.01 seconds
      cpu time            0.01 seconds
      

22378      title10;
MPRINT(EM_DIAGRAM):   title10;
22379      data WORK._SEED2_;
MPRINT(EM_DIAGRAM):    data WORK._SEED2_;
22380      length msg $200;
MPRINT(EM_DIAGRAM):   length msg $200;
22381      set WORK._SEED2_ end=eof;
MPRINT(EM_DIAGRAM):   set WORK._SEED2_ end=eof;
22382      retain select cccSelect 0 numSel;
MPRINT(EM_DIAGRAM):   retain select cccSelect 0 numSel;
22383      if _N_=1 then numSel = numClus;
MPRINT(EM_DIAGRAM):   if _N_=1 then numSel = numClus;
22384      if cccvalue>=3 then do;
MPRINT(EM_DIAGRAM):   if cccvalue>=3 then do;
22385      if 20>= numclus >= 2 and cccSelect<1 then do;
MPRINT(EM_DIAGRAM):   if 20>= numclus >= 2 and cccSelect<1 then do;
22386      cccSelect = 1;
MPRINT(EM_DIAGRAM):   cccSelect = 1;
22387      select =1;
MPRINT(EM_DIAGRAM):   select =1;
22388      numSel = numClus;
MPRINT(EM_DIAGRAM):   numSel = numClus;
22389      end;
MPRINT(EM_DIAGRAM):   end;
22390      end;
MPRINT(EM_DIAGRAM):   end;
22391      else if 20>= numclus >= 2 and select<1 then do;
MPRINT(EM_DIAGRAM):   else if 20>= numclus >= 2 and select<1 then do;
22392      select = 1;
MPRINT(EM_DIAGRAM):   select = 1;
22393      numSel = numClus;
MPRINT(EM_DIAGRAM):   numSel = numClus;
22394      end;
MPRINT(EM_DIAGRAM):   end;
22395      if eof then do;
MPRINT(EM_DIAGRAM):   if eof then do;
22396      if ^(select=1 and cccselect=1) then do;
MPRINT(EM_DIAGRAM):   if ^(select=1 and cccselect=1) then do;
22397      put "*------------------------------------------------------------*";
MPRINT(EM_DIAGRAM):   put "*------------------------------------------------------------*";
22398      put '*;';
MPRINT(EM_DIAGRAM):   put '*;';
22399      put "WARNING: The number of clusters selected based on the CCC values may not be valid.  Please refer to the documentation on the Cubic Clustering Criterion.";
MPRINT(EM_DIAGRAM):   put "WARNING: The number of clusters selected based on the CCC values may not be valid.  Please refer to the documentation on the Cubic Clustering Criterion.";
22400      put '*;';
MPRINT(EM_DIAGRAM):   put '*;';
22401      put "*------------------------------------------------------------*";
MPRINT(EM_DIAGRAM):   put "*------------------------------------------------------------*";
22402      end;
MPRINT(EM_DIAGRAM):   end;
22403      if select<1 then do;
MPRINT(EM_DIAGRAM):   if select<1 then do;
22404      msg = sasmsg('sashelp.dmine', 'rpt_noCCCclusternum_note', 'NOQUOTE');
MPRINT(EM_DIAGRAM):   msg = sasmsg('sashelp.dmine', 'rpt_noCCCclusternum_note', 'NOQUOTE');
22405      put msg;
MPRINT(EM_DIAGRAM):   put msg;
22406      end;
MPRINT(EM_DIAGRAM):   end;
22407      if cccselect<1 then do;
MPRINT(EM_DIAGRAM):   if cccselect<1 then do;
22408      msg = sasmsg('sashelp.dmine', 'rpt_noValidclusterNum_note', 'NOQUOTE');
MPRINT(EM_DIAGRAM):   msg = sasmsg('sashelp.dmine', 'rpt_noValidclusterNum_note', 'NOQUOTE');
22409      put msg;
MPRINT(EM_DIAGRAM):   put msg;
22410      end;
MPRINT(EM_DIAGRAM):   end;
22411      call symput('em_maxC', strip(put(numSel,best.)));
MPRINT(EM_DIAGRAM):   call symput('em_maxC', strip(put(numSel,best.)));
22412      end;
MPRINT(EM_DIAGRAM):   end;
22413      run;
MPRINT(EM_DIAGRAM):   run;

*------------------------------------------------------------*
*;
WARNING: The number of clusters selected based on the CCC values may not be valid.  Please refer to the documentation on the Cubic Clustering Criterion.
*;
*------------------------------------------------------------*
There are no number of cluster matching the specified minimum and maximum number of clusters.  The number of clusters will be set to the first local peak.
NOTE: There were 10 observations read from the data set WORK._SEED2_.
NOTE: The data set WORK._SEED2_ has 10 observations and 63 variables.
NOTE: DATA statement used (Total process time):
      real time           0.04 seconds
      cpu time            0.03 seconds
      

22414      *------------------------------------------------------------*;
MPRINT(EM_DIAGRAM):    *------------------------------------------------------------*;
22415      * Clus6: Training;
MPRINT(EM_DIAGRAM):   * Clus6: Training;
22416      *------------------------------------------------------------*;
MPRINT(EM_DIAGRAM):   *------------------------------------------------------------*;
22417      *------------------------------------------------------------*;
MPRINT(EM_DIAGRAM):   *------------------------------------------------------------*;
22418      * Clus6: Run DMVQ procedure;
MPRINT(EM_DIAGRAM):   * Clus6: Run DMVQ procedure;
22419      *------------------------------------------------------------*;
MPRINT(EM_DIAGRAM):   *------------------------------------------------------------*;
22420      title;
MPRINT(EM_DIAGRAM):   title;
22421      options nodate;
MPRINT(EM_DIAGRAM):   options nodate;
22422      proc dmvq data=WORK.Clus6_DMDB dmdbcat=WORK.Clus6_DMDB std=STD nominal=GLM ordinal=RANK
22423      ;
MPRINT(EM_DIAGRAM):   proc dmvq data=WORK.Clus6_DMDB dmdbcat=WORK.Clus6_DMDB std=STD nominal=GLM ordinal=RANK ;
NOTE: The training set WORK.CLUS6_DMDB.DATA has 21 variable(s).
NOTE: The DMVQ statement has finished with return code=0 and status=begin.
MPRINT(EM_DIAGRAM):   input
22424      input %DMVQINTERVAL / level=interval;
MPRINT(DMVQINTERVAL):   Age BMI
MPRINT(EM_DIAGRAM):   / level=interval;
NOTE: 2 input variable(s) defined for ID=I1.
NOTE: The INPUT statement has finished with return code=0 and status=variables.
MPRINT(EM_DIAGRAM):   input
22425      input %DMVQNOMINAL / level=nominal;
MPRINT(DMVQNOMINAL):   AnyHealthcare CholCheck DiffWalk Fruits HeartDiseaseorAttack HighBP HighChol HvyAlcoholConsump NoDocbcCost PhysActivity Sex Smoker Stroke Veggies
MPRINT(EM_DIAGRAM):   / level=nominal;
NOTE: 14 input variable(s) defined for ID=I2.
NOTE: The INPUT statement has finished with return code=0 and status=variables.
MPRINT(EM_DIAGRAM):   input
22426      input %DMVQORDINAL / level=ordinal;
MPRINT(DMVQORDINAL):   Education GenHlth Income MentHlth PhysHlth
MPRINT(EM_DIAGRAM):   / level=ordinal;
NOTE: 5 input variable(s) defined for ID=I3.
NOTE: The INPUT statement has finished with return code=0 and status=variables.
22427      VQ maxc = 5 clusname=_SEGMENT_ CLUSLABEL="Segment Id" DISTLABEL="Distance";
MPRINT(EM_DIAGRAM):   VQ maxc = 5 clusname=_SEGMENT_ CLUSLABEL="Segment Id" DISTLABEL="Distance";
NOTE: A maximum of 5 clusters have been requested.
NOTE: The VQ statement has finished with return code=0 and status=architecture.
22428      MAKE outvar=EMWS1.Clus6_OUTVAR;
MPRINT(EM_DIAGRAM):   MAKE outvar=EMWS1.Clus6_OUTVAR;

NOTE: 21 input variable(s).
NOTE: Number of cases=223088
NOTE: Sum of frequencies=223088
NOTE: Sum of weights=223088
NOTE: VARDEF=DF      
NOTE: Maximum number of categories=31
NOTE: The total number of variables is 21 with dimensionality 35.
NOTE: 21 variables will be used for clustering.
NOTE: Open output data set EMWS1.CLUS6_OUTVAR.DATA with 36 variables.
NOTE: The data set EMWS1.CLUS6_OUTVAR has 4 observations and 36 variables.
NOTE: The MAKE statement has finished with return code=0 and status=made.
22429      INITIAL radius=0
22430      ;
MPRINT(EM_DIAGRAM):   INITIAL radius=0 ;
NOTE: 5 seeds were selected from data set WORK.CLUS6_DMDB.DATA using the SEPARATE algorithm.
NOTE: The INITIAL statement has finished with return code=0 and status=initialized.
22431      TRAIN tech=FORGY
22432      ;
MPRINT(EM_DIAGRAM):   TRAIN tech=FORGY ;
NOTE: F-Convergence criterion is satisfied.
NOTE: The TRAIN statement has finished with return code=0 and status=trained.
22433      SAVE outstat=EMWS1.Clus6_OUTSTAT outmean=EMWS1.Clus6_OUTMEAN;
MPRINT(EM_DIAGRAM):   SAVE outstat=EMWS1.Clus6_OUTSTAT outmean=EMWS1.Clus6_OUTMEAN;
NOTE: The data set EMWS1.CLUS6_OUTSTAT has 46 observations and 38 variables.
NOTE: The data set EMWS1.CLUS6_OUTMEAN has 5 observations and 44 variables.
NOTE: The SAVE statement has finished with return code=0 and status=statistics.
22434      code file="\\uisnutvdiprof1a\redirected$\bkris2\Documents\ZetaProject\ZetaExploratoryAnalysis\Workspaces\EMWS1\Clus6\DMVQSCORECODE.sas"
22435      group=Clus6
22436      ;
MPRINT(EM_DIAGRAM):   code file="\\uisnutvdiprof1a\redirected$\bkris2\Documents\ZetaProject\ZetaExploratoryAnalysis\Workspaces\EMWS1\Clus6\DMVQSCORECODE.sas" group=Clus6 ;
NOTE: External file \\uisnutvdiprof1a\redirected$\bkris2\Documents\ZetaProject\ZetaExploratoryAnalysis\Workspaces\EMWS1\Clus6\DMVQSCORECODE.sas opened.
NOTE: The CODE statement has finished with return code=0 and status=statistics.
22437      run;
MPRINT(EM_DIAGRAM):   run;

22438      quit;
MPRINT(EM_DIAGRAM):   quit;

NOTE: There were 223088 observations read from the data set WORK.CLUS6_DMDB.
NOTE: PROCEDURE DMVQ used (Total process time):
      real time           3.15 seconds
      cpu time            2.93 seconds
      

22439      libname _spdslib;
MPRINT(EM_DIAGRAM):    libname _spdslib;
WARNING: Libref _SPDSLIB is not assigned.
22440      *------------------------------------------------------------*;
MPRINT(EM_DIAGRAM):    *------------------------------------------------------------*;
22441      * Clus6: Cluster Label;
MPRINT(EM_DIAGRAM):   * Clus6: Cluster Label;
22442      *------------------------------------------------------------*;
MPRINT(EM_DIAGRAM):   *------------------------------------------------------------*;
22443      data EMWS1.Clus6_LABEL;
MPRINT(EM_DIAGRAM):   data EMWS1.Clus6_LABEL;
22444      length _SEGMENT_ 8 Label $80;
MPRINT(EM_DIAGRAM):   length _SEGMENT_ 8 Label $80;
22445      format _SEGMENT_ 4.;
MPRINT(EM_DIAGRAM):   format _SEGMENT_ 4.;
22446      label _SEGMENT_ = "%sysfunc(sasmsg(sashelp.dmine, rpt_segmentName_vlabel,  NOQUOTE))";
MPRINT(EM_DIAGRAM):   label _SEGMENT_ = "Segment Name";
22447      label Label = "%sysfunc(sasmsg(sashelp.dmine, rpt_segmentLabel_vlabel,  NOQUOTE))";
MPRINT(EM_DIAGRAM):   label Label = "Segment Label";
22448      _SEGMENT_= 1;
MPRINT(EM_DIAGRAM):   _SEGMENT_= 1;
22449      Label='Cluster1';
MPRINT(EM_DIAGRAM):   Label='Cluster1';
22450      output;
MPRINT(EM_DIAGRAM):   output;
22451      _SEGMENT_= 2;
MPRINT(EM_DIAGRAM):   _SEGMENT_= 2;
22452      Label='Cluster2';
MPRINT(EM_DIAGRAM):   Label='Cluster2';
22453      output;
MPRINT(EM_DIAGRAM):   output;
22454      _SEGMENT_= 3;
MPRINT(EM_DIAGRAM):   _SEGMENT_= 3;
22455      Label='Cluster3';
MPRINT(EM_DIAGRAM):   Label='Cluster3';
22456      output;
MPRINT(EM_DIAGRAM):   output;
22457      _SEGMENT_= 4;
MPRINT(EM_DIAGRAM):   _SEGMENT_= 4;
22458      Label='Cluster4';
MPRINT(EM_DIAGRAM):   Label='Cluster4';
22459      output;
MPRINT(EM_DIAGRAM):   output;
22460      _SEGMENT_= 5;
MPRINT(EM_DIAGRAM):   _SEGMENT_= 5;
22461      Label='Cluster5';
MPRINT(EM_DIAGRAM):   Label='Cluster5';
22462      output;
MPRINT(EM_DIAGRAM):   output;
22463      run;
MPRINT(EM_DIAGRAM):   run;

NOTE: The data set EMWS1.CLUS6_LABEL has 5 observations and 2 variables.
NOTE: DATA statement used (Total process time):
      real time           0.10 seconds
      cpu time            0.04 seconds
      

MPRINT(EM_DIAGRAM):    proc printto;
MPRINT(EM_DIAGRAM):   run;
