 
                                                                                                                                                                                                                                                                
 
 
Variable Importance

                                 Number of    Number of
                                 Splitting    Surrogate
Variable Name           Label      Rules        Rules      Importance

GenHlth                              2             5         1.00000 
PhysHlth                             5             2         0.94166 
DiffWalk                             1             0         0.85800 
Stroke                               1             3         0.80808 
Income                               6             4         0.60275 
BMI                                  0            16         0.56356 
HeartDiseaseorAttack                 2             2         0.51029 
MentHlth                             0             6         0.47883 
Age                                  0            14         0.39901 
Education                            2             6         0.33089 
HighBP                               7             1         0.32942 
Sex                                  0             6         0.30518 
HvyAlcoholConsump                    0             1         0.26420 
PhysActivity                         6             2         0.24834 
HighChol                             0             5         0.24292 
AnyHealthcare                        0             4         0.20566 
CholCheck                            0             3         0.20312 
NoDocbcCost                          0             6         0.17339 
Veggies                              0             3         0.10696 
Smoker                               0             1         0.04181 
Fruits                               0             1         0.04058 
