MPRINT(EM_DIAGRAM):    data _null_;
MPRINT(EM_DIAGRAM):   call symput('NLDATE', strip(put(date(), NLDATE.)));
MPRINT(EM_DIAGRAM):   call symput('NLTIME', strip(put(datetime(), NLTIME.)));
MPRINT(EM_DIAGRAM):   run;
MPRINT(EM_DIAGRAM):   data _null_;
MPRINT(EM_DIAGRAM):   nldate= sasmsg("sashelp.dmine", "log_date_note", 'N', "March 04, 2024" );
MPRINT(EM_DIAGRAM):   nltime= sasmsg("sashelp.dmine", "log_time_note", 'N', "11:27:04" );
MPRINT(EM_DIAGRAM):   put "*------------------------------------------------------------*";
MPRINT(EM_DIAGRAM):   put "* Training Log";
MPRINT(EM_DIAGRAM):   put nldate;
MPRINT(EM_DIAGRAM):   put nltime;
MPRINT(EM_DIAGRAM):   put "*------------------------------------------------------------*";
MPRINT(EM_DIAGRAM):   run;
*------------------------------------------------------------*
* Training Log
Date:                March 04, 2024
Time:                11:27:04
*------------------------------------------------------------*
MPRINT(EM_DIAGRAM):    filename O35XE3Q1 "\\uisnutvdiprof1a\redirected$\shre2\Documents\SV.SAS EM Assignments\SV.PredictiveAnalysis\Workspaces\EMWS1\Smpl2\EMTRAIN.out" encoding="UTF-8" NOBOM;
MPRINT(EM_DIAGRAM):   proc printto print=O35XE3Q1 new;
MPRINT(EM_DIAGRAM):   run;
MPRINT(EM_DIAGRAM):    filename _LOG "\\uisnutvdiprof1a\redirected$\shre2\Documents\SV.SAS EM Assignments\SV.PredictiveAnalysis\Workspaces\EMWS1\Smpl2\EMLOG.log" encoding="UTF-8" NOBOM;
MPRINT(EM_DIAGRAM):    data _null_;
MPRINT(EM_DIAGRAM):   call symput('NLDATE', strip(put(date(), NLDATE.)));
MPRINT(EM_DIAGRAM):   call symput('NLTIME', strip(put(datetime(), NLTIME.)));
MPRINT(EM_DIAGRAM):   run;
MPRINT(EM_DIAGRAM):   data _null_;
MPRINT(EM_DIAGRAM):   nldate= sasmsg("sashelp.dmine", "log_date_note", 'N', "March 04, 2024" );
MPRINT(EM_DIAGRAM):   nltime= sasmsg("sashelp.dmine", "log_time_note", 'N', "11:27:04" );
MPRINT(EM_DIAGRAM):   file _LOG;
MPRINT(EM_DIAGRAM):   put "*------------------------------------------------------------*";
MPRINT(EM_DIAGRAM):   put "User:                shre2";
MPRINT(EM_DIAGRAM):   put nldate;
MPRINT(EM_DIAGRAM):   put nltime;
MPRINT(EM_DIAGRAM):   put "Site:                70080107";
MPRINT(EM_DIAGRAM):   put "Platform:            X64_10PRO";
MPRINT(EM_DIAGRAM):   put "Maintenance Release: 9.04.01M7P080520";
MPRINT(EM_DIAGRAM):   put "EM Version:          15.2";
MPRINT(EM_DIAGRAM):   put "* ";
MPRINT(EM_DIAGRAM):   run;
MPRINT(EM_DIAGRAM):    filename _LOGIN "\\uisnutvdiprof1a\redirected$\shre2\Documents\SV.SAS EM Assignments\SV.PredictiveAnalysis\Workspaces\EMWS1\Smpl2\EMTRAIN.log" encoding="UTF-8" NOBOM;
MPRINT(EM_COPYFILE):   data _null_;
MPRINT(EM_COPYFILE):   length line $20000;
MPRINT(EM_COPYFILE):   file _LOG MOD lrecl=20000;
MPRINT(EM_COPYFILE):   fid=fopen("_LOGIN",'i',20000,'v');
MPRINT(EM_COPYFILE):   if fid > 0 then do;
MPRINT(EM_COPYFILE):   do while(^fread(fid));
MPRINT(EM_COPYFILE):   rlen = frlen(fid);
MPRINT(EM_COPYFILE):   rc= fget(fid,line,20000);
MPRINT(EM_COPYFILE):   start = length(line)-length(left(line))+1;
MPRINT(EM_COPYFILE):   line=strip(line);
MPRINT(EM_COPYFILE):   put @start line;
MPRINT(EM_COPYFILE):   end;
MPRINT(EM_COPYFILE):   if fid > 0 then rc=fclose(fid);
MPRINT(EM_COPYFILE):   end;
MPRINT(EM_COPYFILE):   run;
MPRINT(EM_DIAGRAM):  ;
MPRINT(EM_DIAGRAM):   filename _LOGIN;
MPRINT(EM_DIAGRAM):    data _null_;
MPRINT(EM_DIAGRAM):   file _LOG mod;
MPRINT(EM_DIAGRAM):   put _page_;
MPRINT(EM_DIAGRAM):   run;
MPRINT(EM_DIAGRAM):   filename _LOGIN "\\uisnutvdiprof1a\redirected$\shre2\Documents\SV.SAS EM Assignments\SV.PredictiveAnalysis\Workspaces\EMWS1\Smpl2\EMSCORE.log" encoding="UTF-8" NOBOM;
MPRINT(EM_DIAGRAM):  ;
MPRINT(EM_DIAGRAM):   data _null_;
MPRINT(EM_DIAGRAM):   file _LOG mod;
MPRINT(EM_DIAGRAM):   put _page_;
MPRINT(EM_DIAGRAM):   run;
MPRINT(EM_DIAGRAM):    filename _LOGIN "\\uisnutvdiprof1a\redirected$\shre2\Documents\SV.SAS EM Assignments\SV.PredictiveAnalysis\Workspaces\EMWS1\Smpl2\EMREPORT.log" encoding="UTF-8" NOBOM;
MPRINT(EM_DIAGRAM):  ;
MPRINT(EM_DIAGRAM):   filename _LOGIN;
MPRINT(EM_DIAGRAM):    filename _LOG;
MPRINT(EM_DIAGRAM):    filename _OUT "\\uisnutvdiprof1a\redirected$\shre2\Documents\SV.SAS EM Assignments\SV.PredictiveAnalysis\Workspaces\EMWS1\Smpl2\EMOUTPUT.out" encoding="UTF-8" NOBOM;
MPRINT(EM_DIAGRAM):    data _null_;
MPRINT(EM_DIAGRAM):   call symput('NLDATE', strip(put(date(), NLDATE.)));
MPRINT(EM_DIAGRAM):   call symput('NLTIME', strip(put(datetime(), NLTIME.)));
MPRINT(EM_DIAGRAM):   run;
MPRINT(EM_DIAGRAM):   data _null_;
MPRINT(EM_DIAGRAM):   nldate= sasmsg("sashelp.dmine", "log_date_note", 'N', "March 04, 2024" );
MPRINT(EM_DIAGRAM):   nltime= sasmsg("sashelp.dmine", "log_time_note", 'N', "11:27:05" );
MPRINT(EM_DIAGRAM):   file _OUT;
MPRINT(EM_DIAGRAM):   put "*------------------------------------------------------------*";
MPRINT(EM_DIAGRAM):   put "User:                shre2";
MPRINT(EM_DIAGRAM):   put nldate;
MPRINT(EM_DIAGRAM):   put nltime;
MPRINT(EM_DIAGRAM):   put "*------------------------------------------------------------*";
MPRINT(EM_DIAGRAM):   put "* Training Output";
MPRINT(EM_DIAGRAM):   put "*------------------------------------------------------------*";
MPRINT(EM_DIAGRAM):   run;
MPRINT(EM_DIAGRAM):    filename _OUTIN "\\uisnutvdiprof1a\redirected$\shre2\Documents\SV.SAS EM Assignments\SV.PredictiveAnalysis\Workspaces\EMWS1\Smpl2\EMTRAIN.out" encoding="UTF-8" NOBOM;
MPRINT(EM_DIAGRAM):   ;
MPRINT(EM_COPYFILE):   data _null_;
MPRINT(EM_COPYFILE):   length line $20000;
MPRINT(EM_COPYFILE):   file _OUT MOD lrecl=20000;
MPRINT(EM_COPYFILE):   fid=fopen("_OUTIN",'i',20000,'v');
MPRINT(EM_COPYFILE):   if fid > 0 then do;
MPRINT(EM_COPYFILE):   do while(^fread(fid));
MPRINT(EM_COPYFILE):   rlen = frlen(fid);
MPRINT(EM_COPYFILE):   rc= fget(fid,line,20000);
MPRINT(EM_COPYFILE):   start = length(line)-length(left(line))+1;
MPRINT(EM_COPYFILE):   line=strip(line);
MPRINT(EM_COPYFILE):   put @start line;
MPRINT(EM_COPYFILE):   end;
MPRINT(EM_COPYFILE):   if fid > 0 then rc=fclose(fid);
MPRINT(EM_COPYFILE):   end;
MPRINT(EM_COPYFILE):   run;
MPRINT(EM_DIAGRAM):  ;
MPRINT(EM_DIAGRAM):   filename _OUTIN;
MPRINT(EM_DIAGRAM):    data _null_;
MPRINT(EM_DIAGRAM):   file _OUT mod;
MPRINT(EM_DIAGRAM):   put _page_;
MPRINT(EM_DIAGRAM):   put // "*------------------------------------------------------------*";
MPRINT(EM_DIAGRAM):   put "* Score Output";
MPRINT(EM_DIAGRAM):   put "*------------------------------------------------------------*";
MPRINT(EM_DIAGRAM):   run;
MPRINT(EM_DIAGRAM):    filename _OUTIN "\\uisnutvdiprof1a\redirected$\shre2\Documents\SV.SAS EM Assignments\SV.PredictiveAnalysis\Workspaces\EMWS1\Smpl2\EMSCORE.out" encoding="UTF-8" NOBOM;
MPRINT(EM_DIAGRAM):  ;
MPRINT(EM_DIAGRAM):   filename _OUTIN;
MPRINT(EM_DIAGRAM):    data _null_;
MPRINT(EM_DIAGRAM):   file _OUT mod;
MPRINT(EM_DIAGRAM):   put _page_;
MPRINT(EM_DIAGRAM):   put // "*------------------------------------------------------------*";
MPRINT(EM_DIAGRAM):   put "* Report Output";
MPRINT(EM_DIAGRAM):   put "*------------------------------------------------------------*";
MPRINT(EM_DIAGRAM):   run;
MPRINT(EM_DIAGRAM):    filename _OUTIN "\\uisnutvdiprof1a\redirected$\shre2\Documents\SV.SAS EM Assignments\SV.PredictiveAnalysis\Workspaces\EMWS1\Smpl2\EMREPORT.out" encoding="UTF-8" NOBOM;
MPRINT(EM_DIAGRAM):  ;
MPRINT(EM_DIAGRAM):   filename _OUTIN;
MPRINT(EM_DIAGRAM):    filename _OUT;
MPRINT(EM_DIAGRAM):    filename _emtool_ '\\uisnutvdiprof1a\redirected$\shre2\Documents\SV.SAS EM Assignments\SV.PredictiveAnalysis\Workspaces\EMWS1\Smpl2\EMRUNSTATUS.xml' encoding="UTF-8" NOBOM;
MPRINT(EM_DIAGRAM):    filename _emtool_ '\\uisnutvdiprof1a\redirected$\shre2\Documents\SV.SAS EM Assignments\SV.PredictiveAnalysis\Workspaces\EMWS1\Smpl2\EMRUNSTATUS.xml' encoding="UTF-8" NOBOM;
22118      proc freq data=EMWS1.Smpl2_VariableSet noprint;
MPRINT(EM_DIAGRAM):    proc freq data=EMWS1.Smpl2_VariableSet noprint;
22119      table ROLE*LEVEL/out=WORK.Smpl2META;
MPRINT(EM_DIAGRAM):   table ROLE*LEVEL/out=WORK.Smpl2META;
22120      run;
MPRINT(EM_DIAGRAM):   run;

NOTE: There were 22 observations read from the data set EMWS1.SMPL2_VARIABLESET.
NOTE: The data set WORK.SMPL2META has 2 observations and 4 variables.
NOTE: PROCEDURE FREQ used (Total process time):
      real time           0.11 seconds
      cpu time            0.12 seconds
      

22121      proc print data=WORK.Smpl2META label noobs;
MPRINT(EM_DIAGRAM):   proc print data=WORK.Smpl2META label noobs;
22122      var ROLE LEVEL COUNT;
MPRINT(EM_DIAGRAM):   var ROLE LEVEL COUNT;
22123      label ROLE = "%sysfunc(sasmsg(sashelp.dmine, meta_role_vlabel, NOQUOTE))" LEVEL = "%sysfunc(sasmsg(sashelp.dmine, meta_level_vlabel, NOQUOTE))" COUNT = "%sysfunc(sasmsg(sashelp.dmine, rpt_count_vlabel, NOQUOTE))";
MPRINT(EM_DIAGRAM):   label ROLE = "Role" LEVEL = "Measurement Level" COUNT = "Frequency Count";
22124      title9 ' ';
MPRINT(EM_DIAGRAM):   title9 ' ';
22125      title10 "%sysfunc(sasmsg(sashelp.dmine, rpt_varSummary_title  , NOQUOTE))";
MPRINT(EM_DIAGRAM):   title10 "Variable Summary";
MPRINT(EM_DIAGRAM):   run;
22126      run;

NOTE: There were 2 observations read from the data set WORK.SMPL2META.
NOTE: The PROCEDURE PRINT printed page 1.
NOTE: PROCEDURE PRINT used (Total process time):
      real time           0.04 seconds
      cpu time            0.03 seconds
      

22127      title10;
MPRINT(EM_DIAGRAM):   title10;
MPRINT(EM_DIAGRAM):    *------------------------------------------------------------*;
MPRINT(EM_DIAGRAM):   * Smpl2: Preparing metadata for Training *------------------------------------------------------------*;
MPRINT(EM_DIAGRAM):   data WORK.M32CV31T;
MPRINT(EM_DIAGRAM):   set WORK.M32CV31T;
MPRINT(EM_DIAGRAM):   where(SAMPLEROLE ne '' or ROLE = "FREQ" or (ROLE = 'TARGET' and SAMPLEROLE=""));
MPRINT(EM_DIAGRAM):   run;
NOTE: View EMWS1.IDS3_DATA.VIEW used (Total process time):
      real time           0.07 seconds
      cpu time            0.07 seconds
      
22134      *------------------------------------------------------------*;
MPRINT(EM_DIAGRAM):    *------------------------------------------------------------*;
22135      * Smpl2: Create random sample;
MPRINT(EM_DIAGRAM):   * Smpl2: Create random sample;
22136      *------------------------------------------------------------*;
MPRINT(EM_DIAGRAM):   *------------------------------------------------------------*;
22137      data EMWS1.Smpl2_DATA(label="Sample of EMWS1.Ids3_DATA.");
MPRINT(EM_DIAGRAM):   data EMWS1.Smpl2_DATA(label="Sample of EMWS1.Ids3_DATA.");
22138      set EMWS1.Ids3_DATA;
MPRINT(EM_DIAGRAM):   set EMWS1.Ids3_DATA;
22139      retain _seed_ 12345;
MPRINT(EM_DIAGRAM):   retain _seed_ 12345;
22140      label _dataobs_ = "%sysfunc(sasmsg(sashelp.dmine, sample_dataobs_vlabel, NOQUOTE))";
MPRINT(EM_DIAGRAM):   label _dataobs_ = "Observation Number";
22141      drop _sample_count_ _seed_ _genvalue_;
MPRINT(EM_DIAGRAM):   drop _sample_count_ _seed_ _genvalue_;
22142      call ranuni(_seed_, _genvalue_);
MPRINT(EM_DIAGRAM):   call ranuni(_seed_, _genvalue_);
22143      if _sample_count_ < 50143 then do;
MPRINT(EM_DIAGRAM):   if _sample_count_ < 50143 then do;
22144      if _genvalue_*(250716+1 - _N_) <= (50143 - _sample_count_) then do;
MPRINT(EM_DIAGRAM):   if _genvalue_*(250716+1 - _N_) <= (50143 - _sample_count_) then do;
22145      _dataobs_ = _N_;
MPRINT(EM_DIAGRAM):   _dataobs_ = _N_;
22146      _sample_count_ + 1;
MPRINT(EM_DIAGRAM):   _sample_count_ + 1;
22147      output;
MPRINT(EM_DIAGRAM):   output;
22148      end;
MPRINT(EM_DIAGRAM):   end;
22149      end;
MPRINT(EM_DIAGRAM):   end;
22150      run;
MPRINT(EM_DIAGRAM):   run;

NOTE: View EMWS1.IDS3_DATA.VIEW used (Total process time):
      real time           0.99 seconds
      cpu time            0.25 seconds
      
NOTE: There were 250716 observations read from the data set ZETADATA.ZDIABESTES_TRAIN.
NOTE: There were 250716 observations read from the data set EMWS1.IDS3_DATA.
NOTE: The data set EMWS1.SMPL2_DATA has 50143 observations and 23 variables.
NOTE: DATA statement used (Total process time):
      real time           1.23 seconds
      cpu time            0.28 seconds
      

MPRINT(EM_DIAGRAM):   quit;
22151      quit;

22152      data _tempNobs;
MPRINT(EM_DIAGRAM):    data _tempNobs;
22153      length Type $8 Table $32 Nobs 8;
MPRINT(EM_DIAGRAM):   length Type $8 Table $32 Nobs 8;
22154      label type= "%sysfunc(sasmsg(sashelp.dmine, meta_type_vlabel,    NOQUOTE))" table = "%sysfunc(sasmsg(sashelp.dmine, meta_dataset_vlabel, NOQUOTE))" nobs = "%sysfunc(sasmsg(sashelp.dmine,  rpt_numObs_vlabel,   NOQUOTE))";
MPRINT(EM_DIAGRAM):   label type= "Type" table = "Data Set" nobs = "Number of Observations";
22155      type='DATA';
MPRINT(EM_DIAGRAM):   type='DATA';
22156      table="EMWS1.Ids3_DATA";
MPRINT(EM_DIAGRAM):   table="EMWS1.Ids3_DATA";
22157      Nobs=250716;
MPRINT(EM_DIAGRAM):   Nobs=250716;
22158      output;
MPRINT(EM_DIAGRAM):   output;
22159      type='SAMPLE';
MPRINT(EM_DIAGRAM):   type='SAMPLE';
22160      table="EMWS1.Smpl2_DATA";
MPRINT(EM_DIAGRAM):   table="EMWS1.Smpl2_DATA";
22161      Nobs=50143;
MPRINT(EM_DIAGRAM):   Nobs=50143;
22162      output;
MPRINT(EM_DIAGRAM):   output;
22163      run;
MPRINT(EM_DIAGRAM):   run;

NOTE: The data set WORK._TEMPNOBS has 2 observations and 3 variables.
NOTE: DATA statement used (Total process time):
      real time           0.04 seconds
      cpu time            0.04 seconds
      

22164      %let _cn = %sysfunc(getoption(CENTER));
22165      %let _nb = %sysfunc(getoption(NUMBER));
22166      options nonumber nocenter;
MPRINT(EM_DIAGRAM):   options nonumber nocenter;
22167      proc print data=_tempNobs noobs label;
MPRINT(EM_DIAGRAM):   proc print data=_tempNobs noobs label;
22168      title9 ' ';
MPRINT(EM_DIAGRAM):   title9 ' ';
22169      title10 "%sysfunc(sasmsg(sashelp.dmine, rpt_samplingSummary_title, NOQUOTE))";
MPRINT(EM_DIAGRAM):   title10 "Sampling Summary";
MPRINT(EM_DIAGRAM):   run;
22170      run;

NOTE: There were 2 observations read from the data set WORK._TEMPNOBS.
NOTE: The PROCEDURE PRINT printed page 2.
NOTE: PROCEDURE PRINT used (Total process time):
      real time           0.01 seconds
      cpu time            0.01 seconds
      

22171      title10;
MPRINT(EM_DIAGRAM):   title10;
22172      options &_cn &_nb;
MPRINT(EM_DIAGRAM):   options NOCENTER NONUMBER;
MPRINT(EM_DIAGRAM):   run;
22173      run;

22174      quit;
MPRINT(EM_DIAGRAM):    quit;

MPRINT(EM_DIAGRAM):    proc printto;
MPRINT(EM_DIAGRAM):   run;
