 
                                                                                                                                                                                                                                                                
 
Tree Leaf Report

                                   Training                      Validation
Node               Training        Percent       Validation       Percent
 Id     Depth    Observations    PREDIABETES    Observations    PREDIABETES

  1       0          80228           0.02           60169           0.02   
 
                                                                                                                                                                                                                                                                
 
 
Fit Statistics

Target=Diabetes_Prediction Target Label=Diabetes Prediction

   Fit
Statistics    Statistics Label                  Train    Validation         Test

  _NOBS_      Sum of Frequencies             80228.00      60169.00     60176.00
  _MISC_      Misclassification Rate             0.15          0.15         0.15
  _MAX_       Maximum Absolute Error             0.98          0.98         0.98
  _SSE_       Sum of Squared Errors          21382.58      16035.55     16042.23
  _ASE_       Average Squared Error              0.09          0.09         0.09
  _RASE_      Root Average Squared Error         0.30          0.30         0.30
  _DIV_       Divisor for ASE               240684.00     180507.00    180528.00
  _DFT_       Total Degrees of Freedom      160456.00           .            .  
 
                                                                                                                                                                                                                                                                
 
 
Classification Table

Data Role=TRAIN Target Variable=Diabetes_Prediction Target Label=Diabetes Prediction

                                Target        Outcome     Frequency       Total
  Target         Outcome      Percentage    Percentage      Count      Percentage

DIABETES       NO DIABETES      13.6573         100         10957        13.6573 
NO DIABETES    NO DIABETES      84.5278         100         67815        84.5278 
PREDIABETES    NO DIABETES       1.8148         100          1456         1.8148 


Data Role=VALIDATE Target Variable=Diabetes_Prediction Target Label=Diabetes Prediction

                                Target        Outcome     Frequency       Total
  Target         Outcome      Percentage    Percentage      Count      Percentage

DIABETES       NO DIABETES      13.6582         100          8218        13.6582 
NO DIABETES    NO DIABETES      84.5286         100         50860        84.5286 
PREDIABETES    NO DIABETES       1.8132         100          1091         1.8132 
 
                                                                                                                                                                                                                                                                
 
 
Event Classification Table

Data Role=TRAIN Target=Diabetes_Prediction Target Label=Diabetes Prediction

  False       True        False       True
Negative    Negative    Positive    Positive

  1456        78772         0           0   


Data Role=VALIDATE Target=Diabetes_Prediction Target Label=Diabetes Prediction

  False       True        False       True
Negative    Negative    Positive    Positive

  1091        59078         0           0   
 
                                                                                                                                                                                                                                                                
 
 
Assessment Score Rankings

Data Role=TRAIN Target Variable=Diabetes_Prediction Target Label=Diabetes Prediction

                                                                                              Mean
                                  Cumulative        %       Cumulative      Number of      Posterior
Depth       Gain         Lift        Lift       Response    % Response    Observations    Probability

   5     6.3616E-12    1.00000      1.00000      1.81483      1.81483         4012          0.018148 
  10     6.3616E-12    1.00000      1.00000      1.81483      1.81483         4011          0.018148 
  15     6.3616E-12    1.00000      1.00000      1.81483      1.81483         4012          0.018148 
  20     6.3616E-12    1.00000      1.00000      1.81483      1.81483         4011          0.018148 
  25     6.3505E-12    1.00000      1.00000      1.81483      1.81483         4011          0.018148 
  30     6.3616E-12    1.00000      1.00000      1.81483      1.81483         4012          0.018148 
  35     6.3505E-12    1.00000      1.00000      1.81483      1.81483         4011          0.018148 
  40     6.3616E-12    1.00000      1.00000      1.81483      1.81483         4012          0.018148 
  45     6.3616E-12    1.00000      1.00000      1.81483      1.81483         4011          0.018148 
  50     6.3616E-12    1.00000      1.00000      1.81483      1.81483         4011          0.018148 
  55     6.3616E-12    1.00000      1.00000      1.81483      1.81483         4012          0.018148 
  60     6.3616E-12    1.00000      1.00000      1.81483      1.81483         4011          0.018148 
  65     6.3616E-12    1.00000      1.00000      1.81483      1.81483         4012          0.018148 
  70     6.3838E-12    1.00000      1.00000      1.81483      1.81483         4011          0.018148 
  75     6.3616E-12    1.00000      1.00000      1.81483      1.81483         4011          0.018148 
  80     6.3616E-12    1.00000      1.00000      1.81483      1.81483         4012          0.018148 
  85     6.3505E-12    1.00000      1.00000      1.81483      1.81483         4011          0.018148 
  90     6.3505E-12    1.00000      1.00000      1.81483      1.81483         4012          0.018148 
  95     6.3505E-12    1.00000      1.00000      1.81483      1.81483         4011          0.018148 
 100     6.3505E-12    1.00000      1.00000      1.81483      1.81483         4011          0.018148 


Data Role=VALIDATE Target Variable=Diabetes_Prediction Target Label=Diabetes Prediction

                                                                                              Mean
                                  Cumulative        %       Cumulative      Number of      Posterior
Depth       Gain         Lift        Lift       Response    % Response    Observations    Probability

   5     4.1744E-12    1.00000      1.00000      1.81323      1.81323         3009          0.018148 
  10     4.1744E-12    1.00000      1.00000      1.81323      1.81323         3008          0.018148 
  15     4.1744E-12    1.00000      1.00000      1.81323      1.81323         3009          0.018148 
  20     4.1744E-12    1.00000      1.00000      1.81323      1.81323         3008          0.018148 
  25     4.1744E-12    1.00000      1.00000      1.81323      1.81323         3009          0.018148 
  30     4.1744E-12    1.00000      1.00000      1.81323      1.81323         3008          0.018148 
  35     4.1966E-12    1.00000      1.00000      1.81323      1.81323         3009          0.018148 
  40     4.1966E-12    1.00000      1.00000      1.81323      1.81323         3008          0.018148 
  45     4.1966E-12    1.00000      1.00000      1.81323      1.81323         3009          0.018148 
  50     4.1966E-12    1.00000      1.00000      1.81323      1.81323         3008          0.018148 
  55     4.1966E-12    1.00000      1.00000      1.81323      1.81323         3008          0.018148 
  60     4.1744E-12    1.00000      1.00000      1.81323      1.81323         3009          0.018148 
  65     4.1966E-12    1.00000      1.00000      1.81323      1.81323         3008          0.018148 
  70     4.1744E-12    1.00000      1.00000      1.81323      1.81323         3009          0.018148 
  75     4.1966E-12    1.00000      1.00000      1.81323      1.81323         3008          0.018148 
  80     4.1966E-12    1.00000      1.00000      1.81323      1.81323         3009          0.018148 
  85     4.1966E-12    1.00000      1.00000      1.81323      1.81323         3008          0.018148 
  90     4.1966E-12    1.00000      1.00000      1.81323      1.81323         3009          0.018148 
  95     4.1966E-12    1.00000      1.00000      1.81323      1.81323         3008          0.018148 
 100     4.1966E-12    1.00000      1.00000      1.81323      1.81323         3008          0.018148 
 
                                                                                                                                                                                                                                                                
 
 
Assessment Score Distribution

Data Role=TRAIN Target Variable=Diabetes_Prediction Target Label=Diabetes Prediction

 Posterior     Number                     Mean
Probability      of      Number of     Posterior
   Range       Events    Nonevents    Probability    Percentage

 0.00-0.05      1456       78772        0.018148         100   


Data Role=VALIDATE Target Variable=Diabetes_Prediction Target Label=Diabetes Prediction

 Posterior     Number                     Mean
Probability      of      Number of     Posterior
   Range       Events    Nonevents    Probability    Percentage

 0.00-0.05      1091       59078        0.018148         100   
