MPRINT(EM_DIAGRAM):    data _null_;
MPRINT(EM_DIAGRAM):   call symput('NLDATE', strip(put(date(), NLDATE.)));
MPRINT(EM_DIAGRAM):   call symput('NLTIME', strip(put(datetime(), NLTIME.)));
MPRINT(EM_DIAGRAM):   run;
MPRINT(EM_DIAGRAM):   data _null_;
MPRINT(EM_DIAGRAM):   nldate= sasmsg("sashelp.dmine", "log_date_note", 'N', "March 02, 2024" );
MPRINT(EM_DIAGRAM):   nltime= sasmsg("sashelp.dmine", "log_time_note", 'N', "22:24:55" );
MPRINT(EM_DIAGRAM):   put "*------------------------------------------------------------*";
MPRINT(EM_DIAGRAM):   put "* Report Log";
MPRINT(EM_DIAGRAM):   put nldate;
MPRINT(EM_DIAGRAM):   put nltime;
MPRINT(EM_DIAGRAM):   put "*------------------------------------------------------------*";
MPRINT(EM_DIAGRAM):   run;
*------------------------------------------------------------*
* Report Log
Date:                March 02, 2024
Time:                22:24:55
*------------------------------------------------------------*
MPRINT(EM_DIAGRAM):    filename O2VCAMX_ "\\uisnutvdiprof1a\redirected$\bkris2\Documents\ZetaProject\ZetaExploratoryAnalysis\Workspaces\EMWS1\EMSave\EMREPORT.out" encoding="UTF-8" NOBOM;
MPRINT(EM_DIAGRAM):   proc printto print=O2VCAMX_ new;
MPRINT(EM_DIAGRAM):   run;
31667      %let EMEXCEPTIONSTRING=;
31668      *------------------------------------------------------------*;
MPRINT(EM_DIAGRAM):    *------------------------------------------------------------*;
31669      * REPORT: EMSave;
MPRINT(EM_DIAGRAM):   * REPORT: EMSave;
31670      *------------------------------------------------------------*;
MPRINT(EM_DIAGRAM):   *------------------------------------------------------------*;
31671      %let EM_ACTION = REPORT;
31672      %let syscc = 0;
31673      *** MAIN MACRO FOR EMSAVE EXTENSION NODE;
MPRINT(EM_DIAGRAM):     *** MAIN MACRO FOR EMSAVE EXTENSION NODE;
31674      
31675      %macro EM_SAVEXT_MAIN;
31676      
31677         %if %upcase("&EM_ACTION") = "CREATE" %then %do;
31678             filename _create catalog 'sashelp.emutil.savext_create.source';
31679             %include _create;
31680             filename _create;
31681             %EM_SAVEXT_CREATE;
31682         %end;
31683         %else
31684         %if %upcase("&EM_ACTION") = "TRAIN" %then %do;
31685             filename _train catalog 'sashelp.emutil.savext_train.source';
31686             %include _train;
31687             filename _train;
31688             %EM_SAVEXT_TRAIN;
31689         %end;
31690      
31691      %mend EM_SAVEXT_MAIN;
31692      
31693      %EM_SAVEXT_MAIN;
MPRINT(EM_DIAGRAM):  ;
31694      
31695      *------------------------------------------------------------*;
MPRINT(EM_DIAGRAM):   *------------------------------------------------------------*;
31696      * End REPORT: EMSave;
MPRINT(EM_DIAGRAM):   * End REPORT: EMSave;
31697      *------------------------------------------------------------*;
MPRINT(EM_DIAGRAM):   *------------------------------------------------------------*;

31698      /* Reset EM Options */
31699      options formchar="|----|+|---+=|-/\<>*";
MPRINT(EM_DIAGRAM):    options formchar="|----|+|---+=|-/\<>*";
31700      options nocenter ls=256 ps=10000;
MPRINT(EM_DIAGRAM):   options nocenter ls=256 ps=10000;
31701      goptions reset=all device=GIF NODISPLAY;
MPRINT(EM_DIAGRAM):   goptions reset=all device=GIF NODISPLAY;
MPRINT(EM_DIAGRAM):    proc printto;
MPRINT(EM_DIAGRAM):   run;
