 
                                                                                                                                                                                                                                                                
 
 
Variable Summary

            Measurement    Frequency
Role           Level         Count

INPUT        BINARY            8    
INPUT        INTERVAL          2    
INPUT        ORDINAL           5    
REJECTED     BINARY            6    
REJECTED     NOMINAL           1    
 
                                                                                                                                                                                                                                                                
 
The CLUSTER Procedure
Ward's Minimum Variance Cluster Analysis

            Eigenvalues of the Covariance Matrix
 
        Eigenvalue    Difference    Proportion    Cumulative

   1    5.07221248    3.14204769        0.6502        0.6502
   2    1.93016479    1.73277333        0.2474        0.8977
   3    0.19739146    0.05783553        0.0253        0.9230
   4    0.13955593    0.02218841        0.0179        0.9409
   5    0.11736752    0.00968512        0.0150        0.9559
   6    0.10768240    0.02205681        0.0138        0.9697
   7    0.08562559    0.01799626        0.0110        0.9807
   8    0.06762933    0.01579721        0.0087        0.9894
   9    0.05183212    0.02682472        0.0066        0.9960
  10    0.02500740    0.02154992        0.0032        0.9992
  11    0.00345748    0.00184449        0.0004        0.9997
  12    0.00161299    0.00093191        0.0002        0.9999
  13    0.00068108    0.00051161        0.0001        1.0000
  14    0.00016946    0.00009879        0.0000        1.0000
  15    0.00007068    0.00007068        0.0000        1.0000
  16    0.00000000    0.00000000        0.0000        1.0000
  17    0.00000000    0.00000000        0.0000        1.0000
  18    0.00000000    0.00000000        0.0000        1.0000
  19    0.00000000    0.00000000        0.0000        1.0000
  20    -.00000000    0.00000000       -0.0000        1.0000
  21    -.00000000    0.00000000       -0.0000        1.0000
  22    -.00000000    0.00000000       -0.0000        1.0000
  23    -.00000000                     -0.0000        1.0000

Root-Mean-Square Total-Sample Standard Deviation    0.782879

Root-Mean-Square Distance Between Observations    5.309743


                                                 Cluster History
  Number
      of                                                 Semipartial                 Pseudo F       Pseudo
Clusters    ------Clusters Joined-------         Freq       R-Square    R-Square    Statistic    t-Squared    Tie

      49    OB3             OB12                  115         0.0000        .553         6396          7.7       
      48    OB8             OB25                  238         0.0000        .553         6532         10.4       
      47    OB6             OB16                  192         0.0000        .553         6673         13.3       
      46    OB19            OB37                  493         0.0000        .553         6820         18.1       
      45    OB15            OB23                  244         0.0000        .553         6974         19.2       
      44    CL46            OB38                  569         0.0000        .553         7135         22.6       
      43    OB7             OB27                  337         0.0001        .553         7303         27.4       
      42    OB10            OB20                  248         0.0001        .553         7480         24.4       
      41    CL49            CL43                  452         0.0001        .553         7665         28.5       
      40    OB22            OB48                 3062         0.0001        .553         7858         54.5       
      39    OB4             OB39                 1390         0.0001        .553         8062         40.9       
      38    CL48            OB45                 2138         0.0001        .553         8275         62.8       
      37    CL47            CL42                  440         0.0001        .553         8500         56.4       
      36    OB14            OB43                 2401         0.0001        .552         8738         83.5       
      35    OB9             OB35                 1115         0.0002        .552         8990         48.9       
      34    CL45            OB32                  629         0.0002        .552         9255         78.9       
      33    CL41            OB47                  929         0.0002        .552         9535          139       
      32    CL44            OB41                  954         0.0003        .552         9832          129       
      31    OB11            OB26                 1792         0.0003        .551          1E4          104       
      30    CL33            OB13                 4051         0.0003        .551          1E4          199       
      29    OB1             OB17                 1695         0.0003        .551         11E3          173       
      28    CL39            CL37                 1830         0.0004        .550         11E3          156       
      27    OB29            OB49                12210         0.0004        .550         12E3          234       
      26    OB21            OB31                 7476         0.0005        .549         12E3          192       
      25    CL30            CL32                 5005         0.0006        .549         13E3          313       
      24    OB5             OB28                 3856         0.0006        .548         13E3          246       
      23    CL35            CL34                 1744         0.0007        .547         14E3          213       
      22    OB2             CL28                 6802         0.0009        .547         14E3          329       
      21    CL24            OB30                 5967         0.0010        .546         15E3          422       
      20    CL23            CL31                 3536         0.0011        .545         16E3          335       
      19    CL25            CL36                 7406         0.0016        .543         16E3          862       
      18    CL38            CL26                 9614         0.0018        .541         17E3          714       
      17    OB18            OB42                30722         0.0022        .539         18E3         1105       
      16    OB33            OB34                 9941         0.0022        .537         19E3          927       
      15    CL40            OB44                53300         0.0030        .534          2E4         2409       
      14    CL20            OB40                43063         0.0032        .531         22E3         1879       
      13    CL15            OB36                56793         0.0033        .527         23E3         2526       
      12    CL21            CL14                49030         0.0039        .523         25E3         2067       
      11    CL19            CL13                64199         0.0043        .519         27E3         2974       
      10    CL18            CL17                40336         0.0049        .514         29E3         2218       
       9    CL29            OB24                13197         0.0052        .509         32E3         2306       
       8    CL12            OB50                87148         0.0059        .503         36E3         3134       
       7    CL27            OB46                26252         0.0087        .494          4E4         4148       
       6    CL8             CL7                113400         0.0133        .481         46E3         6456       
       5    CL22            CL10                47138         0.0140        .467         54E3         5851       
       4    CL6             CL16               123341         0.0196        .447         67E3         8854       
       3    CL5             CL11               111337         0.0387        .409         86E3         19E3       
       2    CL9             CL4                136538         0.1263        .282         98E3         53E3       
       1    CL2             CL3                247875         0.2823        .000           .          98E3       
 
                                                                                                                                                                                                                                                                
 
Candidates for Optimum Number of Clusters

        Number     Clustering
          of          Cubic
Obs    Clusters     Criterion

 1         3          94.017 
 2        11         105.469 
 3        13         111.353 
 4        16         115.751 
 5        19         113.201 
