 
                                                                                                                                                                                                                                                                
 
 
Variable Summary

          Measurement    Frequency
 Role        Level         Count

TARGET      NOMINAL          1    
 
                                                                                                                                                                                                                                                                
 
 

                                                                                                  BINNED_KS_
                                                                         _KS_PROB_                   PROB_
Obs          TARGET           TARGETLABEL    _AUR_    _GINI_      KS       CUTOFF     _KS_BIN_      CUTOFF

 1     Diabetes_Prediction                   0.716     0.432    0.324      0.015        0.32         0.016  
 
                                                                                                                                                                                                                                                                
 
 

                                                                            _VKS_              _VBINNED_
                                                                            PROB_     _VKS_     KS_PROB_
Obs          TARGET           TARGETLABEL    _VAUR_    _VGINI_     VKS     CUTOFF_     BIN_     CUTOFF_

 1     Diabetes_Prediction                    0.696     0.393     0.307     0.017      0.31      0.018  
 
                                                                                                                                                                                                                                                                
 
 

                                                                            _TKS_              _TBINNED_
                                                                            PROB_     _TKS_     KS_PROB_
Obs          TARGET           TARGETLABEL    _TAUR_    _TGINI_     TKS     CUTOFF_     BIN_     CUTOFF_

 1     Diabetes_Prediction                    0.711     0.422     0.313     0.015     0.311      0.018  
 
                                                                                                                                                                                                                                                                
 
 

                                                                                                  BINNED_KS_
                                                                         _KS_PROB_                   PROB_
Obs          TARGET           TARGETLABEL    _AUR_    _GINI_      KS       CUTOFF     _KS_BIN_      CUTOFF

 1     Diabetes_Prediction                   0.716     0.432    0.324      0.015        0.32         0.016  
 
                                                                                                                                                                                                                                                                
 
 

                                                                            _VKS_              _VBINNED_
                                                                            PROB_     _VKS_     KS_PROB_
Obs          TARGET           TARGETLABEL    _VAUR_    _VGINI_     VKS     CUTOFF_     BIN_     CUTOFF_

 1     Diabetes_Prediction                    0.696     0.393     0.307     0.017      0.31      0.018  
 
                                                                                                                                                                                                                                                                
 
 

                                                                            _TKS_              _TBINNED_
                                                                            PROB_     _TKS_     KS_PROB_
Obs          TARGET           TARGETLABEL    _TAUR_    _TGINI_     TKS     CUTOFF_     BIN_     CUTOFF_

 1     Diabetes_Prediction                    0.711     0.422     0.313     0.015     0.311      0.018  
 
                                                                                                                                                                                                                                                                
 
 

                                                                                                  BINNED_KS_
                                                                         _KS_PROB_                   PROB_
Obs          TARGET           TARGETLABEL    _AUR_    _GINI_      KS       CUTOFF     _KS_BIN_      CUTOFF

 1     Diabetes_Prediction                   0.716     0.432    0.324      0.015        0.32         0.016  
 
                                                                                                                                                                                                                                                                
 
 

                                                                            _VKS_              _VBINNED_
                                                                            PROB_     _VKS_     KS_PROB_
Obs          TARGET           TARGETLABEL    _VAUR_    _VGINI_     VKS     CUTOFF_     BIN_     CUTOFF_

 1     Diabetes_Prediction                    0.696     0.393     0.307     0.017      0.31      0.018  
 
                                                                                                                                                                                                                                                                
 
 

                                                                            _TKS_              _TBINNED_
                                                                            PROB_     _TKS_     KS_PROB_
Obs          TARGET           TARGETLABEL    _TAUR_    _TGINI_     TKS     CUTOFF_     BIN_     CUTOFF_

 1     Diabetes_Prediction                    0.711     0.422     0.313     0.015     0.311      0.018  
 
                                                                                                                                                                                                                                                                
 
 

                                                                                                 BINNED_KS_
                                                                        _KS_PROB_                   PROB_
Obs          TARGET           TARGETLABEL    _AUR_    _GINI_     KS       CUTOFF     _KS_BIN_      CUTOFF

 1     Diabetes_Prediction                   0.722     0.444    0.33      0.017        0.329        0.017  
 
                                                                                                                                                                                                                                                                
 
 

                                                                            _VKS_              _VBINNED_
                                                                            PROB_     _VKS_     KS_PROB_
Obs          TARGET           TARGETLABEL    _VAUR_    _VGINI_     VKS     CUTOFF_     BIN_     CUTOFF_

 1     Diabetes_Prediction                    0.688     0.376     0.304     0.017     0.302      0.017  
 
                                                                                                                                                                                                                                                                
 
 

                                                                            _TKS_              _TBINNED_
                                                                            PROB_     _TKS_     KS_PROB_
Obs          TARGET           TARGETLABEL    _TAUR_    _TGINI_     TKS     CUTOFF_     BIN_     CUTOFF_

 1     Diabetes_Prediction                    0.708     0.415     0.312     0.018     0.313      0.017  
 
                                                                                                                                                                                                                                                                
 
 







Fit Statistics
Model Selection based on Valid: Misclassification Rate (_VMISC_)

                                                                    Train:                           Valid:
                                                    Valid:          Average          Train:          Average
Selected    Model                             Misclassification     Squared    Misclassification     Squared
 Model      Node       Model Description             Rate            Error            Rate            Error

   Y        Reg2     Forward Regression            0.15056         0.073718         0.15006         0.073672
            Reg3     Backward Regression           0.15056         0.073718         0.15006         0.073672
            Reg4     Stepwise Regression           0.15056         0.073718         0.15006         0.073672
            Reg      Exhaustive Regression         0.15069         0.073600         0.14940         0.073807
 
                                                                                                                                                                                                                                                                
 
 







Fit Statistics Table
Target: Diabetes_Prediction

Data Role=Train

Statistics                                                             Reg2         Reg3         Reg4          Reg

Train: Bin-Based Two-Way Kolmogorov-Smirnov Probability Cutoff         0.02         0.02         0.02         0.02
Train: Kolmogorov-Smirnov Statistic                                    0.32         0.32         0.32         0.33
Train: Akaike's Information Criterion                              63457.86     63457.86     63457.86     63558.08
Train: Average Squared Error                                           0.07         0.07         0.07         0.07
Train: Roc Index                                                       0.72         0.72         0.72         0.72
Train: Average Error Function                                          0.26         0.26         0.26         0.26
Train: Cumulative Percent Captured Response                           25.22        25.22        25.22        26.45
Train: Percent Captured Response                                      11.86        11.86        11.86        11.72
Selection Criterion: Valid: Misclassification Rate                     0.15         0.15         0.15         0.15
Train: Degrees of Freedom for Error                               160398.00    160398.00    160398.00    160268.00
Train: Model Degrees of Freedom                                       56.00        56.00        56.00       186.00
Train: Total Degrees of Freedom                                   160454.00    160454.00    160454.00    160454.00
Train: Divisor for ASE                                            240681.00    240681.00    240681.00    240681.00
Train: Error Function                                              63345.86     63345.86     63345.86     63186.08
Train: Final Prediction Error                                          0.07         0.07         0.07         0.07
Train: Gain                                                          152.21       152.21       152.21       164.48
Train: Gini Coefficient                                                0.43         0.43         0.43         0.44
Train: Bin-Based Two-Way Kolmogorov-Smirnov Statistic                  0.32         0.32         0.32         0.33
Train: Kolmogorov-Smirnov Probability Cutoff                           0.02         0.02         0.02         0.02
Train: Cumulative Lift                                                 2.52         2.52         2.52         2.64
Train: Lift                                                            2.37         2.37         2.37         2.35
Train: Maximum Absolute Error                                          1.00         1.00         1.00         1.00
Train: Misclassification Rate                                          0.15         0.15         0.15         0.15
Train: Mean Square Error                                               0.07         0.07         0.07         0.07
Train: Sum of Frequencies                                          80227.00     80227.00     80227.00     80227.00
Train: Number of Estimate Weights                                     56.00        56.00        56.00       186.00
Train: Root Average Sum of Squares                                     0.27         0.27         0.27         0.27
Train: Cumulative Percent Response                                     4.61         4.61         4.61         4.84
Train: Percent Response                                                4.34         4.34         4.34         4.29
Train: Root Final Prediction Error                                     0.27         0.27         0.27         0.27
Train: Root Mean Squared Error                                         0.27         0.27         0.27         0.27
Train: Schwarz's Bayesian Criterion                                64017.07     64017.07     64017.07     65415.43
Train: Sum of Squared Errors                                       17742.41     17742.41     17742.41     17714.06
Train: Sum of Case Weights Times Freq                             240681.00    240681.00    240681.00    240681.00


Data Role=Valid

Statistics                                                             Reg2         Reg3         Reg4          Reg

Valid: Kolmogorov-Smirnov Statistic                                    0.31         0.31         0.31         0.30
Valid: Average Squared Error                                           0.07         0.07         0.07         0.07
Valid: Roc Index                                                       0.70         0.70         0.70         0.69
Valid: Average Error Function                                          0.26         0.26         0.26         0.26
Valid: Bin-Based Two-Way Kolmogorov-Smirnov Probability Cutoff         0.02         0.02         0.02         0.02
Valid: Cumulative Percent Captured Response                           19.71        19.71        19.71        19.98
Valid: Percent Captured Response                                       9.63         9.63         9.63        10.17
Valid: Divisor for VASE                                           180507.00    180507.00    180507.00    180507.00
Valid: Error Function                                              47578.87     47578.87     47578.87     47745.74
Valid: Gain                                                           97.09        97.09        97.09        99.82
Valid: Gini Coefficient                                                0.39         0.39         0.39         0.38
Valid: Bin-Based Two-Way Kolmogorov-Smirnov Statistic                  0.31         0.31         0.31         0.30
Valid: Kolmogorov-Smirnov Probability Cutoff                           0.02         0.02         0.02         0.02
Valid: Cumulative Lift                                                 1.97         1.97         1.97         2.00
Valid: Lift                                                            1.93         1.93         1.93         2.03
Valid: Maximum Absolute Error                                          1.00         1.00         1.00         1.00
Valid: Misclassification Rate                                          0.15         0.15         0.15         0.15
Valid: Mean Square Error                                               0.07         0.07         0.07         0.07
Valid: Sum of Frequencies                                          60169.00     60169.00     60169.00     60169.00
Valid: Root Average Squared Error                                      0.27         0.27         0.27         0.27
Valid: Cumulative Percent Response                                     3.61         3.61         3.61         3.66
Valid: Percent Response                                                3.52         3.52         3.52         3.72
Valid: Root Mean Square Error                                          0.27         0.27         0.27         0.27
Valid: Sum of Square Errors                                        13298.36     13298.36     13298.36     13322.68
Valid: Sum of Case Weights Times Freq                             180507.00    180507.00    180507.00    180507.00


Data Role=Test

Statistics                                                             Reg2         Reg3         Reg4          Reg

Test:  Kolmogorov-Smirnov Statistic                                    0.31         0.31         0.31         0.31
Test: Average Squared Error                                            0.07         0.07         0.07         0.07
Test:  Roc Index                                                       0.71         0.71         0.71         0.71
Test: Average Error Function                                           0.26         0.26         0.26         0.26
Test:  Bin-Based Two-Way Kolmogorov-Smirnov Probability Cutoff         0.02         0.02         0.02         0.02
Test: Cumulative Percent Captured Response                            23.84        23.84        23.84        24.66
Test: Percent Captured Response                                        9.88         9.88         9.88        11.42
Test: Divisor for TASE                                            180528.00    180528.00    180528.00    180528.00
Test: Error Function                                               47439.71     47439.71     47439.71     47539.06
Test: Gain                                                           138.42       138.42       138.42       146.58
Test:  Gini Coefficient                                                0.42         0.42         0.42         0.42
Test:  Bin-Based Two-Way Kolmogorov-Smirnov Statistic                  0.31         0.31         0.31         0.31
Test:  Kolmogorov-Smirnov Probability Cutoff                           0.02         0.02         0.02         0.02
Test: Cumulative Lift                                                  2.38         2.38         2.38         2.47
Test: Lift                                                             1.98         1.98         1.98         2.28
Test: Maximum Absolute Error                                           1.00         1.00         1.00         1.00
Test: Misclassification Rate                                           0.15         0.15         0.15         0.15
Test: Lower 95% Conf. Limit for TMISC                                  0.15         0.15         0.15         0.15
Test: Upper 95% Conf. Limit for TMISC                                  0.15         0.15         0.15         0.15
Test: Mean Square Error                                                0.07         0.07         0.07         0.07
Test: Sum of Frequencies                                           60176.00     60176.00     60176.00     60176.00
Test: Root Average Squared Error                                       0.27         0.27         0.27         0.27
Test: Cumulative Percent Response                                      4.37         4.37         4.37         4.52
Test: Percent Response                                                 3.62         3.62         3.62         4.19
Test: Root Mean Square Error                                           0.27         0.27         0.27         0.27
Test: Sum of Square Errors                                         13290.51     13290.51     13290.51     13303.93
Test: Sum of Case Weights Times Freq                              180528.00    180528.00    180528.00    180528.00
 
                                                                                                                                                                                                                                                                
 
 







Event Classification Table
Model Selection based on Valid: Misclassification Rate (_VMISC_)

Model                             Data                               Target      False       True        False       True
Node       Model Description      Role              Target           Label     Negative    Negative    Positive    Positive

Reg4     Stepwise Regression      TRAIN       Diabetes_Prediction                1467        78760         0           0   
Reg4     Stepwise Regression      VALIDATE    Diabetes_Prediction                1101        59068         0           0   
Reg3     Backward Regression      TRAIN       Diabetes_Prediction                1467        78760         0           0   
Reg3     Backward Regression      VALIDATE    Diabetes_Prediction                1101        59068         0           0   
Reg2     Forward Regression       TRAIN       Diabetes_Prediction                1467        78760         0           0   
Reg2     Forward Regression       VALIDATE    Diabetes_Prediction                1101        59068         0           0   
Reg      Exhaustive Regression    TRAIN       Diabetes_Prediction                1467        78760         0           0   
Reg      Exhaustive Regression    VALIDATE    Diabetes_Prediction                1101        59068         0           0   
