 
                                                                                                                                                                                                                                                                
 
 
Fit Statistics

Target=Diabetes_Prediction Target Label=Diabetes Prediction

   Fit
Statistics    Statistics Label                       Train    Validation         Test

 _DFT_        Total Degrees of Freedom           160456.00           .            .  
 _DFE_        Degrees of Freedom for Error       159979.00           .            .  
 _DFM_        Model Degrees of Freedom              477.00           .            .  
 _NW_         Number of Estimated Weights           477.00           .            .  
 _AIC_        Akaike's Information Criterion      68361.44           .            .  
 _SBC_        Schwarz's Bayesian Criterion        73124.65           .            .  
 _ASE_        Average Squared Error                   0.08          0.08         0.08
 _MAX_        Maximum Absolute Error                  1.00          0.99         0.99
 _DIV_        Divisor for ASE                    240684.00     180507.00    180528.00
 _NOBS_       Sum of Frequencies                  80228.00      60169.00     60176.00
 _RASE_       Root Average Squared Error              0.28          0.28         0.28
 _SSE_        Sum of Squared Errors               18779.82      14019.87     14000.88
 _SUMW_       Sum of Case Weights Times Freq     240684.00     180507.00    180528.00
 _FPE_        Final Prediction Error                  0.08           .            .  
 _MSE_        Mean Squared Error                      0.08          0.08         0.08
 _RFPE_       Root Final Prediction Error             0.28           .            .  
 _RMSE_       Root Mean Squared Error                 0.28          0.28         0.28
 _AVERR_      Average Error Function                  0.28          0.28         0.28
 _ERR_        Error Function                      67407.44      50316.94     50320.95
 _MISC_       Misclassification Rate                  0.16          0.16         0.16
 _WRONG_      Number of Wrong Classifications     12788.00       9469.00      9508.00
 
                                                                                                                                                                                                                                                                
 
 
Classification Table

Data Role=TRAIN Target Variable=Diabetes_Prediction Target Label=Diabetes Prediction

                                Target        Outcome     Frequency       Total
  Target         Outcome      Percentage    Percentage      Count      Percentage

DIABETES       DIABETES         43.2286       15.3235        1679         2.0928 
NO DIABETES    DIABETES         52.8836        3.0288        2054         2.5602 
PREDIABETES    DIABETES          3.8877       10.3709         151         0.1882 
DIABETES       NO DIABETES      12.1529       84.6765        9278        11.5645 
NO DIABETES    NO DIABETES      86.1377       96.9712       65761        81.9676 
PREDIABETES    NO DIABETES       1.7094       89.6291        1305         1.6266 


Data Role=VALIDATE Target Variable=Diabetes_Prediction Target Label=Diabetes Prediction

                                Target        Outcome     Frequency       Total
  Target         Outcome      Percentage    Percentage      Count      Percentage

DIABETES       DIABETES         45.1737       15.6607        1287         2.1390 
NO DIABETES    DIABETES         50.7898        2.8451        1447         2.4049 
PREDIABETES    DIABETES          4.0365       10.5408         115         0.1911 
DIABETES       NO DIABETES      12.0918       84.3393        6931        11.5192 
NO DIABETES    NO DIABETES      86.2055       97.1549       49413        82.1237 
PREDIABETES    NO DIABETES       1.7027       89.4592         976         1.6221 
 
                                                                                                                                                                                                                                                                
 
 
Event Classification Table

Data Role=TRAIN Target=Diabetes_Prediction Target Label=Diabetes Prediction

  False       True        False       True
Negative    Negative    Positive    Positive

  1456        78772         0           0   


Data Role=VALIDATE Target=Diabetes_Prediction Target Label=Diabetes Prediction

  False       True        False       True
Negative    Negative    Positive    Positive

  1091        59078         0           0   
 
                                                                                                                                                                                                                                                                
 
 
Assessment Score Rankings

Data Role=TRAIN Target Variable=Diabetes_Prediction Target Label=Diabetes Prediction

                                                                                           Mean
                               Cumulative        %       Cumulative      Number of      Posterior
Depth       Gain      Lift        Lift       Response    % Response    Observations    Probability

   5     107.387    2.07387      2.07387      3.76371      3.76371         4012          0.070483 
  10     101.231    1.95074      2.01231      3.54026      3.65200         4011          0.056774 
  15     100.536    1.99146      2.00536      3.61416      3.63939         4012          0.046359 
  20      95.050    1.78589      1.95050      3.24109      3.53982         4011          0.038282 
  25      92.033    1.79963      1.92033      3.26602      3.48507         4011          0.031931 
  30      84.748    1.48329      1.84748      2.69192      3.35286         4012          0.026827 
  35      75.823    1.22265      1.75823      2.21890      3.19088         4011          0.022518 
  40      71.871    1.44209      1.71871      2.61715      3.11916         4012          0.019078 
  45      64.375    1.04406      1.64375      1.89479      2.98313         4011          0.016193 
  50      55.769    0.78305      1.55769      1.42109      2.82694         4011          0.013851 
  55      47.975    0.70044      1.47975      1.27119      2.68549         4012          0.011905 
  60      40.911    0.63193      1.40911      1.14685      2.55728         4011          0.010365 
  65      35.670    0.72791      1.35670      1.32104      2.46218         4012          0.009184 
  70      30.199    0.59072      1.30199      1.07205      2.36289         4011          0.008284 
  75      24.908    0.50829      1.24908      0.92246      2.26687         4011          0.007552 
  80      19.504    0.38456      1.19504      0.69791      2.16880         4012          0.006969 
  85      14.495    0.34344      1.14495      0.62329      2.07790         4011          0.006485 
  90       9.049    0.16481      1.09049      0.29910      1.97906         4012          0.006071 
  95       4.684    0.26102      1.04684      0.47370      1.89984         4011          0.005693 
 100       0.000    0.10990      1.00000      0.19945      1.81483         4011          0.005270 


Data Role=VALIDATE Target Variable=Diabetes_Prediction Target Label=Diabetes Prediction

                                                                                           Mean
                               Cumulative        %       Cumulative      Number of      Posterior
Depth       Gain      Lift        Lift       Response    % Response    Observations    Probability

   5     116.276    2.16276      2.16276      3.92157      3.92157         3009          0.070334 
  10     105.313    1.94346      2.05313      3.52394      3.72279         3008          0.056473 
  15      99.191    1.86950      1.99191      3.38983      3.61179         3009          0.046203 
  20      93.397    1.76012      1.93397      3.19149      3.50673         3008          0.038194 
  25      84.042    1.46628      1.84042      2.65869      3.33710         3009          0.031936 
  30      79.954    1.59511      1.79954      2.89229      3.26298         3008          0.026834 
  35      78.073    1.66789      1.78073      3.02426      3.22887         3009          0.022565 
  40      72.087    1.30175      1.72087      2.36037      3.12033         3008          0.019017 
  45      65.388    1.11804      1.65388      2.02725      2.99886         3009          0.016134 
  50      56.184    0.73338      1.56184      1.32979      2.83198         3008          0.013729 
  55      51.487    1.04507      1.51487      1.89495      2.74680         3008          0.011800 
  60      44.819    0.71481      1.44819      1.29611      2.62589         3009          0.010307 
  65      38.193    0.58671      1.38193      1.06383      2.50575         3008          0.009141 
  70      32.772    0.62317      1.32772      1.12994      2.40746         3009          0.008238 
  75      27.100    0.47670      1.27100      0.86436      2.30461         3008          0.007521 
  80      21.332    0.34824      1.21332      0.63144      2.20002         3009          0.006924 
  85      15.597    0.23835      1.15597      0.43218      2.09604         3008          0.006451 
  90       9.989    0.14663      1.09989      0.26587      1.99435         3009          0.006051 
  95       4.973    0.14668      1.04973      0.26596      1.90340         3008          0.005680 
 100       0.000    0.05500      1.00000      0.09973      1.81323         3008          0.005256 
 
                                                                                                                                                                                                                                                                
 
 
Assessment Score Distribution

Data Role=TRAIN Target Variable=Diabetes_Prediction Target Label=Diabetes Prediction

 Posterior     Number                     Mean
Probability      of      Number of     Posterior
   Range       Events    Nonevents    Probability    Percentage

 0.05-0.10       307        8186        0.062908       10.5861 
 0.00-0.05      1149       70586        0.016043       89.4139 


Data Role=VALIDATE Target Variable=Diabetes_Prediction Target Label=Diabetes Prediction

 Posterior     Number                     Mean
Probability      of      Number of     Posterior
   Range       Events    Nonevents    Probability    Percentage

 0.05-0.10       231        6076        0.062810       10.4821 
 0.00-0.05       860       53002        0.016037       89.5179 
