 
                                                                                                                                                                                                                                                                
 
 
Variable Summary

            Measurement    Frequency
Role           Level         Count

ID           INTERVAL          1    
INPUT        BINARY            8    
INPUT        INTERVAL          2    
INPUT        ORDINAL           5    
REJECTED     BINARY            6    
REJECTED     NOMINAL           1    
 
                                                                                                                                                                                                                                                                
 
The CLUSTER Procedure
Ward's Minimum Variance Cluster Analysis

            Eigenvalues of the Covariance Matrix
 
        Eigenvalue    Difference    Proportion    Cumulative

   1    7.53183787    4.49546815        0.6530        0.6530
   2    3.03636972    2.79927768        0.2633        0.9163
   3    0.23709204    0.07560670        0.0206        0.9369
   4    0.16148534    0.04118990        0.0140        0.9509
   5    0.12029543    0.00717052        0.0104        0.9613
   6    0.11312491    0.00571591        0.0098        0.9711
   7    0.10740901    0.02309316        0.0093        0.9804
   8    0.08431584    0.01605891        0.0073        0.9877
   9    0.06825693    0.02358404        0.0059        0.9937
  10    0.04467289    0.01907192        0.0039        0.9975
  11    0.02560097    0.02312611        0.0022        0.9997
  12    0.00247486    0.00212233        0.0002        1.0000
  13    0.00035252    0.00024805        0.0000        1.0000
  14    0.00010447    0.00007619        0.0000        1.0000
  15    0.00002829    0.00002829        0.0000        1.0000
  16    0.00000000    0.00000000        0.0000        1.0000
  17    0.00000000    0.00000000        0.0000        1.0000
  18    0.00000000    0.00000000        0.0000        1.0000
  19    0.00000000    0.00000000        0.0000        1.0000
  20    0.00000000    0.00000000        0.0000        1.0000
  21    -.00000000    0.00000000       -0.0000        1.0000
  22    -.00000000    0.00000000       -0.0000        1.0000
  23    -.00000000                     -0.0000        1.0000

Root-Mean-Square Total-Sample Standard Deviation    0.874652

Root-Mean-Square Distance Between Observations     5.93218


                                                 Cluster History
  Number
      of                                                 Semipartial                 Pseudo F       Pseudo
Clusters    ------Clusters Joined-------         Freq       R-Square    R-Square    Statistic    t-Squared    Tie

      49    OB7             OB18                   52         0.0000        .655         8840          3.5       
      48    CL49            OB28                  118         0.0000        .655         9028          7.0       
      47    OB29            OB37                  441         0.0000        .655         9224          8.8       
      46    OB14            OB21                   41         0.0000        .655         9428          8.3       
      45    CL46            OB38                  161         0.0000        .655         9641         11.8       
      44    OB17            OB22                   89         0.0000        .655         9864         14.9       
      43    OB34            OB45                  502         0.0000        .655          1E4         17.0       
      42    OB13            OB44                  778         0.0000        .655          1E4         26.8       
      41    OB6             OB39                  806         0.0001        .655         11E3         23.0       
      40    OB15            CL44                  299         0.0001        .655         11E3         31.9       
      39    OB1             OB16                  533         0.0001        .655         11E3         34.7       
      38    OB3             OB23                 6975         0.0001        .655         11E3         41.4       
      37    CL48            OB30                  347         0.0001        .655         12E3         34.6       
      36    CL45            OB33                  516         0.0001        .655         12E3         44.9       
      35    OB4             OB31                  977         0.0001        .655         12E3         50.1       
      34    CL39            CL47                  974         0.0001        .655         13E3         67.7       
      33    CL37            OB43                 1114         0.0001        .654         13E3         44.9       
      32    OB41            OB48                25448         0.0001        .654         14E3         87.3       
      31    OB12            CL40                 2985         0.0002        .654         14E3          120       
      30    OB9             OB42                 1749         0.0002        .654         15E3          120       
      29    CL35            OB35                 1212         0.0002        .654         15E3         85.7       
      28    OB24            CL43                 2955         0.0003        .653         16E3          170       
      27    CL34            CL42                 1752         0.0004        .653         16E3          198       
      26    OB25            OB27                 4420         0.0005        .653         17E3          216       
      25    CL29            CL36                 1728         0.0005        .652         17E3          183       
      24    CL25            CL41                 2534         0.0006        .652         18E3          200       
      23    OB47            OB49                 2415         0.0006        .651         19E3          320       
      22    OB5             CL33                 8938         0.0007        .650          2E4          291       
      21    CL27            CL30                 3501         0.0007        .650         21E3          396       
      20    CL28            OB40                 6668         0.0009        .649         22E3          568       
      19    CL24            CL23                 4949         0.0014        .647         23E3          531       
      18    OB11            OB46                22343         0.0016        .646         24E3         1155       
      17    CL21            CL31                 6486         0.0017        .644         25E3          918       
      16    CL19            OB32                 9854         0.0025        .642         27E3          899       
      15    CL22            OB10                11207         0.0025        .639         28E3         1078       
      14    OB19            CL26                19050         0.0029        .636          3E4         2140       
      13    CL20            OB36                46192         0.0033        .633         32E3         3024       
      12    CL17            CL18                28829         0.0046        .628         34E3         2877       
      11    OB2             CL32                34904         0.0056        .623         37E3         3353       
      10    CL38            OB26                17673         0.0065        .616          4E4         3307       
       9    CL12            CL13                75021         0.0070        .609         43E3         4992       
       8    OB8             CL14                48040         0.0085        .601         48E3         6406       
       7    CL16            OB50                21150         0.0120        .589         53E3         4995       
       6    CL11            CL8                 82944         0.0122        .576         61E3         7398       
       5    CL9             CL15                86228         0.0161        .560         71E3         9887       
       4    CL6             CL10               100617         0.0206        .540         87E3         11E3       
       3    CL7             OB20                36243         0.0530        .487         11E4         21E3       
       2    CL5             CL4                186845         0.1795        .307         99E3         91E3       
       1    CL2             CL3                223088         0.3072        .000           .          99E3       
 
                                                                                                                                                                                                                                                                
 
Candidates for Optimum Number of Clusters

        Number     Clustering
          of          Cubic
Obs    Clusters     Criterion

 1         4         122.331 
 2        13         149.089 
 3        18         191.681 
 4        22         188.540 
 5        27         174.727 
 6        37         134.202 
