MPRINT(EM_DIAGRAM):    data _null_;
MPRINT(EM_DIAGRAM):   call symput('NLDATE', strip(put(date(), NLDATE.)));
MPRINT(EM_DIAGRAM):   call symput('NLTIME', strip(put(datetime(), NLTIME.)));
MPRINT(EM_DIAGRAM):   run;
MPRINT(EM_DIAGRAM):   data _null_;
MPRINT(EM_DIAGRAM):   nldate= sasmsg("sashelp.dmine", "log_date_note", 'N', "March 04, 2024" );
MPRINT(EM_DIAGRAM):   nltime= sasmsg("sashelp.dmine", "log_time_note", 'N', "11:18:36" );
MPRINT(EM_DIAGRAM):   put "*------------------------------------------------------------*";
MPRINT(EM_DIAGRAM):   put "* Training Log";
MPRINT(EM_DIAGRAM):   put nldate;
MPRINT(EM_DIAGRAM):   put nltime;
MPRINT(EM_DIAGRAM):   put "*------------------------------------------------------------*";
MPRINT(EM_DIAGRAM):   run;
*------------------------------------------------------------*
* Training Log
Date:                March 04, 2024
Time:                11:18:36
*------------------------------------------------------------*
MPRINT(EM_DIAGRAM):    filename O3ARNZQW "\\uisnutvdiprof1a\redirected$\shre2\Documents\SV.SAS EM Assignments\SV.PredictiveAnalysis\Workspaces\EMWS1\EMSave2\EMTRAIN.out" encoding="UTF-8" NOBOM;
MPRINT(EM_DIAGRAM):   proc printto print=O3ARNZQW new;
MPRINT(EM_DIAGRAM):   run;
MPRINT(EM_DIAGRAM):    filename _LOG "\\uisnutvdiprof1a\redirected$\shre2\Documents\SV.SAS EM Assignments\SV.PredictiveAnalysis\Workspaces\EMWS1\EMSave2\EMLOG.log" encoding="UTF-8" NOBOM;
MPRINT(EM_DIAGRAM):    data _null_;
MPRINT(EM_DIAGRAM):   call symput('NLDATE', strip(put(date(), NLDATE.)));
MPRINT(EM_DIAGRAM):   call symput('NLTIME', strip(put(datetime(), NLTIME.)));
MPRINT(EM_DIAGRAM):   run;
MPRINT(EM_DIAGRAM):   data _null_;
MPRINT(EM_DIAGRAM):   nldate= sasmsg("sashelp.dmine", "log_date_note", 'N', "March 04, 2024" );
MPRINT(EM_DIAGRAM):   nltime= sasmsg("sashelp.dmine", "log_time_note", 'N', "11:18:36" );
MPRINT(EM_DIAGRAM):   file _LOG;
MPRINT(EM_DIAGRAM):   put "*------------------------------------------------------------*";
MPRINT(EM_DIAGRAM):   put "User:                shre2";
MPRINT(EM_DIAGRAM):   put nldate;
MPRINT(EM_DIAGRAM):   put nltime;
MPRINT(EM_DIAGRAM):   put "Site:                70080107";
MPRINT(EM_DIAGRAM):   put "Platform:            X64_10PRO";
MPRINT(EM_DIAGRAM):   put "Maintenance Release: 9.04.01M7P080520";
MPRINT(EM_DIAGRAM):   put "EM Version:          15.2";
MPRINT(EM_DIAGRAM):   put "* ";
MPRINT(EM_DIAGRAM):   run;
MPRINT(EM_DIAGRAM):    filename _LOGIN "\\uisnutvdiprof1a\redirected$\shre2\Documents\SV.SAS EM Assignments\SV.PredictiveAnalysis\Workspaces\EMWS1\EMSave2\EMTRAIN.log" encoding="UTF-8" NOBOM;
MPRINT(EM_COPYFILE):   data _null_;
MPRINT(EM_COPYFILE):   length line $20000;
MPRINT(EM_COPYFILE):   file _LOG MOD lrecl=20000;
MPRINT(EM_COPYFILE):   fid=fopen("_LOGIN",'i',20000,'v');
MPRINT(EM_COPYFILE):   if fid > 0 then do;
MPRINT(EM_COPYFILE):   do while(^fread(fid));
MPRINT(EM_COPYFILE):   rlen = frlen(fid);
MPRINT(EM_COPYFILE):   rc= fget(fid,line,20000);
MPRINT(EM_COPYFILE):   start = length(line)-length(left(line))+1;
MPRINT(EM_COPYFILE):   line=strip(line);
MPRINT(EM_COPYFILE):   put @start line;
MPRINT(EM_COPYFILE):   end;
MPRINT(EM_COPYFILE):   if fid > 0 then rc=fclose(fid);
MPRINT(EM_COPYFILE):   end;
MPRINT(EM_COPYFILE):   run;
MPRINT(EM_DIAGRAM):  ;
MPRINT(EM_DIAGRAM):   filename _LOGIN;
MPRINT(EM_DIAGRAM):    data _null_;
MPRINT(EM_DIAGRAM):   file _LOG mod;
MPRINT(EM_DIAGRAM):   put _page_;
MPRINT(EM_DIAGRAM):   run;
MPRINT(EM_DIAGRAM):   filename _LOGIN "\\uisnutvdiprof1a\redirected$\shre2\Documents\SV.SAS EM Assignments\SV.PredictiveAnalysis\Workspaces\EMWS1\EMSave2\EMSCORE.log" encoding="UTF-8" NOBOM;
MPRINT(EM_DIAGRAM):  ;
MPRINT(EM_DIAGRAM):   data _null_;
MPRINT(EM_DIAGRAM):   file _LOG mod;
MPRINT(EM_DIAGRAM):   put _page_;
MPRINT(EM_DIAGRAM):   run;
MPRINT(EM_DIAGRAM):    filename _LOGIN "\\uisnutvdiprof1a\redirected$\shre2\Documents\SV.SAS EM Assignments\SV.PredictiveAnalysis\Workspaces\EMWS1\EMSave2\EMREPORT.log" encoding="UTF-8" NOBOM;
MPRINT(EM_DIAGRAM):  ;
MPRINT(EM_DIAGRAM):   filename _LOGIN;
MPRINT(EM_DIAGRAM):    filename _LOG;
MPRINT(EM_DIAGRAM):    filename _OUT "\\uisnutvdiprof1a\redirected$\shre2\Documents\SV.SAS EM Assignments\SV.PredictiveAnalysis\Workspaces\EMWS1\EMSave2\EMOUTPUT.out" encoding="UTF-8" NOBOM;
MPRINT(EM_DIAGRAM):    data _null_;
MPRINT(EM_DIAGRAM):   call symput('NLDATE', strip(put(date(), NLDATE.)));
MPRINT(EM_DIAGRAM):   call symput('NLTIME', strip(put(datetime(), NLTIME.)));
MPRINT(EM_DIAGRAM):   run;
MPRINT(EM_DIAGRAM):   data _null_;
MPRINT(EM_DIAGRAM):   nldate= sasmsg("sashelp.dmine", "log_date_note", 'N', "March 04, 2024" );
MPRINT(EM_DIAGRAM):   nltime= sasmsg("sashelp.dmine", "log_time_note", 'N', "11:18:36" );
MPRINT(EM_DIAGRAM):   file _OUT;
MPRINT(EM_DIAGRAM):   put "*------------------------------------------------------------*";
MPRINT(EM_DIAGRAM):   put "User:                shre2";
MPRINT(EM_DIAGRAM):   put nldate;
MPRINT(EM_DIAGRAM):   put nltime;
MPRINT(EM_DIAGRAM):   put "*------------------------------------------------------------*";
MPRINT(EM_DIAGRAM):   put "* Training Output";
MPRINT(EM_DIAGRAM):   put "*------------------------------------------------------------*";
MPRINT(EM_DIAGRAM):   run;
MPRINT(EM_DIAGRAM):    filename _OUTIN "\\uisnutvdiprof1a\redirected$\shre2\Documents\SV.SAS EM Assignments\SV.PredictiveAnalysis\Workspaces\EMWS1\EMSave2\EMTRAIN.out" encoding="UTF-8" NOBOM;
MPRINT(EM_DIAGRAM):   ;
MPRINT(EM_COPYFILE):   data _null_;
MPRINT(EM_COPYFILE):   length line $20000;
MPRINT(EM_COPYFILE):   file _OUT MOD lrecl=20000;
MPRINT(EM_COPYFILE):   fid=fopen("_OUTIN",'i',20000,'v');
MPRINT(EM_COPYFILE):   if fid > 0 then do;
MPRINT(EM_COPYFILE):   do while(^fread(fid));
MPRINT(EM_COPYFILE):   rlen = frlen(fid);
MPRINT(EM_COPYFILE):   rc= fget(fid,line,20000);
MPRINT(EM_COPYFILE):   start = length(line)-length(left(line))+1;
MPRINT(EM_COPYFILE):   line=strip(line);
MPRINT(EM_COPYFILE):   put @start line;
MPRINT(EM_COPYFILE):   end;
MPRINT(EM_COPYFILE):   if fid > 0 then rc=fclose(fid);
MPRINT(EM_COPYFILE):   end;
MPRINT(EM_COPYFILE):   run;
MPRINT(EM_DIAGRAM):  ;
MPRINT(EM_DIAGRAM):   filename _OUTIN;
MPRINT(EM_DIAGRAM):    data _null_;
MPRINT(EM_DIAGRAM):   file _OUT mod;
MPRINT(EM_DIAGRAM):   put _page_;
MPRINT(EM_DIAGRAM):   put // "*------------------------------------------------------------*";
MPRINT(EM_DIAGRAM):   put "* Score Output";
MPRINT(EM_DIAGRAM):   put "*------------------------------------------------------------*";
MPRINT(EM_DIAGRAM):   run;
MPRINT(EM_DIAGRAM):    filename _OUTIN "\\uisnutvdiprof1a\redirected$\shre2\Documents\SV.SAS EM Assignments\SV.PredictiveAnalysis\Workspaces\EMWS1\EMSave2\EMSCORE.out" encoding="UTF-8" NOBOM;
MPRINT(EM_DIAGRAM):  ;
MPRINT(EM_DIAGRAM):   filename _OUTIN;
MPRINT(EM_DIAGRAM):    data _null_;
MPRINT(EM_DIAGRAM):   file _OUT mod;
MPRINT(EM_DIAGRAM):   put _page_;
MPRINT(EM_DIAGRAM):   put // "*------------------------------------------------------------*";
MPRINT(EM_DIAGRAM):   put "* Report Output";
MPRINT(EM_DIAGRAM):   put "*------------------------------------------------------------*";
MPRINT(EM_DIAGRAM):   run;
MPRINT(EM_DIAGRAM):    filename _OUTIN "\\uisnutvdiprof1a\redirected$\shre2\Documents\SV.SAS EM Assignments\SV.PredictiveAnalysis\Workspaces\EMWS1\EMSave2\EMREPORT.out" encoding="UTF-8" NOBOM;
MPRINT(EM_DIAGRAM):  ;
MPRINT(EM_DIAGRAM):   filename _OUTIN;
MPRINT(EM_DIAGRAM):    filename _OUT;
MPRINT(EM_DIAGRAM):    filename _emtool_ '\\uisnutvdiprof1a\redirected$\shre2\Documents\SV.SAS EM Assignments\SV.PredictiveAnalysis\Workspaces\EMWS1\EMSave2\EMRUNSTATUS.xml' encoding="UTF-8" NOBOM;
30204      proc freq data=EMWS1.EMSave2_VariableSet noprint;
MPRINT(EM_DIAGRAM):    proc freq data=EMWS1.EMSave2_VariableSet noprint;
30205      table ROLE*LEVEL/out=WORK.EMSave2META;
MPRINT(EM_DIAGRAM):   table ROLE*LEVEL/out=WORK.EMSave2META;
30206      run;
MPRINT(EM_DIAGRAM):   run;

NOTE: There were 22 observations read from the data set EMWS1.EMSAVE2_VARIABLESET.
NOTE: The data set WORK.EMSAVE2META has 2 observations and 4 variables.
NOTE: PROCEDURE FREQ used (Total process time):
      real time           0.12 seconds
      cpu time            0.07 seconds
      

30207      proc print data=WORK.EMSave2META label noobs;
MPRINT(EM_DIAGRAM):   proc print data=WORK.EMSave2META label noobs;
30208      var ROLE LEVEL COUNT;
MPRINT(EM_DIAGRAM):   var ROLE LEVEL COUNT;
30209      label ROLE = "%sysfunc(sasmsg(sashelp.dmine, meta_role_vlabel, NOQUOTE))" LEVEL = "%sysfunc(sasmsg(sashelp.dmine, meta_level_vlabel, NOQUOTE))" COUNT = "%sysfunc(sasmsg(sashelp.dmine, rpt_count_vlabel, NOQUOTE))";
MPRINT(EM_DIAGRAM):   label ROLE = "Role" LEVEL = "Measurement Level" COUNT = "Frequency Count";
30210      title9 ' ';
MPRINT(EM_DIAGRAM):   title9 ' ';
30211      title10 "%sysfunc(sasmsg(sashelp.dmine, rpt_varSummary_title  , NOQUOTE))";
MPRINT(EM_DIAGRAM):   title10 "Variable Summary";
MPRINT(EM_DIAGRAM):   run;
30212      run;

NOTE: There were 2 observations read from the data set WORK.EMSAVE2META.
NOTE: The PROCEDURE PRINT printed page 4.
NOTE: PROCEDURE PRINT used (Total process time):
      real time           0.01 seconds
      cpu time            0.01 seconds
      

30213      title10;
MPRINT(EM_DIAGRAM):   title10;
30214      %let EMEXCEPTIONSTRING=;
MPRINT(EM_DIAGRAM):     *------------------------------------------------------------*;
MPRINT(EM_DIAGRAM):   * EMSave2: Generation of macros and macro variables;
MPRINT(EM_DIAGRAM):   * To see the code generated, set the EM_DEBUG macro variable to SOURCE or _ALL_;
MPRINT(EM_DIAGRAM):   *------------------------------------------------------------*;
MPRINT(EM_DIAGRAM):   *------------------------------------------------------------*;
MPRINT(EM_DIAGRAM):   * EMSave2: EM Macro Variables and Macros;
MPRINT(EM_DIAGRAM):   *------------------------------------------------------------*;
MPRINT(EM_DIAGRAM):   *------------------------------------------------------------* ;
MPRINT(EM_DIAGRAM):   * System Macro Variables;
MPRINT(EM_DIAGRAM):   *------------------------------------------------------------* ;
MPRINT(EM_DIAGRAM):   data _null_;
MPRINT(EM_DIAGRAM):   length string $2000;
MPRINT(EM_DIAGRAM):   string = 'SV.PredictiveAnalysis';
MPRINT(EM_DIAGRAM):   call symput('EM_PROJECTNAME', trim(string));
MPRINT(EM_DIAGRAM):   string = 'SV.Classification';
MPRINT(EM_DIAGRAM):   call symput('EM_WSNAME', trim(string));
MPRINT(EM_DIAGRAM):   run;
MPRINT(EM_DIAGRAM):   *------------------------------------------------------------* ;
MPRINT(EM_DIAGRAM):   * Properties Macro Variables ;
MPRINT(EM_DIAGRAM):   *------------------------------------------------------------* ;
MPRINT(EM_DIAGRAM):   *------------------------------------------------------------*;
MPRINT(EM_DIAGRAM):   * Files Macro Variables;
MPRINT(EM_DIAGRAM):   *------------------------------------------------------------*;
MPRINT(EM_DIAGRAM):   *------------------------------------------------------------*;
MPRINT(EM_DIAGRAM):   * Import Macro Variables;
MPRINT(EM_DIAGRAM):   *------------------------------------------------------------*;
MPRINT(EM_DIAGRAM):   *------------------------------------------------------------*;
MPRINT(EM_DIAGRAM):   * Export Macro Variables;
MPRINT(EM_DIAGRAM):   *------------------------------------------------------------*;
MPRINT(EM_DIAGRAM):   *------------------------------------------------------------*;
MPRINT(EM_DIAGRAM):   * Decision Macro Variables;
MPRINT(EM_DIAGRAM):   *------------------------------------------------------------*;
MPRINT(EM_DIAGRAM):   *------------------------------------------------------------*;
MPRINT(EM_DIAGRAM):   * Statement Macro Variables;
MPRINT(EM_DIAGRAM):   *------------------------------------------------------------*;
MPRINT(EM_DIAGRAM):   *------------------------------------------------------------*;
MPRINT(EM_DIAGRAM):   * Variable Macros;
MPRINT(EM_DIAGRAM):   *------------------------------------------------------------*;
MPRINT(EM_DIAGRAM):   *------------------------------------------------------------*;
MPRINT(EM_DIAGRAM):   * General Variable Macros;
MPRINT(EM_DIAGRAM):   *------------------------------------------------------------*;
MPRINT(EM_DIAGRAM):   *------------------------------------------------------------*;
MPRINT(EM_DIAGRAM):   * Target Variable Macros;
MPRINT(EM_DIAGRAM):   *------------------------------------------------------------*;
MPRINT(EM_DIAGRAM):   *------------------------------------------------------------*;
MPRINT(EM_DIAGRAM):   * Input Variable Macros;
MPRINT(EM_DIAGRAM):   *------------------------------------------------------------*;
MPRINT(EM_DIAGRAM):   *------------------------------------------------------------*;
MPRINT(EM_DIAGRAM):   * Rejected Variable Macros;
MPRINT(EM_DIAGRAM):   *------------------------------------------------------------*;
MPRINT(EM_DIAGRAM):   *------------------------------------------------------------*;
MPRINT(EM_DIAGRAM):   * Misc Variable Macros;
MPRINT(EM_DIAGRAM):   *------------------------------------------------------------*;
MPRINT(EM_DIAGRAM):   *------------------------------------------------------------*;
MPRINT(EM_DIAGRAM):   * End Create EM Macro Variables and Macros;
MPRINT(EM_DIAGRAM):   *------------------------------------------------------------*;
30532      *------------------------------------------------------------*;
MPRINT(EM_DIAGRAM):    *------------------------------------------------------------*;
30533      * EMSave2: Generation of macros and macro variables;
MPRINT(EM_DIAGRAM):   * EMSave2: Generation of macros and macro variables;
30534      * To see the code generated, set the EM_DEBUG macro variable to SOURCE or _ALL_;
MPRINT(EM_DIAGRAM):   * To see the code generated, set the EM_DEBUG macro variable to SOURCE or _ALL_;
30535      *------------------------------------------------------------*;
MPRINT(EM_DIAGRAM):   *------------------------------------------------------------*;

30536      %let EMEXCEPTIONSTRING=;
30537      *------------------------------------------------------------*;
MPRINT(EM_DIAGRAM):    *------------------------------------------------------------*;
30538      * TRAIN: EMSave2;
MPRINT(EM_DIAGRAM):   * TRAIN: EMSave2;
30539      *------------------------------------------------------------*;
MPRINT(EM_DIAGRAM):   *------------------------------------------------------------*;
30540      %let EM_ACTION = TRAIN;
30541      %let syscc = 0;
30542      *** MAIN MACRO FOR EMSAVE EXTENSION NODE;
MPRINT(EM_DIAGRAM):     *** MAIN MACRO FOR EMSAVE EXTENSION NODE;
30543      
30544      %macro EM_SAVEXT_MAIN;
30545      
30546         %if %upcase("&EM_ACTION") = "CREATE" %then %do;
30547             filename _create catalog 'sashelp.emutil.savext_create.source';
30548             %include _create;
30549             filename _create;
30550             %EM_SAVEXT_CREATE;
30551         %end;
30552         %else
30553         %if %upcase("&EM_ACTION") = "TRAIN" %then %do;
30554             filename _train catalog 'sashelp.emutil.savext_train.source';
30555             %include _train;
30556             filename _train;
30557             %EM_SAVEXT_TRAIN;
30558         %end;
30559      
30560      %mend EM_SAVEXT_MAIN;
30561      
30562      %EM_SAVEXT_MAIN;
MPRINT(EM_SAVEXT_MAIN):   filename _train catalog 'sashelp.emutil.savext_train.source';
NOTE: %INCLUDE (level 1) file _TRAIN is file SASHELP.EMUTIL.SAVEXT_TRAIN.SOURCE.
30563     +*** TRAINING MACRO FOR EM_SAVEXT EXTENSION NODE;
MPRINT(EM_SAVEXT_MAIN):   *** TRAINING MACRO FOR EM_SAVEXT EXTENSION NODE;
30565     +%macro EM_SAVEXT_TRAIN;
30567     +    *** IMPORT UTILITY MACROS;
30569     +    filename _savutil catalog 'sashelp.emutil.savext_macros.source';
30570     +    %include _savutil;
30571     +    filename _savutil;
30573     +    *** CHECK FOR IMPORT DATA SOURCES WITHOUT READING PROJECT SETS ************;
30574     +    *** POPULATE MACRO ARRAY TO HOLD ONLY EXISTING AND REQUESTED PARTITIONS ***;
30575     +    *** GET NUMBER OF EXISTING AND REQUESTED PARTITIONS ***********************;
30577     +    data _null_;
30578     +        length _save_set $50 _save_role $20 _save_set_index $12 _save_role_index $14 _i 3;
30579     +        _i=0;
30581     +        *** TRAIN;
30582     +        %if (%EM_SAVEXT_SET_EXISTS(&EM_IMPORT_DATA) and (("&EM_PROPERTY_TRAIN"="Y") or ("&EM_PROPERTY_ALLROLES"="Y"))) %then %do;
30583     +            _i=_i+1;                                                        /* INCREMENT ARRAY INDEX */
30584     +            %EM_SAVEXT_REGISTER(&EM_IMPORT_DATA, TRAIN, _i);                /* INSERT INTO MACRO ARRAY */
30585     +        %end;
30587     +        *** VALIDATE;
30588     +        %if (%EM_SAVEXT_SET_EXISTS(&EM_IMPORT_VALIDATE) and (("&EM_PROPERTY_VALIDATE"="Y") or ("&EM_PROPERTY_ALLROLES"="Y"))) %then %do;
30589     +            _i=_i+1;
30590     +            %EM_SAVEXT_REGISTER(&EM_IMPORT_VALIDATE, VALIDATE, _i);
30591     +        %end;
30593     +        *** TEST;
30594     +        %if (%EM_SAVEXT_SET_EXISTS(&EM_IMPORT_TEST) and (("&EM_PROPERTY_TEST"="Y") or ("&EM_PROPERTY_ALLROLES"="Y"))) %then %do;
30595     +            _i=_i+1;
30596     +            %EM_SAVEXT_REGISTER(&EM_IMPORT_TEST, TEST, _i);
30597     +        %end;
30599     +        *** SCORE;
30600     +        %if (%EM_SAVEXT_SET_EXISTS(&EM_IMPORT_SCORE) and (("&EM_PROPERTY_SCORE"="Y") or ("&EM_PROPERTY_ALLROLES"="Y"))) %then %do;
30601     +            _i=_i+1;
30602     +            %EM_SAVEXT_REGISTER(&EM_IMPORT_SCORE, SCORE, _i);
30603     +        %end;
30605     +        *** TRANSACTION;
30606     +        %if (%EM_SAVEXT_SET_EXISTS(&EM_IMPORT_TRANSACTION) and (("&EM_PROPERTY_TRANSACTION"="Y") or ("&EM_PROPERTY_ALLROLES"="Y"))) %then %do;
30607     +            _i=_i+1;
30608     +            %EM_SAVEXT_REGISTER(&EM_IMPORT_TRANSACTION, TRANSACTION, _i);
30609     +        %end;
30611     +        *** ESTABLISH NUMBER OF SETS TO SAVE;
30612     +        call symput('_NUM_SAVE_SETS', strip(put(_i,1.)));
30614     +    run;
30616     +    *** EXIT IF NO PARTITIONS TO SAVE;
30618     +    %if ^(&_NUM_SAVE_SETS) %then %do;
30619     +        %put &EM_CODEBAR;
30620     +        %let WARNING = %sysfunc(sasmsg(sashelp.dmine, save_nodata_warn, NOQUOTE));
30621     +        %put &WARNING;
30622     +        %put &EM_CODEBAR;
30623     +        %goto quit;
30624     +    %end;
30626     +    *** FOR FILE PREFIXES CONTAINING PROBLEMATIC CHARACTERS;
30627     +    *** REVERT TO DEFAULT NAME;
30629     +    %if ^(%nrbquote(%sysfunc(compress("&EM_PROPERTY_NAME")))="") %then %do;
30630     +        %let _BAD_CHARS= <>:%str(%")%str(%')/\|?* %nrstr(&)%nrstr(%%);
30631     +        %let _BAD_CHAR_FLAG= 0;
30632     +        %do _i= 1 %to %length(%nrbquote(&_BAD_CHARS));
30633     +            %if %index(%nrbquote(&EM_PROPERTY_NAME), %nrbquote(%substr(%nrbquote(&_BAD_CHARS), &_i, 1)))
30634     +                %then %let _BAD_CHAR_FLAG= 1;
30635     +        %end;
30636     +        %if %sysfunc(kcount(%nrbquote(&EM_PROPERTY_NAME))) %then %let _BAD_CHAR_FLAG= 1;
30638     +        %if &_BAD_CHAR_FLAG %then %do;
30639     +           %put &EM_CODEBAR;
30640     +           %let WARNING= %sysfunc(sasmsg(sashelp.dmine, save_bad_char_err, NOQUOTE));
30641     +           %put &WARNING;
30642     +           %put &EM_CODEBAR;
30643     +           *** REVERT TO DEFAULT NAME;
30644     +           %let EM_PROPERTY_NAME = em_save;
30645     +        %end;
30646     +    %end;
30647     +    *** ACCOUNT FOR LIB ISSUES;
30649     +    %if (%upcase(%sysfunc(compress("&EM_PROPERTY_LIB"))) = "WORK") %then %do;
30650     +        %put &EM_CODEBAR;
30651     +        %let WARNING= %sysfunc(sasmsg(sashelp.dmine, save_work_lib_warn, NOQUOTE));
30652     +        %put &WARNING;                                                      /* WORK IS A TEMPORARY LIBRARY */
30653     +        %put &EM_CODEBAR;                                                   /* IT DISAPPEARS AFTER THE FLOW COMPLETES ALONG WITH DATA SAVED THERE */
30654     +    %end;
30657     +    %if (%sysfunc(compress("&EM_PROPERTY_LIB")) = "") %then %do;            /* IN SOME CASES THIS IS BEING INITIALIZED AS " " */
30658     +        libname _em_save "%nrbquote(&EM_NODEDIR)";                          /* AND IN OTHERS AS "" */
30659     +        %let EM_PROPERTY_LIB = _em_save;
30660     +    %end;
30662     +    *** CHECK FOR EXISTING LIB;
30664     +    %let _rc = %sysfunc(libref(&EM_PROPERTY_LIB));
30665     +    %if &_rc %then %do;
30666     +        %let EMEXCEPTIONSTRING=exception.server.DATASOURCE.LIBRARY.NOTASSIGNED,&EM_PROPERTY_LIB;
30667     +        %put &EM_CODEBAR;
30668     +        %let ERROR1 = %sysfunc(sasmsg(sashelp.dmine, DATASOURCE.LIBRARY.NOTASSIGNED_ERR, NOQUOTE, &EM_PROPERTY_LIB));
30669     +        %put &ERROR1;
30670     +        %put &EM_CODEBAR;
30671     +        %goto quit;
30672     +    %end;
30674     +    *** ACCOUNT FOR DEFAULT NAME;                                           /* IN SOME CASES THIS IS BEING INITIALIZED AS " " */
30675     +                                                                            /* AND IN OTHERS AS "" */
30676     +    %if (%sysfunc(compress("&EM_PROPERTY_NAME"))="") %then %let EM_PROPERTY_NAME = em_save;
30678     +    *** CALL UTILITY MACROS TO SAVE SETS *************************************;
30680     +    %if ("&EM_PROPERTY_TYPE"="SAS7BDAT") %then %do;                         /* OUTPUT SAS DATA SET */
30681     +        %do _i=1 %to &_num_save_sets;
30682     +            %EM_SAVEXT_GET_VARS(&&_SAVE_ROLE&_i, &&_SAVE_SET&_i);           /* GET EXACT INPUT VARS FOR EACH INPUT SET */
30683     +            %if ("&EM_NUM_SAVEXT_VARS"= "0") %then %do;                     /* IF NO VARIABLES WERE SELECTED CONTINUE TO NEXT PARTITION */
30684     +                %put &EM_CODEBAR;                                           /* REALLY ONLY MATTERS FOR TRANSACTION DATA - OTHERWISE ALL PARTITIONS WILL HAVE SAME NUMBER OF VARS */
30685     +                %let WARNING = %sysfunc(sasmsg(sashelp.dmine, save_novars_warn, NOQUOTE, &EM_NUM_SAVEXT_VARS));
30686     +                %put &WARNING;
30687     +                %put &EM_CODEBAR;
30688     +                %goto continue_sas_loop;
30689     +            %end;
30690     +            %EM_SAVEXT_SAS(&&_SAVE_ROLE&_i, &&_SAVE_SET&_i);                /* CYCLE THROUGH SETS TO SAVE */
30691     +            %continue_sas_loop:
30692     +        %end;
30693     +    %end;
30694     +    %else %do;                                                              /* OUTPUT JMP, EXCEL 2007, CSV OR TAB TABLE */
30695     +        %do _i=1 %to &_num_save_sets;
30696     +            %EM_SAVEXT_GET_VARS(&&_SAVE_ROLE&_i, &&_SAVE_SET&_i);
30697     +            %if ("&EM_NUM_SAVEXT_VARS"= "0") %then %do;
30698     +                %put &EM_CODEBAR;
30699     +                %let WARNING = %sysfunc(sasmsg(sashelp.dmine, save_novars_warn, NOQUOTE, &EM_NUM_SAVEXT_VARS));
30700     +                %put &WARNING;
30701     +                %put &EM_CODEBAR;
30702     +                %goto continue_pxpt_loop;
30703     +            %end;
30704     +            %EM_SAVEXT_PXPT(&&_SAVE_ROLE&_i, &&_SAVE_SET&_i);
30705     +            %continue_pxpt_loop:
30706     +        %end;
30707     +    %end;
30709     +    *** OUTPUT ****************************************************************;
30711     +    %if %sysfunc(exist(_save_output_temp)) %then %do;
30713     +        %EM_GETNAME(key=SAVEOUT, type=DATA);
30715     +        *** SAVE OUTPUT DATA TO PROJECT;
30717     +        data &EM_USER_SAVEOUT;
30718     +            set _save_output_temp;
30719     +            label
30720     +                nobs="%sysfunc(sasmsg(sashelp.dmine, save_numobs_vlabel, NOQUOTE))"
30721     +                outnobs="%sysfunc(sasmsg(sashelp.dmine, save_numoutobs_vlabel, NOQUOTE))"
30722     +                vars="%sysfunc(sasmsg(sashelp.dmine, rpt_varcount_vlabel, NOQUOTE))"
30723     +                name="%sysfunc(sasmsg(sashelp.dmine, save_location_vlabel, NOQUOTE))"
30724     +                %if ("&EM_PROPERTY_TYPE"= "SAS7BDAT") %then %do;
30725     +                    lib= "%sysfunc(sasmsg(sashelp.dmine, rpt_datalib_vlabel, NOQUOTE))"
30726     +                %end;
30727     +                ;
30728     +        run;
30730     +        *** PRINT TO OUTPUT;
30732     +        title "%sysfunc(sasmsg(sashelp.dmine, save_results_title, NOQUOTE))";
30733     +        proc print data=&EM_USER_SAVEOUT label noobs; run;
30734     +        %EM_REPORT(key=SAVEOUT, viewtype=DATA, autodisplay=Y);
30735     +        title;
30737     +    %end;
30739     +    *** SAVE FORMATS **********************************************************;
30741     +    *** CHECK REPLACE CONSTRAINT FOR FORMATS;
30743     +    %if ((%sysfunc(cexist(&EM_PROPERTY_LIB..&EM_PROPERTY_NAME._FORMATS)) and
30744     +        "&EM_PROPERTY_TYPE"="SAS7BDAT") and
30745     +        ("&EM_PROPERTY_REPLACE"="N"))
30746     +            %then %do;
30747     +                %put &EM_CODEBAR;
30748     +                %let WARNING = %sysfunc(sasmsg(sashelp.dmine, save_nocats_warn, NOQUOTE));
30749     +                %put &WARNING;
30750     +                %put &EM_CODEBAR;
30751     +                %goto quit;
30752     +            %end;
30754     +    %if ((%sysfunc(fileexist(&EM_PROPERTY_DIRECTORYSELECTOR.&EM_DSEP.&EM_PROPERTY_NAME._FORMATS.xpt)) and
30755     +        "&EM_PROPERTY_TYPE" ne "SAS7BDAT") and
30756     +        ("&EM_PROPERTY_REPLACE"="N"))
30757     +           %then %do;
30758     +                %put &EM_CODEBAR;
30759     +                %let WARNING = %sysfunc(sasmsg(sashelp.dmine, save_nocats_warn, NOQUOTE));
30760     +                %put &WARNING;
30761     +                %put &EM_CODEBAR;
30762     +                %goto quit;
30763     +            %end;
30765     +    *** WRITE FORMAT CATALOGS OR TRANSPORT FILE TO ACCOMPANY SAVED DATA;
30766     +    *** CONTINGENT ON FORMATS EXISTING;
30767     +    *** PARSE NODE VARIABLE SET FOR FORMATS;
30769     +    %let _FORMAT_FLAG = 0;
30770     +    data _formats;
30771     +        length format $32; /* AVOID MERGE VARIABLE LENGTH WARNING */
30772     +        set &EM_DATA_VARIABLESET(keep=format where=(format ne '')) end=eof;
30773     +        format = tranwrd(format, '.', '');
30774     +        if indexc(format, '$') then fmttype = 'C';
30775     +        else fmttype = 'N';
30776     +        if eof then call symput('_FORMAT_FLAG',strip(put(1,1.)));
30777     +    run;
30778     +    %if (&_FORMAT_FLAG) %then %EM_SAVEXT_CATALOG(_formats);
30779     +    proc delete data=_formats; run;
30781     +    *** HOUSEKEEPING **********************************************************;
30783     +    %quit:
30785     +    %if ^(%sysfunc(libref(_em_save))) %then %do;
30786     +        libname &EM_PROPERTY_LIB clear;
30787     +    %end;
30789     +    %if (%sysfunc(exist(_save_output_temp))) %then %do;
30790     +        proc delete data=_save_output_temp; run;
30791     +    %end;
30793     +%mend EM_SAVEXT_TRAIN;
NOTE: %INCLUDE (level 1) ending.
MPRINT(EM_SAVEXT_MAIN):   filename _train;
NOTE: Fileref _TRAIN has been deassigned.
MPRINT(EM_SAVEXT_TRAIN):   *** IMPORT UTILITY MACROS;
MPRINT(EM_SAVEXT_TRAIN):   filename _savutil catalog 'sashelp.emutil.savext_macros.source';
NOTE: %INCLUDE (level 1) file _SAVUTIL is file SASHELP.EMUTIL.SAVEXT_MACROS.SOURCE.
30794     +*** UTILITY MACROS FOR EMSAVE NODE ********************************************;
MPRINT(EM_SAVEXT_TRAIN):   *** UTILITY MACROS FOR EMSAVE NODE ********************************************;
30796     +*** FUNCTIONALITY TO SAVE SAS DATA SETS ***************************************;
MPRINT(EM_SAVEXT_TRAIN):   *** FUNCTIONALITY TO SAVE SAS DATA SETS ***************************************;
30797     +*** CALLED BY EM_SAVEXT_TRAIN *************************************************;
MPRINT(EM_SAVEXT_TRAIN):   *** CALLED BY EM_SAVEXT_TRAIN *************************************************;
30799     +%macro EM_SAVEXT_SAS(_SAVE_ROLE, _SAVE_SET);
30801     +    *** CHECK SAS SET NAME LENGTH;
30803     +    %if %symexist(EM_SAVEXT_SAS_NAME_LENGTH) %then %do;
30804     +        %if ("&EM_SAVEXT_SAS_NAME_LENGTH"="") %then %let EM_SAVEXT_SAS_NAME_LENGTH=30;
30805     +    %end;
30806     +    %else %let EM_SAVEXT_SAS_NAME_LENGTH=30;                                /* 30 FOR OUTSIDE VENDOR LIBS */
30808     +    %if %eval((%length(&EM_PROPERTY_NAME._&_SAVE_ROLE)) > &EM_SAVEXT_SAS_NAME_LENGTH) %then %do;
30809     +        %put &EM_CODEBAR;
30810     +        %let WARNING = %sysfunc(sasmsg(sashelp.dmine, save_namelengthsas_warn, NOQUOTE, &EM_PROPERTY_NAME._&_SAVE_ROLE));
30811     +        %put &WARNING;
30812     +        %put &EM_CODEBAR;
30813     +        *** REVERTING TO DEFAULT NAME;
30814     +        %let EM_PROPERTY_NAME = em_save;
30815     +    %end;
30817     +    *** CHECK REPLACE CONSTRAINT FOR DATA SET;
30819     +    %if (%sysfunc(exist(&EM_PROPERTY_LIB..&EM_PROPERTY_NAME._&_SAVE_ROLE)) and
30820     +        ("&EM_PROPERTY_REPLACE"="N")) %then %do;
30821     +        %put &EM_CODEBAR;
30822     +        %let WARNING = %sysfunc(sasmsg(sashelp.dmine, save_replace_warn, NOQUOTE, &EM_PROPERTY_LIB..&EM_PROPERTY_NAME._&_SAVE_ROLE));
30823     +        %put &WARNING;
30824     +        %put &EM_CODEBAR;
30825     +        %goto quit;
30826     +    %end;
30828     +    *** WRITE SAVED DATA SET;
30830     +    %if ("&EM_PROPERTY_ALLOBS"="Y") %then %let EM_PROPERTY_OUTOBS=MAX;
30832     +    data &EM_PROPERTY_LIB..&EM_PROPERTY_NAME._&_SAVE_ROLE;
30833     +        set &_SAVE_SET (obs=&EM_PROPERTY_OUTOBS);
30834     +        keep %EM_SAVEXT_VARS;
30835     +    run;
30837     +    *** WRITE RESULTS *********************************************************;
30838     +    *** CONTINGENT ON SAVED FILE EXISTING *************************************;
30840     +    %let _dsid=%sysfunc(open(&_SAVE_SET));
30841     +    %if &_dsid %then %do;
30842     +        %let _SAVE_NOBS=%sysfunc(attrn(&_dsid, NLOBS));
30843     +        %let _rc=%sysfunc(close(&_dsid));
30844     +        %if %eval(&_SAVE_NOBS < 0) %then %do;
30845     +            proc sql noprint;
30846     +                select count(*) into: _SAVE_NOBS
30847     +                from &_SAVE_SET;
30848     +            ;
30849     +            quit;
30850     +        %end;
30851     +    %end;
30852     +    %else %do;
30853     +        %let EMEXCEPTIONSTRING=exception.server.IO.OPEN,&EM_PROPERTY_LIB..&EM_PROPERTY_NAME._&_SAVE_ROLE;
30854     +        %put &EM_CODEBAR;
30855     +        %let ERROR2 = %sysfunc(sasmsg(sashelp.dmine, IO.OPEN_ERR, NOQUOTE, &EM_PROPERTY_LIB..&EM_PROPERTY_NAME._&_SAVE_ROLE));
30856     +        %put &ERROR2;
30857     +        %put &EM_CODEBAR;
30858     +        %goto quit;
30859     +    %end;
30861     +    %if ("&EM_PROPERTY_OUTOBS" ne "MAX") %then %do;
30862     +        %if (%eval(&EM_PROPERTY_OUTOBS > &_SAVE_NOBS)) %then %let EM_PROPERTY_OUTOBS= MAX;
30863     +    %end;
30865     +    data _save_output_temp_record;
30866     +        length lib $20 name $255 nobs $20 outnobs $20 vars $20;
30867     +        vars=left("&EM_NUM_SAVEXT_VARS");
30868     +        outnobs=left("&EM_PROPERTY_OUTOBS");
30869     +        nobs=left("&_SAVE_NOBS");
30870     +        lib= left("&EM_PROPERTY_LIB");
30871     +        name=left("%sysfunc(pathname(&EM_PROPERTY_LIB))&EM_DSEP.&EM_PROPERTY_NAME._&_SAVE_ROLE..%lowcase(&EM_PROPERTY_TYPE)");
30872     +    run;
30874     +    proc append base=_save_output_temp data=_save_output_temp_record force; run; quit;
30875     +    proc delete data=_save_output_temp_record; run;
30877     +    *** HOUSEKEEPING **********************************************************;
30879     +    %quit:
30881     +    %if %symexist(_SAVE_NOBS) %then %do;
30882     +        data _null_;
30883     +            call symdel('_SAVE_NOBS', 'NOWARN');
30884     +        run;
30885     +    %end;
30887     +    %if %symexist(EM_NUM_SAVEXT_VARS) %then %do;
30888     +        data _null_;
30889     +            call symdel('EM_NUM_SAVEXT_VARS', 'NOWARN');
30890     +        run;
30891     +    %end;
30893     +%mend EM_SAVEXT_SAS;
30895     +*** FUNCTIONALITY TO SAVE NON-SAS FORMATS *************************************;
MPRINT(EM_SAVEXT_TRAIN):   *** FUNCTIONALITY TO SAVE NON-SAS FORMATS *************************************;
30896     +*** CALLED BY EM_SAVEXT_TRAIN *************************************************;
MPRINT(EM_SAVEXT_TRAIN):   *** CALLED BY EM_SAVEXT_TRAIN *************************************************;
30898     +%macro EM_SAVEXT_PXPT(_SAVE_ROLE, _SAVE_SET);
30900     +    *** ACCOUNT FOR DEFAULT DIR;
30902     +    %if ("&EM_PROPERTY_DIRECTORYSELECTOR" = "") %then %let EM_PROPERTY_DIRECTORYSELECTOR = %nrbquote(&EM_NODEDIR);
30904     +    *** CHECK JMP NAME LENGTH;
30906     +    %if %symexist(EM_SAVEXT_JMP_NAME_LENGTH) %then %do;
30907     +        %if ("&EM_SAVEXT_JMP_NAME_LENGTH"= "") %then %let EM_SAVEXT_JMP_NAME_LENGTH= 32;
30908     +    %end;
30909     +    %else %let EM_SAVEXT_JMP_NAME_LENGTH= 32;
30911     +    %if ("&EM_PROPERTY_TYPE"="JMP") %then %do;
30912     +        %if %eval((%length(&EM_PROPERTY_NAME._&_SAVE_ROLE)) > &EM_SAVEXT_JMP_NAME_LENGTH) %then %do;
30913     +            %put &EM_CODEBAR;
30914     +            %let WARNING= %sysfunc(sasmsg(sashelp.dmine, save_namelengthjmp_warn, NOQUOTE, &EM_PROPERTY_NAME._&_SAVE_ROLE));
30915     +            %put &WARNING;
30916     +            %put &EM_CODEBAR;
30917     +            *** REVERTING TO DEFAULT NAME;
30918     +            %let EM_PROPERTY_NAME = em_save;
30919     +        %end;
30920     +    %end;
30922     +    *** ESTABLISH FULL SAVE FILE NAME FOR USE BELOW;
30924     +    %let _OUT_FILE_NAME=&EM_PROPERTY_DIRECTORYSELECTOR.&EM_DSEP.&EM_PROPERTY_NAME._&_SAVE_ROLE..%lowcase(&EM_PROPERTY_TYPE);
30926     +    *** CHECK REPLACE CONSTRAINT;
30928     +    %if (%sysfunc(fileexist(&_OUT_FILE_NAME)) and ("&EM_PROPERTY_REPLACE"="N")) %then %do;
30929     +        %put &EM_CODEBAR;
30930     +        %let WARNING = %sysfunc(sasmsg(sashelp.dmine, save_replace_warn, NOQUOTE, &_OUT_FILE_NAME));
30931     +        %put &WARNING;
30932     +        %put &EM_CODEBAR;
30933     +        %goto quit;
30934     +    %end;
30935     +    %else %if (^%sysfunc(fileexist(&_OUT_FILE_NAME)) and ("&EM_PROPERTY_REPLACE"="N")) %then %do;
30936     +        %let _REPLACE= ;
30937     +    %end;
30938     +    %else %do;
30939     +        %let _REPLACE=replace;
30940     +    %end;
30942     +    *** EXCEL 2010 LIMITATIONS;
30943     +    *** CAN BE OVERRIDDEN BY STARTUP CODE;
30945     +    %if %symexist(_EXCEL_MAX_ROWS) %then %do;
30946     +        %if ("&_EXCEL_MAX_ROWS"= "") %then %let _EXCEL_MAX_ROWS= 1048575;
30947     +    %end;
30948     +    %else %let _EXCEL_MAX_ROWS= 1048575;
30950     +    %if %symexist(_EXCEL_MAX_COLS) %then %do;
30951     +        %if ("&_EXCEL_MAX_COLS"="") %then %let _EXCEL_MAX_COLS= 16384;
30952     +    %end;
30953     +    %else %let _EXCEL_MAX_COLS=16384;
30955     +    *** GET INFO FOR EXCEL FILE SIZE LIMITATIONS AND OUTPUT;
30957     +    %let _dsid=%sysfunc(open(&_SAVE_SET));
30958     +    %if &_dsid %then %do;
30959     +        %let _SAVE_NOBS=%sysfunc(attrn(&_dsid, NLOBS));
30960     +        %let _rc=%sysfunc(close(&_dsid));
30961     +        %if %eval(&_SAVE_NOBS < 0) %then %do;
30962     +            proc sql noprint;
30963     +                select count(*) into: _SAVE_NOBS
30964     +                from &_SAVE_SET;
30965     +                ;
30966     +            quit;
30967     +        %end;
30968     +    %end;
30969     +    %else %do;
30970     +        %let EMEXCEPTIONSTRING=exception.server.IO.OPEN,&_SAVE_SET;
30971     +        %put &EM_CODEBAR;
30972     +        %let ERROR3 = %sysfunc(sasmsg(sashelp.dmine, IO.OPEN_ERR, NOQUOTE, &_SAVE_SET));
30973     +        %put &ERROR3;
30974     +        %put &EM_CODEBAR;
30975     +        %goto quit;
30976     +    %end;
30978     +    *** CHECK EXCEL FILE SIZE;
30980     +    %if ("&EM_PROPERTY_TYPE"="XLSX") and (%eval(&_SAVE_NOBS > &_EXCEL_MAX_ROWS) or %eval(&EM_NUM_SAVEXT_VARS > &_EXCEL_MAX_COLS)) %then %do;
30981     +        %put &EM_CODEBAR;
30982     +        %let WARNING = %sysfunc(sasmsg(sashelp.dmine, save_excel_limit_warn, NOQUOTE, &_SAVE_SET));
30983     +        %put &WARNING;
30984     +        %put &EM_CODEBAR;
30985     +    %end;
30987     +    *** EXECUTE EXPORT ********************************************************;
30988     +    *** VIEW USED TO AVOID EMPTY COLUMNS IN EXPORTED TAB AND CSV FILES ********;
30990     +    %if ("&EM_PROPERTY_ALLOBS"="Y") %then %let EM_PROPERTY_OUTOBS=MAX;      /* OTHERWISE ONLY EM_PROPERTY_OUTOBS WILL BE WRITTEN */
30992     +    %if ("&EM_PROPERTY_OUTOBS" ne "MAX") %then %do;
30993     +        %if (%eval(&EM_PROPERTY_OUTOBS > &_SAVE_NOBS)) %then %let EM_PROPERTY_OUTOBS= MAX;
30994     +    %end;
30996     +    %if ("&EM_PROPERTY_TYPE"="TXT" or "&EM_PROPERTY_TYPE"="CSV") %then %do;
30998     +        *** SPECIAL CONDITION FOR TAB PROPERTY;
31000     +        %if ("&EM_PROPERTY_TYPE"="TXT") %then %let EM_PROPERTY_TYPE=tab;
31002     +        data _temp_save_view /view=_temp_save_view;
31003     +            set &_SAVE_SET;
31004     +            keep %EM_SAVEXT_VARS;
31005     +        run;
31007     +        %let SYSCC=0;
31008     +        proc export data=_temp_save_view(obs=&EM_PROPERTY_OUTOBS) outfile="&_OUT_FILE_NAME" &_REPLACE dbms=&EM_PROPERTY_TYPE;
31009     +        run;
31010     +        quit;
31012     +    %end;
31013     +    %else %do;
31015     +        %let SYSCC=0;
31016     +        proc export data=&_SAVE_SET(obs=&EM_PROPERTY_OUTOBS keep=%EM_SAVEXT_VARS) outfile="&_OUT_FILE_NAME" &_REPLACE dbms=&EM_PROPERTY_TYPE;
31017     +        run;
31018     +        quit;
31020     +    %end;
31022     +    %if (^&SYSCC=0) %then %do;
31023     +        %let EMEXCEPTIONSTRING=exception.server.IO.CREATE,&_OUT_FILE_NAME;
31024     +        %put &EM_CODEBAR;
31025     +        %let ERROR4 = %sysfunc(sasmsg(sashelp.dmine, IO.CREATE_ERR, NOQUOTE, &_OUT_FILE_NAME));
31026     +        %put &ERROR4;
31027     +        %put &EM_CODEBAR;
31028     +        %goto quit;
31029     +    %end;
31031     +    *** WRITE RESULTS *********************************************************;
31032     +    *** CONTINGENT ON SAVED FILE EXISTING *************************************;
31034     +    %if %sysfunc(fileexist(&_OUT_FILE_NAME)) %then %do;
31035     +        data _save_output_temp_record;
31036     +            length name $255 nobs $20 outnobs $20 vars $20;
31037     +            vars=left("&EM_NUM_SAVEXT_VARS");
31038     +            outnobs=left("&EM_PROPERTY_OUTOBS");
31039     +            nobs=left("&_SAVE_NOBS");
31040     +            name=left("&_OUT_FILE_NAME");
31041     +        run;
31042     +        proc append base=_save_output_temp data=_save_output_temp_record force; run; quit;
31043     +        proc delete data=_save_output_temp_record; run;
31044     +    %end;
31045     +    %else %do;
31046     +        %let EMEXCEPTIONSTRING=exception.server.IO.CANTREADFILE,&_OUT_FILE_NAME;
31047     +        %put &EM_CODEBAR;
31048     +        %let ERROR5 = %sysfunc(sasmsg(sashelp.dmine, IO.CANTREADFILE_ERR, NOQUOTE, &_OUT_FILE_NAME));
31049     +        %put &ERROR5;
31050     +        %put &EM_CODEBAR;
31051     +        %goto quit;
31052     +    %end;
31054     +    *** HOUSEKEEPING **********************************************************;
31056     +    %quit:
31058     +    %if ("&EM_PROPERTY_TYPE"="tab") %then %let EM_PROPERTY_TYPE=TXT;
31060     +    %if %sysfunc(exist(_temp_save_view, VIEW)) %then %do;
31061     +        proc datasets lib=work memtype=view nolist;
31062     +            delete _temp_save_view;
31063     +        run;
31064     +        quit;
31065     +    %end;
31067     +    %if %symexist(_SAVE_NOBS) %then %do;
31068     +        data _null_;
31069     +            call symdel('_SAVE_NOBS', 'NOWARN');
31070     +        run;
31071     +    %end;
31073     +    %if %symexist(EM_NUM_SAVEXT_VARS) %then %do;
31074     +        data _null_;
31075     +            call symdel('EM_NUM_SAVEXT_VARS', 'NOWARN');
31076     +        run;
31077     +    %end;
31079     +%mend EM_SAVEXT_PXPT;
31081     +*** SAVES SAS CATALOGS FOR OUTPUT DATA SETS ***********************************;
MPRINT(EM_SAVEXT_TRAIN):   *** SAVES SAS CATALOGS FOR OUTPUT DATA SETS ***********************************;
31082     +*** CALLED BY EM_SAVEXT_TRAIN *************************************************;
MPRINT(EM_SAVEXT_TRAIN):   *** CALLED BY EM_SAVEXT_TRAIN *************************************************;
31084     +%macro EM_SAVEXT_CATALOG(_FORMATS);
31086     +    *** SORT AND REMOVE DUPLICATES;
31088     +    proc sort data=&_FORMATS nodupkey;
31089     +        by format;
31090     +    run;
31091     +    quit;
31093     +    *** RETRIEVE FORMAT LOCATION INFO AND ASSIGNED CATALOGS IN ACTIVE SESSION;
31095     +    proc sort data=sashelp.vformat(keep=fmtname libname memname where=(libname ne '' and memname ne ''))
31096     +        out=_formats2(rename=(fmtname=format));
31097     +        by fmtname;
31098     +    run;
31099     +    quit;
31101     +    *** MERGE SAS FORMATS WITH LOCATION;
31103     +    data &_FORMATS;
31104     +        merge &_FORMATS(in=_a) _formats2(in=_b);
31105     +        by format;
31106     +        if _a and _b then output;
31107     +    run;
31109     +    *** IF &_FORMATS IS EMPTY AFTER MERGE THEN NO FORMATS BELONG TO THE SAVED SET;
31111     +    proc contents data=&_FORMATS out=_formats_content_temp noprint; run;
31112     +    data _null_;
31113     +        set _formats_content_temp (obs=1);
31114     +        if nobs > 0 then call symput('_USER_FORMATS_FLAG','1');
31115     +        else call symput('_USER_FORMATS_FLAG','0');
31116     +    run;
31117     +    %if (^&_USER_FORMATS_FLAG) %then %do;
31118     +        %put &EM_CODEBAR;
31119     +        %let WARNING = %sysfunc(sasmsg(sashelp.dmine, save_nocats_warn, NOQUOTE));
31120     +        %put &WARNING;
31121     +        %put &EM_CODEBAR;
31122     +        %goto quit;
31123     +    %end;
31125     +    *** SAVE FORMATS AS CATALOG OR TRANSPORT FORMAT;
31127     +    proc sort data=&_FORMATS;
31128     +        by libname memname;
31129     +    run;
31130     +    quit;
31132     +    *** WRITING CATALOG IN WORK AVOIDS OVERWRITING SAS CATALOG;
31133     +    *** FOR CASE REPLACE=N, TYPE ne SAS7BDAT;
31135     +    data _null_;
31136     +        set &_FORMATS end=eof;
31137     +        by libname memname;
31138     +        if first.libname or first.memname then do;
31139     +            call execute('proc catalog cat='|| strip(libname)||'.'||strip(memname)||';');
31140     +            call execute('copy out=work.&EM_PROPERTY_NAME._FORMATS et=format ;');
31141     +            call execute('select ');
31142     +        end;
31143     +        if strip(fmttype) eq 'C' then do;
31144     +            call execute(' '||strip(tranwrd(format, '$', ''))||'.formatc');
31145     +        end;
31146     +        else call execute(' '||strip(format)||'.format');
31147     +        if last.libname or last.memname then do;
31148     +            call execute(';');
31149     +            call execute('run;');
31150     +        end;
31151     +        if eof then call execute('quit;');
31152     +    run;
31154     +    %if ("&EM_PROPERTY_TYPE" = "SAS7BDAT") %then %do;
31155     +        proc copy in=work out=&EM_PROPERTY_LIB; select &EM_PROPERTY_NAME._FORMATS; run; quit;
31156     +    %end;
31157     +    %else %do;
31158     +        proc cport cat=work.&EM_PROPERTY_NAME._formats file="&EM_PROPERTY_DIRECTORYSELECTOR.&EM_DSEP.&EM_PROPERTY_NAME._FORMATS.xpt"; run;
31159     +    %end;
31161     +    *** HOUSEKEEPING **********************************************************;
31163     +    proc datasets lib=work memtype=catalog nolist;
31164     +        delete &EM_PROPERTY_NAME._FORMATS;
31165     +    run;
31166     +    quit;
31168     +    %quit:
31170     +    proc delete data=_formats_content_temp; run;
31171     +    proc delete data=_formats2; run;
31173     +%mend EM_SAVEXT_CATALOG;
31175     +*** FIND VARIABLES TO KEEP ****************************************************;
MPRINT(EM_SAVEXT_TRAIN):   *** FIND VARIABLES TO KEEP ****************************************************;
31176     +*** CALLED BY EM_SAVEXT_TRAIN *************************************************;
MPRINT(EM_SAVEXT_TRAIN):   *** CALLED BY EM_SAVEXT_TRAIN *************************************************;
31178     +%macro EM_SAVEXT_GET_VARS(_SAVE_ROLE, _SAVE_SET);
31180     +    %if("%sysfunc(strip(%upcase(&_SAVE_ROLE)))" ne "TRANSACTION") %then %do;
31182     +        *** COMPARE INPUT SET AND NODE VARIABLE SET TO GET THE EXACT VARIABLES TO EXPORT;
31184     +        proc contents data=&_SAVE_SET out=_input_vars(keep=name) noprint; run;
31185     +        proc sort data=_input_vars; by name; run;
31187     +        *** EXCLUDE REJECTED OR UNUSED VARIABLES;
31189     +        proc sort data=&EM_DATA_VARIABLESET
31190     +            (where=(use='Y' or (use='D' and role ne 'REJECTED'))) out=_train_vars(keep=name);
31191     +            by name;
31192     +        run;
31194     +        data _em_savext_vars;
31195     +            merge _input_vars(in=_a) _train_vars(in=_b);
31196     +            by name;
31197     +            keep name;
31198     +            if _a and _b then output;
31199     +        run;
31201     +        *** CREATE VARIABLE AND NUMBER MACROS FOR EACH INPUT SET;
31203     +        %em_varMacro(name=EM_SAVEXT_VARS, metadata=_em_savext_vars, key=name, nummacro=EM_NUM_SAVEXT_VARS);
31205     +        *** HOUSEKEEPING;
31207     +        proc delete data=_input_vars; run;
31208     +        proc delete data=_train_vars; run;
31209     +        proc delete data=_em_savext_vars; run;
31211     +    %end;
31212     +    %else %do; /* TRANSCATION TABLE VARIABLES ARE NOT LISTED IN THE TRAINING VARIABLE SET */
31214     +        proc contents data=&_SAVE_SET out=_em_savext_vars(keep=name) noprint; run;
31215     +        %em_varMacro(name=EM_SAVEXT_VARS, metadata=_em_savext_vars, key=name, nummacro=EM_NUM_SAVEXT_VARS);
31216     +        proc delete data=_em_savext_vars; run;
31218     +    %end;
31220     +%mend EM_SAVEXT_GET_VARS;
31222     +*** CHECKS IF A SET OR VIEW EXISTS ********************************************;
MPRINT(EM_SAVEXT_TRAIN):   *** CHECKS IF A SET OR VIEW EXISTS ********************************************;
31223     +*** CALLED BY EM_SAVEXT_TRAIN *************************************************;
MPRINT(EM_SAVEXT_TRAIN):   *** CALLED BY EM_SAVEXT_TRAIN *************************************************;
31225     +%macro EM_SAVEXT_SET_EXISTS(_DATASET);
31227     +    %if (%sysfunc(exist(&_DATASET)) or
31228     +        %sysfunc(exist(&_DATASET, VIEW))) and
31229     +        "&_DATASET" ne "" %then %do;
31230     +            %let _rc=1;
31231     +    %end;
31232     +    %else %do;
31233     +            %let _rc=0;
31234     +    %end;
31236     +    &_rc.
31238     +%mend EM_SAVEXT_SET_EXISTS;
31240     +*** REGISTERS SETS INTO MACRO VARIABLE ARRAY USED IN SAVING PROCESS ***********;
MPRINT(EM_SAVEXT_TRAIN):   *** REGISTERS SETS INTO MACRO VARIABLE ARRAY USED IN SAVING PROCESS ***********;
31241     +*** CALLED BY EM_SAVEXT_TRAIN *************************************************;
MPRINT(EM_SAVEXT_TRAIN):   *** CALLED BY EM_SAVEXT_TRAIN *************************************************;
31243     +%macro EM_SAVEXT_REGISTER(_DATASET, _ROLE, _i);
31245     +    _save_set="&_DATASET";
31246     +    _save_role="&_ROLE";
31247     +    _save_set_index=cats('_save_set', strip(put(&_i,1.)));
31248     +    _save_role_index=cats('_save_role', strip(put(&_i,1.)));
31249     +    call symput(_save_set_index, _save_set);
31250     +    call symput(_save_role_index, _save_role);
31252     +%mend EM_SAVEXT_REGISTER;
NOTE: %INCLUDE (level 1) ending.
MPRINT(EM_SAVEXT_TRAIN):   filename _savutil;
NOTE: Fileref _SAVUTIL has been deassigned.
MPRINT(EM_SAVEXT_TRAIN):   *** CHECK FOR IMPORT DATA SOURCES WITHOUT READING PROJECT SETS ************;
MPRINT(EM_SAVEXT_TRAIN):   *** POPULATE MACRO ARRAY TO HOLD ONLY EXISTING AND REQUESTED PARTITIONS ***;
MPRINT(EM_SAVEXT_TRAIN):   *** GET NUMBER OF EXISTING AND REQUESTED PARTITIONS ***********************;
MPRINT(EM_SAVEXT_TRAIN):   data _null_;
MPRINT(EM_SAVEXT_TRAIN):   length _save_set $50 _save_role $20 _save_set_index $12 _save_role_index $14 _i 3;
MPRINT(EM_SAVEXT_TRAIN):   _i=0;
MPRINT(EM_SAVEXT_TRAIN):   *** TRAIN;
MPRINT(EM_SAVEXT_TRAIN):   _i=_i+1;
MPRINT(EM_SAVEXT_REGISTER):   _save_set="EMWS1.FIMPORT_train";
MPRINT(EM_SAVEXT_REGISTER):   _save_role="TRAIN";
MPRINT(EM_SAVEXT_REGISTER):   _save_set_index=cats('_save_set', strip(put(_i,1.)));
MPRINT(EM_SAVEXT_REGISTER):   _save_role_index=cats('_save_role', strip(put(_i,1.)));
MPRINT(EM_SAVEXT_REGISTER):   call symput(_save_set_index, _save_set);
MPRINT(EM_SAVEXT_REGISTER):   call symput(_save_role_index, _save_role);
MPRINT(EM_SAVEXT_TRAIN):  ;
MPRINT(EM_SAVEXT_TRAIN):   *** VALIDATE;
MPRINT(EM_SAVEXT_TRAIN):   *** TEST;
MPRINT(EM_SAVEXT_TRAIN):   *** SCORE;
MPRINT(EM_SAVEXT_TRAIN):   *** TRANSACTION;
MPRINT(EM_SAVEXT_TRAIN):   *** ESTABLISH NUMBER OF SETS TO SAVE;
MPRINT(EM_SAVEXT_TRAIN):   call symput('_NUM_SAVE_SETS', strip(put(_i,1.)));
MPRINT(EM_SAVEXT_TRAIN):   run;

NOTE: DATA statement used (Total process time):
      real time           0.00 seconds
      cpu time            0.00 seconds
      

MPRINT(EM_SAVEXT_TRAIN):   *** EXIT IF NO PARTITIONS TO SAVE;
MPRINT(EM_SAVEXT_TRAIN):   *** FOR FILE PREFIXES CONTAINING PROBLEMATIC CHARACTERS;
MPRINT(EM_SAVEXT_TRAIN):   *** REVERT TO DEFAULT NAME;
MPRINT(EM_SAVEXT_TRAIN):   *** ACCOUNT FOR LIB ISSUES;
MPRINT(EM_SAVEXT_TRAIN):   *** CHECK FOR EXISTING LIB;
MPRINT(EM_SAVEXT_TRAIN):   *** ACCOUNT FOR DEFAULT NAME;
MPRINT(EM_SAVEXT_TRAIN):   *** CALL UTILITY MACROS TO SAVE SETS *************************************;
MPRINT(EM_SAVEXT_GET_VARS):   *** COMPARE INPUT SET AND NODE VARIABLE SET TO GET THE EXACT VARIABLES TO EXPORT;
MPRINT(EM_SAVEXT_GET_VARS):   proc contents data=EMWS1.FIMPORT_train out=_input_vars(keep=name) noprint;
MPRINT(EM_SAVEXT_GET_VARS):   run;

NOTE: The data set WORK._INPUT_VARS has 22 observations and 1 variables.
NOTE: PROCEDURE CONTENTS used (Total process time):
      real time           0.08 seconds
      cpu time            0.09 seconds
      

MPRINT(EM_SAVEXT_GET_VARS):   proc sort data=_input_vars;
MPRINT(EM_SAVEXT_GET_VARS):   by name;
MPRINT(EM_SAVEXT_GET_VARS):   run;

NOTE: There were 22 observations read from the data set WORK._INPUT_VARS.
NOTE: The data set WORK._INPUT_VARS has 22 observations and 1 variables.
NOTE: PROCEDURE SORT used (Total process time):
      real time           0.02 seconds
      cpu time            0.03 seconds
      

MPRINT(EM_SAVEXT_GET_VARS):   *** EXCLUDE REJECTED OR UNUSED VARIABLES;
MPRINT(EM_SAVEXT_GET_VARS):   proc sort data=EMWS1.EMSave2_VariableSet (where=(use='Y' or (use='D' and role ne 'REJECTED'))) out=_train_vars(keep=name);
MPRINT(EM_SAVEXT_GET_VARS):   by name;
MPRINT(EM_SAVEXT_GET_VARS):   run;

NOTE: There were 22 observations read from the data set EMWS1.EMSAVE2_VARIABLESET.
      WHERE (use='Y') or ((use='D') and (role not = 'REJECTED'));
NOTE: The data set WORK._TRAIN_VARS has 22 observations and 1 variables.
NOTE: PROCEDURE SORT used (Total process time):
      real time           0.02 seconds
      cpu time            0.03 seconds
      

MPRINT(EM_SAVEXT_GET_VARS):   data _em_savext_vars;
MPRINT(EM_SAVEXT_GET_VARS):   merge _input_vars(in=_a) _train_vars(in=_b);
MPRINT(EM_SAVEXT_GET_VARS):   by name;
MPRINT(EM_SAVEXT_GET_VARS):   keep name;
MPRINT(EM_SAVEXT_GET_VARS):   if _a and _b then output;
MPRINT(EM_SAVEXT_GET_VARS):   run;

WARNING: Multiple lengths were specified for the BY variable NAME by input data sets. This might cause unexpected results.
NOTE: There were 22 observations read from the data set WORK._INPUT_VARS.
NOTE: There were 22 observations read from the data set WORK._TRAIN_VARS.
NOTE: The data set WORK._EM_SAVEXT_VARS has 22 observations and 1 variables.
NOTE: DATA statement used (Total process time):
      real time           0.02 seconds
      cpu time            0.03 seconds
      

MPRINT(EM_SAVEXT_GET_VARS):   *** CREATE VARIABLE AND NUMBER MACROS FOR EACH INPUT SET;
MPRINT(EM_VARMACRO):   filename macFile catalog 'work.emutil.macro.source';
MPRINT(EM_VARMACRO):   data _null_;
MPRINT(EM_VARMACRO):   length _STRING_ $80;
MPRINT(EM_VARMACRO):   retain _STRING_ '' maxvar 0;
MPRINT(EM_VARMACRO):   set _em_savext_vars end=eof;
MPRINT(EM_VARMACRO):   file macFile;
MPRINT(EM_VARMACRO):   if _N_=1 then do;
MPRINT(EM_VARMACRO):   string = "%"!!"macro EM_SAVEXT_VARS;";
MPRINT(EM_VARMACRO):   put string;
MPRINT(EM_VARMACRO):   end;
MPRINT(EM_VARMACRO):   maxvar +1;
MPRINT(EM_VARMACRO):   if (length(_STRING_) + length(trim(name))+ 4 < 80) then do;
MPRINT(EM_VARMACRO):   _STRING_ = trim(_STRING_)!!' "'!!trim(name)!!'"n';
MPRINT(EM_VARMACRO):   if eof then do;
MPRINT(EM_VARMACRO):   put _STRING_;
MPRINT(EM_VARMACRO):   string = "%"!!"mend EM_SAVEXT_VARS;";
MPRINT(EM_VARMACRO):   put string;
MPRINT(EM_VARMACRO):   string = strip(put(_N_, best.));
MPRINT(EM_VARMACRO):   call symput('_METAOBS', string);
MPRINT(EM_VARMACRO):   put "%" "global EM_NUM_SAVEXT_VARS;";
MPRINT(EM_VARMACRO):   put "%" "let EM_NUM_SAVEXT_VARS = " string ";";
MPRINT(EM_VARMACRO):   stop;
MPRINT(EM_VARMACRO):   end;
MPRINT(EM_VARMACRO):   end;
MPRINT(EM_VARMACRO):   else do;
MPRINT(EM_VARMACRO):   put _STRING_;
MPRINT(EM_VARMACRO):   _string_ = '"'!!TRIM(name)!!'"n';
MPRINT(EM_VARMACRO):   if eof then do;
MPRINT(EM_VARMACRO):   put _STRING_;
MPRINT(EM_VARMACRO):   string = "%"!!"mend EM_SAVEXT_VARS;";
MPRINT(EM_VARMACRO):   put string;
MPRINT(EM_VARMACRO):   end;
MPRINT(EM_VARMACRO):   end;
MPRINT(EM_VARMACRO):   if eof then do;
MPRINT(EM_VARMACRO):   string = strip(put(_N_, best.));
MPRINT(EM_VARMACRO):   call symput('_METAOBS', string);
MPRINT(EM_VARMACRO):   put "%" "global EM_NUM_SAVEXT_VARS;";
MPRINT(EM_VARMACRO):   put "%" "let EM_NUM_SAVEXT_VARS = " string ";";
MPRINT(EM_VARMACRO):   stop;
MPRINT(EM_VARMACRO):   end;
MPRINT(EM_VARMACRO):   run;

NOTE: The file MACFILE is:
      Catalog Name=WORK.EMUTIL.MACRO.SOURCE,
      Catalog Page Size=4096,
      Number of Catalog Pages=4,
      Created=Mon, Mar  4, 2024 11:18:39 AM,
      Last Modified=Mon, Mar  4, 2024 11:18:39 AM,
      Filename=C:\Users\shre2\AppData\Local\Temp\SAS Temporary Files\_TD7260_NUTVDIWIN104-02_\Prc2\emutil.sas7bcat,
      Release Created=9.0401M7,
      Host Created=X64_10PRO,Owner Name=UISAD\shre2,
      File Size=             5KB,
      File Size (bytes)=5120

NOTE: 8 records were written to the file MACFILE.
      The minimum record length was 21.
      The maximum record length was 79.
NOTE: There were 22 observations read from the data set WORK._EM_SAVEXT_VARS.
NOTE: DATA statement used (Total process time):
      real time           0.02 seconds
      cpu time            0.03 seconds
      

NOTE: %INCLUDE (level 1) file MACFILE is file WORK.EMUTIL.MACRO.SOURCE.
31258     +%macro EM_SAVEXT_VARS;
31259     +"Age"n "AnyHealthcare"n "BMI"n "CholCheck"n "Diabetes_Prediction"n
31260     +"DiffWalk"n "Education"n "Fruits"n "GenHlth"n "HeartDiseaseorAttack"n "HighBP"n
31261     +"HighChol"n "HvyAlcoholConsump"n "Income"n "MentHlth"n "NoDocbcCost"n
31262     +"PhysActivity"n "PhysHlth"n "Sex"n "Smoker"n "Stroke"n "Veggies"n
31263     +%mend EM_SAVEXT_VARS;
31264     +%global EM_NUM_SAVEXT_VARS;
31265     +%let EM_NUM_SAVEXT_VARS = 22 ;
NOTE: %INCLUDE (level 1) ending.
MPRINT(EM_VARMACRO):   filename macFile;
NOTE: Fileref MACFILE has been deassigned.
MPRINT(EM_SAVEXT_GET_VARS):  ;
MPRINT(EM_SAVEXT_GET_VARS):   *** HOUSEKEEPING;
MPRINT(EM_SAVEXT_GET_VARS):   proc delete data=_input_vars;
MPRINT(EM_SAVEXT_GET_VARS):   run;

NOTE: Deleting WORK._INPUT_VARS (memtype=DATA).
NOTE: PROCEDURE DELETE used (Total process time):
      real time           0.00 seconds
      cpu time            0.00 seconds
      

MPRINT(EM_SAVEXT_GET_VARS):   proc delete data=_train_vars;
MPRINT(EM_SAVEXT_GET_VARS):   run;

NOTE: Deleting WORK._TRAIN_VARS (memtype=DATA).
NOTE: PROCEDURE DELETE used (Total process time):
      real time           0.01 seconds
      cpu time            0.00 seconds
      

MPRINT(EM_SAVEXT_GET_VARS):   proc delete data=_em_savext_vars;
MPRINT(EM_SAVEXT_GET_VARS):   run;

NOTE: Deleting WORK._EM_SAVEXT_VARS (memtype=DATA).
NOTE: PROCEDURE DELETE used (Total process time):
      real time           0.00 seconds
      cpu time            0.00 seconds
      

MPRINT(EM_SAVEXT_TRAIN):  ;
MPRINT(EM_SAVEXT_SAS):   *** CHECK SAS SET NAME LENGTH;
MPRINT(EM_SAVEXT_SAS):   *** CHECK REPLACE CONSTRAINT FOR DATA SET;
MPRINT(EM_SAVEXT_SAS):   *** WRITE SAVED DATA SET;
MPRINT(EM_SAVEXT_SAS):   data ZETADATA.ZDiabestes_TRAIN;
MPRINT(EM_SAVEXT_SAS):   set EMWS1.FIMPORT_train (obs=MAX);
MPRINT(EM_SAVEXT_SAS):   keep
MPRINT(EM_SAVEXT_VARS):   "Age"n "AnyHealthcare"n "BMI"n "CholCheck"n "Diabetes_Prediction"n "DiffWalk"n "Education"n "Fruits"n "GenHlth"n "HeartDiseaseorAttack"n "HighBP"n "HighChol"n "HvyAlcoholConsump"n "Income"n "MentHlth"n "NoDocbcCost"n 
"PhysActivity"n "PhysHlth"n "Sex"n "Smoker"n
MPRINT(EM_SAVEXT_SAS):   "Stroke"n "Veggies"n;
MPRINT(EM_SAVEXT_SAS):   run;

NOTE: View EMWS1.FIMPORT_TRAIN.VIEW used (Total process time):
      real time           0.67 seconds
      cpu time            0.24 seconds
      
NOTE: There were 250716 observations read from the data set EMWS1.FIMPORT_DATA.
NOTE: There were 250716 observations read from the data set EMWS1.FIMPORT_TRAIN.
NOTE: The data set ZETADATA.ZDIABESTES_TRAIN has 250716 observations and 22 variables.
NOTE: DATA statement used (Total process time):
      real time           1.17 seconds
      cpu time            0.35 seconds
      

MPRINT(EM_SAVEXT_SAS):   *** WRITE RESULTS *********************************************************;
MPRINT(EM_SAVEXT_SAS):   *** CONTINGENT ON SAVED FILE EXISTING *************************************;
MPRINT(EM_SAVEXT_SAS):   proc sql noprint;
MPRINT(EM_SAVEXT_SAS):   select count(*) into: _SAVE_NOBS from EMWS1.FIMPORT_train;
NOTE: View EMWS1.FIMPORT_TRAIN.VIEW used (Total process time):
      real time           0.15 seconds
      cpu time            0.15 seconds
      
NOTE: There were 250716 observations read from the data set EMWS1.FIMPORT_DATA.
MPRINT(EM_SAVEXT_SAS):   ;
MPRINT(EM_SAVEXT_SAS):   quit;
NOTE: PROCEDURE SQL used (Total process time):
      real time           0.16 seconds
      cpu time            0.17 seconds
      

MPRINT(EM_SAVEXT_SAS):   data _save_output_temp_record;
MPRINT(EM_SAVEXT_SAS):   length lib $20 name $255 nobs $20 outnobs $20 vars $20;
MPRINT(EM_SAVEXT_SAS):   vars=left("22");
MPRINT(EM_SAVEXT_SAS):   outnobs=left("MAX");
MPRINT(EM_SAVEXT_SAS):   nobs=left("  250716");
MPRINT(EM_SAVEXT_SAS):   lib= left("ZETADATA");
MPRINT(EM_SAVEXT_SAS):   name=left(
MPRINT(EM_SAVEXT_SAS):  "\\uisnutvdiprof1a\redirected$\shre2\Documents\SV.SAS EM Assignments\SV.PredictiveAnalysis\ZDiabestes_TRAIN.sas7bdat");
MPRINT(EM_SAVEXT_SAS):   run;

NOTE: The data set WORK._SAVE_OUTPUT_TEMP_RECORD has 1 observations and 5 variables.
NOTE: DATA statement used (Total process time):
      real time           0.01 seconds
      cpu time            0.01 seconds
      

MPRINT(EM_SAVEXT_SAS):   proc append base=_save_output_temp data=_save_output_temp_record force;
MPRINT(EM_SAVEXT_SAS):   run;

NOTE: Appending WORK._SAVE_OUTPUT_TEMP_RECORD to WORK._SAVE_OUTPUT_TEMP.
NOTE: BASE data set does not exist. DATA file is being copied to BASE file.
NOTE: There were 1 observations read from the data set WORK._SAVE_OUTPUT_TEMP_RECORD.
NOTE: The data set WORK._SAVE_OUTPUT_TEMP has 1 observations and 5 variables.
NOTE: PROCEDURE APPEND used (Total process time):
      real time           0.02 seconds
      cpu time            0.03 seconds
      

MPRINT(EM_SAVEXT_SAS):   quit;
MPRINT(EM_SAVEXT_SAS):   proc delete data=_save_output_temp_record;
MPRINT(EM_SAVEXT_SAS):   run;

NOTE: Deleting WORK._SAVE_OUTPUT_TEMP_RECORD (memtype=DATA).
NOTE: PROCEDURE DELETE used (Total process time):
      real time           0.00 seconds
      cpu time            0.00 seconds
      

MPRINT(EM_SAVEXT_SAS):   *** HOUSEKEEPING **********************************************************;
MPRINT(EM_SAVEXT_SAS):   data _null_;
MPRINT(EM_SAVEXT_SAS):   call symdel('_SAVE_NOBS', 'NOWARN');
MPRINT(EM_SAVEXT_SAS):   run;

NOTE: DATA statement used (Total process time):
      real time           0.01 seconds
      cpu time            0.01 seconds
      

MPRINT(EM_SAVEXT_SAS):   data _null_;
MPRINT(EM_SAVEXT_SAS):   call symdel('EM_NUM_SAVEXT_VARS', 'NOWARN');
MPRINT(EM_SAVEXT_SAS):   run;

NOTE: DATA statement used (Total process time):
      real time           0.00 seconds
      cpu time            0.00 seconds
      

MPRINT(EM_SAVEXT_TRAIN):  ;
MPRINT(EM_SAVEXT_TRAIN):   *** OUTPUT ****************************************************************;
MPRINT(EM_SAVEXT_TRAIN):  ;
MPRINT(EM_SAVEXT_TRAIN):   *** SAVE OUTPUT DATA TO PROJECT;
MPRINT(EM_SAVEXT_TRAIN):   data EMWS1.EMSave2_SAVEOUT;
MPRINT(EM_SAVEXT_TRAIN):   set _save_output_temp;
MPRINT(EM_SAVEXT_TRAIN):   label nobs= "Total Observations" outnobs= "Saved Observations" vars= "Number of Variables" name= "Output Location" lib= "Data Library" ;
MPRINT(EM_SAVEXT_TRAIN):   run;

NOTE: There were 1 observations read from the data set WORK._SAVE_OUTPUT_TEMP.
NOTE: The data set EMWS1.EMSAVE2_SAVEOUT has 1 observations and 5 variables.
NOTE: DATA statement used (Total process time):
      real time           0.10 seconds
      cpu time            0.04 seconds
      

MPRINT(EM_SAVEXT_TRAIN):   *** PRINT TO OUTPUT;
MPRINT(EM_SAVEXT_TRAIN):   title "Saved Data Properties";
MPRINT(EM_SAVEXT_TRAIN):   proc print data=EMWS1.EMSave2_SAVEOUT label noobs;
MPRINT(EM_SAVEXT_TRAIN):   run;

NOTE: There were 1 observations read from the data set EMWS1.EMSAVE2_SAVEOUT.
NOTE: The PROCEDURE PRINT printed page 5.
NOTE: PROCEDURE PRINT used (Total process time):
      real time           0.01 seconds
      cpu time            0.01 seconds
      

MPRINT(EM_REPORT):   data WORK.EM_USER_REPORT;
MPRINT(EM_REPORT):   retain id 0;
MPRINT(EM_REPORT):   id + 1;
MPRINT(EM_REPORT):   length VIEW 8 NAME $32 VALUE $400;
MPRINT(EM_REPORT):   NAME = "KEY";
MPRINT(EM_REPORT):   VALUE = "SAVEOUT";
MPRINT(EM_REPORT):   VIEW = 0.60833172388762;
MPRINT(EM_REPORT):   output;
MPRINT(EM_REPORT):   NAME = "VIEWTYPE";
MPRINT(EM_REPORT):   VALUE = "DATA";
MPRINT(EM_REPORT):   VIEW = 0.60833172388762;
MPRINT(EM_REPORT):   output;
MPRINT(EM_REPORT):   NAME = "AUTODISPLAY";
MPRINT(EM_REPORT):   VALUE = "Y";
MPRINT(EM_REPORT):   VIEW = 0.60833172388762;
MPRINT(EM_REPORT):   output;
MPRINT(EM_REPORT):   NAME = "SPK";
MPRINT(EM_REPORT):   VALUE = "Y";
MPRINT(EM_REPORT):   VIEW = 0.60833172388762;
MPRINT(EM_REPORT):   output;
MPRINT(EM_REPORT):   NAME = "COMPARE";
MPRINT(EM_REPORT):   VALUE = "N";
MPRINT(EM_REPORT):   VIEW = 0.60833172388762;
MPRINT(EM_REPORT):   output;
MPRINT(EM_REPORT):   NAME = "LOCALIZE";
MPRINT(EM_REPORT):   VALUE = "N";
MPRINT(EM_REPORT):   VIEW = 0.60833172388762;
MPRINT(EM_REPORT):   output;
MPRINT(EM_REPORT):   NAME = "EQUALIZEROWX";
MPRINT(EM_REPORT):   VALUE = "N";
MPRINT(EM_REPORT):   VIEW = 0.60833172388762;
MPRINT(EM_REPORT):   output;
MPRINT(EM_REPORT):   NAME = "EQUALIZEROWY";
MPRINT(EM_REPORT):   VALUE = "N";
MPRINT(EM_REPORT):   VIEW = 0.60833172388762;
MPRINT(EM_REPORT):   output;
MPRINT(EM_REPORT):   NAME = "EQUALIZECOLX";
MPRINT(EM_REPORT):   VALUE = "N";
MPRINT(EM_REPORT):   VIEW = 0.60833172388762;
MPRINT(EM_REPORT):   output;
MPRINT(EM_REPORT):   NAME = "EQUALIZECOLY";
MPRINT(EM_REPORT):   VALUE = "N";
MPRINT(EM_REPORT):   VIEW = 0.60833172388762;
MPRINT(EM_REPORT):   output;
MPRINT(EM_REPORT):   NAME = "NROWS";
MPRINT(EM_REPORT):   VALUE = "";
MPRINT(EM_REPORT):   VIEW = 0.60833172388762;
MPRINT(EM_REPORT):   output;
MPRINT(EM_REPORT):   NAME = "NCOLS";
MPRINT(EM_REPORT):   VALUE = "";
MPRINT(EM_REPORT):   VIEW = 0.60833172388762;
MPRINT(EM_REPORT):   output;
MPRINT(EM_REPORT):   NAME = "DISCRETEX";
MPRINT(EM_REPORT):   VALUE = "";
MPRINT(EM_REPORT):   VIEW = 0.60833172388762;
MPRINT(EM_REPORT):   output;
MPRINT(EM_REPORT):   NAME = "DISCRETEY";
MPRINT(EM_REPORT):   VALUE = "";
MPRINT(EM_REPORT):   VIEW = 0.60833172388762;
MPRINT(EM_REPORT):   output;
MPRINT(EM_REPORT):   NAME = "LATTICEX";
MPRINT(EM_REPORT):   VALUE = "";
MPRINT(EM_REPORT):   VIEW = 0.60833172388762;
MPRINT(EM_REPORT):   output;
MPRINT(EM_REPORT):   NAME = "LATTICEY";
MPRINT(EM_REPORT):   VALUE = "";
MPRINT(EM_REPORT):   VIEW = 0.60833172388762;
MPRINT(EM_REPORT):   output;
MPRINT(EM_REPORT):   NAME = "LATTICETYPE";
MPRINT(EM_REPORT):   VALUE = "";
MPRINT(EM_REPORT):   VIEW = 0.60833172388762;
MPRINT(EM_REPORT):   output;
MPRINT(EM_REPORT):   NAME = "ABSOLUTEVALUE";
MPRINT(EM_REPORT):   VALUE = "";
MPRINT(EM_REPORT):   VIEW = 0.60833172388762;
MPRINT(EM_REPORT):   output;
MPRINT(EM_REPORT):   NAME = "SORTORDER";
MPRINT(EM_REPORT):   VALUE = "";
MPRINT(EM_REPORT):   VIEW = 0.60833172388762;
MPRINT(EM_REPORT):   output;
MPRINT(EM_REPORT):   NAME = "SORTORDERY";
MPRINT(EM_REPORT):   VALUE = "";
MPRINT(EM_REPORT):   VIEW = 0.60833172388762;
MPRINT(EM_REPORT):   output;
MPRINT(EM_REPORT):   NAME = "ORIENTATION";
MPRINT(EM_REPORT):   VALUE = "";
MPRINT(EM_REPORT):   VIEW = 0.60833172388762;
MPRINT(EM_REPORT):   output;
MPRINT(EM_REPORT):   NAME = "METHOD";
MPRINT(EM_REPORT):   VALUE = "";
MPRINT(EM_REPORT):   VIEW = 0.60833172388762;
MPRINT(EM_REPORT):   output;
MPRINT(EM_REPORT):   NAME = "DIRECTION";
MPRINT(EM_REPORT):   VALUE = "";
MPRINT(EM_REPORT):   VIEW = 0.60833172388762;
MPRINT(EM_REPORT):   output;
MPRINT(EM_REPORT):   NAME = "BYSET";
MPRINT(EM_REPORT):   VALUE = "";
MPRINT(EM_REPORT):   VIEW = 0.60833172388762;
MPRINT(EM_REPORT):   output;
MPRINT(EM_REPORT):   NAME = "RENDERMODE";
MPRINT(EM_REPORT):   VALUE = "";
MPRINT(EM_REPORT):   VIEW = 0.60833172388762;
MPRINT(EM_REPORT):   output;
MPRINT(EM_REPORT):   NAME = "DESCRIPTION";
MPRINT(EM_REPORT):   VALUE = "";
MPRINT(EM_REPORT):   VIEW = 0.60833172388762;
MPRINT(EM_REPORT):   output;
MPRINT(EM_REPORT):   NAME = "X";
MPRINT(EM_REPORT):   VALUE = "";
MPRINT(EM_REPORT):   VIEW = 0.60833172388762;
MPRINT(EM_REPORT):   output;
MPRINT(EM_REPORT):   NAME = "EXCLUDEVARS";
MPRINT(EM_REPORT):   VALUE = "";
MPRINT(EM_REPORT):   VIEW = 0.60833172388762;
MPRINT(EM_REPORT):   output;
MPRINT(EM_REPORT):   NAME = "Z";
MPRINT(EM_REPORT):   VALUE = "";
MPRINT(EM_REPORT):   VIEW = 0.60833172388762;
MPRINT(EM_REPORT):   output;
MPRINT(EM_REPORT):   NAME = "YVARS";
MPRINT(EM_REPORT):   VALUE = "";
MPRINT(EM_REPORT):   VIEW = 0.60833172388762;
MPRINT(EM_REPORT):   output;
MPRINT(EM_REPORT):   NAME = "FREQVARS";
MPRINT(EM_REPORT):   VALUE = "";
MPRINT(EM_REPORT):   VIEW = 0.60833172388762;
MPRINT(EM_REPORT):   output;
MPRINT(EM_REPORT):   NAME = "AXIS";
MPRINT(EM_REPORT):   VALUE = "";
MPRINT(EM_REPORT):   VIEW = 0.60833172388762;
MPRINT(EM_REPORT):   output;
MPRINT(EM_REPORT):   NAME = "FREQ";
MPRINT(EM_REPORT):   VALUE = "";
MPRINT(EM_REPORT):   VIEW = 0.60833172388762;
MPRINT(EM_REPORT):   output;
MPRINT(EM_REPORT):   NAME = "GROUP";
MPRINT(EM_REPORT):   VALUE = "";
MPRINT(EM_REPORT):   VIEW = 0.60833172388762;
MPRINT(EM_REPORT):   output;
MPRINT(EM_REPORT):   NAME = "SUBGROUP";
MPRINT(EM_REPORT):   VALUE = "";
MPRINT(EM_REPORT):   VIEW = 0.60833172388762;
MPRINT(EM_REPORT):   output;
MPRINT(EM_REPORT):   NAME = "BLOCK";
MPRINT(EM_REPORT):   VALUE = "CUSTOM";
MPRINT(EM_REPORT):   VIEW = 0.60833172388762;
MPRINT(EM_REPORT):   output;
MPRINT(EM_REPORT):   NAME = "COLOR";
MPRINT(EM_REPORT):   VALUE = "";
MPRINT(EM_REPORT):   VIEW = 0.60833172388762;
MPRINT(EM_REPORT):   output;
MPRINT(EM_REPORT):   NAME = "COLORINDEX";
MPRINT(EM_REPORT):   VALUE = "";
MPRINT(EM_REPORT):   VIEW = 0.60833172388762;
MPRINT(EM_REPORT):   output;
MPRINT(EM_REPORT):   NAME = "TIPTEXT";
MPRINT(EM_REPORT):   VALUE = "";
MPRINT(EM_REPORT):   VIEW = 0.60833172388762;
MPRINT(EM_REPORT):   output;
MPRINT(EM_REPORT):   NAME = "TIP";
MPRINT(EM_REPORT):   VALUE = "";
MPRINT(EM_REPORT):   VIEW = 0.60833172388762;
MPRINT(EM_REPORT):   output;
MPRINT(EM_REPORT):   NAME = "TOOLTIP";
MPRINT(EM_REPORT):   VALUE = "";
MPRINT(EM_REPORT):   VIEW = 0.60833172388762;
MPRINT(EM_REPORT):   output;
MPRINT(EM_REPORT):   NAME = "REPORTID";
MPRINT(EM_REPORT):   VALUE = "";
MPRINT(EM_REPORT):   VIEW = 0.60833172388762;
MPRINT(EM_REPORT):   output;
MPRINT(EM_REPORT):   NAME = "IDVALUE";
MPRINT(EM_REPORT):   VALUE = "";
MPRINT(EM_REPORT):   VIEW = 0.60833172388762;
MPRINT(EM_REPORT):   output;
MPRINT(EM_REPORT):   NAME = "ID";
MPRINT(EM_REPORT):   VALUE = "";
MPRINT(EM_REPORT):   VIEW = 0.60833172388762;
MPRINT(EM_REPORT):   output;
MPRINT(EM_REPORT):   NAME = "SIZE";
MPRINT(EM_REPORT):   VALUE = "";
MPRINT(EM_REPORT):   VIEW = 0.60833172388762;
MPRINT(EM_REPORT):   output;
MPRINT(EM_REPORT):   NAME = "FROM";
MPRINT(EM_REPORT):   VALUE = "";
MPRINT(EM_REPORT):   VIEW = 0.60833172388762;
MPRINT(EM_REPORT):   output;
MPRINT(EM_REPORT):   NAME = "TO";
MPRINT(EM_REPORT):   VALUE = "";
MPRINT(EM_REPORT):   VIEW = 0.60833172388762;
MPRINT(EM_REPORT):   output;
MPRINT(EM_REPORT):   NAME = "VALUE";
MPRINT(EM_REPORT):   VALUE = "";
MPRINT(EM_REPORT):   VIEW = 0.60833172388762;
MPRINT(EM_REPORT):   output;
MPRINT(EM_REPORT):   NAME = "VIEWS";
MPRINT(EM_REPORT):   VALUE = "";
MPRINT(EM_REPORT):   VIEW = 0.60833172388762;
MPRINT(EM_REPORT):   output;
MPRINT(EM_REPORT):   NAME = "PARENT";
MPRINT(EM_REPORT):   VALUE = "";
MPRINT(EM_REPORT):   VIEW = 0.60833172388762;
MPRINT(EM_REPORT):   output;
MPRINT(EM_REPORT):   NAME = "NODETEXT";
MPRINT(EM_REPORT):   VALUE = "";
MPRINT(EM_REPORT):   VIEW = 0.60833172388762;
MPRINT(EM_REPORT):   output;
MPRINT(EM_REPORT):   NAME = "ABOVETEXT";
MPRINT(EM_REPORT):   VALUE = "";
MPRINT(EM_REPORT):   VIEW = 0.60833172388762;
MPRINT(EM_REPORT):   output;
MPRINT(EM_REPORT):   NAME = "BELOWTEXT";
MPRINT(EM_REPORT):   VALUE = "";
MPRINT(EM_REPORT):   VIEW = 0.60833172388762;
MPRINT(EM_REPORT):   output;
MPRINT(EM_REPORT):   NAME = "NODESIZE";
MPRINT(EM_REPORT):   VALUE = "";
MPRINT(EM_REPORT):   VIEW = 0.60833172388762;
MPRINT(EM_REPORT):   output;
MPRINT(EM_REPORT):   NAME = "STATS";
MPRINT(EM_REPORT):   VALUE = "";
MPRINT(EM_REPORT):   VIEW = 0.60833172388762;
MPRINT(EM_REPORT):   output;
MPRINT(EM_REPORT):   NAME = "CLASSDIST";
MPRINT(EM_REPORT):   VALUE = "";
MPRINT(EM_REPORT):   VIEW = 0.60833172388762;
MPRINT(EM_REPORT):   output;
MPRINT(EM_REPORT):   NAME = "INTDIST";
MPRINT(EM_REPORT):   VALUE = "";
MPRINT(EM_REPORT):   VIEW = 0.60833172388762;
MPRINT(EM_REPORT):   output;
MPRINT(EM_REPORT):   NAME = "FOLDER";
MPRINT(EM_REPORT):   VALUE = "";
MPRINT(EM_REPORT):   VIEW = 0.60833172388762;
MPRINT(EM_REPORT):   output;
MPRINT(EM_REPORT):   NAME = "YPLOTTYPE";
MPRINT(EM_REPORT):   VALUE = "";
MPRINT(EM_REPORT):   VIEW = 0.60833172388762;
MPRINT(EM_REPORT):   output;
MPRINT(EM_REPORT):   NAME = "XREF";
MPRINT(EM_REPORT):   VALUE = "";
MPRINT(EM_REPORT):   VIEW = 0.60833172388762;
MPRINT(EM_REPORT):   output;
MPRINT(EM_REPORT):   NAME = "XREF2";
MPRINT(EM_REPORT):   VALUE = "";
MPRINT(EM_REPORT):   VIEW = 0.60833172388762;
MPRINT(EM_REPORT):   output;
MPRINT(EM_REPORT):   NAME = "YREF";
MPRINT(EM_REPORT):   VALUE = "";
MPRINT(EM_REPORT):   VIEW = 0.60833172388762;
MPRINT(EM_REPORT):   output;
MPRINT(EM_REPORT):   NAME = "Y2REF";
MPRINT(EM_REPORT):   VALUE = "";
MPRINT(EM_REPORT):   VIEW = 0.60833172388762;
MPRINT(EM_REPORT):   output;
MPRINT(EM_REPORT):   NAME = "YREF2";
MPRINT(EM_REPORT):   VALUE = "";
MPRINT(EM_REPORT):   VIEW = 0.60833172388762;
MPRINT(EM_REPORT):   output;
MPRINT(EM_REPORT):   NAME = "Y2REF2";
MPRINT(EM_REPORT):   VALUE = "";
MPRINT(EM_REPORT):   VIEW = 0.60833172388762;
MPRINT(EM_REPORT):   output;
MPRINT(EM_REPORT):   NAME = "GROUPINDEX";
MPRINT(EM_REPORT):   VALUE = "";
MPRINT(EM_REPORT):   VIEW = 0.60833172388762;
MPRINT(EM_REPORT):   output;
MPRINT(EM_REPORT):   NAME = "JOIN";
MPRINT(EM_REPORT):   VALUE = "";
MPRINT(EM_REPORT):   VIEW = 0.60833172388762;
MPRINT(EM_REPORT):   output;
MPRINT(EM_REPORT):   NAME = "XEXCLUDE";
MPRINT(EM_REPORT):   VALUE = "";
MPRINT(EM_REPORT):   VIEW = 0.60833172388762;
MPRINT(EM_REPORT):   output;
MPRINT(EM_REPORT):   NAME = "FREQEXCLUDE";
MPRINT(EM_REPORT):   VALUE = "";
MPRINT(EM_REPORT):   VIEW = 0.60833172388762;
MPRINT(EM_REPORT):   output;
MPRINT(EM_REPORT):   NAME = "YEXCLUDE";
MPRINT(EM_REPORT):   VALUE = "";
MPRINT(EM_REPORT):   VIEW = 0.60833172388762;
MPRINT(EM_REPORT):   output;
MPRINT(EM_REPORT):   NAME = "NAME";
MPRINT(EM_REPORT):   VALUE = "";
MPRINT(EM_REPORT):   VIEW = 0.60833172388762;
MPRINT(EM_REPORT):   output;
MPRINT(EM_REPORT):   NAME = "HEIGHT";
MPRINT(EM_REPORT):   VALUE = "";
MPRINT(EM_REPORT):   VIEW = 0.60833172388762;
MPRINT(EM_REPORT):   output;
MPRINT(EM_REPORT):   NAME = "WIDTH";
MPRINT(EM_REPORT):   VALUE = "";
MPRINT(EM_REPORT):   VIEW = 0.60833172388762;
MPRINT(EM_REPORT):   output;
MPRINT(EM_REPORT):   NAME = "XAXISLABEL";
MPRINT(EM_REPORT):   VALUE = "";
MPRINT(EM_REPORT):   VIEW = 0.60833172388762;
MPRINT(EM_REPORT):   output;
MPRINT(EM_REPORT):   NAME = "Y2AXISLABEL";
MPRINT(EM_REPORT):   VALUE = "";
MPRINT(EM_REPORT):   VIEW = 0.60833172388762;
MPRINT(EM_REPORT):   output;
MPRINT(EM_REPORT):   NAME = "YAXISLABEL";
MPRINT(EM_REPORT):   VALUE = "";
MPRINT(EM_REPORT):   VIEW = 0.60833172388762;
MPRINT(EM_REPORT):   output;
MPRINT(EM_REPORT):   NAME = "DISPLAYXLABEL";
MPRINT(EM_REPORT):   VALUE = "Y";
MPRINT(EM_REPORT):   VIEW = 0.60833172388762;
MPRINT(EM_REPORT):   output;
MPRINT(EM_REPORT):   NAME = "DISPLAYYLABEL";
MPRINT(EM_REPORT):   VALUE = "Y";
MPRINT(EM_REPORT):   VIEW = 0.60833172388762;
MPRINT(EM_REPORT):   output;
MPRINT(EM_REPORT):   NAME = "CHOICETEXT";
MPRINT(EM_REPORT):   VALUE = "";
MPRINT(EM_REPORT):   VIEW = 0.60833172388762;
MPRINT(EM_REPORT):   output;
MPRINT(EM_REPORT):   NAME = "SEGMENTVALUE";
MPRINT(EM_REPORT):   VALUE = "";
MPRINT(EM_REPORT):   VIEW = 0.60833172388762;
MPRINT(EM_REPORT):   output;
MPRINT(EM_REPORT):   NAME = "LOWERBAND";
MPRINT(EM_REPORT):   VALUE = "";
MPRINT(EM_REPORT):   VIEW = 0.60833172388762;
MPRINT(EM_REPORT):   output;
MPRINT(EM_REPORT):   NAME = "UPPERBAND";
MPRINT(EM_REPORT):   VALUE = "";
MPRINT(EM_REPORT):   VIEW = 0.60833172388762;
MPRINT(EM_REPORT):   output;
MPRINT(EM_REPORT):   NAME = "YLINE";
MPRINT(EM_REPORT):   VALUE = "";
MPRINT(EM_REPORT):   VIEW = 0.60833172388762;
MPRINT(EM_REPORT):   output;
MPRINT(EM_REPORT):   NAME = "LINKKEY";
MPRINT(EM_REPORT):   VALUE = "";
MPRINT(EM_REPORT):   VIEW = 0.60833172388762;
MPRINT(EM_REPORT):   output;
MPRINT(EM_REPORT):   NAME = "NODEKEY";
MPRINT(EM_REPORT):   VALUE = "";
MPRINT(EM_REPORT):   VIEW = 0.60833172388762;
MPRINT(EM_REPORT):   output;
MPRINT(EM_REPORT):   NAME = "NODEID";
MPRINT(EM_REPORT):   VALUE = "";
MPRINT(EM_REPORT):   VIEW = 0.60833172388762;
MPRINT(EM_REPORT):   output;
MPRINT(EM_REPORT):   NAME = "NODEVALUE";
MPRINT(EM_REPORT):   VALUE = "";
MPRINT(EM_REPORT):   VIEW = 0.60833172388762;
MPRINT(EM_REPORT):   output;
MPRINT(EM_REPORT):   NAME = "NODECOLOR";
MPRINT(EM_REPORT):   VALUE = "";
MPRINT(EM_REPORT):   VIEW = 0.60833172388762;
MPRINT(EM_REPORT):   output;
MPRINT(EM_REPORT):   NAME = "NODESHAPE";
MPRINT(EM_REPORT):   VALUE = "";
MPRINT(EM_REPORT):   VIEW = 0.60833172388762;
MPRINT(EM_REPORT):   output;
MPRINT(EM_REPORT):   NAME = "NODESHAPEVAR";
MPRINT(EM_REPORT):   VALUE = "";
MPRINT(EM_REPORT):   VIEW = 0.60833172388762;
MPRINT(EM_REPORT):   output;
MPRINT(EM_REPORT):   NAME = "NODELABEL";
MPRINT(EM_REPORT):   VALUE = "";
MPRINT(EM_REPORT):   VIEW = 0.60833172388762;
MPRINT(EM_REPORT):   output;
MPRINT(EM_REPORT):   NAME = "NODETIP";
MPRINT(EM_REPORT):   VALUE = "";
MPRINT(EM_REPORT):   VIEW = 0.60833172388762;
MPRINT(EM_REPORT):   output;
MPRINT(EM_REPORT):   NAME = "LINKID";
MPRINT(EM_REPORT):   VALUE = "";
MPRINT(EM_REPORT):   VIEW = 0.60833172388762;
MPRINT(EM_REPORT):   output;
MPRINT(EM_REPORT):   NAME = "LINKVALUE";
MPRINT(EM_REPORT):   VALUE = "";
MPRINT(EM_REPORT):   VIEW = 0.60833172388762;
MPRINT(EM_REPORT):   output;
MPRINT(EM_REPORT):   NAME = "LINKFROM";
MPRINT(EM_REPORT):   VALUE = "";
MPRINT(EM_REPORT):   VIEW = 0.60833172388762;
MPRINT(EM_REPORT):   output;
MPRINT(EM_REPORT):   NAME = "LINKTO";
MPRINT(EM_REPORT):   VALUE = "";
MPRINT(EM_REPORT):   VIEW = 0.60833172388762;
MPRINT(EM_REPORT):   output;
MPRINT(EM_REPORT):   NAME = "LINKCOLOR";
MPRINT(EM_REPORT):   VALUE = "";
MPRINT(EM_REPORT):   VIEW = 0.60833172388762;
MPRINT(EM_REPORT):   output;
MPRINT(EM_REPORT):   NAME = "LINKWIDTH";
MPRINT(EM_REPORT):   VALUE = "";
MPRINT(EM_REPORT):   VIEW = 0.60833172388762;
MPRINT(EM_REPORT):   output;
MPRINT(EM_REPORT):   NAME = "LINKTIP";
MPRINT(EM_REPORT):   VALUE = "";
MPRINT(EM_REPORT):   VIEW = 0.60833172388762;
MPRINT(EM_REPORT):   output;
MPRINT(EM_REPORT):   NAME = "XFROM";
MPRINT(EM_REPORT):   VALUE = "";
MPRINT(EM_REPORT):   VIEW = 0.60833172388762;
MPRINT(EM_REPORT):   output;
MPRINT(EM_REPORT):   NAME = "XTO";
MPRINT(EM_REPORT):   VALUE = "";
MPRINT(EM_REPORT):   VIEW = 0.60833172388762;
MPRINT(EM_REPORT):   output;
MPRINT(EM_REPORT):   NAME = "YFROM";
MPRINT(EM_REPORT):   VALUE = "";
MPRINT(EM_REPORT):   VIEW = 0.60833172388762;
MPRINT(EM_REPORT):   output;
MPRINT(EM_REPORT):   NAME = "YTO";
MPRINT(EM_REPORT):   VALUE = "";
MPRINT(EM_REPORT):   VIEW = 0.60833172388762;
MPRINT(EM_REPORT):   output;
MPRINT(EM_REPORT):   NAME = "MATRIXVAR";
MPRINT(EM_REPORT):   VALUE = "";
MPRINT(EM_REPORT):   VIEW = 0.60833172388762;
MPRINT(EM_REPORT):   output;
MPRINT(EM_REPORT):   NAME = "RESPONSE";
MPRINT(EM_REPORT):   VALUE = "";
MPRINT(EM_REPORT):   VIEW = 0.60833172388762;
MPRINT(EM_REPORT):   output;
MPRINT(EM_REPORT):   NAME = "SERIES";
MPRINT(EM_REPORT):   VALUE = "";
MPRINT(EM_REPORT):   VIEW = 0.60833172388762;
MPRINT(EM_REPORT):   output;
MPRINT(EM_REPORT):   NAME = "DESCARG";
MPRINT(EM_REPORT):   VALUE = "";
MPRINT(EM_REPORT):   VIEW = 0.60833172388762;
MPRINT(EM_REPORT):   output;
MPRINT(EM_REPORT):   NAME = "SLIDER";
MPRINT(EM_REPORT):   VALUE = "";
MPRINT(EM_REPORT):   VIEW = 0.60833172388762;
MPRINT(EM_REPORT):   output;
MPRINT(EM_REPORT):   NAME = "MarkerSize";
MPRINT(EM_REPORT):   VALUE = "";
MPRINT(EM_REPORT):   VIEW = 0.60833172388762;
MPRINT(EM_REPORT):   output;
MPRINT(EM_REPORT):   NAME = "Marker";
MPRINT(EM_REPORT):   VALUE = "";
MPRINT(EM_REPORT):   VIEW = 0.60833172388762;
MPRINT(EM_REPORT):   output;
MPRINT(EM_REPORT):   NAME = "Y1";
MPRINT(EM_REPORT):   VALUE = "";
MPRINT(EM_REPORT):   VIEW = 0.60833172388762;
MPRINT(EM_REPORT):   output;
MPRINT(EM_REPORT):   NAME = "Y2";
MPRINT(EM_REPORT):   VALUE = "";
MPRINT(EM_REPORT):   VIEW = 0.60833172388762;
MPRINT(EM_REPORT):   output;
MPRINT(EM_REPORT):   NAME = "Y3";
MPRINT(EM_REPORT):   VALUE = "";
MPRINT(EM_REPORT):   VIEW = 0.60833172388762;
MPRINT(EM_REPORT):   output;
MPRINT(EM_REPORT):   NAME = "Y4";
MPRINT(EM_REPORT):   VALUE = "";
MPRINT(EM_REPORT):   VIEW = 0.60833172388762;
MPRINT(EM_REPORT):   output;
MPRINT(EM_REPORT):   NAME = "Y5";
MPRINT(EM_REPORT):   VALUE = "";
MPRINT(EM_REPORT):   VIEW = 0.60833172388762;
MPRINT(EM_REPORT):   output;
MPRINT(EM_REPORT):   NAME = "Y6";
MPRINT(EM_REPORT):   VALUE = "";
MPRINT(EM_REPORT):   VIEW = 0.60833172388762;
MPRINT(EM_REPORT):   output;
MPRINT(EM_REPORT):   NAME = "Y7";
MPRINT(EM_REPORT):   VALUE = "";
MPRINT(EM_REPORT):   VIEW = 0.60833172388762;
MPRINT(EM_REPORT):   output;
MPRINT(EM_REPORT):   NAME = "Y8";
MPRINT(EM_REPORT):   VALUE = "";
MPRINT(EM_REPORT):   VIEW = 0.60833172388762;
MPRINT(EM_REPORT):   output;
MPRINT(EM_REPORT):   NAME = "Y9";
MPRINT(EM_REPORT):   VALUE = "";
MPRINT(EM_REPORT):   VIEW = 0.60833172388762;
MPRINT(EM_REPORT):   output;
MPRINT(EM_REPORT):   NAME = "Y10";
MPRINT(EM_REPORT):   VALUE = "";
MPRINT(EM_REPORT):   VIEW = 0.60833172388762;
MPRINT(EM_REPORT):   output;
MPRINT(EM_REPORT):   NAME = "Y11";
MPRINT(EM_REPORT):   VALUE = "";
MPRINT(EM_REPORT):   VIEW = 0.60833172388762;
MPRINT(EM_REPORT):   output;
MPRINT(EM_REPORT):   NAME = "Y12";
MPRINT(EM_REPORT):   VALUE = "";
MPRINT(EM_REPORT):   VIEW = 0.60833172388762;
MPRINT(EM_REPORT):   output;
MPRINT(EM_REPORT):   NAME = "Y13";
MPRINT(EM_REPORT):   VALUE = "";
MPRINT(EM_REPORT):   VIEW = 0.60833172388762;
MPRINT(EM_REPORT):   output;
MPRINT(EM_REPORT):   NAME = "Y14";
MPRINT(EM_REPORT):   VALUE = "";
MPRINT(EM_REPORT):   VIEW = 0.60833172388762;
MPRINT(EM_REPORT):   output;
MPRINT(EM_REPORT):   NAME = "Y15";
MPRINT(EM_REPORT):   VALUE = "";
MPRINT(EM_REPORT):   VIEW = 0.60833172388762;
MPRINT(EM_REPORT):   output;
MPRINT(EM_REPORT):   NAME = "Y16";
MPRINT(EM_REPORT):   VALUE = "";
MPRINT(EM_REPORT):   VIEW = 0.60833172388762;
MPRINT(EM_REPORT):   output;
MPRINT(EM_REPORT):   NAME = "TITLE";
MPRINT(EM_REPORT):   VALUE = "";
MPRINT(EM_REPORT):   VIEW = 0.60833172388762;
MPRINT(EM_REPORT):   output;
MPRINT(EM_REPORT):   NAME = "LEGEND";
MPRINT(EM_REPORT):   VALUE = "";
MPRINT(EM_REPORT):   VIEW = 0.60833172388762;
MPRINT(EM_REPORT):   output;
MPRINT(EM_REPORT):   NAME = "LEGENDTITLE";
MPRINT(EM_REPORT):   VALUE = "";
MPRINT(EM_REPORT):   VIEW = 0.60833172388762;
MPRINT(EM_REPORT):   output;
MPRINT(EM_REPORT):   NAME = "SHAPE";
MPRINT(EM_REPORT):   VALUE = "";
MPRINT(EM_REPORT):   VIEW = 0.60833172388762;
MPRINT(EM_REPORT):   output;
MPRINT(EM_REPORT):   NAME = "METHOD";
MPRINT(EM_REPORT):   VALUE = "";
MPRINT(EM_REPORT):   VIEW = 0.60833172388762;
MPRINT(EM_REPORT):   output;
MPRINT(EM_REPORT):   NAME = "NOBINMISS";
MPRINT(EM_REPORT):   VALUE = "";
MPRINT(EM_REPORT):   VIEW = 0.60833172388762;
MPRINT(EM_REPORT):   output;
MPRINT(EM_REPORT):   run;

NOTE: The data set WORK.EM_USER_REPORT has 132 observations and 4 variables.
NOTE: DATA statement used (Total process time):
      real time           0.04 seconds
      cpu time            0.04 seconds
      

MPRINT(EM_SAVEXT_TRAIN):  ;
MPRINT(EM_SAVEXT_TRAIN):   title;
MPRINT(EM_SAVEXT_TRAIN):   *** SAVE FORMATS **********************************************************;
MPRINT(EM_SAVEXT_TRAIN):   *** CHECK REPLACE CONSTRAINT FOR FORMATS;
MPRINT(EM_SAVEXT_TRAIN):   *** WRITE FORMAT CATALOGS OR TRANSPORT FILE TO ACCOMPANY SAVED DATA;
MPRINT(EM_SAVEXT_TRAIN):   *** CONTINGENT ON FORMATS EXISTING;
MPRINT(EM_SAVEXT_TRAIN):   *** PARSE NODE VARIABLE SET FOR FORMATS;
MPRINT(EM_SAVEXT_TRAIN):   data _formats;
MPRINT(EM_SAVEXT_TRAIN):   length format $32;
MPRINT(EM_SAVEXT_TRAIN):   set EMWS1.EMSave2_VariableSet(keep=format where=(format ne '')) end=eof;
MPRINT(EM_SAVEXT_TRAIN):   format = tranwrd(format, '.', '');
MPRINT(EM_SAVEXT_TRAIN):   if indexc(format, '$') then fmttype = 'C';
MPRINT(EM_SAVEXT_TRAIN):   else fmttype = 'N';
MPRINT(EM_SAVEXT_TRAIN):   if eof then call symput('_FORMAT_FLAG',strip(put(1,1.)));
MPRINT(EM_SAVEXT_TRAIN):   run;

NOTE: There were 21 observations read from the data set EMWS1.EMSAVE2_VARIABLESET.
      WHERE format not = ' ';
NOTE: The data set WORK._FORMATS has 21 observations and 2 variables.
NOTE: DATA statement used (Total process time):
      real time           0.08 seconds
      cpu time            0.01 seconds
      

MPRINT(EM_SAVEXT_CATALOG):   *** SORT AND REMOVE DUPLICATES;
MPRINT(EM_SAVEXT_CATALOG):   proc sort data=_formats nodupkey;
MPRINT(EM_SAVEXT_CATALOG):   by format;
MPRINT(EM_SAVEXT_CATALOG):   run;

NOTE: There were 21 observations read from the data set WORK._FORMATS.
NOTE: 20 observations with duplicate key values were deleted.
NOTE: The data set WORK._FORMATS has 1 observations and 2 variables.
NOTE: PROCEDURE SORT used (Total process time):
      real time           0.04 seconds
      cpu time            0.03 seconds
      

MPRINT(EM_SAVEXT_CATALOG):   quit;
MPRINT(EM_SAVEXT_CATALOG):   *** RETRIEVE FORMAT LOCATION INFO AND ASSIGNED CATALOGS IN ACTIVE SESSION;
MPRINT(EM_SAVEXT_CATALOG):   proc sort data=sashelp.vformat(keep=fmtname libname memname where=(libname ne '' and memname ne '')) out=_formats2(rename=(fmtname=format));
MPRINT(EM_SAVEXT_CATALOG):   by fmtname;
MPRINT(EM_SAVEXT_CATALOG):   run;

NOTE: There were 9 observations read from the data set SASHELP.VFORMAT.
      WHERE (libname not = ' ') and (memname not = ' ');
NOTE: The data set WORK._FORMATS2 has 9 observations and 3 variables.
NOTE: PROCEDURE SORT used (Total process time):
      real time           0.86 seconds
      cpu time            0.84 seconds
      

MPRINT(EM_SAVEXT_CATALOG):   quit;
MPRINT(EM_SAVEXT_CATALOG):   *** MERGE SAS FORMATS WITH LOCATION;
MPRINT(EM_SAVEXT_CATALOG):   data _formats;
MPRINT(EM_SAVEXT_CATALOG):   merge _formats(in=_a) _formats2(in=_b);
MPRINT(EM_SAVEXT_CATALOG):   by format;
MPRINT(EM_SAVEXT_CATALOG):   if _a and _b then output;
MPRINT(EM_SAVEXT_CATALOG):   run;

NOTE: There were 1 observations read from the data set WORK._FORMATS.
NOTE: There were 9 observations read from the data set WORK._FORMATS2.
NOTE: The data set WORK._FORMATS has 0 observations and 4 variables.
NOTE: DATA statement used (Total process time):
      real time           0.02 seconds
      cpu time            0.01 seconds
      

MPRINT(EM_SAVEXT_CATALOG):   *** IF &_FORMATS IS EMPTY AFTER MERGE THEN NO FORMATS BELONG TO THE SAVED SET;
MPRINT(EM_SAVEXT_CATALOG):   proc contents data=_formats out=_formats_content_temp noprint;
MPRINT(EM_SAVEXT_CATALOG):   run;

NOTE: The data set WORK._FORMATS_CONTENT_TEMP has 4 observations and 41 variables.
NOTE: PROCEDURE CONTENTS used (Total process time):
      real time           0.02 seconds
      cpu time            0.03 seconds
      

MPRINT(EM_SAVEXT_CATALOG):   data _null_;
MPRINT(EM_SAVEXT_CATALOG):   set _formats_content_temp (obs=1);
MPRINT(EM_SAVEXT_CATALOG):   if nobs > 0 then call symput('_USER_FORMATS_FLAG','1');
MPRINT(EM_SAVEXT_CATALOG):   else call symput('_USER_FORMATS_FLAG','0');
MPRINT(EM_SAVEXT_CATALOG):   run;

NOTE: There were 1 observations read from the data set WORK._FORMATS_CONTENT_TEMP.
NOTE: DATA statement used (Total process time):
      real time           0.00 seconds
      cpu time            0.00 seconds
      

*------------------------------------------------------------*
WARNING: Format catalogs will not be overwritten.
*------------------------------------------------------------*
MPRINT(EM_SAVEXT_CATALOG):   proc delete data=_formats_content_temp;
MPRINT(EM_SAVEXT_CATALOG):   run;

NOTE: Deleting WORK._FORMATS_CONTENT_TEMP (memtype=DATA).
NOTE: PROCEDURE DELETE used (Total process time):
      real time           0.00 seconds
      cpu time            0.00 seconds
      

MPRINT(EM_SAVEXT_CATALOG):   proc delete data=_formats2;
MPRINT(EM_SAVEXT_CATALOG):   run;

NOTE: Deleting WORK._FORMATS2 (memtype=DATA).
NOTE: PROCEDURE DELETE used (Total process time):
      real time           0.00 seconds
      cpu time            0.00 seconds
      

MPRINT(EM_SAVEXT_TRAIN):   proc delete data=_formats;
MPRINT(EM_SAVEXT_TRAIN):   run;

NOTE: Deleting WORK._FORMATS (memtype=DATA).
NOTE: PROCEDURE DELETE used (Total process time):
      real time           0.00 seconds
      cpu time            0.00 seconds
      

MPRINT(EM_SAVEXT_TRAIN):   *** HOUSEKEEPING **********************************************************;
MPRINT(EM_SAVEXT_TRAIN):   proc delete data=_save_output_temp;
MPRINT(EM_SAVEXT_TRAIN):   run;

NOTE: Deleting WORK._SAVE_OUTPUT_TEMP (memtype=DATA).
NOTE: PROCEDURE DELETE used (Total process time):
      real time           0.00 seconds
      cpu time            0.00 seconds
      

MPRINT(EM_SAVEXT_MAIN):  ;
MPRINT(EM_DIAGRAM):  ;
MPRINT(EM_DIAGRAM):   *------------------------------------------------------------*;
MPRINT(EM_DIAGRAM):   * End TRAIN: EMSave2;
MPRINT(EM_DIAGRAM):   *------------------------------------------------------------*;
31266      
31267      *------------------------------------------------------------*;
31268      * End TRAIN: EMSave2;
31269      *------------------------------------------------------------*;

31270      *------------------------------------------------------------*;
MPRINT(EM_DIAGRAM):    *------------------------------------------------------------*;
31271      * Close any missing semi colons;
MPRINT(EM_DIAGRAM):   * Close any missing semi colons;
31272      *------------------------------------------------------------*;
MPRINT(EM_DIAGRAM):   *------------------------------------------------------------*;
31273      ;
MPRINT(EM_DIAGRAM):   ;
31274      ;
MPRINT(EM_DIAGRAM):   ;
31275      ;
MPRINT(EM_DIAGRAM):   ;
31276      ;
MPRINT(EM_DIAGRAM):   ;
31277      quit;
MPRINT(EM_DIAGRAM):   quit;
31278      *------------------------------------------------------------*;
MPRINT(EM_DIAGRAM):   *------------------------------------------------------------*;
31279      * Close any unbalanced quotes;
MPRINT(EM_DIAGRAM):   * Close any unbalanced quotes;
31280      *------------------------------------------------------------*;
MPRINT(EM_DIAGRAM):   *------------------------------------------------------------*;
31281      /*; *"; *'; */
31282      ;
MPRINT(EM_DIAGRAM):   ;
31283      run;
MPRINT(EM_DIAGRAM):   run;
31284      quit;
MPRINT(EM_DIAGRAM):   quit;
31285      /* Reset EM Options */
31286      options formchar="|----|+|---+=|-/\<>*";
MPRINT(EM_DIAGRAM):   options formchar="|----|+|---+=|-/\<>*";
31287      options nocenter ls=256 ps=10000;
MPRINT(EM_DIAGRAM):   options nocenter ls=256 ps=10000;
31288      goptions reset=all device=GIF NODISPLAY;
MPRINT(EM_DIAGRAM):   goptions reset=all device=GIF NODISPLAY;
31289      proc sort data=WORK.EM_USER_REPORT;
MPRINT(EM_DIAGRAM):    proc sort data=WORK.EM_USER_REPORT;
31290      by ID VIEW;
MPRINT(EM_DIAGRAM):   by ID VIEW;
31291      run;
MPRINT(EM_DIAGRAM):   run;

NOTE: There were 132 observations read from the data set WORK.EM_USER_REPORT.
NOTE: The data set WORK.EM_USER_REPORT has 132 observations and 4 variables.
NOTE: PROCEDURE SORT used (Total process time):
      real time           0.02 seconds
      cpu time            0.03 seconds
      

MPRINT(EM_DIAGRAM):    proc printto;
MPRINT(EM_DIAGRAM):   run;
