 
                                                                                                      
 
 
Variable Importance

                                 Number of    Number of
                                 Splitting    Surrogate
Variable Name           Label      Rules        Rules      Importance

GenHlth                              3            2          1.00000 
BMI                                  0            7          0.98486 
PhysHlth                             1            3          0.79337 
DiffWalk                             1            0          0.78482 
MentHlth                             0            3          0.77196 
HighBP                               2            0          0.72705 
HeartDiseaseorAttack                 0            2          0.64593 
Age                                  0            3          0.59365 
HighChol                             0            2          0.58876 
HvyAlcoholConsump                    1            0          0.53791 
CholCheck                            1            0          0.45350 
Education                            1            2          0.36862 
Income                               0            2          0.18940 
AnyHealthcare                        0            2          0.18020 
Stroke                               1            0          0.10677 
NoDocbcCost                          0            2          0.08065 
