 
                                                                                                      
 
 
Variable Summary

         Measurement    Frequency
Role        Level         Count

ID        INTERVAL           1   
INPUT     BINARY            14   
INPUT     INTERVAL           2   
INPUT     ORDINAL            5   
 
                                                                                                      
 
The CLUSTER Procedure
Average Linkage Cluster Analysis

            Eigenvalues of the Covariance Matrix
 
        Eigenvalue    Difference    Proportion    Cumulative

   1    4.41161261    3.04949122        0.6715        0.6715
   2    1.36212139    1.17974071        0.2073        0.8789
   3    0.18238068    0.03970593        0.0278        0.9067
   4    0.14267475    0.02290378        0.0217        0.9284
   5    0.11977097    0.01730754        0.0182        0.9466
   6    0.10246343    0.01542141        0.0156        0.9622
   7    0.08704202    0.01729340        0.0132        0.9755
   8    0.06974862    0.00322449        0.0106        0.9861
   9    0.06652414    0.05664168        0.0101        0.9962
  10    0.00988246    0.00157792        0.0015        0.9977
  11    0.00830454    0.00533345        0.0013        0.9990
  12    0.00297108    0.00132852        0.0005        0.9994
  13    0.00164256    0.00055051        0.0003        0.9997
  14    0.00109206    0.00063358        0.0002        0.9998
  15    0.00045847    0.00014444        0.0001        0.9999
  16    0.00031403    0.00017903        0.0000        1.0000
  17    0.00013500    0.00004296        0.0000        1.0000
  18    0.00009203    0.00004329        0.0000        1.0000
  19    0.00004874    0.00001195        0.0000        1.0000
  20    0.00003680    0.00002095        0.0000        1.0000
  21    0.00001585    0.00001585        0.0000        1.0000
  22    0.00000000    0.00000000        0.0000        1.0000
  23    0.00000000    0.00000000        0.0000        1.0000
  24    0.00000000    0.00000000        0.0000        1.0000
  25    0.00000000    0.00000000        0.0000        1.0000
  26    0.00000000    0.00000000        0.0000        1.0000
  27    0.00000000    0.00000000        0.0000        1.0000
  28    0.00000000    0.00000000        0.0000        1.0000
  29    -.00000000    0.00000000       -0.0000        1.0000
  30    -.00000000    0.00000000       -0.0000        1.0000
  31    -.00000000    0.00000000       -0.0000        1.0000
  32    -.00000000    0.00000000       -0.0000        1.0000
  33    -.00000000    0.00000000       -0.0000        1.0000
  34    -.00000000    0.00000000       -0.0000        1.0000
  35    -.00000000                     -0.0000        1.0000

Root-Mean-Square Total-Sample Standard Deviation    0.722017

Root-Mean-Square Distance Between Observations    6.040825


                                          Cluster History
  Number
      of                                                  Pseudo F       Pseudo    Norm RMS
Clusters    ------Clusters Joined-------         Freq    Statistic    t-Squared    Distance    Tie

      49    OB21            OB50                63581         2594          860      0.7544       
      48    OB18            OB31                 2431         2647         91.9      0.7673       
      47    CL49            OB27                67943         2668         1442      0.7709       
 
                                                                                                      
 
The CLUSTER Procedure
Average Linkage Cluster Analysis

                                          Cluster History
  Number
      of                                                  Pseudo F       Pseudo    Norm RMS
Clusters    ------Clusters Joined-------         Freq    Statistic    t-Squared    Distance    Tie

      46    CL47            OB47                70703         2684         1677      0.8287       
      45    CL48            OB49                 3202         2740          161      0.8307       
      44    OB6             CL45                 3647         2801         90.8      0.8474       
      43    OB3             OB8                 52020         2827         1082      0.8569       
      42    CL44            CL46                74350         2829         2333      0.8584       
      41    OB4             CL42                74842         2893          222      0.8611       
      40    CL41            OB26                75087         2962          177      0.8661       
      39    CL43            OB42                61253         2963         1899      0.8681       
      38    CL40            OB5                 76219         3012          949      0.8821       
      37    OB11            OB29                 3838         3089          162      0.8832       
      36    OB20            OB23                 7144         3167          213      0.8939       
      35    CL39            CL37                65091         3215          981       0.901       
      34    OB35            OB41                 9383         3295          356      0.9055       
      33    CL38            OB46                76576         3389          236      0.9145       
      32    OB22            CL34                38715         3398         1971      0.9177       
      31    OB19            CL36                26227         3452         1046      0.9265       
      30    OB9             OB32                 4326         3569         35.0      0.9299       
      29    CL35            OB39                67008         3660          663      0.9353       
      28    OB1             CL29                67197         3792         72.6      0.9431       
      27    CL33            OB12                76639         3935         57.1      0.9445       
      26    CL28            OB34                67791         4082          178      0.9492       
      25    OB2             CL27                76775         4247          104      0.9509       
      24    OB15            OB17                  731         4428         45.4       0.952       
      23    OB14            OB44                  302         4628         19.3      0.9527       
      22    CL26            CL31                94018         4325         7167      0.9541       
      21    CL32            OB43                40791         4485          749      0.9548       
      20    CL23            OB48                 1539         4718         37.6      0.9663       
      19    CL25            CL21               117566         3429         25E3      0.9748       
      18    CL20            OB36                 1624         3629         14.9      0.9758       
      17    CL22            CL24                94749         3835          258      0.9857       
      16    OB24            OB45                 1067         4086         47.3      0.9901       
      15    CL17            OB16                95382         4356          234      1.0066       
      14    CL15            OB25                95510         4687         43.6      1.0096       
      13    CL19            OB30               117789         5064          134      1.0179       
      12    CL13            CL16               118856         5454          632      1.0256       
      11    CL12            OB38               121269         5855         1174      1.0268       
      10    CL30            CL18                 5950         6440          418      1.0271       
       9    OB7             CL10                 6036         7241         24.6      1.0349       
       8    CL14            CL9                101546         7670         3307      1.0597       
       7    CL11            OB40               121290         8946         10.9       1.078       
       6    CL7             OB28               121368         11E3         61.1      1.0945       
       5    CL8             OB13               101666         13E3         65.0      1.0951       
       4    CL5             CL6                223034         14.3         53E3      1.0952       
       3    CL4             OB33               223049         17.8          7.5       1.155       
       2    CL3             OB37               223073         18.8         16.7      1.2065       
       1    CL2             OB10               223088           .          18.8      1.2828       
 
                                                                                                      
 
Candidates for Optimum Number of Clusters

        Number     Clustering
          of          Cubic
Obs    Clusters     Criterion

  1        5        -266.335 
  2       12        -624.939 
  3       20        -362.818 
  4       23        -283.046 
  5       30        -469.179 
  6       33        -428.283 
  7       36        -429.473 
  8       40        -374.937 
  9       44        -315.068 
 10       48        -272.097 
