MPRINT(EM_DIAGRAM):    data _null_;
MPRINT(EM_DIAGRAM):   call symput('NLDATE', strip(put(date(), NLDATE.)));
MPRINT(EM_DIAGRAM):   call symput('NLTIME', strip(put(datetime(), NLTIME.)));
MPRINT(EM_DIAGRAM):   run;
MPRINT(EM_DIAGRAM):   data _null_;
MPRINT(EM_DIAGRAM):   nldate= sasmsg("sashelp.dmine", "log_date_note", 'N', "March 04, 2024" );
MPRINT(EM_DIAGRAM):   nltime= sasmsg("sashelp.dmine", "log_time_note", 'N', "12:37:12" );
MPRINT(EM_DIAGRAM):   put "*------------------------------------------------------------*";
MPRINT(EM_DIAGRAM):   put "* Report Log";
MPRINT(EM_DIAGRAM):   put nldate;
MPRINT(EM_DIAGRAM):   put nltime;
MPRINT(EM_DIAGRAM):   put "*------------------------------------------------------------*";
MPRINT(EM_DIAGRAM):   run;
*------------------------------------------------------------*
* Report Log
Date:                March 04, 2024
Time:                12:37:12
*------------------------------------------------------------*
MPRINT(EM_DIAGRAM):    filename O2LRY4QX "\\uisnutvdiprof1a\redirected$\shre2\Documents\SV.SAS EM Assignments\SV.PredictiveAnalysis\Workspaces\EMWS1\Score\EMREPORT.out" encoding="UTF-8" NOBOM;
MPRINT(EM_DIAGRAM):   proc printto print=O2LRY4QX new;
MPRINT(EM_DIAGRAM):   run;
324747     data WORK.SCOREFREQMETA;
MPRINT(EM_DIAGRAM):    data WORK.SCOREFREQMETA;
324748     length NAME $32 ROLE $32 LEVEL $8;
MPRINT(EM_DIAGRAM):   length NAME $32 ROLE $32 LEVEL $8;
324749     NAME="I_Diabetes_Prediction";
MPRINT(EM_DIAGRAM):   NAME="I_Diabetes_Prediction";
324750     ROLE="INPUT";
MPRINT(EM_DIAGRAM):   ROLE="INPUT";
324751     LEVEL="NOMINAL";
MPRINT(EM_DIAGRAM):   LEVEL="NOMINAL";
324752     TYPE="C";
MPRINT(EM_DIAGRAM):   TYPE="C";
324753     output;
MPRINT(EM_DIAGRAM):   output;
324754     NAME="_NODE_";
MPRINT(EM_DIAGRAM):   NAME="_NODE_";
324755     ROLE="INPUT";
MPRINT(EM_DIAGRAM):   ROLE="INPUT";
324756     LEVEL="NOMINAL";
MPRINT(EM_DIAGRAM):   LEVEL="NOMINAL";
324757     TYPE="N";
MPRINT(EM_DIAGRAM):   TYPE="N";
324758     output;
MPRINT(EM_DIAGRAM):   output;
324759     run;
MPRINT(EM_DIAGRAM):   run;

NOTE: The data set WORK.SCOREFREQMETA has 2 observations and 4 variables.
NOTE: DATA statement used (Total process time):
      real time           0.02 seconds
      cpu time            0.03 seconds
      

324760     data WORK.SCOREHISTMETA;
MPRINT(EM_DIAGRAM):    data WORK.SCOREHISTMETA;
324761     length NAME $32 ROLE $32 LEVEL $8;
MPRINT(EM_DIAGRAM):   length NAME $32 ROLE $32 LEVEL $8;
324762     NAME="P_Diabetes_Predictionprediabetes";
MPRINT(EM_DIAGRAM):   NAME="P_Diabetes_Predictionprediabetes";
324763     ROLE="INPUT";
MPRINT(EM_DIAGRAM):   ROLE="INPUT";
324764     LEVEL="INTERVAL";
MPRINT(EM_DIAGRAM):   LEVEL="INTERVAL";
324765     TYPE="N";
MPRINT(EM_DIAGRAM):   TYPE="N";
324766     output;
MPRINT(EM_DIAGRAM):   output;
324767     NAME="P_Diabetes_Predictionno_diabetes";
MPRINT(EM_DIAGRAM):   NAME="P_Diabetes_Predictionno_diabetes";
324768     ROLE="INPUT";
MPRINT(EM_DIAGRAM):   ROLE="INPUT";
324769     LEVEL="INTERVAL";
MPRINT(EM_DIAGRAM):   LEVEL="INTERVAL";
324770     TYPE="N";
MPRINT(EM_DIAGRAM):   TYPE="N";
324771     output;
MPRINT(EM_DIAGRAM):   output;
324772     NAME="P_Diabetes_Predictiondiabetes";
MPRINT(EM_DIAGRAM):   NAME="P_Diabetes_Predictiondiabetes";
324773     ROLE="INPUT";
MPRINT(EM_DIAGRAM):   ROLE="INPUT";
324774     LEVEL="INTERVAL";
MPRINT(EM_DIAGRAM):   LEVEL="INTERVAL";
324775     TYPE="N";
MPRINT(EM_DIAGRAM):   TYPE="N";
324776     output;
MPRINT(EM_DIAGRAM):   output;
324777     run;
MPRINT(EM_DIAGRAM):   run;

NOTE: The data set WORK.SCOREHISTMETA has 3 observations and 4 variables.
NOTE: DATA statement used (Total process time):
      real time           0.03 seconds
      cpu time            0.01 seconds
      

NOTE: View EMWS1.MDLCOMP3_TRAIN.VIEW used (Total process time):
      real time           0.22 seconds
      cpu time            0.20 seconds
      
324778     ods listing close;
MPRINT(EM_DIAGRAM):    ods listing close;
324779     ods output onewayfreqs=WORK.TEMPFREQ;
MPRINT(EM_DIAGRAM):   ods output onewayfreqs=WORK.TEMPFREQ;
324780     proc freq data = EMWS1.MdlComp3_TRAIN order=formatted addnames;
MPRINT(EM_DIAGRAM):   proc freq data = EMWS1.MdlComp3_TRAIN order=formatted addnames;
324781     table I_Diabetes_Prediction / missing;
MPRINT(EM_DIAGRAM):   table I_Diabetes_Prediction / missing;
324782     table _NODE_ / missing;
MPRINT(EM_DIAGRAM):   table _NODE_ / missing;
324783     run;
MPRINT(EM_DIAGRAM):   run;

NOTE: Variable _WARN_ is uninitialized.
NOTE: There were 80228 observations read from the data set EMWS1.PART_TRAIN.
NOTE: There were 80228 observations read from the data set EMWS1.TREE4_TRAIN.
NOTE: View EMWS1.MDLCOMP3_TRAIN.VIEW used (Total process time):
      real time           0.52 seconds
      cpu time            0.39 seconds
      
NOTE: There were 80228 observations read from the data set EMWS1.MDLCOMP_TRAIN.
NOTE: The data set WORK.TEMPFREQ has 9 observations and 10 variables.
NOTE: There were 80228 observations read from the data set EMWS1.MDLCOMP3_TRAIN.
NOTE: PROCEDURE FREQ used (Total process time):
      real time           0.58 seconds
      cpu time            0.42 seconds
      

MPRINT(EM_DIAGRAM):   quit;
324784     quit;
324785     ods listing;
MPRINT(EM_DIAGRAM):   ods listing;
324786     data WORK.Score_BAR(keep=_VARIABLE_ TYPE COUNT PERCENT _X_ _XLABEL_);
MPRINT(EM_DIAGRAM):    data WORK.Score_BAR(keep=_VARIABLE_ TYPE COUNT PERCENT _X_ _XLABEL_);
324787     label _VARIABLE_ = "%sysfunc(sasmsg(sashelp.dmine, rpt_variable_vlabel, NOQUOTE))" Type = "%sysfunc(sasmsg(sashelp.dmine, rpt_type_vlabel,         NOQUOTE))" _X_ = "%sysfunc(sasmsg(sashelp.dmine, rpt_numValue_vlabel, NOQUOTE))" _XLABEL_ =
324788        "%sysfunc(sasmsg(sashelp.dmine, rpt_fmtValue_vlabel ,    NOQUOTE))" COUNT = "%sysfunc(sasmsg(sashelp.dmine, rpt_count_vlabel,        NOQUOTE))" PERCENT = "%sysfunc(sasmsg(sashelp.dmine, rpt_percent_vlabel,      NOQUOTE))";
MPRINT(EM_DIAGRAM):   label _VARIABLE_ = "Variable" Type = "Type" _X_ = "Numeric Value" _XLABEL_ = "Formatted Value" COUNT = "Frequency Count" PERCENT = "Percent";
324789     dsid = open("WORK.TEMPFREQ");
MPRINT(EM_DIAGRAM):   dsid = open("WORK.TEMPFREQ");
324790     varnum = varnum(dsid, 'VARIABLE');
MPRINT(EM_DIAGRAM):   varnum = varnum(dsid, 'VARIABLE');
324791     freqnum = varnum(dsid, 'FREQUENCY');
MPRINT(EM_DIAGRAM):   freqnum = varnum(dsid, 'FREQUENCY');
324792     pvarnum = varnum(dsid, 'PERCENT');
MPRINT(EM_DIAGRAM):   pvarnum = varnum(dsid, 'PERCENT');
324793     typenum = varnum(dsid, '_TYPE_');
MPRINT(EM_DIAGRAM):   typenum = varnum(dsid, '_TYPE_');
324794     length _VARIABLE_ $32 TYPE $1 _XLABEL_ $32;
MPRINT(EM_DIAGRAM):   length _VARIABLE_ $32 TYPE $1 _XLABEL_ $32;
324795     do while(^fetch(dsid));
MPRINT(EM_DIAGRAM):   do while(^fetch(dsid));
324796     _VARIABLE_ = strip(getvarc(dsid, varnum));
MPRINT(EM_DIAGRAM):   _VARIABLE_ = strip(getvarc(dsid, varnum));
324797     count = getvarn(dsid, freqnum);
MPRINT(EM_DIAGRAM):   count = getvarn(dsid, freqnum);
324798     percent= getvarn(dsid, pvarnum);
MPRINT(EM_DIAGRAM):   percent= getvarn(dsid, pvarnum);
324799     vvarnum = varnum(dsid, _VARIABLE_);
MPRINT(EM_DIAGRAM):   vvarnum = varnum(dsid, _VARIABLE_);
324800     type = vartype(dsid, vvarnum);
MPRINT(EM_DIAGRAM):   type = vartype(dsid, vvarnum);
324801     fvarnum = varnum(dsid, 'F_'!!substr(_VARIABLE_, 1, 30));
MPRINT(EM_DIAGRAM):   fvarnum = varnum(dsid, 'F_'!!substr(_VARIABLE_, 1, 30));
324802     _XLABEL_ = left(getvarc(dsid, fvarnum));
MPRINT(EM_DIAGRAM):   _XLABEL_ = left(getvarc(dsid, fvarnum));
324803     _X_ = .;
MPRINT(EM_DIAGRAM):   _X_ = .;
324804     if TYPE eq 'N' then _X_ = getvarn(dsid, vvarnum);
MPRINT(EM_DIAGRAM):   if TYPE eq 'N' then _X_ = getvarn(dsid, vvarnum);
324805     output;
MPRINT(EM_DIAGRAM):   output;
324806     end;
MPRINT(EM_DIAGRAM):   end;
324807     dsid = close(dsid);
MPRINT(EM_DIAGRAM):   dsid = close(dsid);
324808     run;
MPRINT(EM_DIAGRAM):   run;

NOTE: The data set WORK.SCORE_BAR has 9 observations and 6 variables.
NOTE: DATA statement used (Total process time):
      real time           0.04 seconds
      cpu time            0.01 seconds
      

324809     proc sort data=WORK.Score_BAR NOTHREADS;
MPRINT(EM_DIAGRAM):   proc sort data=WORK.Score_BAR NOTHREADS;
324810     by _VARIABLE_;
MPRINT(EM_DIAGRAM):   by _VARIABLE_;
324811     run;
MPRINT(EM_DIAGRAM):   run;

NOTE: There were 9 observations read from the data set WORK.SCORE_BAR.
NOTE: The data set WORK.SCORE_BAR has 9 observations and 6 variables.
NOTE: PROCEDURE SORT used (Total process time):
      real time           0.01 seconds
      cpu time            0.00 seconds
      

324812     proc sort data=WORK.M3IH9MJ_;
MPRINT(EM_DIAGRAM):   proc sort data=WORK.M3IH9MJ_;
324813     by Name;
MPRINT(EM_DIAGRAM):   by Name;
324814     run;
MPRINT(EM_DIAGRAM):   run;

NOTE: There were 2 observations read from the data set WORK.M3IH9MJ_.
NOTE: The data set WORK.M3IH9MJ_ has 2 observations and 4 variables.
NOTE: PROCEDURE SORT used (Total process time):
      real time           0.01 seconds
      cpu time            0.01 seconds
      

324815     data WORK.Score_BAR;
MPRINT(EM_DIAGRAM):   data WORK.Score_BAR;
324816     merge WORK.Score_BAR(in=_a) WORK.M3IH9MJ_(keep=Name Role rename=(Name=_Variable_));
MPRINT(EM_DIAGRAM):   merge WORK.Score_BAR(in=_a) WORK.M3IH9MJ_(keep=Name Role rename=(Name=_Variable_));
324817     by _Variable_;
MPRINT(EM_DIAGRAM):   by _Variable_;
324818     label Role = "%sysfunc(sasmsg(sashelp.dmine, meta_role_vlabel ,  NOQUOTE))";
MPRINT(EM_DIAGRAM):   label Role = "Role";
324819     if _a then output;
MPRINT(EM_DIAGRAM):   if _a then output;
324820     run;
MPRINT(EM_DIAGRAM):   run;

NOTE: There were 9 observations read from the data set WORK.SCORE_BAR.
NOTE: There were 2 observations read from the data set WORK.M3IH9MJ_.
NOTE: The data set WORK.SCORE_BAR has 9 observations and 7 variables.
NOTE: DATA statement used (Total process time):
      real time           0.02 seconds
      cpu time            0.01 seconds
      

324821     data WORK.Score_BAR;
MPRINT(EM_DIAGRAM):    data WORK.Score_BAR;
324822     length DATAROLE $8 TYPE $14;
MPRINT(EM_DIAGRAM):   length DATAROLE $8 TYPE $14;
324823     retain DATAROLE "TRAIN";
MPRINT(EM_DIAGRAM):   retain DATAROLE "TRAIN";
324824     set WORK.Score_BAR;
MPRINT(EM_DIAGRAM):   set WORK.Score_BAR;
324825     run;
MPRINT(EM_DIAGRAM):   run;

NOTE: There were 9 observations read from the data set WORK.SCORE_BAR.
NOTE: The data set WORK.SCORE_BAR has 9 observations and 8 variables.
NOTE: DATA statement used (Total process time):
      real time           0.01 seconds
      cpu time            0.01 seconds
      

324826     proc append base=EMWS1.Score_BAR data=WORK.Score_BAR;
MPRINT(EM_DIAGRAM):   proc append base=EMWS1.Score_BAR data=WORK.Score_BAR;
324827     run;
MPRINT(EM_DIAGRAM):   run;

NOTE: Appending WORK.SCORE_BAR to EMWS1.SCORE_BAR.
NOTE: BASE data set does not exist. DATA file is being copied to BASE file.
NOTE: There were 9 observations read from the data set WORK.SCORE_BAR.
NOTE: The data set EMWS1.SCORE_BAR has 9 observations and 8 variables.
NOTE: PROCEDURE APPEND used (Total process time):
      real time           0.08 seconds
      cpu time            0.04 seconds
      

324828     %var_profile(DATA=EMWS1.MdlComp3_TRAIN, OUTPUT=work.Score_VARHIST, METADATA=WORK.SCOREHISTMETA, COMPUTESTAT=N, BINDATA=_bindata, STAT=_STAT, PCTLSTAT=work.Score_SUMDATA, FREQ=, BIN=Y, NUMBARS= 16);
MPRINT(EM_DIAGRAM):   
*------------------------------------------------------------*
* Score: Computing Summary Statistics
*------------------------------------------------------------*
MPRINT(VAR_PROFILE):   filename _mac catalog 'WORK.MACROS.VARIABLES.SOURCE';
MPRINT(VAR_PROFILE):   data _null;
MPRINT(VAR_PROFILE):   set WORK.SCOREHISTMETA(where=(LEVEL = 'INTERVAL' and ROLE ne 'FREQ')) end=eof;
MPRINT(VAR_PROFILE):   if eof then call symput('_nobs', put(_N_, best.));
MPRINT(VAR_PROFILE):   run;

NOTE: There were 3 observations read from the data set WORK.SCOREHISTMETA.
      WHERE (LEVEL='INTERVAL') and (ROLE not = 'FREQ');
NOTE: The data set WORK._NULL has 3 observations and 4 variables.
NOTE: DATA statement used (Total process time):
      real time           0.01 seconds
      cpu time            0.01 seconds
      

MPRINT(VAR_PROFILE):   data _null_;
MPRINT(VAR_PROFILE):   file _mac;
MPRINT(VAR_PROFILE):   length _VARS $80;
MPRINT(VAR_PROFILE):   retain _vars;
MPRINT(VAR_PROFILE):   if _n_ =1 then put '%macro _vars;';
MPRINT(VAR_PROFILE):   set WORK.SCOREHISTMETA end=eof;
MPRINT(VAR_PROFILE):   where LEVEL = 'INTERVAL' or ROLE='FREQ';
MPRINT(VAR_PROFILE):   if ROLE='FREQ' then call symput('FREQ', trim(NAME));
MPRINT(VAR_PROFILE):   else do;
MPRINT(VAR_PROFILE):   if length(strip(_vars)) + length(strip(NAME)) + 1 <80 then _vars = strip(_vars)!! ' ' !!strip(NAME);
MPRINT(VAR_PROFILE):   else do;
MPRINT(VAR_PROFILE):   put _Vars;
MPRINT(VAR_PROFILE):   _vars = strip(NAME);
MPRINT(VAR_PROFILE):   end;
MPRINT(VAR_PROFILE):   end;
MPRINT(VAR_PROFILE):   if eof then do;
MPRINT(VAR_PROFILE):   put _Vars;
MPRINT(VAR_PROFILE):   put '%mend _vars;';
MPRINT(VAR_PROFILE):   end;
MPRINT(VAR_PROFILE):   run;

NOTE: The file _MAC is:
      Catalog Name=WORK.MACROS.VARIABLES.SOURCE,
      Catalog Page Size=4096,
      Number of Catalog Pages=4,
      Created=Mon, Mar  4, 2024 12:37:13 PM,
      Last Modified=Mon, Mar  4, 2024 12:37:13 PM,
      Filename=C:\Users\shre2\AppData\Local\Temp\SAS Temporary Files\_TD12860_NUTVDIWIN104-02_\Prc2\macros.sas7bcat,
      Release Created=9.0401M7,
      Host Created=X64_10PRO,Owner Name=UISAD\shre2,
      File Size=             5KB,
      File Size (bytes)=5120

NOTE: 4 records were written to the file _MAC.
      The minimum record length was 12.
      The maximum record length was 65.
NOTE: There were 3 observations read from the data set WORK.SCOREHISTMETA.
      WHERE (LEVEL='INTERVAL') or (ROLE='FREQ');
NOTE: DATA statement used (Total process time):
      real time           0.02 seconds
      cpu time            0.01 seconds
      

NOTE: %INCLUDE (level 1) file _MAC is file WORK.MACROS.VARIABLES.SOURCE.
324829    +%macro _vars;
324830    +P_Diabetes_Predictionprediabetes P_Diabetes_Predictionno_diabetes
324831    +P_Diabetes_Predictiondiabetes
324832    +%mend _vars;
NOTE: %INCLUDE (level 1) ending.
MPRINT(VAR_PROFILE):   filename _mac;
NOTE: Fileref _MAC has been deassigned.
*------------------------------------------------------------*
* computingmidpoints_note
*------------------------------------------------------------*
MPRINT(VAR_PROFILE):   filename fref catalog 'work.em.profileformat.source';
MPRINT(VAR_PROFILE):   proc dmdb data=EMWS1.MdlComp3_TRAIN(obs=1000000) classout=_CLASSOUT maxlevel=17;
MPRINT(VAR_PROFILE):   class
MPRINT(_VARS):   P_Diabetes_Predictionprediabetes P_Diabetes_Predictionno_diabetes P_Diabetes_Predictiondiabetes
MPRINT(VAR_PROFILE):   ;
MPRINT(VAR_PROFILE):   run;

NOTE: Variable _WARN_ is uninitialized.
NOTE: Records processed = 80228   Memory used = 511K.
NOTE: There were 80228 observations read from the data set EMWS1.PART_TRAIN.
NOTE: There were 80228 observations read from the data set EMWS1.TREE4_TRAIN.
NOTE: View EMWS1.MDLCOMP3_TRAIN.VIEW used (Total process time):
      real time           0.34 seconds
      cpu time            0.34 seconds
      
NOTE: There were 80228 observations read from the data set EMWS1.MDLCOMP_TRAIN.
NOTE: There were 80228 observations read from the data set EMWS1.MDLCOMP3_TRAIN.
NOTE: The data set WORK._CLASSOUT has 21 observations and 9 variables.
NOTE: PROCEDURE DMDB used (Total process time):
      real time           0.37 seconds
      cpu time            0.37 seconds
      

MPRINT(VAR_PROFILE):   proc freq data=_CLASSOUT ORDER=DATA noprint;
MPRINT(VAR_PROFILE):   table NAME / OUT = _COUNT(where=(COUNT<17));
MPRINT(VAR_PROFILE):   run;

NOTE: There were 21 observations read from the data set WORK._CLASSOUT.
NOTE: The data set WORK._COUNT has 3 observations and 3 variables.
NOTE: PROCEDURE FREQ used (Total process time):
      real time           0.02 seconds
      cpu time            0.03 seconds
      

MPRINT(VAR_PROFILE):   proc sort data=_COUNT(keep=NAME COUNT rename=(COUNT=_NUMCLASSBINS_));
MPRINT(VAR_PROFILE):   by NAME;
MPRINT(VAR_PROFILE):   run;

NOTE: There were 3 observations read from the data set WORK._COUNT.
NOTE: The data set WORK._COUNT has 3 observations and 2 variables.
NOTE: PROCEDURE SORT used (Total process time):
      real time           0.04 seconds
      cpu time            0.01 seconds
      

MPRINT(VAR_PROFILE):   proc sort data=_CLASSOUT;
MPRINT(VAR_PROFILE):   by NAME;
MPRINT(VAR_PROFILE):   run;

NOTE: There were 21 observations read from the data set WORK._CLASSOUT.
NOTE: The data set WORK._CLASSOUT has 21 observations and 9 variables.
NOTE: PROCEDURE SORT used (Total process time):
      real time           0.01 seconds
      cpu time            0.00 seconds
      

MPRINT(VAR_PROFILE):   proc transpose data=_CLASSOUT out=_DISCRETEMID(DROP=_NAME_ RENAME=(NAME=VARIABLE)) prefix=_MIDPOINT;
MPRINT(VAR_PROFILE):   var NRAW;
MPRINT(VAR_PROFILE):   by NAME;
MPRINT(VAR_PROFILE):   run;

NOTE: There were 21 observations read from the data set WORK._CLASSOUT.
NOTE: The data set WORK._DISCRETEMID has 3 observations and 8 variables.
NOTE: PROCEDURE TRANSPOSE used (Total process time):
      real time           0.04 seconds
      cpu time            0.01 seconds
      

MPRINT(VAR_PROFILE):   proc delete data=WORK._CLASSOUT;
MPRINT(VAR_PROFILE):   run;

NOTE: Deleting WORK._CLASSOUT (memtype=DATA).
NOTE: PROCEDURE DELETE used (Total process time):
      real time           0.00 seconds
      cpu time            0.00 seconds
      

MPRINT(VAR_PROFILE):   data _null_;
MPRINT(VAR_PROFILE):   dsid = open('_DISCRETEMID');
MPRINT(VAR_PROFILE):   if dsid then do;
MPRINT(VAR_PROFILE):   call symput('NUMCLASSBARS', left(trim(put(attrn(dsid, 'NVARS')-1, best12.))));
MPRINT(VAR_PROFILE):   dsid = close(dsid);
MPRINT(VAR_PROFILE):   end;
MPRINT(VAR_PROFILE):   run;

NOTE: DATA statement used (Total process time):
      real time           0.00 seconds
      cpu time            0.00 seconds
      

MPRINT(VAR_PROFILE):   data _DISCRETEMID;
MPRINT(VAR_PROFILE):   merge _DISCRETEMID _COUNT(in=_b rename=(NAME=VARIABLE));
MPRINT(VAR_PROFILE):   keep VARIABLE _MIDPOINT1--_MIDPOINT7 _NUMCLASSBINS_;
MPRINT(VAR_PROFILE):   by VARIABLE;
MPRINT(VAR_PROFILE):   if _b then output;
MPRINT(VAR_PROFILE):   run;

NOTE: There were 3 observations read from the data set WORK._DISCRETEMID.
NOTE: There were 3 observations read from the data set WORK._COUNT.
NOTE: The data set WORK._DISCRETEMID has 3 observations and 9 variables.
NOTE: DATA statement used (Total process time):
      real time           0.02 seconds
      cpu time            0.03 seconds
      

MPRINT(VAR_PROFILE):   data _EMVARDIST / view=_EMVARDIST;
MPRINT(VAR_PROFILE):   set EMWS1.MdlComp3_TRAIN(keep
MPRINT(VAR_PROFILE):  =P_Diabetes_Predictionprediabetes P_Diabetes_Predictionno_diabetes P_Diabetes_Predictiondiabetes obs=1000000);
MPRINT(VAR_PROFILE):   run;

NOTE: DATA STEP view saved on file WORK._EMVARDIST.
NOTE: A stored DATA STEP view cannot run under a different operating system.
NOTE: View EMWS1.MDLCOMP3_TRAIN.VIEW used (Total process time):
      real time           0.22 seconds
      cpu time            0.20 seconds
      
NOTE: DATA statement used (Total process time):
      real time           0.25 seconds
      cpu time            0.25 seconds
      

WARNING: The SAS/STAT product with which STDIZE is associated will be expiring soon, and is currently in warning mode to indicate this upcoming expiration. Please run PROC SETINIT to obtain more information on your warning period.
MPRINT(VAR_PROFILE):   proc stdize data=_EMVARDIST outstat=work.Score_SUMDATA out=_null_ pctlpts=(0 5 25 50 75 95 100);
MPRINT(VAR_PROFILE):   var
MPRINT(_VARS):   P_Diabetes_Predictionprediabetes P_Diabetes_Predictionno_diabetes P_Diabetes_Predictiondiabetes
MPRINT(VAR_PROFILE):   ;
MPRINT(VAR_PROFILE):   run;

NOTE: Variable _WARN_ is uninitialized.
NOTE: There were 80228 observations read from the data set EMWS1.PART_TRAIN.
NOTE: There were 80228 observations read from the data set EMWS1.TREE4_TRAIN.
NOTE: There were 80228 observations read from the data set EMWS1.MDLCOMP_TRAIN.
NOTE: View WORK._EMVARDIST.VIEW used (Total process time):
      real time           0.57 seconds
      cpu time            0.57 seconds
      
NOTE: There were 80228 observations read from the data set EMWS1.MDLCOMP3_TRAIN.
NOTE: There were 80228 observations read from the data set WORK._EMVARDIST.
NOTE: The data set WORK.SCORE_SUMDATA has 15 observations and 4 variables.
NOTE: PROCEDURE STDIZE used (Total process time):
      real time           0.58 seconds
      cpu time            0.59 seconds
      

MPRINT(VAR_PROFILE):   proc datasets lib=WORK NOLIST;
MPRINT(VAR_PROFILE):   delete _EMVARDIST / mt=view;
MPRINT(VAR_PROFILE):   run;

NOTE: Deleting WORK._EMVARDIST (memtype=VIEW).
MPRINT(VAR_PROFILE):   quit;

NOTE: PROCEDURE DATASETS used (Total process time):
      real time           0.07 seconds
      cpu time            0.06 seconds
      

MPRINT(VAR_PROFILE):   proc transpose data=work.Score_SUMDATA out=_bindata(rename=(_NAME_=VARIABLE COL1=MIN COL2=P5 COL3=P95 COL4=MAX));
MPRINT(VAR_PROFILE):   where _type_ in('P0', 'P5', 'P95', 'P100');
MPRINT(VAR_PROFILE):   run;

NOTE: There were 4 observations read from the data set WORK.SCORE_SUMDATA.
      WHERE _type_ in ('P0', 'P100', 'P5', 'P95');
NOTE: The data set WORK._BINDATA has 3 observations and 6 variables.
NOTE: PROCEDURE TRANSPOSE used (Total process time):
      real time           0.04 seconds
      cpu time            0.03 seconds
      

MPRINT(VAR_PROFILE):   proc sort data=_bindata;
MPRINT(VAR_PROFILE):   by VARIABLE;
MPRINT(VAR_PROFILE):   run;

NOTE: There were 3 observations read from the data set WORK._BINDATA.
NOTE: The data set WORK._BINDATA has 3 observations and 6 variables.
NOTE: PROCEDURE SORT used (Total process time):
      real time           0.01 seconds
      cpu time            0.01 seconds
      

MPRINT(VAR_PROFILE):   data _bindata;
MPRINT(VAR_PROFILE):   set _bindata;
MPRINT(VAR_PROFILE):   length Format $12;
MPRINT(VAR_PROFILE):   array _midpoint{28};
MPRINT(VAR_PROFILE):   array _bounds{28};
MPRINT(VAR_PROFILE):   if (max - min)>1e-10 then do;
MPRINT(VAR_PROFILE):   step = abs(P95-P5)/16;
MPRINT(VAR_PROFILE):   lstep = abs(p5- min)/5;
MPRINT(VAR_PROFILE):   ustep = abs(max-p95)/5;
MPRINT(VAR_PROFILE):   ;
MPRINT(VAR_PROFILE):   if lstep<=step and ustep<=step then do;
MPRINT(VAR_PROFILE):   step = abs(MIN-MAX)/16;
MPRINT(VAR_PROFILE):   START=MIN;
MPRINT(VAR_PROFILE):   do i=1 to 16;
MPRINT(VAR_PROFILE):   _bounds(i) = MIN + i*step;
MPRINT(VAR_PROFILE):   if abs(_bounds{i})< 1e-10 then _bounds(i)= 0;
MPRINT(VAR_PROFILE):   _midpoint(i) = MIN+ (i-0.5)*step;
MPRINT(VAR_PROFILE):   if abs(_midpoint{i})< 1e-10 then _midpoint(i)= 0;
MPRINT(VAR_PROFILE):   end;
MPRINT(VAR_PROFILE):   end;
MPRINT(VAR_PROFILE):   else do;
MPRINT(VAR_PROFILE):   if lstep<=step then do;
MPRINT(VAR_PROFILE):   step = abs(MIN-P95)/16;
MPRINT(VAR_PROFILE):   do i=1 to 16;
MPRINT(VAR_PROFILE):   _bounds(i) = MIN + i*step;
MPRINT(VAR_PROFILE):   if abs(_bounds{i})< 1e-10 then _bounds(i)= 0;
MPRINT(VAR_PROFILE):   _midpoint(i) = MIN+ (i-0.5)*step;
MPRINT(VAR_PROFILE):   if abs(_midpoint{i})< 1e-10 then _midpoint(i)= 0;
MPRINT(VAR_PROFILE):   end;
MPRINT(VAR_PROFILE):   do i=1 to 5;
MPRINT(VAR_PROFILE):   numbars = 16 + i;
MPRINT(VAR_PROFILE):   _bounds(numbars) = P95 + i*ustep;
MPRINT(VAR_PROFILE):   if abs(_bounds{numbars})< 1e-10 then _bounds(numbars)= 0;
MPRINT(VAR_PROFILE):   _midpoint(numbars) = P95 + (i-0.5)*ustep + abs(ustep-step)/2;
MPRINT(VAR_PROFILE):   if abs(_bounds{numbars})< 1e-10 then _bounds(numbars)= 0;
MPRINT(VAR_PROFILE):   end;
MPRINT(VAR_PROFILE):   end;
MPRINT(VAR_PROFILE):   else do;
MPRINT(VAR_PROFILE):   do i=1 to 5;
MPRINT(VAR_PROFILE):   _bounds(i) = P5 - (5-i)*lstep;
MPRINT(VAR_PROFILE):   if abs(_bounds{i})< 1e-10 then _bounds(i)= 0;
MPRINT(VAR_PROFILE):   _midpoint(i) = P5 - (5 - i + 0.5)*lstep - abs(lstep-step)/2;
MPRINT(VAR_PROFILE):   if abs(_midpoint{i})< 1e-10 then _midpoint(i)= 0;
MPRINT(VAR_PROFILE):   end;
MPRINT(VAR_PROFILE):   if ustep<= step then do;
MPRINT(VAR_PROFILE):   step = abs(P5-MAX)/16;
MPRINT(VAR_PROFILE):   do i=1 to 16;
MPRINT(VAR_PROFILE):   numbars = i+5;
MPRINT(VAR_PROFILE):   _bounds(numbars) = P5 + i*step;
MPRINT(VAR_PROFILE):   if abs(_bounds{numbars})< 1e-10 then _bounds(numbars)= 0;
MPRINT(VAR_PROFILE):   _midpoint(numbars) = P5 + (i-0.5)*step;
MPRINT(VAR_PROFILE):   if abs(_midpoint{numbars})< 1e-10 then _midpoint(numbars)= 0;
MPRINT(VAR_PROFILE):   end;
MPRINT(VAR_PROFILE):   end;
MPRINT(VAR_PROFILE):   else do;
MPRINT(VAR_PROFILE):   do i=1 to 16;
MPRINT(VAR_PROFILE):   numbars = i+5;
MPRINT(VAR_PROFILE):   _bounds(numbars) = P5 + i*step;
MPRINT(VAR_PROFILE):   if abs(_bounds{numbars})< 1e-10 then _bounds(numbars)= 0;
MPRINT(VAR_PROFILE):   _midpoint(numbars) = P5 + (i-0.5)*step;
MPRINT(VAR_PROFILE):   if abs(_midpoint{numbars})< 1e-10 then _midpoint(numbars)= 0;
MPRINT(VAR_PROFILE):   end;
MPRINT(VAR_PROFILE):   do i=1 to 5;
MPRINT(VAR_PROFILE):   numbars = 16+5+i;
MPRINT(VAR_PROFILE):   _bounds(numbars) = P95 + i*ustep;
MPRINT(VAR_PROFILE):   if abs(_bounds{numbars})< 1e-10 then _bounds(numbars)= 0;
MPRINT(VAR_PROFILE):   _midpoint(numbars) = P95 + (i-0.5)*ustep + abs(ustep-step)/2;
MPRINT(VAR_PROFILE):  if abs(_midpoint{numbars})< 1e-10 then _midpoint(numbars)= 0;
MPRINT(VAR_PROFILE):   end;
MPRINT(VAR_PROFILE):   end;
MPRINT(VAR_PROFILE):   end;
MPRINT(VAR_PROFILE):   end;
MPRINT(VAR_PROFILE):   end;
MPRINT(VAR_PROFILE):   else do;
MPRINT(VAR_PROFILE):   _bounds(1) = MIN;
MPRINT(VAR_PROFILE):   _midpoint(1) = MIN;
MPRINT(VAR_PROFILE):   end;
MPRINT(VAR_PROFILE):   Format = 'F'!!trim(left(put(_n_,6.)))!!'_';
MPRINT(VAR_PROFILE):   run;

NOTE: There were 3 observations read from the data set WORK._BINDATA.
NOTE: The data set WORK._BINDATA has 3 observations and 69 variables.
NOTE: DATA statement used (Total process time):
      real time           0.02 seconds
      cpu time            0.03 seconds
      

MPRINT(VAR_PROFILE):   data _bindata;
MPRINT(VAR_PROFILE):   merge _bindata _DISCRETEMID(in = _b);
MPRINT(VAR_PROFILE):   by VARIABLE;
MPRINT(VAR_PROFILE):   if _b then _DISCRETE=1;
MPRINT(VAR_PROFILE):   else _DISCRETE=0;
MPRINT(VAR_PROFILE):   run;

NOTE: There were 3 observations read from the data set WORK._BINDATA.
NOTE: There were 3 observations read from the data set WORK._DISCRETEMID.
NOTE: The data set WORK._BINDATA has 3 observations and 71 variables.
NOTE: DATA statement used (Total process time):
      real time           0.01 seconds
      cpu time            0.01 seconds
      

MPRINT(VAR_PROFILE):   data _null_;
MPRINT(VAR_PROFILE):   file fref;
MPRINT(VAR_PROFILE):   set _bindata end=eof;
MPRINT(VAR_PROFILE):   array _bounds{26};
MPRINT(VAR_PROFILE):   array _midpoint{26};
MPRINT(VAR_PROFILE):   if _n_=1 then put 'proc format;';
MPRINT(VAR_PROFILE):   put 'value ' Format;
MPRINT(VAR_PROFILE):   if _DISCRETE then do;
MPRINT(VAR_PROFILE):   do i=1 to 16;
MPRINT(VAR_PROFILE):   _MID = _midpoint{i};
MPRINT(VAR_PROFILE):   if _MID ne . and i<= _NUMCLASSBINS_ then put _MID '="' _MID '"';
MPRINT(VAR_PROFILE):   end;
MPRINT(VAR_PROFILE):   put ';';
MPRINT(VAR_PROFILE):   end;
MPRINT(VAR_PROFILE):   else do;
MPRINT(VAR_PROFILE):   if min eq max then do;
MPRINT(VAR_PROFILE):   put 'low - high ="' MIN '";';
MPRINT(VAR_PROFILE):   end;
MPRINT(VAR_PROFILE):   else do;
MPRINT(VAR_PROFILE):   _LB = MIN;
MPRINT(VAR_PROFILE):   _MID = _midpoint{1};
MPRINT(VAR_PROFILE):   _UB = _bounds{1};
MPRINT(VAR_PROFILE):   put 'LOW -' _UB '="' _MID '"';
MPRINT(VAR_PROFILE):   do i=1 to 26-1;
MPRINT(VAR_PROFILE):   _LB = _bounds{i};
MPRINT(VAR_PROFILE):   j=i+1;
MPRINT(VAR_PROFILE):   _MID = _midpoint{j};
MPRINT(VAR_PROFILE):   _UB = _bounds{j};
MPRINT(VAR_PROFILE):   if (_UB ne .) and (_UB - _LB)>1e-10 then do;
MPRINT(VAR_PROFILE):   if _UB>=MAX then put _LB '-HIGH="' _MID '"';
MPRINT(VAR_PROFILE):   else put _LB '-' _UB '="' _MID '"';
MPRINT(VAR_PROFILE):   end;
MPRINT(VAR_PROFILE):   end;
MPRINT(VAR_PROFILE):   end;
MPRINT(VAR_PROFILE):   end;
MPRINT(VAR_PROFILE):   put ';';
MPRINT(VAR_PROFILE):   if eof then put 'run;';
MPRINT(VAR_PROFILE):   run;

NOTE: The file FREF is:
      Catalog Name=WORK.EM.PROFILEFORMAT.SOURCE,
      Catalog Page Size=4096,
      Number of Catalog Pages=4,
      Created=Mon, Mar  4, 2024 12:37:15 PM,
      Last Modified=Mon, Mar  4, 2024 12:37:15 PM,
      Filename=C:\Users\shre2\AppData\Local\Temp\SAS Temporary Files\_TD12860_NUTVDIWIN104-02_\Prc2\em.sas7bcat,
      Release Created=9.0401M7,
      Host Created=X64_10PRO,Owner Name=UISAD\shre2,
      File Size=             5KB,
      File Size (bytes)=5120

NOTE: 32 records were written to the file FREF.
      The minimum record length was 1.
      The maximum record length was 29.
NOTE: There were 3 observations read from the data set WORK._BINDATA.
NOTE: DATA statement used (Total process time):
      real time           0.04 seconds
      cpu time            0.03 seconds
      

NOTE: %INCLUDE (level 1) file FREF is file WORK.EM.PROFILEFORMAT.SOURCE.
324833    +proc format;
MPRINT(VAR_PROFILE):   proc format;
324834    +value F1_
324835    +0.055838989 ="0.055838989 "
324836    +0.1755540926 ="0.1755540926 "
324837    +0.1768841277 ="0.1768841277 "
324838    +0.2131557036 ="0.2131557036 "
324839    +0.3641975309 ="0.3641975309 "
324840    +0.366842661 ="0.366842661 "
324841    +0.5603932584 ="0.5603932584 "
324842    +;
MPRINT(VAR_PROFILE):   value F1_ 0.055838989 ="0.055838989 " 0.1755540926 ="0.1755540926 " 0.1768841277 ="0.1768841277 " 0.2131557036 ="0.2131557036 " 0.3641975309 ="0.3641975309 " 0.366842661 ="0.366842661 " 0.5603932584 ="0.5603932584 " ;
NOTE: Format F1_ has been output.
MPRINT(VAR_PROFILE):   ;
324843    +;
324844    +value F2_
324845    +0.3998127341 ="0.3998127341 "
324846    +0.5853909465 ="0.5853909465 "
324847    +0.5976768743 ="0.5976768743 "
324848    +0.7676935887 ="0.7676935887 "
324849    +0.7978933509 ="0.7978933509 "
324850    +0.8003515086 ="0.8003515086 "
324851    +0.9332553241 ="0.9332553241 "
324852    +;
MPRINT(VAR_PROFILE):   value F2_ 0.3998127341 ="0.3998127341 " 0.5853909465 ="0.5853909465 " 0.5976768743 ="0.5976768743 " 0.7676935887 ="0.7676935887 " 0.7978933509 ="0.7978933509 " 0.8003515086 ="0.8003515086 " 0.9332553241 ="0.9332553241 " ;
NOTE: Format F2_ has been output.
MPRINT(VAR_PROFILE):   ;
324853    +;
324854    +value F3_
324855    +0.0109056869 ="0.0109056869 "
324856    +0.0191507077 ="0.0191507077 "
324857    +0.0227643637 ="0.0227643637 "
324858    +0.0265525565 ="0.0265525565 "
324859    +0.0354804646 ="0.0354804646 "
324860    +0.0397940075 ="0.0397940075 "
324861    +0.0504115226 ="0.0504115226 "
324862    +;
MPRINT(VAR_PROFILE):   value F3_ 0.0109056869 ="0.0109056869 " 0.0191507077 ="0.0191507077 " 0.0227643637 ="0.0227643637 " 0.0265525565 ="0.0265525565 " 0.0354804646 ="0.0354804646 " 0.0397940075 ="0.0397940075 " 0.0504115226 ="0.0504115226 " ;
NOTE: Format F3_ has been output.
MPRINT(VAR_PROFILE):   ;
MPRINT(VAR_PROFILE):   run;
324863    +;
324864    +run;

NOTE: PROCEDURE FORMAT used (Total process time):
      real time           0.00 seconds
      cpu time            0.00 seconds
      

NOTE: %INCLUDE (level 1) ending.
MPRINT(VAR_PROFILE):   filename fref;
NOTE: Fileref FREF has been deassigned.
MPRINT(VAR_PROFILE):   data _binneddata / view=_binneddata;
MPRINT(VAR_PROFILE):   set EMWS1.MdlComp3_TRAIN(obs=1000000);
MPRINT(VAR_PROFILE):   format P_Diabetes_Predictiondiabetes F1_. P_Diabetes_Predictionno_diabetes F2_. P_Diabetes_Predictionprediabetes F3_. ;
MPRINT(VAR_PROFILE):   run;

NOTE: DATA STEP view saved on file WORK._BINNEDDATA.
NOTE: A stored DATA STEP view cannot run under a different operating system.
NOTE: View EMWS1.MDLCOMP3_TRAIN.VIEW used (Total process time):
      real time           0.19 seconds
      cpu time            0.18 seconds
      
NOTE: DATA statement used (Total process time):
      real time           0.22 seconds
      cpu time            0.21 seconds
      

MPRINT(VAR_PROFILE):   proc dmdb data=_binneddata(obs=1000000) classout=_temptab(rename=(NAME=VARIABLE FREQUENCY=COUNT FREQPERCENT=PERCENT));
MPRINT(VAR_PROFILE):   class
MPRINT(_VARS):   P_Diabetes_Predictionprediabetes P_Diabetes_Predictionno_diabetes P_Diabetes_Predictiondiabetes
MPRINT(VAR_PROFILE):   ;
MPRINT(VAR_PROFILE):   run;

NOTE: Variable _WARN_ is uninitialized.
NOTE: Records processed = 80228   Memory used = 511K.
NOTE: There were 80228 observations read from the data set EMWS1.PART_TRAIN.
NOTE: There were 80228 observations read from the data set EMWS1.TREE4_TRAIN.
NOTE: There were 80228 observations read from the data set EMWS1.MDLCOMP_TRAIN.
NOTE: View WORK._BINNEDDATA.VIEW used (Total process time):
      real time           0.45 seconds
      cpu time            0.45 seconds
      
NOTE: There were 80228 observations read from the data set EMWS1.MDLCOMP3_TRAIN.
NOTE: There were 80228 observations read from the data set WORK._BINNEDDATA.
NOTE: The data set WORK._TEMPTAB has 21 observations and 9 variables.
NOTE: PROCEDURE DMDB used (Total process time):
      real time           0.46 seconds
      cpu time            0.46 seconds
      

MPRINT(VAR_PROFILE):   data work.Score_VARHIST;
MPRINT(VAR_PROFILE):   label VALUE = "Value";
MPRINT(VAR_PROFILE):   label VARIABLE = "Variable";
MPRINT(VAR_PROFILE):   label COUNT = "Frequency Count";
MPRINT(VAR_PROFILE):   label PERCENT = "Percent";
MPRINT(VAR_PROFILE):   set _temptab;
MPRINT(VAR_PROFILE):   format VALUE 12.3 count;
MPRINT(VAR_PROFILE):   value = inputn(level, 'best12.');
MPRINT(VAR_PROFILE):   keep VARIABLE COUNT PERCENT VALUE;
MPRINT(VAR_PROFILE):   run;

NOTE: There were 21 observations read from the data set WORK._TEMPTAB.
NOTE: The data set WORK.SCORE_VARHIST has 21 observations and 4 variables.
NOTE: DATA statement used (Total process time):
      real time           0.04 seconds
      cpu time            0.04 seconds
      

MPRINT(VAR_PROFILE):   proc datasets lib=work nolist mt=(DATA VIEW);
MPRINT(VAR_PROFILE):   delete _TEMPTAB _BINNEDDATA _MINMAXDATA;
MPRINT(VAR_PROFILE):   run;

NOTE: The file WORK._MINMAXDATA (memtype=(DATA VIEW)) was not found, but appears on a DELETE statement.
NOTE: Deleting WORK._TEMPTAB (memtype=DATA).
NOTE: Deleting WORK._BINNEDDATA (memtype=VIEW).
MPRINT(VAR_PROFILE):   quit;

NOTE: PROCEDURE DATASETS used (Total process time):
      real time           0.06 seconds
      cpu time            0.06 seconds
      

MPRINT(EM_DIAGRAM):  ;

324865     data work.Score_VARHIST;
MPRINT(EM_DIAGRAM):    data work.Score_VARHIST;
324866     length DATAROLE $8 TYPE $14;
MPRINT(EM_DIAGRAM):   length DATAROLE $8 TYPE $14;
324867     retain DATAROLE "TRAIN" TYPE "";
MPRINT(EM_DIAGRAM):   retain DATAROLE "TRAIN" TYPE "";
324868     set work.Score_VARHIST(rename=(VALUE=X));
MPRINT(EM_DIAGRAM):   set work.Score_VARHIST(rename=(VALUE=X));
324869     run;
MPRINT(EM_DIAGRAM):   run;

NOTE: There were 21 observations read from the data set WORK.SCORE_VARHIST.
NOTE: The data set WORK.SCORE_VARHIST has 21 observations and 6 variables.
NOTE: DATA statement used (Total process time):
      real time           0.02 seconds
      cpu time            0.03 seconds
      

324870     proc append base=work.Score_HIST data=work.Score_VARHIST;
MPRINT(EM_DIAGRAM):   proc append base=work.Score_HIST data=work.Score_VARHIST;
324871     run;
MPRINT(EM_DIAGRAM):   run;

NOTE: Appending WORK.SCORE_VARHIST to WORK.SCORE_HIST.
NOTE: BASE data set does not exist. DATA file is being copied to BASE file.
NOTE: There were 21 observations read from the data set WORK.SCORE_VARHIST.
NOTE: The data set WORK.SCORE_HIST has 21 observations and 6 variables.
NOTE: PROCEDURE APPEND used (Total process time):
      real time           0.02 seconds
      cpu time            0.03 seconds
      

324872     proc transpose data=work.Score_SUMDATA out=work.Score_SUMDATA( rename=(_NAME_=VARIABLE _LABEL_=LABEL LOCATION=MEAN SCALE=STD P0=MIN P50=MEDIAN P100=MAX));
MPRINT(EM_DIAGRAM):    proc transpose data=work.Score_SUMDATA out=work.Score_SUMDATA( rename=(_NAME_=VARIABLE _LABEL_=LABEL LOCATION=MEAN SCALE=STD P0=MIN P50=MEDIAN P100=MAX));
324873     where _TYPE_ in('LOCATION' 'SCALE' 'N' 'P0' 'P25' 'P50' 'P75' 'P100');
MPRINT(EM_DIAGRAM):   where _TYPE_ in('LOCATION' 'SCALE' 'N' 'P0' 'P25' 'P50' 'P75' 'P100');
324874     id _type_;
MPRINT(EM_DIAGRAM):   id _type_;
324875     run;
MPRINT(EM_DIAGRAM):   run;

NOTE: There were 8 observations read from the data set WORK.SCORE_SUMDATA.
      WHERE _TYPE_ in ('LOCATION', 'N', 'P0', 'P100', 'P25', 'P50', 'P75', 'SCALE');
NOTE: The data set WORK.SCORE_SUMDATA has 3 observations and 10 variables.
NOTE: PROCEDURE TRANSPOSE used (Total process time):
      real time           0.05 seconds
      cpu time            0.03 seconds
      

324876     data work.Score_SUMDATA;
MPRINT(EM_DIAGRAM):   data work.Score_SUMDATA;
324877     length DATAROLE $8 TYPE $14;
MPRINT(EM_DIAGRAM):   length DATAROLE $8 TYPE $14;
324878     retain DATAROLE "TRAIN" Type "";
MPRINT(EM_DIAGRAM):   retain DATAROLE "TRAIN" Type "";
324879     set work.Score_SUMDATA;
MPRINT(EM_DIAGRAM):   set work.Score_SUMDATA;
324880     run;
MPRINT(EM_DIAGRAM):   run;

NOTE: There were 3 observations read from the data set WORK.SCORE_SUMDATA.
NOTE: The data set WORK.SCORE_SUMDATA has 3 observations and 12 variables.
NOTE: DATA statement used (Total process time):
      real time           0.15 seconds
      cpu time            0.03 seconds
      

324881     proc append base=WORK.ScoreSTAT data=work.Score_SUMDATA;
MPRINT(EM_DIAGRAM):   proc append base=WORK.ScoreSTAT data=work.Score_SUMDATA;
324882     run;
MPRINT(EM_DIAGRAM):   run;

NOTE: Appending WORK.SCORE_SUMDATA to WORK.SCORESTAT.
NOTE: BASE data set does not exist. DATA file is being copied to BASE file.
NOTE: There were 3 observations read from the data set WORK.SCORE_SUMDATA.
NOTE: The data set WORK.SCORESTAT has 3 observations and 12 variables.
NOTE: PROCEDURE APPEND used (Total process time):
      real time           0.05 seconds
      cpu time            0.04 seconds
      

324883     data WORK.SCOREFREQMETA;
MPRINT(EM_DIAGRAM):    data WORK.SCOREFREQMETA;
324884     length NAME $32 ROLE $32 LEVEL $8;
MPRINT(EM_DIAGRAM):   length NAME $32 ROLE $32 LEVEL $8;
324885     NAME="I_Diabetes_Prediction";
MPRINT(EM_DIAGRAM):   NAME="I_Diabetes_Prediction";
324886     ROLE="INPUT";
MPRINT(EM_DIAGRAM):   ROLE="INPUT";
324887     LEVEL="NOMINAL";
MPRINT(EM_DIAGRAM):   LEVEL="NOMINAL";
324888     TYPE="C";
MPRINT(EM_DIAGRAM):   TYPE="C";
324889     output;
MPRINT(EM_DIAGRAM):   output;
324890     NAME="_NODE_";
MPRINT(EM_DIAGRAM):   NAME="_NODE_";
324891     ROLE="INPUT";
MPRINT(EM_DIAGRAM):   ROLE="INPUT";
324892     LEVEL="NOMINAL";
MPRINT(EM_DIAGRAM):   LEVEL="NOMINAL";
324893     TYPE="N";
MPRINT(EM_DIAGRAM):   TYPE="N";
324894     output;
MPRINT(EM_DIAGRAM):   output;
324895     run;
MPRINT(EM_DIAGRAM):   run;

NOTE: The data set WORK.SCOREFREQMETA has 2 observations and 4 variables.
NOTE: DATA statement used (Total process time):
      real time           0.01 seconds
      cpu time            0.01 seconds
      

324896     data WORK.SCOREHISTMETA;
MPRINT(EM_DIAGRAM):    data WORK.SCOREHISTMETA;
324897     length NAME $32 ROLE $32 LEVEL $8;
MPRINT(EM_DIAGRAM):   length NAME $32 ROLE $32 LEVEL $8;
324898     NAME="P_Diabetes_Predictionprediabetes";
MPRINT(EM_DIAGRAM):   NAME="P_Diabetes_Predictionprediabetes";
324899     ROLE="INPUT";
MPRINT(EM_DIAGRAM):   ROLE="INPUT";
324900     LEVEL="INTERVAL";
MPRINT(EM_DIAGRAM):   LEVEL="INTERVAL";
324901     TYPE="N";
MPRINT(EM_DIAGRAM):   TYPE="N";
324902     output;
MPRINT(EM_DIAGRAM):   output;
324903     NAME="P_Diabetes_Predictionno_diabetes";
MPRINT(EM_DIAGRAM):   NAME="P_Diabetes_Predictionno_diabetes";
324904     ROLE="INPUT";
MPRINT(EM_DIAGRAM):   ROLE="INPUT";
324905     LEVEL="INTERVAL";
MPRINT(EM_DIAGRAM):   LEVEL="INTERVAL";
324906     TYPE="N";
MPRINT(EM_DIAGRAM):   TYPE="N";
324907     output;
MPRINT(EM_DIAGRAM):   output;
324908     NAME="P_Diabetes_Predictiondiabetes";
MPRINT(EM_DIAGRAM):   NAME="P_Diabetes_Predictiondiabetes";
324909     ROLE="INPUT";
MPRINT(EM_DIAGRAM):   ROLE="INPUT";
324910     LEVEL="INTERVAL";
MPRINT(EM_DIAGRAM):   LEVEL="INTERVAL";
324911     TYPE="N";
MPRINT(EM_DIAGRAM):   TYPE="N";
324912     output;
MPRINT(EM_DIAGRAM):   output;
324913     run;
MPRINT(EM_DIAGRAM):   run;

NOTE: The data set WORK.SCOREHISTMETA has 3 observations and 4 variables.
NOTE: DATA statement used (Total process time):
      real time           0.01 seconds
      cpu time            0.01 seconds
      

NOTE: View EMWS1.MDLCOMP3_VALIDATE.VIEW used (Total process time):
      real time           0.26 seconds
      cpu time            0.26 seconds
      
324914     ods listing close;
MPRINT(EM_DIAGRAM):    ods listing close;
324915     ods output onewayfreqs=WORK.TEMPFREQ;
MPRINT(EM_DIAGRAM):   ods output onewayfreqs=WORK.TEMPFREQ;
324916     proc freq data = EMWS1.MdlComp3_VALIDATE order=formatted addnames;
MPRINT(EM_DIAGRAM):   proc freq data = EMWS1.MdlComp3_VALIDATE order=formatted addnames;
324917     table I_Diabetes_Prediction / missing;
MPRINT(EM_DIAGRAM):   table I_Diabetes_Prediction / missing;
324918     table _NODE_ / missing;
MPRINT(EM_DIAGRAM):   table _NODE_ / missing;
324919     run;
MPRINT(EM_DIAGRAM):   run;

NOTE: Variable _WARN_ is uninitialized.
NOTE: There were 60169 observations read from the data set EMWS1.PART_VALIDATE.
NOTE: There were 60169 observations read from the data set EMWS1.TREE4_VALIDATE.
NOTE: View EMWS1.MDLCOMP3_VALIDATE.VIEW used (Total process time):
      real time           0.43 seconds
      cpu time            0.34 seconds
      
NOTE: There were 60169 observations read from the data set EMWS1.MDLCOMP_VALIDATE.
NOTE: The data set WORK.TEMPFREQ has 9 observations and 10 variables.
NOTE: There were 60169 observations read from the data set EMWS1.MDLCOMP3_VALIDATE.
NOTE: PROCEDURE FREQ used (Total process time):
      real time           0.48 seconds
      cpu time            0.37 seconds
      

MPRINT(EM_DIAGRAM):   quit;
324920     quit;
324921     ods listing;
MPRINT(EM_DIAGRAM):   ods listing;
324922     data WORK.Score_BAR(keep=_VARIABLE_ TYPE COUNT PERCENT _X_ _XLABEL_);
MPRINT(EM_DIAGRAM):    data WORK.Score_BAR(keep=_VARIABLE_ TYPE COUNT PERCENT _X_ _XLABEL_);
324923     label _VARIABLE_ = "%sysfunc(sasmsg(sashelp.dmine, rpt_variable_vlabel, NOQUOTE))" Type = "%sysfunc(sasmsg(sashelp.dmine, rpt_type_vlabel,         NOQUOTE))" _X_ = "%sysfunc(sasmsg(sashelp.dmine, rpt_numValue_vlabel, NOQUOTE))" _XLABEL_ =
324924        "%sysfunc(sasmsg(sashelp.dmine, rpt_fmtValue_vlabel ,    NOQUOTE))" COUNT = "%sysfunc(sasmsg(sashelp.dmine, rpt_count_vlabel,        NOQUOTE))" PERCENT = "%sysfunc(sasmsg(sashelp.dmine, rpt_percent_vlabel,      NOQUOTE))";
MPRINT(EM_DIAGRAM):   label _VARIABLE_ = "Variable" Type = "Type" _X_ = "Numeric Value" _XLABEL_ = "Formatted Value" COUNT = "Frequency Count" PERCENT = "Percent";
324925     dsid = open("WORK.TEMPFREQ");
MPRINT(EM_DIAGRAM):   dsid = open("WORK.TEMPFREQ");
324926     varnum = varnum(dsid, 'VARIABLE');
MPRINT(EM_DIAGRAM):   varnum = varnum(dsid, 'VARIABLE');
324927     freqnum = varnum(dsid, 'FREQUENCY');
MPRINT(EM_DIAGRAM):   freqnum = varnum(dsid, 'FREQUENCY');
324928     pvarnum = varnum(dsid, 'PERCENT');
MPRINT(EM_DIAGRAM):   pvarnum = varnum(dsid, 'PERCENT');
324929     typenum = varnum(dsid, '_TYPE_');
MPRINT(EM_DIAGRAM):   typenum = varnum(dsid, '_TYPE_');
324930     length _VARIABLE_ $32 TYPE $1 _XLABEL_ $32;
MPRINT(EM_DIAGRAM):   length _VARIABLE_ $32 TYPE $1 _XLABEL_ $32;
324931     do while(^fetch(dsid));
MPRINT(EM_DIAGRAM):   do while(^fetch(dsid));
324932     _VARIABLE_ = strip(getvarc(dsid, varnum));
MPRINT(EM_DIAGRAM):   _VARIABLE_ = strip(getvarc(dsid, varnum));
324933     count = getvarn(dsid, freqnum);
MPRINT(EM_DIAGRAM):   count = getvarn(dsid, freqnum);
324934     percent= getvarn(dsid, pvarnum);
MPRINT(EM_DIAGRAM):   percent= getvarn(dsid, pvarnum);
324935     vvarnum = varnum(dsid, _VARIABLE_);
MPRINT(EM_DIAGRAM):   vvarnum = varnum(dsid, _VARIABLE_);
324936     type = vartype(dsid, vvarnum);
MPRINT(EM_DIAGRAM):   type = vartype(dsid, vvarnum);
324937     fvarnum = varnum(dsid, 'F_'!!substr(_VARIABLE_, 1, 30));
MPRINT(EM_DIAGRAM):   fvarnum = varnum(dsid, 'F_'!!substr(_VARIABLE_, 1, 30));
324938     _XLABEL_ = left(getvarc(dsid, fvarnum));
MPRINT(EM_DIAGRAM):   _XLABEL_ = left(getvarc(dsid, fvarnum));
324939     _X_ = .;
MPRINT(EM_DIAGRAM):   _X_ = .;
324940     if TYPE eq 'N' then _X_ = getvarn(dsid, vvarnum);
MPRINT(EM_DIAGRAM):   if TYPE eq 'N' then _X_ = getvarn(dsid, vvarnum);
324941     output;
MPRINT(EM_DIAGRAM):   output;
324942     end;
MPRINT(EM_DIAGRAM):   end;
324943     dsid = close(dsid);
MPRINT(EM_DIAGRAM):   dsid = close(dsid);
324944     run;
MPRINT(EM_DIAGRAM):   run;

NOTE: The data set WORK.SCORE_BAR has 9 observations and 6 variables.
NOTE: DATA statement used (Total process time):
      real time           0.02 seconds
      cpu time            0.03 seconds
      

324945     proc sort data=WORK.Score_BAR NOTHREADS;
MPRINT(EM_DIAGRAM):   proc sort data=WORK.Score_BAR NOTHREADS;
324946     by _VARIABLE_;
MPRINT(EM_DIAGRAM):   by _VARIABLE_;
324947     run;
MPRINT(EM_DIAGRAM):   run;

NOTE: There were 9 observations read from the data set WORK.SCORE_BAR.
NOTE: The data set WORK.SCORE_BAR has 9 observations and 6 variables.
NOTE: PROCEDURE SORT used (Total process time):
      real time           0.02 seconds
      cpu time            0.03 seconds
      

324948     proc sort data=WORK.M3PF86RE;
MPRINT(EM_DIAGRAM):   proc sort data=WORK.M3PF86RE;
324949     by Name;
MPRINT(EM_DIAGRAM):   by Name;
324950     run;
MPRINT(EM_DIAGRAM):   run;

NOTE: There were 2 observations read from the data set WORK.M3PF86RE.
NOTE: The data set WORK.M3PF86RE has 2 observations and 4 variables.
NOTE: PROCEDURE SORT used (Total process time):
      real time           0.01 seconds
      cpu time            0.01 seconds
      

324951     data WORK.Score_BAR;
MPRINT(EM_DIAGRAM):   data WORK.Score_BAR;
324952     merge WORK.Score_BAR(in=_a) WORK.M3PF86RE(keep=Name Role rename=(Name=_Variable_));
MPRINT(EM_DIAGRAM):   merge WORK.Score_BAR(in=_a) WORK.M3PF86RE(keep=Name Role rename=(Name=_Variable_));
324953     by _Variable_;
MPRINT(EM_DIAGRAM):   by _Variable_;
324954     label Role = "%sysfunc(sasmsg(sashelp.dmine, meta_role_vlabel ,  NOQUOTE))";
MPRINT(EM_DIAGRAM):   label Role = "Role";
324955     if _a then output;
MPRINT(EM_DIAGRAM):   if _a then output;
324956     run;
MPRINT(EM_DIAGRAM):   run;

NOTE: There were 9 observations read from the data set WORK.SCORE_BAR.
NOTE: There were 2 observations read from the data set WORK.M3PF86RE.
NOTE: The data set WORK.SCORE_BAR has 9 observations and 7 variables.
NOTE: DATA statement used (Total process time):
      real time           0.01 seconds
      cpu time            0.01 seconds
      

324957     data WORK.Score_BAR;
MPRINT(EM_DIAGRAM):    data WORK.Score_BAR;
324958     length DATAROLE $8 TYPE $14;
MPRINT(EM_DIAGRAM):   length DATAROLE $8 TYPE $14;
324959     retain DATAROLE "VALIDATE";
MPRINT(EM_DIAGRAM):   retain DATAROLE "VALIDATE";
324960     set WORK.Score_BAR;
MPRINT(EM_DIAGRAM):   set WORK.Score_BAR;
324961     run;
MPRINT(EM_DIAGRAM):   run;

NOTE: There were 9 observations read from the data set WORK.SCORE_BAR.
NOTE: The data set WORK.SCORE_BAR has 9 observations and 8 variables.
NOTE: DATA statement used (Total process time):
      real time           0.02 seconds
      cpu time            0.04 seconds
      

324962     proc append base=EMWS1.Score_BAR data=WORK.Score_BAR;
MPRINT(EM_DIAGRAM):   proc append base=EMWS1.Score_BAR data=WORK.Score_BAR;
324963     run;
MPRINT(EM_DIAGRAM):   run;

NOTE: Appending WORK.SCORE_BAR to EMWS1.SCORE_BAR.
NOTE: There were 9 observations read from the data set WORK.SCORE_BAR.
NOTE: 9 observations added.
NOTE: The data set EMWS1.SCORE_BAR has 18 observations and 8 variables.
NOTE: PROCEDURE APPEND used (Total process time):
      real time           0.04 seconds
      cpu time            0.03 seconds
      

324964     %var_profile(DATA=EMWS1.MdlComp3_VALIDATE, OUTPUT=work.Score_VARHIST, METADATA=WORK.SCOREHISTMETA, COMPUTESTAT=N, BINDATA=_bindata, STAT=_STAT, PCTLSTAT=work.Score_SUMDATA, FREQ=, BIN=Y, NUMBARS= 16);
MPRINT(EM_DIAGRAM):   
*------------------------------------------------------------*
* Score: Computing Summary Statistics
*------------------------------------------------------------*
MPRINT(VAR_PROFILE):   filename _mac catalog 'WORK.MACROS.VARIABLES.SOURCE';
MPRINT(VAR_PROFILE):   data _null;
MPRINT(VAR_PROFILE):   set WORK.SCOREHISTMETA(where=(LEVEL = 'INTERVAL' and ROLE ne 'FREQ')) end=eof;
MPRINT(VAR_PROFILE):   if eof then call symput('_nobs', put(_N_, best.));
MPRINT(VAR_PROFILE):   run;

NOTE: There were 3 observations read from the data set WORK.SCOREHISTMETA.
      WHERE (LEVEL='INTERVAL') and (ROLE not = 'FREQ');
NOTE: The data set WORK._NULL has 3 observations and 4 variables.
NOTE: DATA statement used (Total process time):
      real time           0.02 seconds
      cpu time            0.03 seconds
      

MPRINT(VAR_PROFILE):   data _null_;
MPRINT(VAR_PROFILE):   file _mac;
MPRINT(VAR_PROFILE):   length _VARS $80;
MPRINT(VAR_PROFILE):   retain _vars;
MPRINT(VAR_PROFILE):   if _n_ =1 then put '%macro _vars;';
MPRINT(VAR_PROFILE):   set WORK.SCOREHISTMETA end=eof;
MPRINT(VAR_PROFILE):   where LEVEL = 'INTERVAL' or ROLE='FREQ';
MPRINT(VAR_PROFILE):   if ROLE='FREQ' then call symput('FREQ', trim(NAME));
MPRINT(VAR_PROFILE):   else do;
MPRINT(VAR_PROFILE):   if length(strip(_vars)) + length(strip(NAME)) + 1 <80 then _vars = strip(_vars)!! ' ' !!strip(NAME);
MPRINT(VAR_PROFILE):   else do;
MPRINT(VAR_PROFILE):   put _Vars;
MPRINT(VAR_PROFILE):   _vars = strip(NAME);
MPRINT(VAR_PROFILE):   end;
MPRINT(VAR_PROFILE):   end;
MPRINT(VAR_PROFILE):   if eof then do;
MPRINT(VAR_PROFILE):   put _Vars;
MPRINT(VAR_PROFILE):   put '%mend _vars;';
MPRINT(VAR_PROFILE):   end;
MPRINT(VAR_PROFILE):   run;

NOTE: The file _MAC is:
      Catalog Name=WORK.MACROS.VARIABLES.SOURCE,
      Catalog Page Size=4096,
      Number of Catalog Pages=5,
      Created=Mon, Mar  4, 2024 12:37:13 PM,
      Last Modified=Mon, Mar  4, 2024 12:37:13 PM,
      Filename=C:\Users\shre2\AppData\Local\Temp\SAS Temporary Files\_TD12860_NUTVDIWIN104-02_\Prc2\macros.sas7bcat,
      Release Created=9.0401M7,
      Host Created=X64_10PRO,Owner Name=UISAD\shre2,
      File Size=            17KB,
      File Size (bytes)=17408

NOTE: 4 records were written to the file _MAC.
      The minimum record length was 12.
      The maximum record length was 65.
NOTE: There were 3 observations read from the data set WORK.SCOREHISTMETA.
      WHERE (LEVEL='INTERVAL') or (ROLE='FREQ');
NOTE: DATA statement used (Total process time):
      real time           0.01 seconds
      cpu time            0.01 seconds
      

NOTE: %INCLUDE (level 1) file _MAC is file WORK.MACROS.VARIABLES.SOURCE.
324965    +%macro _vars;
324966    +P_Diabetes_Predictionprediabetes P_Diabetes_Predictionno_diabetes
324967    +P_Diabetes_Predictiondiabetes
324968    +%mend _vars;
NOTE: %INCLUDE (level 1) ending.
MPRINT(VAR_PROFILE):   filename _mac;
NOTE: Fileref _MAC has been deassigned.
MPRINT(VAR_PROFILE):   data _binneddata / view=_binneddata;
MPRINT(VAR_PROFILE):   set EMWS1.MdlComp3_VALIDATE(obs=1000000);
MPRINT(VAR_PROFILE):   format P_Diabetes_Predictiondiabetes F1_. P_Diabetes_Predictionno_diabetes F2_. P_Diabetes_Predictionprediabetes F3_. ;
MPRINT(VAR_PROFILE):   run;

NOTE: DATA STEP view saved on file WORK._BINNEDDATA.
NOTE: A stored DATA STEP view cannot run under a different operating system.
NOTE: View EMWS1.MDLCOMP3_VALIDATE.VIEW used (Total process time):
      real time           0.21 seconds
      cpu time            0.18 seconds
      
NOTE: DATA statement used (Total process time):
      real time           0.24 seconds
      cpu time            0.21 seconds
      

MPRINT(VAR_PROFILE):   proc dmdb data=_binneddata(obs=1000000) classout=_temptab(rename=(NAME=VARIABLE FREQUENCY=COUNT FREQPERCENT=PERCENT));
MPRINT(VAR_PROFILE):   class
MPRINT(_VARS):   P_Diabetes_Predictionprediabetes P_Diabetes_Predictionno_diabetes P_Diabetes_Predictiondiabetes
MPRINT(VAR_PROFILE):   ;
MPRINT(VAR_PROFILE):   run;

NOTE: Variable _WARN_ is uninitialized.
NOTE: Records processed = 60169   Memory used = 511K.
NOTE: There were 60169 observations read from the data set EMWS1.PART_VALIDATE.
NOTE: There were 60169 observations read from the data set EMWS1.TREE4_VALIDATE.
NOTE: There were 60169 observations read from the data set EMWS1.MDLCOMP_VALIDATE.
NOTE: View WORK._BINNEDDATA.VIEW used (Total process time):
      real time           0.42 seconds
      cpu time            0.42 seconds
      
NOTE: There were 60169 observations read from the data set EMWS1.MDLCOMP3_VALIDATE.
NOTE: There were 60169 observations read from the data set WORK._BINNEDDATA.
NOTE: The data set WORK._TEMPTAB has 21 observations and 9 variables.
NOTE: PROCEDURE DMDB used (Total process time):
      real time           0.43 seconds
      cpu time            0.43 seconds
      

MPRINT(VAR_PROFILE):   data work.Score_VARHIST;
MPRINT(VAR_PROFILE):   label VALUE = "Value";
MPRINT(VAR_PROFILE):   label VARIABLE = "Variable";
MPRINT(VAR_PROFILE):   label COUNT = "Frequency Count";
MPRINT(VAR_PROFILE):   label PERCENT = "Percent";
MPRINT(VAR_PROFILE):   set _temptab;
MPRINT(VAR_PROFILE):   format VALUE 12.3 count;
MPRINT(VAR_PROFILE):   value = inputn(level, 'best12.');
MPRINT(VAR_PROFILE):   keep VARIABLE COUNT PERCENT VALUE;
MPRINT(VAR_PROFILE):   run;

NOTE: There were 21 observations read from the data set WORK._TEMPTAB.
NOTE: The data set WORK.SCORE_VARHIST has 21 observations and 4 variables.
NOTE: DATA statement used (Total process time):
      real time           0.02 seconds
      cpu time            0.03 seconds
      

MPRINT(VAR_PROFILE):   proc datasets lib=work nolist mt=(DATA VIEW);
MPRINT(VAR_PROFILE):   delete _TEMPTAB _BINNEDDATA _MINMAXDATA;
MPRINT(VAR_PROFILE):   run;

NOTE: The file WORK._MINMAXDATA (memtype=(DATA VIEW)) was not found, but appears on a DELETE statement.
NOTE: Deleting WORK._TEMPTAB (memtype=DATA).
NOTE: Deleting WORK._BINNEDDATA (memtype=VIEW).
MPRINT(VAR_PROFILE):   quit;

NOTE: PROCEDURE DATASETS used (Total process time):
      real time           0.07 seconds
      cpu time            0.06 seconds
      

MPRINT(EM_DIAGRAM):  ;

324969     data work.Score_VARHIST;
MPRINT(EM_DIAGRAM):    data work.Score_VARHIST;
324970     length DATAROLE $8 TYPE $14;
MPRINT(EM_DIAGRAM):   length DATAROLE $8 TYPE $14;
324971     retain DATAROLE "VALIDATE" TYPE "";
MPRINT(EM_DIAGRAM):   retain DATAROLE "VALIDATE" TYPE "";
324972     set work.Score_VARHIST(rename=(VALUE=X));
MPRINT(EM_DIAGRAM):   set work.Score_VARHIST(rename=(VALUE=X));
324973     run;
MPRINT(EM_DIAGRAM):   run;

NOTE: There were 21 observations read from the data set WORK.SCORE_VARHIST.
NOTE: The data set WORK.SCORE_VARHIST has 21 observations and 6 variables.
NOTE: DATA statement used (Total process time):
      real time           0.02 seconds
      cpu time            0.03 seconds
      

324974     proc append base=work.Score_HIST data=work.Score_VARHIST;
MPRINT(EM_DIAGRAM):   proc append base=work.Score_HIST data=work.Score_VARHIST;
324975     run;
MPRINT(EM_DIAGRAM):   run;

NOTE: Appending WORK.SCORE_VARHIST to WORK.SCORE_HIST.
NOTE: There were 21 observations read from the data set WORK.SCORE_VARHIST.
NOTE: 21 observations added.
NOTE: The data set WORK.SCORE_HIST has 42 observations and 6 variables.
NOTE: PROCEDURE APPEND used (Total process time):
      real time           0.01 seconds
      cpu time            0.00 seconds
      

324976     proc stdize data=EMWS1.MdlComp3_VALIDATE(obs=1000000) outstat=work.Score_SUMDATA out=_null_ pctlpts=(0 5 25 50 75 95 100);
MPRINT(EM_DIAGRAM):    proc stdize data=EMWS1.MdlComp3_VALIDATE(obs=1000000) outstat=work.Score_SUMDATA out=_null_ pctlpts=(0 5 25 50 75 95 100);
324977     var
324978     P_Diabetes_Predictionprediabetes
324979     P_Diabetes_Predictionno_diabetes
324980     P_Diabetes_Predictiondiabetes
324981     ;
MPRINT(EM_DIAGRAM):   var P_Diabetes_Predictionprediabetes P_Diabetes_Predictionno_diabetes P_Diabetes_Predictiondiabetes ;
324982     run;
MPRINT(EM_DIAGRAM):   run;

NOTE: Variable _WARN_ is uninitialized.
NOTE: There were 60169 observations read from the data set EMWS1.PART_VALIDATE.
NOTE: There were 60169 observations read from the data set EMWS1.TREE4_VALIDATE.
NOTE: View EMWS1.MDLCOMP3_VALIDATE.VIEW used (Total process time):
      real time           0.46 seconds
      cpu time            0.46 seconds
      
NOTE: There were 60169 observations read from the data set EMWS1.MDLCOMP_VALIDATE.
NOTE: There were 60169 observations read from the data set EMWS1.MDLCOMP3_VALIDATE.
NOTE: The data set WORK.SCORE_SUMDATA has 15 observations and 4 variables.
NOTE: PROCEDURE STDIZE used (Total process time):
      real time           0.49 seconds
      cpu time            0.48 seconds
      

MPRINT(EM_DIAGRAM):   quit;
324983     quit;

324984     proc transpose data=work.Score_SUMDATA out=work.Score_SUMDATA( rename=(_NAME_=VARIABLE _LABEL_=LABEL LOCATION=MEAN SCALE=STD P0=MIN P50=MEDIAN P100=MAX));
MPRINT(EM_DIAGRAM):    proc transpose data=work.Score_SUMDATA out=work.Score_SUMDATA( rename=(_NAME_=VARIABLE _LABEL_=LABEL LOCATION=MEAN SCALE=STD P0=MIN P50=MEDIAN P100=MAX));
324985     where _TYPE_ in('LOCATION' 'SCALE' 'N' 'P0' 'P25' 'P50' 'P75' 'P100');
MPRINT(EM_DIAGRAM):   where _TYPE_ in('LOCATION' 'SCALE' 'N' 'P0' 'P25' 'P50' 'P75' 'P100');
324986     id _type_;
MPRINT(EM_DIAGRAM):   id _type_;
324987     run;
MPRINT(EM_DIAGRAM):   run;

NOTE: There were 8 observations read from the data set WORK.SCORE_SUMDATA.
      WHERE _TYPE_ in ('LOCATION', 'N', 'P0', 'P100', 'P25', 'P50', 'P75', 'SCALE');
NOTE: The data set WORK.SCORE_SUMDATA has 3 observations and 10 variables.
NOTE: PROCEDURE TRANSPOSE used (Total process time):
      real time           0.04 seconds
      cpu time            0.03 seconds
      

324988     data work.Score_SUMDATA;
MPRINT(EM_DIAGRAM):   data work.Score_SUMDATA;
324989     length DATAROLE $8 TYPE $14;
MPRINT(EM_DIAGRAM):   length DATAROLE $8 TYPE $14;
324990     retain DATAROLE "VALIDATE" Type "";
MPRINT(EM_DIAGRAM):   retain DATAROLE "VALIDATE" Type "";
324991     set work.Score_SUMDATA;
MPRINT(EM_DIAGRAM):   set work.Score_SUMDATA;
324992     run;
MPRINT(EM_DIAGRAM):   run;

NOTE: There were 3 observations read from the data set WORK.SCORE_SUMDATA.
NOTE: The data set WORK.SCORE_SUMDATA has 3 observations and 12 variables.
NOTE: DATA statement used (Total process time):
      real time           0.01 seconds
      cpu time            0.01 seconds
      

324993     proc append base=WORK.ScoreSTAT data=work.Score_SUMDATA;
MPRINT(EM_DIAGRAM):   proc append base=WORK.ScoreSTAT data=work.Score_SUMDATA;
324994     run;
MPRINT(EM_DIAGRAM):   run;

NOTE: Appending WORK.SCORE_SUMDATA to WORK.SCORESTAT.
NOTE: There were 3 observations read from the data set WORK.SCORE_SUMDATA.
NOTE: 3 observations added.
NOTE: The data set WORK.SCORESTAT has 6 observations and 12 variables.
NOTE: PROCEDURE APPEND used (Total process time):
      real time           0.01 seconds
      cpu time            0.01 seconds
      

324995     data WORK.SCOREFREQMETA;
MPRINT(EM_DIAGRAM):    data WORK.SCOREFREQMETA;
324996     length NAME $32 ROLE $32 LEVEL $8;
MPRINT(EM_DIAGRAM):   length NAME $32 ROLE $32 LEVEL $8;
324997     NAME="I_Diabetes_Prediction";
MPRINT(EM_DIAGRAM):   NAME="I_Diabetes_Prediction";
324998     ROLE="INPUT";
MPRINT(EM_DIAGRAM):   ROLE="INPUT";
324999     LEVEL="NOMINAL";
MPRINT(EM_DIAGRAM):   LEVEL="NOMINAL";
325000     TYPE="C";
MPRINT(EM_DIAGRAM):   TYPE="C";
325001     output;
MPRINT(EM_DIAGRAM):   output;
325002     NAME="_NODE_";
MPRINT(EM_DIAGRAM):   NAME="_NODE_";
325003     ROLE="INPUT";
MPRINT(EM_DIAGRAM):   ROLE="INPUT";
325004     LEVEL="NOMINAL";
MPRINT(EM_DIAGRAM):   LEVEL="NOMINAL";
325005     TYPE="N";
MPRINT(EM_DIAGRAM):   TYPE="N";
325006     output;
MPRINT(EM_DIAGRAM):   output;
325007     run;
MPRINT(EM_DIAGRAM):   run;

NOTE: The data set WORK.SCOREFREQMETA has 2 observations and 4 variables.
NOTE: DATA statement used (Total process time):
      real time           0.02 seconds
      cpu time            0.03 seconds
      

325008     data WORK.SCOREHISTMETA;
MPRINT(EM_DIAGRAM):    data WORK.SCOREHISTMETA;
325009     length NAME $32 ROLE $32 LEVEL $8;
MPRINT(EM_DIAGRAM):   length NAME $32 ROLE $32 LEVEL $8;
325010     NAME="P_Diabetes_Predictionprediabetes";
MPRINT(EM_DIAGRAM):   NAME="P_Diabetes_Predictionprediabetes";
325011     ROLE="INPUT";
MPRINT(EM_DIAGRAM):   ROLE="INPUT";
325012     LEVEL="INTERVAL";
MPRINT(EM_DIAGRAM):   LEVEL="INTERVAL";
325013     TYPE="N";
MPRINT(EM_DIAGRAM):   TYPE="N";
325014     output;
MPRINT(EM_DIAGRAM):   output;
325015     NAME="P_Diabetes_Predictionno_diabetes";
MPRINT(EM_DIAGRAM):   NAME="P_Diabetes_Predictionno_diabetes";
325016     ROLE="INPUT";
MPRINT(EM_DIAGRAM):   ROLE="INPUT";
325017     LEVEL="INTERVAL";
MPRINT(EM_DIAGRAM):   LEVEL="INTERVAL";
325018     TYPE="N";
MPRINT(EM_DIAGRAM):   TYPE="N";
325019     output;
MPRINT(EM_DIAGRAM):   output;
325020     NAME="P_Diabetes_Predictiondiabetes";
MPRINT(EM_DIAGRAM):   NAME="P_Diabetes_Predictiondiabetes";
325021     ROLE="INPUT";
MPRINT(EM_DIAGRAM):   ROLE="INPUT";
325022     LEVEL="INTERVAL";
MPRINT(EM_DIAGRAM):   LEVEL="INTERVAL";
325023     TYPE="N";
MPRINT(EM_DIAGRAM):   TYPE="N";
325024     output;
MPRINT(EM_DIAGRAM):   output;
325025     run;
MPRINT(EM_DIAGRAM):   run;

NOTE: The data set WORK.SCOREHISTMETA has 3 observations and 4 variables.
NOTE: DATA statement used (Total process time):
      real time           0.02 seconds
      cpu time            0.01 seconds
      

NOTE: View EMWS1.MDLCOMP3_TEST.VIEW used (Total process time):
      real time           0.26 seconds
      cpu time            0.23 seconds
      
325026     ods listing close;
MPRINT(EM_DIAGRAM):    ods listing close;
325027     ods output onewayfreqs=WORK.TEMPFREQ;
MPRINT(EM_DIAGRAM):   ods output onewayfreqs=WORK.TEMPFREQ;
325028     proc freq data = EMWS1.MdlComp3_TEST order=formatted addnames;
MPRINT(EM_DIAGRAM):   proc freq data = EMWS1.MdlComp3_TEST order=formatted addnames;
325029     table I_Diabetes_Prediction / missing;
MPRINT(EM_DIAGRAM):   table I_Diabetes_Prediction / missing;
325030     table _NODE_ / missing;
MPRINT(EM_DIAGRAM):   table _NODE_ / missing;
325031     run;
MPRINT(EM_DIAGRAM):   run;

NOTE: Variable _WARN_ is uninitialized.
NOTE: There were 60176 observations read from the data set EMWS1.PART_TEST.
NOTE: There were 60176 observations read from the data set EMWS1.TREE4_TEST.
NOTE: View EMWS1.MDLCOMP3_TEST.VIEW used (Total process time):
      real time           0.32 seconds
      cpu time            0.32 seconds
      
NOTE: There were 60176 observations read from the data set EMWS1.MDLCOMP_TEST.
NOTE: The data set WORK.TEMPFREQ has 9 observations and 10 variables.
NOTE: There were 60176 observations read from the data set EMWS1.MDLCOMP3_TEST.
NOTE: PROCEDURE FREQ used (Total process time):
      real time           0.38 seconds
      cpu time            0.39 seconds
      

MPRINT(EM_DIAGRAM):   quit;
325032     quit;
325033     ods listing;
MPRINT(EM_DIAGRAM):   ods listing;
325034     data WORK.Score_BAR(keep=_VARIABLE_ TYPE COUNT PERCENT _X_ _XLABEL_);
MPRINT(EM_DIAGRAM):    data WORK.Score_BAR(keep=_VARIABLE_ TYPE COUNT PERCENT _X_ _XLABEL_);
325035     label _VARIABLE_ = "%sysfunc(sasmsg(sashelp.dmine, rpt_variable_vlabel, NOQUOTE))" Type = "%sysfunc(sasmsg(sashelp.dmine, rpt_type_vlabel,         NOQUOTE))" _X_ = "%sysfunc(sasmsg(sashelp.dmine, rpt_numValue_vlabel, NOQUOTE))" _XLABEL_ =
325036        "%sysfunc(sasmsg(sashelp.dmine, rpt_fmtValue_vlabel ,    NOQUOTE))" COUNT = "%sysfunc(sasmsg(sashelp.dmine, rpt_count_vlabel,        NOQUOTE))" PERCENT = "%sysfunc(sasmsg(sashelp.dmine, rpt_percent_vlabel,      NOQUOTE))";
MPRINT(EM_DIAGRAM):   label _VARIABLE_ = "Variable" Type = "Type" _X_ = "Numeric Value" _XLABEL_ = "Formatted Value" COUNT = "Frequency Count" PERCENT = "Percent";
325037     dsid = open("WORK.TEMPFREQ");
MPRINT(EM_DIAGRAM):   dsid = open("WORK.TEMPFREQ");
325038     varnum = varnum(dsid, 'VARIABLE');
MPRINT(EM_DIAGRAM):   varnum = varnum(dsid, 'VARIABLE');
325039     freqnum = varnum(dsid, 'FREQUENCY');
MPRINT(EM_DIAGRAM):   freqnum = varnum(dsid, 'FREQUENCY');
325040     pvarnum = varnum(dsid, 'PERCENT');
MPRINT(EM_DIAGRAM):   pvarnum = varnum(dsid, 'PERCENT');
325041     typenum = varnum(dsid, '_TYPE_');
MPRINT(EM_DIAGRAM):   typenum = varnum(dsid, '_TYPE_');
325042     length _VARIABLE_ $32 TYPE $1 _XLABEL_ $32;
MPRINT(EM_DIAGRAM):   length _VARIABLE_ $32 TYPE $1 _XLABEL_ $32;
325043     do while(^fetch(dsid));
MPRINT(EM_DIAGRAM):   do while(^fetch(dsid));
325044     _VARIABLE_ = strip(getvarc(dsid, varnum));
MPRINT(EM_DIAGRAM):   _VARIABLE_ = strip(getvarc(dsid, varnum));
325045     count = getvarn(dsid, freqnum);
MPRINT(EM_DIAGRAM):   count = getvarn(dsid, freqnum);
325046     percent= getvarn(dsid, pvarnum);
MPRINT(EM_DIAGRAM):   percent= getvarn(dsid, pvarnum);
325047     vvarnum = varnum(dsid, _VARIABLE_);
MPRINT(EM_DIAGRAM):   vvarnum = varnum(dsid, _VARIABLE_);
325048     type = vartype(dsid, vvarnum);
MPRINT(EM_DIAGRAM):   type = vartype(dsid, vvarnum);
325049     fvarnum = varnum(dsid, 'F_'!!substr(_VARIABLE_, 1, 30));
MPRINT(EM_DIAGRAM):   fvarnum = varnum(dsid, 'F_'!!substr(_VARIABLE_, 1, 30));
325050     _XLABEL_ = left(getvarc(dsid, fvarnum));
MPRINT(EM_DIAGRAM):   _XLABEL_ = left(getvarc(dsid, fvarnum));
325051     _X_ = .;
MPRINT(EM_DIAGRAM):   _X_ = .;
325052     if TYPE eq 'N' then _X_ = getvarn(dsid, vvarnum);
MPRINT(EM_DIAGRAM):   if TYPE eq 'N' then _X_ = getvarn(dsid, vvarnum);
325053     output;
MPRINT(EM_DIAGRAM):   output;
325054     end;
MPRINT(EM_DIAGRAM):   end;
325055     dsid = close(dsid);
MPRINT(EM_DIAGRAM):   dsid = close(dsid);
325056     run;
MPRINT(EM_DIAGRAM):   run;

NOTE: The data set WORK.SCORE_BAR has 9 observations and 6 variables.
NOTE: DATA statement used (Total process time):
      real time           0.04 seconds
      cpu time            0.04 seconds
      

325057     proc sort data=WORK.Score_BAR NOTHREADS;
MPRINT(EM_DIAGRAM):   proc sort data=WORK.Score_BAR NOTHREADS;
325058     by _VARIABLE_;
MPRINT(EM_DIAGRAM):   by _VARIABLE_;
325059     run;
MPRINT(EM_DIAGRAM):   run;

NOTE: There were 9 observations read from the data set WORK.SCORE_BAR.
NOTE: The data set WORK.SCORE_BAR has 9 observations and 6 variables.
NOTE: PROCEDURE SORT used (Total process time):
      real time           0.02 seconds
      cpu time            0.03 seconds
      

325060     proc sort data=WORK.M1B8YE32;
MPRINT(EM_DIAGRAM):   proc sort data=WORK.M1B8YE32;
325061     by Name;
MPRINT(EM_DIAGRAM):   by Name;
325062     run;
MPRINT(EM_DIAGRAM):   run;

NOTE: There were 2 observations read from the data set WORK.M1B8YE32.
NOTE: The data set WORK.M1B8YE32 has 2 observations and 4 variables.
NOTE: PROCEDURE SORT used (Total process time):
      real time           0.01 seconds
      cpu time            0.01 seconds
      

325063     data WORK.Score_BAR;
MPRINT(EM_DIAGRAM):   data WORK.Score_BAR;
325064     merge WORK.Score_BAR(in=_a) WORK.M1B8YE32(keep=Name Role rename=(Name=_Variable_));
MPRINT(EM_DIAGRAM):   merge WORK.Score_BAR(in=_a) WORK.M1B8YE32(keep=Name Role rename=(Name=_Variable_));
325065     by _Variable_;
MPRINT(EM_DIAGRAM):   by _Variable_;
325066     label Role = "%sysfunc(sasmsg(sashelp.dmine, meta_role_vlabel ,  NOQUOTE))";
MPRINT(EM_DIAGRAM):   label Role = "Role";
325067     if _a then output;
MPRINT(EM_DIAGRAM):   if _a then output;
325068     run;
MPRINT(EM_DIAGRAM):   run;

NOTE: There were 9 observations read from the data set WORK.SCORE_BAR.
NOTE: There were 2 observations read from the data set WORK.M1B8YE32.
NOTE: The data set WORK.SCORE_BAR has 9 observations and 7 variables.
NOTE: DATA statement used (Total process time):
      real time           0.02 seconds
      cpu time            0.03 seconds
      

325069     data WORK.Score_BAR;
MPRINT(EM_DIAGRAM):    data WORK.Score_BAR;
325070     length DATAROLE $8 TYPE $14;
MPRINT(EM_DIAGRAM):   length DATAROLE $8 TYPE $14;
325071     retain DATAROLE "TEST";
MPRINT(EM_DIAGRAM):   retain DATAROLE "TEST";
325072     set WORK.Score_BAR;
MPRINT(EM_DIAGRAM):   set WORK.Score_BAR;
325073     run;
MPRINT(EM_DIAGRAM):   run;

NOTE: There were 9 observations read from the data set WORK.SCORE_BAR.
NOTE: The data set WORK.SCORE_BAR has 9 observations and 8 variables.
NOTE: DATA statement used (Total process time):
      real time           0.04 seconds
      cpu time            0.03 seconds
      

325074     proc append base=EMWS1.Score_BAR data=WORK.Score_BAR;
MPRINT(EM_DIAGRAM):   proc append base=EMWS1.Score_BAR data=WORK.Score_BAR;
325075     run;
MPRINT(EM_DIAGRAM):   run;

NOTE: Appending WORK.SCORE_BAR to EMWS1.SCORE_BAR.
NOTE: There were 9 observations read from the data set WORK.SCORE_BAR.
NOTE: 9 observations added.
NOTE: The data set EMWS1.SCORE_BAR has 27 observations and 8 variables.
NOTE: PROCEDURE APPEND used (Total process time):
      real time           0.04 seconds
      cpu time            0.01 seconds
      

325076     %var_profile(DATA=EMWS1.MdlComp3_TEST, OUTPUT=work.Score_VARHIST, METADATA=WORK.SCOREHISTMETA, COMPUTESTAT=N, BINDATA=_bindata, STAT=_STAT, PCTLSTAT=work.Score_SUMDATA, FREQ=, BIN=Y, NUMBARS= 16);
MPRINT(EM_DIAGRAM):   
*------------------------------------------------------------*
* Score: Computing Summary Statistics
*------------------------------------------------------------*
MPRINT(VAR_PROFILE):   filename _mac catalog 'WORK.MACROS.VARIABLES.SOURCE';
MPRINT(VAR_PROFILE):   data _null;
MPRINT(VAR_PROFILE):   set WORK.SCOREHISTMETA(where=(LEVEL = 'INTERVAL' and ROLE ne 'FREQ')) end=eof;
MPRINT(VAR_PROFILE):   if eof then call symput('_nobs', put(_N_, best.));
MPRINT(VAR_PROFILE):   run;

NOTE: There were 3 observations read from the data set WORK.SCOREHISTMETA.
      WHERE (LEVEL='INTERVAL') and (ROLE not = 'FREQ');
NOTE: The data set WORK._NULL has 3 observations and 4 variables.
NOTE: DATA statement used (Total process time):
      real time           0.02 seconds
      cpu time            0.03 seconds
      

MPRINT(VAR_PROFILE):   data _null_;
MPRINT(VAR_PROFILE):   file _mac;
MPRINT(VAR_PROFILE):   length _VARS $80;
MPRINT(VAR_PROFILE):   retain _vars;
MPRINT(VAR_PROFILE):   if _n_ =1 then put '%macro _vars;';
MPRINT(VAR_PROFILE):   set WORK.SCOREHISTMETA end=eof;
MPRINT(VAR_PROFILE):   where LEVEL = 'INTERVAL' or ROLE='FREQ';
MPRINT(VAR_PROFILE):   if ROLE='FREQ' then call symput('FREQ', trim(NAME));
MPRINT(VAR_PROFILE):   else do;
MPRINT(VAR_PROFILE):   if length(strip(_vars)) + length(strip(NAME)) + 1 <80 then _vars = strip(_vars)!! ' ' !!strip(NAME);
MPRINT(VAR_PROFILE):   else do;
MPRINT(VAR_PROFILE):   put _Vars;
MPRINT(VAR_PROFILE):   _vars = strip(NAME);
MPRINT(VAR_PROFILE):   end;
MPRINT(VAR_PROFILE):   end;
MPRINT(VAR_PROFILE):   if eof then do;
MPRINT(VAR_PROFILE):   put _Vars;
MPRINT(VAR_PROFILE):   put '%mend _vars;';
MPRINT(VAR_PROFILE):   end;
MPRINT(VAR_PROFILE):   run;

NOTE: The file _MAC is:
      Catalog Name=WORK.MACROS.VARIABLES.SOURCE,
      Catalog Page Size=4096,
      Number of Catalog Pages=5,
      Created=Mon, Mar  4, 2024 12:37:13 PM,
      Last Modified=Mon, Mar  4, 2024 12:37:17 PM,
      Filename=C:\Users\shre2\AppData\Local\Temp\SAS Temporary Files\_TD12860_NUTVDIWIN104-02_\Prc2\macros.sas7bcat,
      Release Created=9.0401M7,
      Host Created=X64_10PRO,Owner Name=UISAD\shre2,
      File Size=            21KB,
      File Size (bytes)=21504

NOTE: 4 records were written to the file _MAC.
      The minimum record length was 12.
      The maximum record length was 65.
NOTE: There were 3 observations read from the data set WORK.SCOREHISTMETA.
      WHERE (LEVEL='INTERVAL') or (ROLE='FREQ');
NOTE: DATA statement used (Total process time):
      real time           0.01 seconds
      cpu time            0.01 seconds
      

NOTE: %INCLUDE (level 1) file _MAC is file WORK.MACROS.VARIABLES.SOURCE.
325077    +%macro _vars;
325078    +P_Diabetes_Predictionprediabetes P_Diabetes_Predictionno_diabetes
325079    +P_Diabetes_Predictiondiabetes
325080    +%mend _vars;
NOTE: %INCLUDE (level 1) ending.
MPRINT(VAR_PROFILE):   filename _mac;
NOTE: Fileref _MAC has been deassigned.
MPRINT(VAR_PROFILE):   data _binneddata / view=_binneddata;
MPRINT(VAR_PROFILE):   set EMWS1.MdlComp3_TEST(obs=1000000);
MPRINT(VAR_PROFILE):   format P_Diabetes_Predictiondiabetes F1_. P_Diabetes_Predictionno_diabetes F2_. P_Diabetes_Predictionprediabetes F3_. ;
MPRINT(VAR_PROFILE):   run;

NOTE: DATA STEP view saved on file WORK._BINNEDDATA.
NOTE: A stored DATA STEP view cannot run under a different operating system.
NOTE: View EMWS1.MDLCOMP3_TEST.VIEW used (Total process time):
      real time           0.19 seconds
      cpu time            0.18 seconds
      
NOTE: DATA statement used (Total process time):
      real time           0.21 seconds
      cpu time            0.20 seconds
      

MPRINT(VAR_PROFILE):   proc dmdb data=_binneddata(obs=1000000) classout=_temptab(rename=(NAME=VARIABLE FREQUENCY=COUNT FREQPERCENT=PERCENT));
MPRINT(VAR_PROFILE):   class
MPRINT(_VARS):   P_Diabetes_Predictionprediabetes P_Diabetes_Predictionno_diabetes P_Diabetes_Predictiondiabetes
MPRINT(VAR_PROFILE):   ;
MPRINT(VAR_PROFILE):   run;

NOTE: Variable _WARN_ is uninitialized.
NOTE: Records processed = 60176   Memory used = 511K.
NOTE: There were 60176 observations read from the data set EMWS1.PART_TEST.
NOTE: There were 60176 observations read from the data set EMWS1.TREE4_TEST.
NOTE: There were 60176 observations read from the data set EMWS1.MDLCOMP_TEST.
NOTE: View WORK._BINNEDDATA.VIEW used (Total process time):
      real time           0.39 seconds
      cpu time            0.40 seconds
      
NOTE: There were 60176 observations read from the data set EMWS1.MDLCOMP3_TEST.
NOTE: There were 60176 observations read from the data set WORK._BINNEDDATA.
NOTE: The data set WORK._TEMPTAB has 21 observations and 9 variables.
NOTE: PROCEDURE DMDB used (Total process time):
      real time           0.42 seconds
      cpu time            0.43 seconds
      

MPRINT(VAR_PROFILE):   data work.Score_VARHIST;
MPRINT(VAR_PROFILE):   label VALUE = "Value";
MPRINT(VAR_PROFILE):   label VARIABLE = "Variable";
MPRINT(VAR_PROFILE):   label COUNT = "Frequency Count";
MPRINT(VAR_PROFILE):   label PERCENT = "Percent";
MPRINT(VAR_PROFILE):   set _temptab;
MPRINT(VAR_PROFILE):   format VALUE 12.3 count;
MPRINT(VAR_PROFILE):   value = inputn(level, 'best12.');
MPRINT(VAR_PROFILE):   keep VARIABLE COUNT PERCENT VALUE;
MPRINT(VAR_PROFILE):   run;

NOTE: There were 21 observations read from the data set WORK._TEMPTAB.
NOTE: The data set WORK.SCORE_VARHIST has 21 observations and 4 variables.
NOTE: DATA statement used (Total process time):
      real time           0.02 seconds
      cpu time            0.03 seconds
      

MPRINT(VAR_PROFILE):   proc datasets lib=work nolist mt=(DATA VIEW);
MPRINT(VAR_PROFILE):   delete _TEMPTAB _BINNEDDATA _MINMAXDATA;
MPRINT(VAR_PROFILE):   run;

NOTE: The file WORK._MINMAXDATA (memtype=(DATA VIEW)) was not found, but appears on a DELETE statement.
NOTE: Deleting WORK._TEMPTAB (memtype=DATA).
NOTE: Deleting WORK._BINNEDDATA (memtype=VIEW).
MPRINT(VAR_PROFILE):   quit;

NOTE: PROCEDURE DATASETS used (Total process time):
      real time           0.05 seconds
      cpu time            0.06 seconds
      

MPRINT(EM_DIAGRAM):  ;

325081     data work.Score_VARHIST;
MPRINT(EM_DIAGRAM):    data work.Score_VARHIST;
325082     length DATAROLE $8 TYPE $14;
MPRINT(EM_DIAGRAM):   length DATAROLE $8 TYPE $14;
325083     retain DATAROLE "TEST" TYPE "";
MPRINT(EM_DIAGRAM):   retain DATAROLE "TEST" TYPE "";
325084     set work.Score_VARHIST(rename=(VALUE=X));
MPRINT(EM_DIAGRAM):   set work.Score_VARHIST(rename=(VALUE=X));
325085     run;
MPRINT(EM_DIAGRAM):   run;

NOTE: There were 21 observations read from the data set WORK.SCORE_VARHIST.
NOTE: The data set WORK.SCORE_VARHIST has 21 observations and 6 variables.
NOTE: DATA statement used (Total process time):
      real time           0.01 seconds
      cpu time            0.01 seconds
      

325086     proc append base=work.Score_HIST data=work.Score_VARHIST;
MPRINT(EM_DIAGRAM):   proc append base=work.Score_HIST data=work.Score_VARHIST;
325087     run;
MPRINT(EM_DIAGRAM):   run;

NOTE: Appending WORK.SCORE_VARHIST to WORK.SCORE_HIST.
NOTE: There were 21 observations read from the data set WORK.SCORE_VARHIST.
NOTE: 21 observations added.
NOTE: The data set WORK.SCORE_HIST has 63 observations and 6 variables.
NOTE: PROCEDURE APPEND used (Total process time):
      real time           0.01 seconds
      cpu time            0.01 seconds
      

325088     proc stdize data=EMWS1.MdlComp3_TEST(obs=1000000) outstat=work.Score_SUMDATA out=_null_ pctlpts=(0 5 25 50 75 95 100);
MPRINT(EM_DIAGRAM):    proc stdize data=EMWS1.MdlComp3_TEST(obs=1000000) outstat=work.Score_SUMDATA out=_null_ pctlpts=(0 5 25 50 75 95 100);
325089     var
325090     P_Diabetes_Predictionprediabetes
325091     P_Diabetes_Predictionno_diabetes
325092     P_Diabetes_Predictiondiabetes
325093     ;
MPRINT(EM_DIAGRAM):   var P_Diabetes_Predictionprediabetes P_Diabetes_Predictionno_diabetes P_Diabetes_Predictiondiabetes ;
325094     run;
MPRINT(EM_DIAGRAM):   run;

NOTE: Variable _WARN_ is uninitialized.
NOTE: There were 60176 observations read from the data set EMWS1.PART_TEST.
NOTE: There were 60176 observations read from the data set EMWS1.TREE4_TEST.
NOTE: View EMWS1.MDLCOMP3_TEST.VIEW used (Total process time):
      real time           0.46 seconds
      cpu time            0.47 seconds
      
NOTE: There were 60176 observations read from the data set EMWS1.MDLCOMP_TEST.
NOTE: There were 60176 observations read from the data set EMWS1.MDLCOMP3_TEST.
NOTE: The data set WORK.SCORE_SUMDATA has 15 observations and 4 variables.
NOTE: PROCEDURE STDIZE used (Total process time):
      real time           0.49 seconds
      cpu time            0.48 seconds
      

MPRINT(EM_DIAGRAM):   quit;
325095     quit;

325096     proc transpose data=work.Score_SUMDATA out=work.Score_SUMDATA( rename=(_NAME_=VARIABLE _LABEL_=LABEL LOCATION=MEAN SCALE=STD P0=MIN P50=MEDIAN P100=MAX));
MPRINT(EM_DIAGRAM):    proc transpose data=work.Score_SUMDATA out=work.Score_SUMDATA( rename=(_NAME_=VARIABLE _LABEL_=LABEL LOCATION=MEAN SCALE=STD P0=MIN P50=MEDIAN P100=MAX));
325097     where _TYPE_ in('LOCATION' 'SCALE' 'N' 'P0' 'P25' 'P50' 'P75' 'P100');
MPRINT(EM_DIAGRAM):   where _TYPE_ in('LOCATION' 'SCALE' 'N' 'P0' 'P25' 'P50' 'P75' 'P100');
The SAS System

325098     id _type_;
MPRINT(EM_DIAGRAM):   id _type_;
325099     run;
MPRINT(EM_DIAGRAM):   run;

NOTE: There were 8 observations read from the data set WORK.SCORE_SUMDATA.
      WHERE _TYPE_ in ('LOCATION', 'N', 'P0', 'P100', 'P25', 'P50', 'P75', 'SCALE');
NOTE: The data set WORK.SCORE_SUMDATA has 3 observations and 10 variables.
NOTE: PROCEDURE TRANSPOSE used (Total process time):
      real time           0.07 seconds
      cpu time            0.06 seconds
      

325100     data work.Score_SUMDATA;
MPRINT(EM_DIAGRAM):   data work.Score_SUMDATA;
325101     length DATAROLE $8 TYPE $14;
MPRINT(EM_DIAGRAM):   length DATAROLE $8 TYPE $14;
325102     retain DATAROLE "TEST" Type "";
MPRINT(EM_DIAGRAM):   retain DATAROLE "TEST" Type "";
325103     set work.Score_SUMDATA;
MPRINT(EM_DIAGRAM):   set work.Score_SUMDATA;
325104     run;
MPRINT(EM_DIAGRAM):   run;

NOTE: There were 3 observations read from the data set WORK.SCORE_SUMDATA.
NOTE: The data set WORK.SCORE_SUMDATA has 3 observations and 12 variables.
NOTE: DATA statement used (Total process time):
      real time           0.06 seconds
      cpu time            0.03 seconds
      

325105     proc append base=WORK.ScoreSTAT data=work.Score_SUMDATA;
MPRINT(EM_DIAGRAM):   proc append base=WORK.ScoreSTAT data=work.Score_SUMDATA;
325106     run;
MPRINT(EM_DIAGRAM):   run;

NOTE: Appending WORK.SCORE_SUMDATA to WORK.SCORESTAT.
NOTE: There were 3 observations read from the data set WORK.SCORE_SUMDATA.
NOTE: 3 observations added.
NOTE: The data set WORK.SCORESTAT has 9 observations and 12 variables.
NOTE: PROCEDURE APPEND used (Total process time):
      real time           0.01 seconds
      cpu time            0.01 seconds
      

325107     data EMWS1.Score_BAR(DROP=ROLE rename = (_VARIABLE_=VARIABLE _XLABEL_=X));
MPRINT(EM_DIAGRAM):    data EMWS1.Score_BAR(DROP=ROLE rename = (_VARIABLE_=VARIABLE _XLABEL_=X));
325108     set EMWS1.Score_BAR;
MPRINT(EM_DIAGRAM):   set EMWS1.Score_BAR;
325109     label VARIABLE= "%sysfunc(sasmsg(sashelp.dmine, meta_name_vlabel,  NOQUOTE))" DATAROLE= "%sysfunc(sasmsg(sashelp.dmine, rpt_datarole_vlabel,  NOQUOTE))" TYPE = "%sysfunc(sasmsg(sashelp.dmine, rpt_outputType_vlabel,  NOQUOTE))";
MPRINT(EM_DIAGRAM):   label VARIABLE= "Variable Name" DATAROLE= "Data Role" TYPE = "Output Type";
325110     select(_VARIABLE_);
MPRINT(EM_DIAGRAM):   select(_VARIABLE_);
325111     when("I_Diabetes_Prediction") TYPE = 'CLASSIFICATION';
MPRINT(EM_DIAGRAM):   when("I_Diabetes_Prediction") TYPE = 'CLASSIFICATION';
325112     when("_NODE_") TYPE = 'SEGMENT';
MPRINT(EM_DIAGRAM):   when("_NODE_") TYPE = 'SEGMENT';
325113     otherwise;
MPRINT(EM_DIAGRAM):   otherwise;
325114     end;
MPRINT(EM_DIAGRAM):   end;
325115     run;
MPRINT(EM_DIAGRAM):   run;

NOTE: Variable VARIABLE is uninitialized.
NOTE: There were 27 observations read from the data set EMWS1.SCORE_BAR.
NOTE: The data set EMWS1.SCORE_BAR has 27 observations and 7 variables.
NOTE: DATA statement used (Total process time):
      real time           0.11 seconds
      cpu time            0.06 seconds
      

325116     proc sort data = EMWS1.Score_BAR NOTHREADS;
MPRINT(EM_DIAGRAM):   proc sort data = EMWS1.Score_BAR NOTHREADS;
325117     by DATAROLE TYPE;
MPRINT(EM_DIAGRAM):   by DATAROLE TYPE;
325118     run;
MPRINT(EM_DIAGRAM):   run;

NOTE: There were 27 observations read from the data set EMWS1.SCORE_BAR.
NOTE: The data set EMWS1.SCORE_BAR has 27 observations and 7 variables.
NOTE: PROCEDURE SORT used (Total process time):
      real time           0.13 seconds
      cpu time            0.04 seconds
      

325119     %let _cn = %sysfunc(getoption(CENTER));
325120     %let _nb = %sysfunc(getoption(NUMBER));
325121     options nonumber nocenter;
MPRINT(EM_DIAGRAM):   options nonumber nocenter;
325122     title;
MPRINT(EM_DIAGRAM):   title;
325123     proc print data = EMWS1.Score_BAR noobs label;
MPRINT(EM_DIAGRAM):   proc print data = EMWS1.Score_BAR noobs label;
325124     by DATAROLE TYPE;
MPRINT(EM_DIAGRAM):   by DATAROLE TYPE;
325125     title9 ' ';
MPRINT(EM_DIAGRAM):   title9 ' ';
325126     title10 "%sysfunc(sasmsg(sashelp.dmine, rpt_classStats_title, NOQUOTE))";
MPRINT(EM_DIAGRAM):   title10 "Class Variable Summary Statistics";
MPRINT(EM_DIAGRAM):   run;
325127     run;

NOTE: There were 27 observations read from the data set EMWS1.SCORE_BAR.
NOTE: The PROCEDURE PRINT printed page 231.
NOTE: PROCEDURE PRINT used (Total process time):
      real time           0.01 seconds
      cpu time            0.00 seconds
      

325128     title10;
MPRINT(EM_DIAGRAM):   title10;
325129     options &_cn &_nb;
MPRINT(EM_DIAGRAM):   options NOCENTER NONUMBER;
325130     data EMWS1.Score_HIST;
MPRINT(EM_DIAGRAM):    data EMWS1.Score_HIST;
325131     set work.Score_HIST(rename=(Percent=Value));
MPRINT(EM_DIAGRAM):   set work.Score_HIST(rename=(Percent=Value));
325132     label VARIABLE= "%sysfunc(sasmsg(sashelp.dmine, meta_name_vlabel,      NOQUOTE))" DATAROLE= "%sysfunc(sasmsg(sashelp.dmine, rpt_datarole_vlabel,   NOQUOTE))" TYPE = "%sysfunc(sasmsg(sashelp.dmine, rpt_outputType_vlabel, NOQUOTE))" X =
325133        "%sysfunc(sasmsg(sashelp.dmine, rpt_numValue_vlabel,   NOQUOTE))" COUNT = "%sysfunc(sasmsg(sashelp.dmine, rpt_count_vlabel,      NOQUOTE))" Value = "%sysfunc(sasmsg(sashelp.dmine, rpt_percent_vlabel,    NOQUOTE))";
MPRINT(EM_DIAGRAM):   label VARIABLE= "Variable Name" DATAROLE= "Data Role" TYPE = "Output Type" X = "Numeric Value" COUNT = "Frequency Count" Value = "Percent";
325134     select(VARIABLE);
MPRINT(EM_DIAGRAM):   select(VARIABLE);
325135     when("P_Diabetes_Predictionprediabetes") TYPE = 'PROBABILITY';
MPRINT(EM_DIAGRAM):   when("P_Diabetes_Predictionprediabetes") TYPE = 'PROBABILITY';
325136     when("P_Diabetes_Predictionno_diabetes") TYPE = 'PROBABILITY';
MPRINT(EM_DIAGRAM):   when("P_Diabetes_Predictionno_diabetes") TYPE = 'PROBABILITY';
325137     when("P_Diabetes_Predictiondiabetes") TYPE = 'PROBABILITY';
MPRINT(EM_DIAGRAM):   when("P_Diabetes_Predictiondiabetes") TYPE = 'PROBABILITY';
325138     when("_NODE_") TYPE= 'SEGMENT';
MPRINT(EM_DIAGRAM):   when("_NODE_") TYPE= 'SEGMENT';
325139     otherwise;
MPRINT(EM_DIAGRAM):   otherwise;
325140     end;
MPRINT(EM_DIAGRAM):   end;
325141     run;
MPRINT(EM_DIAGRAM):   run;

NOTE: There were 63 observations read from the data set WORK.SCORE_HIST.
NOTE: The data set EMWS1.SCORE_HIST has 63 observations and 6 variables.
NOTE: DATA statement used (Total process time):
      real time           0.13 seconds
      cpu time            0.07 seconds
      

325142     data WORK.ScoreSTAT;
MPRINT(EM_DIAGRAM):    data WORK.ScoreSTAT;
325143     set WORK.ScoreSTAT;
MPRINT(EM_DIAGRAM):   set WORK.ScoreSTAT;
325144     label VARIABLE= "%sysfunc(sasmsg(sashelp.dmine, meta_name_vlabel,  NOQUOTE))" LABEL = "%sysfunc(sasmsg(sashelp.dmine, meta_label_vlabel,  NOQUOTE))" MEAN = "%sysfunc(sasmsg(sashelp.dmine, rpt_mean_vlabel,  NOQUOTE))" N =
325145        "%sysfunc(sasmsg(sashelp.dmine, rpt_nonmiss_vlabel,  NOQUOTE))" STD = "%sysfunc(sasmsg(sashelp.dmine, rpt_std_vlabel,  NOQUOTE))" MIN = "%sysfunc(sasmsg(sashelp.dmine, rpt_minimum_vlabel,  NOQUOTE))" MAX =
325146        "%sysfunc(sasmsg(sashelp.dmine, rpt_maximum_vlabel,  NOQUOTE))" MEDIAN = "%sysfunc(sasmsg(sashelp.dmine, rpt_median_vlabel,  NOQUOTE))" P25 = "%sysfunc(sasmsg(sashelp.dmine, rpt_p25_vlabel,  NOQUOTE))" P75 =
325147        "%sysfunc(sasmsg(sashelp.dmine, rpt_p75_vlabel,  NOQUOTE))";
MPRINT(EM_DIAGRAM):   label VARIABLE= "Variable Name" LABEL = "Label" MEAN = "Mean" N = "Non Missing" STD = "Standard Deviation" MIN = "Minimum" MAX = "Maximum" MEDIAN = "Median" P25 = "25th Percentile" P75 = "75th Percentile";
325148     select(VARIABLE);
MPRINT(EM_DIAGRAM):   select(VARIABLE);
325149     when("P_Diabetes_Predictionprediabetes") TYPE = 'PROBABILITY';
MPRINT(EM_DIAGRAM):   when("P_Diabetes_Predictionprediabetes") TYPE = 'PROBABILITY';
325150     when("P_Diabetes_Predictionno_diabetes") TYPE = 'PROBABILITY';
MPRINT(EM_DIAGRAM):   when("P_Diabetes_Predictionno_diabetes") TYPE = 'PROBABILITY';
325151     when("P_Diabetes_Predictiondiabetes") TYPE = 'PROBABILITY';
MPRINT(EM_DIAGRAM):   when("P_Diabetes_Predictiondiabetes") TYPE = 'PROBABILITY';
325152     when("_NODE_") TYPE= 'SEGMENT';
MPRINT(EM_DIAGRAM):   when("_NODE_") TYPE= 'SEGMENT';
325153     otherwise;
MPRINT(EM_DIAGRAM):   otherwise;
325154     end;
MPRINT(EM_DIAGRAM):   end;
325155     run;
MPRINT(EM_DIAGRAM):   run;

NOTE: There were 9 observations read from the data set WORK.SCORESTAT.
NOTE: The data set WORK.SCORESTAT has 9 observations and 12 variables.
NOTE: DATA statement used (Total process time):
      real time           0.04 seconds
      cpu time            0.03 seconds
      

325156     proc sort data = WORK.ScoreSTAT NOTHREADS;
MPRINT(EM_DIAGRAM):   proc sort data = WORK.ScoreSTAT NOTHREADS;
325157     by VARIABLE;
MPRINT(EM_DIAGRAM):   by VARIABLE;
325158     run;
MPRINT(EM_DIAGRAM):   run;

NOTE: There were 9 observations read from the data set WORK.SCORESTAT.
NOTE: The data set WORK.SCORESTAT has 9 observations and 12 variables.
NOTE: PROCEDURE SORT used (Total process time):
      real time           0.02 seconds
      cpu time            0.03 seconds
      

325159     proc transpose data = WORK.ScoreSTAT out=WORK.ScoreSTAT(rename=(_NAME_=STATISTICS _LABEL_=LABEL));
MPRINT(EM_DIAGRAM):   proc transpose data = WORK.ScoreSTAT out=WORK.ScoreSTAT(rename=(_NAME_=STATISTICS _LABEL_=LABEL));
325160     by VARIABLE;
MPRINT(EM_DIAGRAM):   by VARIABLE;
325161     id DATAROLE;
MPRINT(EM_DIAGRAM):   id DATAROLE;
325162     run;
MPRINT(EM_DIAGRAM):   run;

NOTE: There were 9 observations read from the data set WORK.SCORESTAT.
NOTE: The data set WORK.SCORESTAT has 24 observations and 6 variables.
NOTE: PROCEDURE TRANSPOSE used (Total process time):
      real time           0.04 seconds
      cpu time            0.04 seconds
      

325163     proc datasets library=WORK nolist;
MPRINT(EM_DIAGRAM):   proc datasets library=WORK nolist;
325164     modify ScoreSTAT;
MPRINT(EM_DIAGRAM):   modify ScoreSTAT;
325165     label STATISTICS = "%sysfunc(sasmsg(sashelp.dmine, rpt_statistics_vlabel,  NOQUOTE))" VARIABLE= "%sysfunc(sasmsg(sashelp.dmine, meta_name_vlabel,  NOQUOTE))" LABEL = "%sysfunc(sasmsg(sashelp.dmine, meta_label_vlabel,  NOQUOTE))" TYPE =
MPRINT(EM_DIAGRAM):   label STATISTICS = "Statistics" VARIABLE= "Variable Name" LABEL = "Label" TYPE = "Output Type";
WARNING: Variable TYPE not found in data set WORK.SCORESTAT.
325166        "%sysfunc(sasmsg(sashelp.dmine, rpt_outputType_vlabel,  NOQUOTE))";
MPRINT(EM_DIAGRAM):   run;
325167     run;

NOTE: MODIFY was successful for WORK.SCORESTAT.DATA.
325168     %let _cn = %sysfunc(getoption(CENTER));
325169     %let _nb = %sysfunc(getoption(NUMBER));
325170     options nonumber nocenter;
MPRINT(EM_DIAGRAM):   options nonumber nocenter;
325171     title;
MPRINT(EM_DIAGRAM):   title;

NOTE: PROCEDURE DATASETS used (Total process time):
      real time           0.09 seconds
      cpu time            0.09 seconds
      

325172     proc print data = WORK.ScoreSTAT label noobs;
MPRINT(EM_DIAGRAM):   proc print data = WORK.ScoreSTAT label noobs;
325173     by VARIABLE;
MPRINT(EM_DIAGRAM):   by VARIABLE;
325174     title9 ' ';
MPRINT(EM_DIAGRAM):   title9 ' ';
325175     title10 "%sysfunc(sasmsg(sashelp.dmine, rpt_intervalStats_title, NOQUOTE))";
MPRINT(EM_DIAGRAM):   title10 "Interval Variable Summary Statistics";
MPRINT(EM_DIAGRAM):   run;
325176     run;

NOTE: There were 24 observations read from the data set WORK.SCORESTAT.
NOTE: The PROCEDURE PRINT printed page 232.
NOTE: PROCEDURE PRINT used (Total process time):
      real time           0.01 seconds
      cpu time            0.00 seconds
      

325177     title10;
MPRINT(EM_DIAGRAM):   title10;
325178     options &_cn &_nb;
MPRINT(EM_DIAGRAM):   options NOCENTER NONUMBER;
MPRINT(EM_DIAGRAM):    proc printto;
MPRINT(EM_DIAGRAM):   run;
