 
                                                                                                                                                                                                                                                                
 
 
Score Input Variables

                                                                                          Used in
                                                                              Variable     Score
Variable Name           Role     Creator    Comment           Label            Hidden      Code

BMI                    INPUT                                                     N           Y   
Diabetes_Prediction    TARGET                          Diabetes Prediction       N           N   
GenHlth                INPUT                                                     N           Y   
HighBP                 INPUT                                                     N           Y   
HighChol               INPUT                                                     N           Y   
 
                                                                                                                                                                                                                                                                
 
 
Score Output Variables

Variable Name                       Function          Creator    Label

EM_CLASSIFICATION                   CLASSIFICATION     Score     Prediction for Diabetes_Prediction                      
EM_EVENTPROBABILITY                 PREDICT            Score     Probability for level PREDIABETES of Diabetes_Prediction
EM_PROBABILITY                      PREDICT            Score     Probability of Classification                           
EM_SEGMENT                          TRANSFORM          Score     Node                                                    
I_Diabetes_Prediction               CLASSIFICATION     Tree4     Into: Diabetes_Prediction                               
P_Diabetes_Predictiondiabetes       PREDICT            Tree4     Predicted: Diabetes_Prediction=diabetes                 
P_Diabetes_Predictionno_diabetes    PREDICT            Tree4     Predicted: Diabetes_Prediction=no diabetes              
P_Diabetes_Predictionprediabetes    PREDICT            Tree4     Predicted: Diabetes_Prediction=prediabetes              
Q_Diabetes_Predictiondiabetes       TRANSFORM          Tree4     Unadjusted P: Diabetes_Prediction=diabetes              
Q_Diabetes_Predictionno_diabetes    TRANSFORM          Tree4     Unadjusted P: Diabetes_Prediction=no diabetes           
Q_Diabetes_Predictionprediabetes    TRANSFORM          Tree4     Unadjusted P: Diabetes_Prediction=prediabetes           
U_Diabetes_Prediction               CLASSIFICATION     Tree4     Unnormalized Into: Diabetes_Prediction                  
V_Diabetes_Predictiondiabetes       PREDICT            Tree4     Validated: Diabetes_Prediction=diabetes                 
V_Diabetes_Predictionno_diabetes    PREDICT            Tree4     Validated: Diabetes_Prediction=no diabetes              
V_Diabetes_Predictionprediabetes    PREDICT            Tree4     Validated: Diabetes_Prediction=prediabetes              
_NODE_                              TRANSFORM          Tree4     Node                                                    
_WARN_                              ASSESS             Tree4     Warnings                                                
