 
                                                                                                                                                                                                                                                                
 
 
Variable Summary

            Measurement    Frequency
Role           Level         Count

INPUT        BINARY            8    
INPUT        INTERVAL          2    
INPUT        ORDINAL           5    
REJECTED     BINARY            6    
REJECTED     NOMINAL           1    
 
                                                                                                                                                                                                                                                                
 
The CLUSTER Procedure
Centroid Hierarchical Cluster Analysis

            Eigenvalues of the Covariance Matrix
 
        Eigenvalue    Difference    Proportion    Cumulative

   1    5.07221248    3.14204769        0.6502        0.6502
   2    1.93016479    1.73277333        0.2474        0.8977
   3    0.19739146    0.05783553        0.0253        0.9230
   4    0.13955593    0.02218841        0.0179        0.9409
   5    0.11736752    0.00968512        0.0150        0.9559
   6    0.10768240    0.02205681        0.0138        0.9697
   7    0.08562559    0.01799626        0.0110        0.9807
   8    0.06762933    0.01579721        0.0087        0.9894
   9    0.05183212    0.02682472        0.0066        0.9960
  10    0.02500740    0.02154992        0.0032        0.9992
  11    0.00345748    0.00184449        0.0004        0.9997
  12    0.00161299    0.00093191        0.0002        0.9999
  13    0.00068108    0.00051161        0.0001        1.0000
  14    0.00016946    0.00009879        0.0000        1.0000
  15    0.00007068    0.00007068        0.0000        1.0000
  16    0.00000000    0.00000000        0.0000        1.0000
  17    0.00000000    0.00000000        0.0000        1.0000
  18    0.00000000    0.00000000        0.0000        1.0000
  19    0.00000000    0.00000000        0.0000        1.0000
  20    -.00000000    0.00000000       -0.0000        1.0000
  21    -.00000000    0.00000000       -0.0000        1.0000
  22    -.00000000    0.00000000       -0.0000        1.0000
  23    -.00000000                     -0.0000        1.0000

Root-Mean-Square Total-Sample Standard Deviation    0.782879

Root-Mean-Square Distance Between Observations    5.309743


                                          Cluster History
  Number                                                                               Norm
      of                                                  Pseudo F       Pseudo    Centroid
Clusters    ------Clusters Joined-------         Freq    Statistic    t-Squared    Distance    Tie

      49    OB29            OB49                12210         6385          234      0.1333       
      48    OB40            OB50                77645         6383         3168      0.1839       
      47    OB19            OB37                  493         6521         18.1      0.1877       
      46    OB28            OB30                 4670         6648          355      0.2657       
      45    OB13            OB44                53360         6750         1444      0.2754       
      44    OB4             OB39                 1390         6904         40.9      0.2768       
      43    OB8             OB45                 2097         7065         51.2      0.2776       
      42    OB3             OB47                  572         7236         33.8      0.2802       
      41    OB22            OB48                 3062         7415         54.5      0.2803       
      40    OB21            OB31                 7476         7590          192      0.2833       
      39    OB18            CL40                35844         7666         1880      0.2886       
      38    CL47            OB38                  569         7872         22.6      0.2944       
      37    CL42            CL41                 3634         8079          200      0.2968       
      36    OB14            OB43                 2401         8305         83.5      0.2979       
      35    OB2             CL44                 6362         8522          309      0.3038       
      34    OB25            OB41                  426         8779         14.1      0.3045       
      33    OB15            OB23                  244         9052         19.2      0.3086       
      32    OB7             OB27                  337         9342         27.4      0.3106       
      31    CL46            CL48                82315         9519         1994      0.3138       
      30    CL43            CL34                 2523         9835          133      0.3195       
      29    CL32            OB36                 3830          1E4          186      0.3196       
      28    CL31            CL49                94525          1E4         5176      0.3306       
      27    OB6             OB16                  192         11E3         13.3      0.3385       
      26    OB11            OB26                 1792         11E3          104      0.3418       
      25    CL29            CL45                57190         11E3         2656      0.3446       
      24    CL26            CL28                96317         12E3          882      0.3463       
      23    CL24            OB46               110359         12E3         6144      0.3515       
      22    OB5             CL23               111656         12E3          577      0.3436       
      21    CL37            CL25                60824         13E3         2474      0.3515       
      20    CL21            OB42                63178         13E3         1562      0.3521       
      19    CL20            CL39                99022         13E3         14E3      0.3627       
      18    CL19            CL36               101423         13E3         1213      0.3577       
      17    OB10            OB20                  248         14E3         24.4      0.3655       
      16    OB33            OB34                 9941         15E3          927      0.3743       
      15    CL35            CL17                 6610         16E3          103      0.3819       
      14    OB9             OB35                 1115         17E3         48.9      0.3855       
      13    CL33            OB32                  629         18E3         78.9      0.3926       
      12    CL18            CL38               101992          2E4          355      0.3963       
      11    CL27            CL13                  821         22E3         81.2      0.4253       
      10    CL11            CL30                 3344         24E3          313      0.3914       
       9    CL15            CL14                 7725         27E3          511      0.4352       
       8    CL12            CL10               105336         31E3         2585        0.45       
       7    CL22            CL16               121597         33E3         9073      0.5165       
       6    OB1             OB17                 1695         39E3          173      0.5744       
       5    CL8             OB12               105356         49E3         27.5      0.5981       
       4    CL9             CL7                129322          6E4         9780      0.6289       
       3    CL6             OB24                13197         88E3         2306      0.6604       
       2    CL4             CL5                234678         48E3         11E4      0.7338       
       1    CL3             CL2                247875           .          48E3      1.2683       
 
                                                                                                                                                                                                                                                                
 
Candidates for Optimum Number of Clusters

        Number     Clustering
          of          Cubic
Obs    Clusters     Criterion

 1         3         110.026 
 2         8         -33.547 
 3        22         -94.512 
 4        24         -49.734 
 5        26         -41.846 
 6        29         -18.744 
 7        32         -18.910 
 8        40         -38.271 
 9        46         -76.516 
