 
                                                                                                                                                                                                                                                                
 
 
Fit Statistics

Target=Diabetes_Prediction Target Label=Diabetes Prediction

   Fit
Statistics    Statistics Label                      Train    Validation         Test

 _AIC_        Akaike's Information Criterion     63714.62           .            .  
 _ASE_        Average Squared Error                  0.07          0.07         0.07
 _AVERR_      Average Error Function                 0.26          0.26         0.26
 _DFE_        Degrees of Freedom for Error      160270.00           .            .  
 _DFM_        Model Degrees of Freedom             186.00           .            .  
 _DFT_        Total Degrees of Freedom          160456.00           .            .  
 _DIV_        Divisor for ASE                   240684.00     180507.00    180528.00
 _ERR_        Error Function                     63342.62      47431.90     47387.22
 _FPE_        Final Prediction Error                 0.07           .            .  
 _MAX_        Maximum Absolute Error                 1.00          1.00         1.00
 _MSE_        Mean Square Error                      0.07          0.07         0.07
 _NOBS_       Sum of Frequencies                 80228.00      60169.00     60176.00
 _NW_         Number of Estimate Weights           186.00           .            .  
 _RASE_       Root Average Sum of Squares            0.27          0.27         0.27
 _RFPE_       Root Final Prediction Error            0.27           .            .  
 _RMSE_       Root Mean Squared Error                0.27          0.27         0.27
 _SBC_        Schwarz's Bayesian Criterion       65571.97           .            .  
 _SSE_        Sum of Squared Errors              17754.36      13281.74     13247.56
 _SUMW_       Sum of Case Weights Times Freq    240684.00     180507.00    180528.00
 _MISC_       Misclassification Rate                 0.15          0.15         0.15
 
                                                                                                                                                                                                                                                                
 
 
Classification Table

Data Role=TRAIN Target Variable=Diabetes_Prediction Target Label=Diabetes Prediction

                                Target        Outcome     Frequency       Total
  Target         Outcome      Percentage    Percentage      Count      Percentage

DIABETES       DIABETES         53.6157       16.9846        1861         2.3196 
NO DIABETES    DIABETES         42.5814        2.1795        1478         1.8422 
PREDIABETES    DIABETES          3.8029        9.0659         132         0.1645 
DIABETES       NO DIABETES      11.8504       83.0154        9096        11.3377 
NO DIABETES    NO DIABETES      86.4247       97.8205       66337        82.6856 
PREDIABETES    NO DIABETES       1.7249       90.9341        1324         1.6503 


Data Role=VALIDATE Target Variable=Diabetes_Prediction Target Label=Diabetes Prediction

                                Target        Outcome     Frequency       Total
  Target         Outcome      Percentage    Percentage      Count      Percentage

DIABETES       DIABETES          54.004       16.9871        1396         2.3201 
NO DIABETES    DIABETES          41.857        2.1274        1082         1.7983 
PREDIABETES    DIABETES           4.139        9.8075         107         0.1778 
DIABETES       NO DIABETES       11.847       83.0129        6822        11.3381 
NO DIABETES    NO DIABETES       86.444       97.8706       49777        82.7286 
PREDIABETES    NO DIABETES        1.709       90.1925         984         1.6354 
NO DIABETES    PREDIABETES      100.000        0.0020           1         0.0017 
 
                                                                                                                                                                                                                                                                
 
 
Event Classification Table

Data Role=TRAIN Target=Diabetes_Prediction Target Label=Diabetes Prediction

  False       True        False       True
Negative    Negative    Positive    Positive

  1456        78772         .           0   


Data Role=VALIDATE Target=Diabetes_Prediction Target Label=Diabetes Prediction

  False       True        False       True
Negative    Negative    Positive    Positive

  1091        59077         1           0   
 
                                                                                                                                                                                                                                                                
 
 
Assessment Score Rankings

Data Role=TRAIN Target Variable=Diabetes_Prediction Target Label=Diabetes Prediction

                                                                                           Mean
                               Cumulative        %       Cumulative      Number of      Posterior
Depth       Gain      Lift        Lift       Response    % Response    Observations    Probability

   5     181.551    2.81551      2.81551      5.10967      5.10967         4012          0.056933 
  10     147.933    2.14307      2.47933      3.88930      4.49956         4011          0.041230 
  15     133.501    2.04640      2.33501      3.71386      4.23764         4012          0.035260 
  20     121.835    1.86832      2.21835      3.39068      4.02593         4011          0.031025 
  25     113.736    1.81337      2.13736      3.29095      3.87895         4011          0.027624 
  30     102.376    1.45583      2.02376      2.64207      3.67277         4012          0.024621 
  35      94.072    1.44245      1.94072      2.61780      3.52208         4011          0.021996 
  40      82.173    0.98886      1.82173      1.79462      3.30612         4012          0.019552 
  45      73.228    1.01658      1.73228      1.84493      3.14378         4011          0.017350 
  50      63.599    0.76931      1.63599      1.39616      2.96904         4011          0.015328 
  55      56.716    0.87899      1.56716      1.59521      2.84413         4012          0.013473 
  60      47.893    0.50829      1.47893      0.92246      2.68401         4011          0.011783 
  65      41.270    0.61804      1.41270      1.12164      2.56381         4012          0.010236 
  70      34.026    0.39839      1.34026      0.72301      2.43234         4011          0.008830 
  75      27.198    0.31597      1.27198      0.57342      2.30842         4011          0.007500 
  80      20.792    0.24722      1.20792      0.44865      2.19217         4012          0.006271 
  85      15.061    0.23354      1.15061      0.42383      2.08816         4011          0.005156 
  90       9.813    0.20601      1.09813      0.37388      1.99291         4012          0.004145 
  95       4.757    0.13738      1.04757      0.24931      1.90115         4011          0.003146 
 100       0.000    0.09616      1.00000      0.17452      1.81483         4011          0.001897 


Data Role=VALIDATE Target Variable=Diabetes_Prediction Target Label=Diabetes Prediction

                                                                                           Mean
                               Cumulative        %       Cumulative      Number of      Posterior
Depth       Gain      Lift        Lift       Response    % Response    Observations    Probability

   5     162.097    2.62097      2.62097      4.75241      4.75241         3009          0.056820 
  10     140.143    2.18181      2.40143      3.95612      4.35433         3008          0.040982 
  15     122.410    1.86950      2.22410      3.38983      4.03279         3009          0.035176 
  20     109.437    1.70511      2.09437      3.09176      3.79757         3008          0.030954 
  25     101.273    1.68622      2.01273      3.05749      3.64954         3009          0.027491 
  30      92.481    1.48510      1.92481      2.69282      3.49011         3008          0.024616 
  35      82.001    1.19135      1.82001      2.16019      3.30009         3009          0.022023 
  40      78.045    1.50343      1.78045      2.72606      3.22835         3008          0.019599 
  45      70.276    1.08138      1.70276      1.96078      3.08749         3009          0.017396 
  50      63.334    1.00840      1.63334      1.82846      2.96161         3008          0.015368 
  55      55.487    0.77005      1.55487      1.39628      2.81933         3008          0.013501 
  60      48.027    0.65982      1.48027      1.19641      2.68406         3009          0.011799 
  65      41.436    0.62337      1.41436      1.13032      2.56456         3008          0.010207 
  70      33.820    0.34824      1.33820      0.63144      2.42646         3009          0.008784 
  75      27.955    0.45836      1.27955      0.83112      2.32012         3008          0.007478 
  80      21.904    0.31158      1.21904      0.56497      2.21040         3009          0.006251 
  85      15.705    0.16501      1.15705      0.29920      2.09800         3008          0.005133 
  90       9.785    0.09164      1.09785      0.16617      1.99066         3009          0.004109 
  95       4.587    0.11001      1.04587      0.19947      1.89640         3008          0.003112 
 100       0.000    0.12834      1.00000      0.23271      1.81323         3008          0.001895 
 
                                                                                                                                                                                                                                                                
 
 
Assessment Score Distribution

Data Role=TRAIN Target Variable=Diabetes_Prediction Target Label=Diabetes Prediction

 Posterior     Number                     Mean
Probability      of      Number of     Posterior
   Range       Events    Nonevents    Probability    Percentage

 0.35-0.40         1           1        0.36620         0.0025 
 0.25-0.30         1           1        0.26563         0.0025 
 0.20-0.25         1           3        0.22399         0.0050 
 0.15-0.20         2          10        0.17098         0.0150 
 0.10-0.15         3          54        0.12078         0.0710 
 0.05-0.10       134        2300        0.06006         3.0339 
 0.00-0.05      1314       76403        0.01673        96.8702 


Data Role=VALIDATE Target Variable=Diabetes_Prediction Target Label=Diabetes Prediction

 Posterior     Number                     Mean
Probability      of      Number of     Posterior
   Range       Events    Nonevents    Probability    Percentage

 0.40-0.45         0           1        0.43450         0.0017 
 0.30-0.35         0           2        0.31588         0.0033 
 0.25-0.30         0           3        0.28270         0.0050 
 0.20-0.25         0           3        0.22500         0.0050 
 0.15-0.20         0           8        0.17197         0.0133 
 0.10-0.15         1          29        0.11422         0.0499 
 0.05-0.10        86        1733        0.06012         3.0232 
 0.00-0.05      1004       57299        0.01671        96.8987 
