 
                                                                                                                                                                                                                                                                
 
 
Variable Summary

         Measurement    Frequency
Role        Level         Count

INPUT     BINARY            14   
INPUT     INTERVAL           2   
INPUT     ORDINAL            5   
 
                                                                                                                                                                                                                                                                
 
The CLUSTER Procedure
Ward's Minimum Variance Cluster Analysis

            Eigenvalues of the Covariance Matrix
 
        Eigenvalue    Difference    Proportion    Cumulative

   1    4.66690293    3.58386946        0.6843        0.6843
   2    1.08303347    0.86375554        0.1588        0.8431
   3    0.21927793    0.05465793        0.0322        0.8752
   4    0.16462000    0.02692518        0.0241        0.8994
   5    0.13769482    0.00618007        0.0202        0.9196
   6    0.13151475    0.03155751        0.0193        0.9388
   7    0.09995724    0.00991977        0.0147        0.9535
   8    0.09003747    0.00892635        0.0132        0.9667
   9    0.08111112    0.01336033        0.0119        0.9786
  10    0.06775079    0.00425917        0.0099        0.9885
  11    0.06349162    0.05731254        0.0093        0.9978
  12    0.00617908    0.00143664        0.0009        0.9987
  13    0.00474244    0.00307374        0.0007        0.9994
  14    0.00166870    0.00053123        0.0002        0.9997
  15    0.00113747    0.00067061        0.0002        0.9998
  16    0.00046686    0.00025000        0.0001        0.9999
  17    0.00021686    0.00002679        0.0000        0.9999
  18    0.00019007    0.00007323        0.0000        1.0000
  19    0.00011684    0.00008332        0.0000        1.0000
  20    0.00003353    0.00000425        0.0000        1.0000
  21    0.00002928    0.00002928        0.0000        1.0000
  22    0.00000000    0.00000000        0.0000        1.0000
  23    0.00000000    0.00000000        0.0000        1.0000
  24    0.00000000    0.00000000        0.0000        1.0000
  25    0.00000000    0.00000000        0.0000        1.0000
  26    0.00000000    0.00000000        0.0000        1.0000
  27    0.00000000    0.00000000        0.0000        1.0000
  28    0.00000000    0.00000000        0.0000        1.0000
  29    -.00000000    0.00000000       -0.0000        1.0000
  30    -.00000000    0.00000000       -0.0000        1.0000
  31    -.00000000    0.00000000       -0.0000        1.0000
  32    -.00000000    0.00000000       -0.0000        1.0000
  33    -.00000000    0.00000000       -0.0000        1.0000
  34    -.00000000    0.00000000       -0.0000        1.0000
  35    -.00000000                     -0.0000        1.0000

Root-Mean-Square Total-Sample Standard Deviation    0.719717

Root-Mean-Square Distance Between Observations    6.021588


                                                 Cluster History
  Number
      of                                                 Semipartial                 Pseudo F       Pseudo
Clusters    ------Clusters Joined-------         Freq       R-Square    R-Square    Statistic    t-Squared    Tie

      49    OB20            OB50                   17         0.0000        .376         3113          1.0       
      48    OB3             OB24                   32         0.0000        .376         3180          1.2       
      47    OB8             CL49                   69         0.0000        .376         3248          6.2       
      46    OB2             OB23                  171         0.0000        .376         3320          7.4       
      45    OB11            OB39                  151         0.0000        .376         3395          9.8       
      44    CL48            OB32                   82         0.0000        .376         3474          6.7       
      43    CL44            CL47                  151         0.0001        .376         3556         12.7       
      42    OB42            OB49                  465         0.0001        .376         3641         22.7       
      41    CL45            OB13                  758         0.0001        .376         3731         26.7       
      40    OB46            OB47                  824         0.0001        .376         3825         22.4       
      39    OB14            OB36                  910         0.0001        .376         3924         36.9       
      38    CL46            OB7                  1101         0.0001        .376         4028         34.3       
      37    CL43            OB9                  1994         0.0001        .375         4138         48.1       
      36    OB5             OB27                 1371         0.0001        .375         4254         47.4       
      35    OB1             OB16                 1311         0.0001        .375         4376         56.2       
      34    OB30            OB43                 1024         0.0002        .375         4506         49.5       
      33    OB17            OB48                 1678         0.0002        .375         4643         70.4       
      32    OB21            OB40                 3272         0.0002        .375         4789         63.1       
      31    CL38            CL42                 1566         0.0002        .374         4944         63.4       
      30    CL39            OB31                 1476         0.0003        .374         5109         97.1       
      29    CL41            OB37                 3515         0.0004        .374         5283          137       
      28    CL34            CL40                 1848         0.0005        .373         5468          116       
      27    OB4             CL30                 2104         0.0005        .373         5666          153       
      26    CL33            OB26                 3819         0.0005        .372         5880          171       
      25    CL36            CL32                 4643         0.0005        .372         6111          181       
      24    CL31            OB34                 2513         0.0005        .371         6362          160       
      23    OB10            OB25                 4333         0.0006        .371         6634          258       
      22    OB12            OB41                 2703         0.0006        .370         6931          160       
      21    CL35            CL27                 3415         0.0007        .369         7255          222       
      20    CL24            OB19                 5023         0.0008        .368         7611          231       
      19    CL22            CL28                 4551         0.0010        .367         8000          232       
      18    CL29            OB45                 7621         0.0011        .366         8431          438       
      17    CL37            OB44                30843         0.0012        .365         8911          592       
      16    OB28            OB38                49237         0.0013        .364         9452          740       
      15    CL21            CL23                 7748         0.0019        .362          1E4          654       
      14    CL19            OB35                 8053         0.0021        .360         11E3          578       
      13    CL25            OB6                 33089         0.0025        .357         11E3          973       
      12    CL26            OB29                20417         0.0027        .355         12E3          797       
      11    CL20            OB22                17796         0.0033        .351         13E3          887       
      10    CL14            OB15                37997         0.0044        .347         15E3         1758       
       9    CL15            CL18                15369         0.0044        .343         16E3         1521       
       8    CL9             CL16                64606         0.0052        .337         18E3         2496       
       7    CL11            OB33                40713         0.0075        .330          2E4         2220       
       6    CL13            CL12                53506         0.0105        .319         23E3         3588       
       5    CL10            OB18                58207         0.0120        .307         28E3         4280       
       4    CL8             CL17                95449         0.0168        .291         34E3         7811       
       3    CL6             CL5                111713         0.0226        .268         45E3         7353       
       2    CL7             CL3                152426         0.0492        .219         69E3         15E3       
       1    CL4             CL2                247875         0.2189        .000           .          69E3       
 
                                                                                                                                                                                                                                                                
 
Candidates for Optimum Number of Clusters

        Number     Clustering
          of          Cubic
Obs    Clusters     Criterion

 1         3          43.690 
 2        12         117.050 
