MPRINT(EM_DIAGRAM):    data _null_;
MPRINT(EM_DIAGRAM):   call symput('NLDATE', strip(put(date(), NLDATE.)));
MPRINT(EM_DIAGRAM):   call symput('NLTIME', strip(put(datetime(), NLTIME.)));
MPRINT(EM_DIAGRAM):   run;
MPRINT(EM_DIAGRAM):   data _null_;
MPRINT(EM_DIAGRAM):   nldate= sasmsg("sashelp.dmine", "log_date_note", 'N', "March 03, 2024" );
MPRINT(EM_DIAGRAM):   nltime= sasmsg("sashelp.dmine", "log_time_note", 'N', "20:12:49" );
MPRINT(EM_DIAGRAM):   put "*------------------------------------------------------------*";
MPRINT(EM_DIAGRAM):   put "* Score Log";
MPRINT(EM_DIAGRAM):   put nldate;
MPRINT(EM_DIAGRAM):   put nltime;
MPRINT(EM_DIAGRAM):   put "*------------------------------------------------------------*";
MPRINT(EM_DIAGRAM):   run;
*------------------------------------------------------------*
* Score Log
Date:                March 03, 2024
Time:                20:12:49
*------------------------------------------------------------*
MPRINT(EM_DIAGRAM):    filename O0CEV8VN "\\uisnutvdiprof1a\redirected$\bkris2\Documents\ZetaProject\ZetaExploratoryAnalysis\Workspaces\EMWS2\Clus6\EMSCORE.out" encoding="UTF-8" NOBOM;
MPRINT(EM_DIAGRAM):   proc printto print=O0CEV8VN new;
MPRINT(EM_DIAGRAM):   run;
22528      proc transpose data=EMWS2.Clus6_OUTVAR out=WORK.Clus6_OUTVAR(rename=(COl2=NAME) where=(COL1='IMPUTED'));
MPRINT(EM_DIAGRAM):    proc transpose data=EMWS2.Clus6_OUTVAR out=WORK.Clus6_OUTVAR(rename=(COl2=NAME) where=(COL1='IMPUTED'));
22529      var Age--T_PhysHlth;
MPRINT(EM_DIAGRAM):   var Age--T_PhysHlth;
22530      where _TYPE_ in('TYPE' 'VARIABLE');
MPRINT(EM_DIAGRAM):   where _TYPE_ in('TYPE' 'VARIABLE');
22531      run;
MPRINT(EM_DIAGRAM):   run;

NOTE: There were 2 observations read from the data set EMWS2.CLUS6_OUTVAR.
      WHERE _TYPE_ in ('TYPE', 'VARIABLE');
NOTE: The data set WORK.CLUS6_OUTVAR has 0 observations and 4 variables.
NOTE: PROCEDURE TRANSPOSE used (Total process time):
      real time           0.05 seconds
      cpu time            0.06 seconds
      

22532      proc sort data=WORK.Clus6_OUTVAR;
MPRINT(EM_DIAGRAM):   proc sort data=WORK.Clus6_OUTVAR;
22533      by NAME;
MPRINT(EM_DIAGRAM):   by NAME;
22534      run;
MPRINT(EM_DIAGRAM):   run;

NOTE: Input data set is empty.
NOTE: The data set WORK.CLUS6_OUTVAR has 0 observations and 4 variables.
NOTE: PROCEDURE SORT used (Total process time):
      real time           0.01 seconds
      cpu time            0.01 seconds
      

22535      proc sort data=EMWS2.Clus6_VariableSet(KEEP=NAME ROLE LEVEL) out=WORK.Clus6_SORTEDVARS;
MPRINT(EM_DIAGRAM):   proc sort data=EMWS2.Clus6_VariableSet(KEEP=NAME ROLE LEVEL) out=WORK.Clus6_SORTEDVARS;
22536      by NAME;
MPRINT(EM_DIAGRAM):   by NAME;
22537      run;
MPRINT(EM_DIAGRAM):   run;

NOTE: There were 23 observations read from the data set EMWS2.CLUS6_VARIABLESET.
NOTE: The data set WORK.CLUS6_SORTEDVARS has 23 observations and 3 variables.
NOTE: PROCEDURE SORT used (Total process time):
      real time           0.04 seconds
      cpu time            0.03 seconds
      

22538      data WORK.Clus6_OUTVAR;
MPRINT(EM_DIAGRAM):   data WORK.Clus6_OUTVAR;
22539      merge WORK.Clus6_OUTVAR(in=INVAR) WORK.Clus6_SORTEDVARS;
MPRINT(EM_DIAGRAM):   merge WORK.Clus6_OUTVAR(in=INVAR) WORK.Clus6_SORTEDVARS;
22540      by NAME;
MPRINT(EM_DIAGRAM):   by NAME;
22541      if INVAR then output;
MPRINT(EM_DIAGRAM):   if INVAR then output;
22542      run;
MPRINT(EM_DIAGRAM):   run;

WARNING: Multiple lengths were specified for the BY variable NAME by input data sets. This might cause unexpected results.
NOTE: There were 0 observations read from the data set WORK.CLUS6_OUTVAR.
NOTE: There were 23 observations read from the data set WORK.CLUS6_SORTEDVARS.
NOTE: The data set WORK.CLUS6_OUTVAR has 0 observations and 6 variables.
NOTE: DATA statement used (Total process time):
      real time           0.01 seconds
      cpu time            0.01 seconds
      

NOTE: This SAS session is using a registry in WORK.  All changes will be lost at the end of this session.
22543      filename emflow "\\uisnutvdiprof1a\redirected$\bkris2\Documents\ZetaProject\ZetaExploratoryAnalysis\Workspaces\EMWS2\Clus6\EMFLOWSCORE.sas";
MPRINT(EM_DIAGRAM):    filename emflow "\\uisnutvdiprof1a\redirected$\bkris2\Documents\ZetaProject\ZetaExploratoryAnalysis\Workspaces\EMWS2\Clus6\EMFLOWSCORE.sas";
MPRINT(EM_DIAGRAM):   *------------------------------------------------------------*;
MPRINT(EM_DIAGRAM):   * Clus6: Scoring DATA data;
MPRINT(EM_DIAGRAM):   *------------------------------------------------------------*;
22544      *------------------------------------------------------------*;
22545      * Clus6: Scoring DATA data;
22546      *------------------------------------------------------------*;
22547      data EMWS2.Clus6_TRAIN
22548      / view=EMWS2.Clus6_TRAIN
22549      ;
MPRINT(EM_DIAGRAM):   data EMWS2.Clus6_TRAIN / view=EMWS2.Clus6_TRAIN ;
22550      set EMWS2.Smpl_DATA
22551      ;
MPRINT(EM_DIAGRAM):   set EMWS2.Smpl_DATA ;
22552      %inc emflow;
MPRINT(EM_DIAGRAM):   *****************************************;
MPRINT(EM_DIAGRAM):   *** Begin Scoring Code from PROC DMVQ ***;
MPRINT(EM_DIAGRAM):   *****************************************;
MPRINT(EM_DIAGRAM):   *** Begin Class Look-up, Standardization, Replacement ;
MPRINT(EM_DIAGRAM):   drop _dm_bad;
MPRINT(EM_DIAGRAM):   _dm_bad = 0;
MPRINT(EM_DIAGRAM):   *** Standardize Age ;
MPRINT(EM_DIAGRAM):   drop T_Age ;
MPRINT(EM_DIAGRAM):   if missing( Age ) then T_Age = .;
MPRINT(EM_DIAGRAM):   else T_Age = (Age - 8.04916893781826) * 0.32668431645045;
MPRINT(EM_DIAGRAM):   *** Standardize BMI ;
MPRINT(EM_DIAGRAM):   drop T_BMI ;
MPRINT(EM_DIAGRAM):   if missing( BMI ) then T_BMI = .;
MPRINT(EM_DIAGRAM):   else T_BMI = (BMI - 27.8285967869181) * 0.18842113768423;
MPRINT(EM_DIAGRAM):   *** Generate dummy variables for AnyHealthcare ;
MPRINT(EM_DIAGRAM):   drop AnyHealthcare0 AnyHealthcare1 ;
MPRINT(EM_DIAGRAM):   if missing( AnyHealthcare ) then do;
MPRINT(EM_DIAGRAM):   AnyHealthcare0 = .;
MPRINT(EM_DIAGRAM):   AnyHealthcare1 = .;
MPRINT(EM_DIAGRAM):   end;
MPRINT(EM_DIAGRAM):   else do;
MPRINT(EM_DIAGRAM):   length _dm12 $ 12;
MPRINT(EM_DIAGRAM):   drop _dm12 ;
MPRINT(EM_DIAGRAM):   _dm12 = put( AnyHealthcare , BEST12. );
MPRINT(DMNORMIP):   call dmnorm(_dm12,
MPRINT(DMNORLEN):  32
MPRINT(DMNORMIP):  );
MPRINT(EM_DIAGRAM):   if _dm12 = '1' then do;
MPRINT(EM_DIAGRAM):   AnyHealthcare0 = -0.1593113516288;
MPRINT(EM_DIAGRAM):   AnyHealthcare1 = 0.1593113516288;
MPRINT(EM_DIAGRAM):   end;
MPRINT(EM_DIAGRAM):   else if _dm12 = '0' then do;
MPRINT(EM_DIAGRAM):   AnyHealthcare0 = 3.13849423547027;
MPRINT(EM_DIAGRAM):   AnyHealthcare1 = -3.13849423547027;
MPRINT(EM_DIAGRAM):   end;
MPRINT(EM_DIAGRAM):   else do;
MPRINT(EM_DIAGRAM):   AnyHealthcare0 = .;
MPRINT(EM_DIAGRAM):   AnyHealthcare1 = .;
MPRINT(EM_DIAGRAM):   _DM_BAD = 1;
MPRINT(EM_DIAGRAM):   end;
MPRINT(EM_DIAGRAM):   end;
MPRINT(EM_DIAGRAM):   *** Generate dummy variables for CholCheck ;
MPRINT(EM_DIAGRAM):   drop CholCheck0 CholCheck1 ;
MPRINT(EM_DIAGRAM):   if missing( CholCheck ) then do;
MPRINT(EM_DIAGRAM):   CholCheck0 = .;
MPRINT(EM_DIAGRAM):   CholCheck1 = .;
MPRINT(EM_DIAGRAM):   end;
MPRINT(EM_DIAGRAM):   else do;
MPRINT(EM_DIAGRAM):   length _dm12 $ 12;
MPRINT(EM_DIAGRAM):   drop _dm12 ;
MPRINT(EM_DIAGRAM):   _dm12 = put( CholCheck , BEST12. );
MPRINT(DMNORMIP):   call dmnorm(_dm12,
MPRINT(DMNORLEN):  32
MPRINT(DMNORMIP):  );
MPRINT(EM_DIAGRAM):   if _dm12 = '1' then do;
MPRINT(EM_DIAGRAM):   CholCheck0 = -0.14003274976362;
MPRINT(EM_DIAGRAM):   CholCheck1 = 0.14003274976362;
MPRINT(EM_DIAGRAM):   end;
MPRINT(EM_DIAGRAM):   else if _dm12 = '0' then do;
MPRINT(EM_DIAGRAM):   CholCheck0 = 3.57057730835098;
MPRINT(EM_DIAGRAM):   CholCheck1 = -3.57057730835098;
MPRINT(EM_DIAGRAM):   end;
MPRINT(EM_DIAGRAM):   else do;
MPRINT(EM_DIAGRAM):   CholCheck0 = .;
MPRINT(EM_DIAGRAM):   CholCheck1 = .;
MPRINT(EM_DIAGRAM):   _DM_BAD = 1;
MPRINT(EM_DIAGRAM):   end;
MPRINT(EM_DIAGRAM):   end;
MPRINT(EM_DIAGRAM):   *** Generate dummy variables for DiffWalk ;
MPRINT(EM_DIAGRAM):   drop DiffWalk0 DiffWalk1 ;
MPRINT(EM_DIAGRAM):   if missing( DiffWalk ) then do;
MPRINT(EM_DIAGRAM):   DiffWalk0 = .;
MPRINT(EM_DIAGRAM):   DiffWalk1 = .;
MPRINT(EM_DIAGRAM):   end;
MPRINT(EM_DIAGRAM):   else do;
MPRINT(EM_DIAGRAM):   length _dm12 $ 12;
MPRINT(EM_DIAGRAM):   drop _dm12 ;
MPRINT(EM_DIAGRAM):   _dm12 = put( DiffWalk , BEST12. );
MPRINT(DMNORMIP):   call dmnorm(_dm12,
MPRINT(DMNORLEN):  32
MPRINT(DMNORMIP):  );
MPRINT(EM_DIAGRAM):   if _dm12 = '0' then do;
MPRINT(EM_DIAGRAM):   DiffWalk0 = 0.30942347688694;
MPRINT(EM_DIAGRAM):   DiffWalk1 = -0.30942347688694;
MPRINT(EM_DIAGRAM):   end;
MPRINT(EM_DIAGRAM):   else if _dm12 = '1' then do;
MPRINT(EM_DIAGRAM):   DiffWalk0 = -1.61590117130857;
MPRINT(EM_DIAGRAM):   DiffWalk1 = 1.61590117130857;
MPRINT(EM_DIAGRAM):   end;
MPRINT(EM_DIAGRAM):   else do;
MPRINT(EM_DIAGRAM):   DiffWalk0 = .;
MPRINT(EM_DIAGRAM):   DiffWalk1 = .;
MPRINT(EM_DIAGRAM):   _DM_BAD = 1;
MPRINT(EM_DIAGRAM):   end;
MPRINT(EM_DIAGRAM):   end;
MPRINT(EM_DIAGRAM):   *** Generate dummy variables for HeartDiseaseorAttack ;
MPRINT(EM_DIAGRAM):   drop HeartDiseaseorAttack0 HeartDiseaseorAttack1 ;
MPRINT(EM_DIAGRAM):   if missing( HeartDiseaseorAttack ) then do;
MPRINT(EM_DIAGRAM):   HeartDiseaseorAttack0 = .;
MPRINT(EM_DIAGRAM):   HeartDiseaseorAttack1 = .;
MPRINT(EM_DIAGRAM):   end;
MPRINT(EM_DIAGRAM):   else do;
MPRINT(EM_DIAGRAM):   length _dm12 $ 12;
MPRINT(EM_DIAGRAM):   drop _dm12 ;
MPRINT(EM_DIAGRAM):   _dm12 = put( HeartDiseaseorAttack , BEST12. );
MPRINT(DMNORMIP):   call dmnorm(_dm12,
MPRINT(DMNORLEN):  32
MPRINT(DMNORMIP):  );
MPRINT(EM_DIAGRAM):   if _dm12 = '0' then do;
MPRINT(EM_DIAGRAM):   HeartDiseaseorAttack0 = 0.22663308855856;
MPRINT(EM_DIAGRAM):   HeartDiseaseorAttack1 = -0.22663308855856;
MPRINT(EM_DIAGRAM):   end;
MPRINT(EM_DIAGRAM):   else if _dm12 = '1' then do;
MPRINT(EM_DIAGRAM):   HeartDiseaseorAttack0 = -2.2061992885155;
MPRINT(EM_DIAGRAM):   HeartDiseaseorAttack1 = 2.2061992885155;
MPRINT(EM_DIAGRAM):   end;
MPRINT(EM_DIAGRAM):   else do;
MPRINT(EM_DIAGRAM):   HeartDiseaseorAttack0 = .;
MPRINT(EM_DIAGRAM):   HeartDiseaseorAttack1 = .;
MPRINT(EM_DIAGRAM):   _DM_BAD = 1;
MPRINT(EM_DIAGRAM):   end;
MPRINT(EM_DIAGRAM):   end;
MPRINT(EM_DIAGRAM):   *** Generate dummy variables for HighBP ;
MPRINT(EM_DIAGRAM):   drop HighBP0 HighBP1 ;
MPRINT(EM_DIAGRAM):   if missing( HighBP ) then do;
MPRINT(EM_DIAGRAM):   HighBP0 = .;
MPRINT(EM_DIAGRAM):   HighBP1 = .;
MPRINT(EM_DIAGRAM):   end;
MPRINT(EM_DIAGRAM):   else do;
MPRINT(EM_DIAGRAM):   length _dm12 $ 12;
MPRINT(EM_DIAGRAM):   drop _dm12 ;
MPRINT(EM_DIAGRAM):   _dm12 = put( HighBP , BEST12. );
MPRINT(DMNORMIP):   call dmnorm(_dm12,
MPRINT(DMNORLEN):  32
MPRINT(DMNORMIP):  );
MPRINT(EM_DIAGRAM):   if _dm12 = '0' then do;
MPRINT(EM_DIAGRAM):   HighBP0 = 0.60657808494059;
MPRINT(EM_DIAGRAM):   HighBP1 = -0.60657808494059;
MPRINT(EM_DIAGRAM):   end;
MPRINT(EM_DIAGRAM):   else if _dm12 = '1' then do;
MPRINT(EM_DIAGRAM):   HighBP0 = -0.82429248788463;
MPRINT(EM_DIAGRAM):   HighBP1 = 0.82429248788463;
MPRINT(EM_DIAGRAM):   end;
MPRINT(EM_DIAGRAM):   else do;
MPRINT(EM_DIAGRAM):   HighBP0 = .;
MPRINT(EM_DIAGRAM):   HighBP1 = .;
MPRINT(EM_DIAGRAM):   _DM_BAD = 1;
MPRINT(EM_DIAGRAM):   end;
MPRINT(EM_DIAGRAM):   end;
MPRINT(EM_DIAGRAM):   *** Generate dummy variables for HighChol ;
MPRINT(EM_DIAGRAM):   drop HighChol0 HighChol1 ;
MPRINT(EM_DIAGRAM):   if missing( HighChol ) then do;
MPRINT(EM_DIAGRAM):   HighChol0 = .;
MPRINT(EM_DIAGRAM):   HighChol1 = .;
MPRINT(EM_DIAGRAM):   end;
MPRINT(EM_DIAGRAM):   else do;
MPRINT(EM_DIAGRAM):   length _dm12 $ 12;
MPRINT(EM_DIAGRAM):   drop _dm12 ;
MPRINT(EM_DIAGRAM):   _dm12 = put( HighChol , BEST12. );
MPRINT(DMNORMIP):   call dmnorm(_dm12,
MPRINT(DMNORLEN):  32
MPRINT(DMNORMIP):  );
MPRINT(EM_DIAGRAM):   if _dm12 = '0' then do;
MPRINT(EM_DIAGRAM):   HighChol0 = 0.60510965964047;
MPRINT(EM_DIAGRAM):   HighChol1 = -0.60510965964047;
MPRINT(EM_DIAGRAM):   end;
MPRINT(EM_DIAGRAM):   else if _dm12 = '1' then do;
MPRINT(EM_DIAGRAM):   HighChol0 = -0.82629280621474;
MPRINT(EM_DIAGRAM):   HighChol1 = 0.82629280621474;
MPRINT(EM_DIAGRAM):   end;
MPRINT(EM_DIAGRAM):   else do;
MPRINT(EM_DIAGRAM):   HighChol0 = .;
MPRINT(EM_DIAGRAM):   HighChol1 = .;
MPRINT(EM_DIAGRAM):   _DM_BAD = 1;
MPRINT(EM_DIAGRAM):   end;
MPRINT(EM_DIAGRAM):   end;
MPRINT(EM_DIAGRAM):   *** Generate dummy variables for HvyAlcoholConsump ;
MPRINT(EM_DIAGRAM):   drop HvyAlcoholConsump0 HvyAlcoholConsump1 ;
MPRINT(EM_DIAGRAM):   if missing( HvyAlcoholConsump ) then do;
MPRINT(EM_DIAGRAM):   HvyAlcoholConsump0 = .;
MPRINT(EM_DIAGRAM):   HvyAlcoholConsump1 = .;
MPRINT(EM_DIAGRAM):   end;
MPRINT(EM_DIAGRAM):   else do;
MPRINT(EM_DIAGRAM):   length _dm12 $ 12;
MPRINT(EM_DIAGRAM):   drop _dm12 ;
MPRINT(EM_DIAGRAM):   _dm12 = put( HvyAlcoholConsump , BEST12. );
MPRINT(DMNORMIP):   call dmnorm(_dm12,
MPRINT(DMNORLEN):  32
MPRINT(DMNORMIP):  );
MPRINT(EM_DIAGRAM):   if _dm12 = '0' then do;
MPRINT(EM_DIAGRAM):   HvyAlcoholConsump0 = 0.17343267916064;
MPRINT(EM_DIAGRAM):   HvyAlcoholConsump1 = -0.17343267916064;
MPRINT(EM_DIAGRAM):   end;
MPRINT(EM_DIAGRAM):   else if _dm12 = '1' then do;
MPRINT(EM_DIAGRAM):   HvyAlcoholConsump0 = -2.88295009424872;
MPRINT(EM_DIAGRAM):   HvyAlcoholConsump1 = 2.88295009424872;
MPRINT(EM_DIAGRAM):   end;
MPRINT(EM_DIAGRAM):   else do;
MPRINT(EM_DIAGRAM):   HvyAlcoholConsump0 = .;
MPRINT(EM_DIAGRAM):   HvyAlcoholConsump1 = .;
MPRINT(EM_DIAGRAM):   _DM_BAD = 1;
MPRINT(EM_DIAGRAM):   end;
MPRINT(EM_DIAGRAM):   end;
MPRINT(EM_DIAGRAM):   *** Generate dummy variables for NoDocbcCost ;
MPRINT(EM_DIAGRAM):   drop NoDocbcCost0 NoDocbcCost1 ;
MPRINT(EM_DIAGRAM):   if missing( NoDocbcCost ) then do;
MPRINT(EM_DIAGRAM):   NoDocbcCost0 = .;
MPRINT(EM_DIAGRAM):   NoDocbcCost1 = .;
MPRINT(EM_DIAGRAM):   end;
MPRINT(EM_DIAGRAM):   else do;
MPRINT(EM_DIAGRAM):   length _dm12 $ 12;
MPRINT(EM_DIAGRAM):   drop _dm12 ;
MPRINT(EM_DIAGRAM):   _dm12 = put( NoDocbcCost , BEST12. );
MPRINT(DMNORMIP):   call dmnorm(_dm12,
MPRINT(DMNORLEN):  32
MPRINT(DMNORMIP):  );
MPRINT(EM_DIAGRAM):   if _dm12 = '0' then do;
MPRINT(EM_DIAGRAM):   NoDocbcCost0 = 0.21187343092214;
MPRINT(EM_DIAGRAM):   NoDocbcCost1 = -0.21187343092214;
MPRINT(EM_DIAGRAM):   end;
MPRINT(EM_DIAGRAM):   else if _dm12 = '1' then do;
MPRINT(EM_DIAGRAM):   NoDocbcCost0 = -2.359888904219;
MPRINT(EM_DIAGRAM):   NoDocbcCost1 = 2.359888904219;
MPRINT(EM_DIAGRAM):   end;
MPRINT(EM_DIAGRAM):   else do;
MPRINT(EM_DIAGRAM):   NoDocbcCost0 = .;
MPRINT(EM_DIAGRAM):   NoDocbcCost1 = .;
MPRINT(EM_DIAGRAM):   _DM_BAD = 1;
MPRINT(EM_DIAGRAM):   end;
MPRINT(EM_DIAGRAM):   end;
MPRINT(EM_DIAGRAM):   *** Generate dummy variables for Education ;
MPRINT(EM_DIAGRAM):   drop T_Education ;
MPRINT(EM_DIAGRAM):   if missing( Education ) then do;
MPRINT(EM_DIAGRAM):   T_Education = .;
MPRINT(EM_DIAGRAM):   end;
MPRINT(EM_DIAGRAM):   else do;
MPRINT(EM_DIAGRAM):   length _dm12 $ 12;
MPRINT(EM_DIAGRAM):   drop _dm12 ;
MPRINT(EM_DIAGRAM):   _dm12 = put( Education , BEST12. );
MPRINT(DMNORMIP):   call dmnorm(_dm12,
MPRINT(DMNORLEN):  32
MPRINT(DMNORMIP):  );
MPRINT(EM_DIAGRAM):   _dm_find = 0;
MPRINT(EM_DIAGRAM):   drop _dm_find;
MPRINT(EM_DIAGRAM):   if _dm12 <= '4' then do;
MPRINT(EM_DIAGRAM):   if _dm12 <= '3' then do;
MPRINT(EM_DIAGRAM):   if _dm12 = '2' then do;
MPRINT(EM_DIAGRAM):   T_Education = -1.8105774638073;
MPRINT(EM_DIAGRAM):   _dm_find = 1;
MPRINT(EM_DIAGRAM):   end;
MPRINT(EM_DIAGRAM):   else do;
MPRINT(EM_DIAGRAM):   if _dm12 = '3' then do;
MPRINT(EM_DIAGRAM):   T_Education = -1.7140774293823;
MPRINT(EM_DIAGRAM):   _dm_find = 1;
MPRINT(EM_DIAGRAM):   end;
MPRINT(EM_DIAGRAM):   end;
MPRINT(EM_DIAGRAM):   end;
MPRINT(EM_DIAGRAM):   else do;
MPRINT(EM_DIAGRAM):   if _dm12 = '4' then do;
MPRINT(EM_DIAGRAM):   T_Education = -1.19358083252604;
MPRINT(EM_DIAGRAM):   _dm_find = 1;
MPRINT(EM_DIAGRAM):   end;
MPRINT(EM_DIAGRAM):   end;
MPRINT(EM_DIAGRAM):   end;
MPRINT(EM_DIAGRAM):   else do;
MPRINT(EM_DIAGRAM):   if _dm12 = '5' then do;
MPRINT(EM_DIAGRAM):   T_Education = -0.23583674994353;
MPRINT(EM_DIAGRAM):   _dm_find = 1;
MPRINT(EM_DIAGRAM):   end;
MPRINT(EM_DIAGRAM):   else do;
MPRINT(EM_DIAGRAM):   if _dm12 = '6' then do;
MPRINT(EM_DIAGRAM):   T_Education = 1.05424411700749;
MPRINT(EM_DIAGRAM):   _dm_find = 1;
MPRINT(EM_DIAGRAM):   end;
MPRINT(EM_DIAGRAM):   end;
MPRINT(EM_DIAGRAM):   end;
MPRINT(EM_DIAGRAM):   if not _dm_find then do;
MPRINT(EM_DIAGRAM):   T_Education = .;
MPRINT(EM_DIAGRAM):   _DM_BAD = 1;
MPRINT(EM_DIAGRAM):   end;
MPRINT(EM_DIAGRAM):   end;
MPRINT(EM_DIAGRAM):   *** Generate dummy variables for GenHlth ;
MPRINT(EM_DIAGRAM):   drop T_GenHlth ;
MPRINT(EM_DIAGRAM):   if missing( GenHlth ) then do;
MPRINT(EM_DIAGRAM):   T_GenHlth = .;
MPRINT(EM_DIAGRAM):   end;
MPRINT(EM_DIAGRAM):   else do;
MPRINT(EM_DIAGRAM):   length _dm12 $ 12;
MPRINT(EM_DIAGRAM):   drop _dm12 ;
MPRINT(EM_DIAGRAM):   _dm12 = put( GenHlth , BEST12. );
MPRINT(DMNORMIP):   call dmnorm(_dm12,
MPRINT(DMNORLEN):  32
MPRINT(DMNORMIP):  );
MPRINT(EM_DIAGRAM):   _dm_find = 0;
MPRINT(EM_DIAGRAM):   drop _dm_find;
MPRINT(EM_DIAGRAM):   if _dm12 <= '3' then do;
MPRINT(EM_DIAGRAM):   if _dm12 <= '2' then do;
MPRINT(EM_DIAGRAM):   if _dm12 = '1' then do;
MPRINT(EM_DIAGRAM):   T_GenHlth = -1.47650999922401;
MPRINT(EM_DIAGRAM):   _dm_find = 1;
MPRINT(EM_DIAGRAM):   end;
MPRINT(EM_DIAGRAM):   else do;
MPRINT(EM_DIAGRAM):   if _dm12 = '2' then do;
MPRINT(EM_DIAGRAM):   T_GenHlth = -0.50699892966105;
MPRINT(EM_DIAGRAM):   _dm_find = 1;
MPRINT(EM_DIAGRAM):   end;
MPRINT(EM_DIAGRAM):   end;
MPRINT(EM_DIAGRAM):   end;
MPRINT(EM_DIAGRAM):   else do;
MPRINT(EM_DIAGRAM):   if _dm12 = '3' then do;
MPRINT(EM_DIAGRAM):   T_GenHlth = 0.67078862696307;
MPRINT(EM_DIAGRAM):   _dm_find = 1;
MPRINT(EM_DIAGRAM):   end;
MPRINT(EM_DIAGRAM):   end;
MPRINT(EM_DIAGRAM):   end;
MPRINT(EM_DIAGRAM):   else do;
MPRINT(EM_DIAGRAM):   if _dm12 = '4' then do;
MPRINT(EM_DIAGRAM):   T_GenHlth = 1.42413548078415;
MPRINT(EM_DIAGRAM):   _dm_find = 1;
MPRINT(EM_DIAGRAM):   end;
MPRINT(EM_DIAGRAM):   else do;
MPRINT(EM_DIAGRAM):   if _dm12 = '5' then do;
MPRINT(EM_DIAGRAM):   T_GenHlth = 1.72285792338403;
MPRINT(EM_DIAGRAM):   _dm_find = 1;
MPRINT(EM_DIAGRAM):   end;
MPRINT(EM_DIAGRAM):   end;
MPRINT(EM_DIAGRAM):   end;
MPRINT(EM_DIAGRAM):   if not _dm_find then do;
MPRINT(EM_DIAGRAM):   T_GenHlth = .;
MPRINT(EM_DIAGRAM):   _DM_BAD = 1;
MPRINT(EM_DIAGRAM):   end;
MPRINT(EM_DIAGRAM):   end;
MPRINT(EM_DIAGRAM):   *** Generate dummy variables for Income ;
MPRINT(EM_DIAGRAM):   drop T_Income ;
MPRINT(EM_DIAGRAM):   if missing( Income ) then do;
MPRINT(EM_DIAGRAM):   T_Income = .;
MPRINT(EM_DIAGRAM):   end;
MPRINT(EM_DIAGRAM):   else do;
MPRINT(EM_DIAGRAM):   length _dm12 $ 12;
MPRINT(EM_DIAGRAM):   drop _dm12 ;
MPRINT(EM_DIAGRAM):   _dm12 = put( Income , BEST12. );
MPRINT(DMNORMIP):   call dmnorm(_dm12,
MPRINT(DMNORLEN):  32
MPRINT(DMNORMIP):  );
MPRINT(EM_DIAGRAM):   _dm_find = 0;
MPRINT(EM_DIAGRAM):   drop _dm_find;
MPRINT(EM_DIAGRAM):   if _dm12 <= '4' then do;
MPRINT(EM_DIAGRAM):   if _dm12 <= '2' then do;
MPRINT(EM_DIAGRAM):   if _dm12 = '1' then do;
MPRINT(EM_DIAGRAM):   T_Income = -1.71665306975879;
MPRINT(EM_DIAGRAM):   _dm_find = 1;
MPRINT(EM_DIAGRAM):   end;
MPRINT(EM_DIAGRAM):   else do;
MPRINT(EM_DIAGRAM):   if _dm12 = '2' then do;
MPRINT(EM_DIAGRAM):   T_Income = -1.56969637576835;
MPRINT(EM_DIAGRAM):   _dm_find = 1;
MPRINT(EM_DIAGRAM):   end;
MPRINT(EM_DIAGRAM):   end;
MPRINT(EM_DIAGRAM):   end;
MPRINT(EM_DIAGRAM):   else do;
MPRINT(EM_DIAGRAM):   if _dm12 = '3' then do;
MPRINT(EM_DIAGRAM):   T_Income = -1.37887010298008;
MPRINT(EM_DIAGRAM):   _dm_find = 1;
MPRINT(EM_DIAGRAM):   end;
MPRINT(EM_DIAGRAM):   else do;
MPRINT(EM_DIAGRAM):   if _dm12 = '4' then do;
MPRINT(EM_DIAGRAM):   T_Income = -1.12844259485713;
MPRINT(EM_DIAGRAM):   _dm_find = 1;
MPRINT(EM_DIAGRAM):   end;
MPRINT(EM_DIAGRAM):   end;
MPRINT(EM_DIAGRAM):   end;
MPRINT(EM_DIAGRAM):   end;
MPRINT(EM_DIAGRAM):   else do;
MPRINT(EM_DIAGRAM):   if _dm12 <= '6' then do;
MPRINT(EM_DIAGRAM):   if _dm12 = '5' then do;
MPRINT(EM_DIAGRAM):   T_Income = -0.80709473267178;
MPRINT(EM_DIAGRAM):   _dm_find = 1;
MPRINT(EM_DIAGRAM):   end;
MPRINT(EM_DIAGRAM):   else do;
MPRINT(EM_DIAGRAM):   if _dm12 = '6' then do;
MPRINT(EM_DIAGRAM):   T_Income = -0.36854283179585;
MPRINT(EM_DIAGRAM):   _dm_find = 1;
MPRINT(EM_DIAGRAM):   end;
MPRINT(EM_DIAGRAM):   end;
MPRINT(EM_DIAGRAM):   end;
MPRINT(EM_DIAGRAM):   else do;
MPRINT(EM_DIAGRAM):   if _dm12 = '7' then do;
MPRINT(EM_DIAGRAM):   T_Income = 0.19354414027939;
MPRINT(EM_DIAGRAM):   _dm_find = 1;
MPRINT(EM_DIAGRAM):   end;
MPRINT(EM_DIAGRAM):   else do;
MPRINT(EM_DIAGRAM):   if _dm12 = '8' then do;
MPRINT(EM_DIAGRAM):   T_Income = 1.14091281040462;
MPRINT(EM_DIAGRAM):   _dm_find = 1;
MPRINT(EM_DIAGRAM):   end;
MPRINT(EM_DIAGRAM):   end;
MPRINT(EM_DIAGRAM):   end;
MPRINT(EM_DIAGRAM):   end;
MPRINT(EM_DIAGRAM):   if not _dm_find then do;
MPRINT(EM_DIAGRAM):   T_Income = .;
MPRINT(EM_DIAGRAM):   _DM_BAD = 1;
MPRINT(EM_DIAGRAM):   end;
MPRINT(EM_DIAGRAM):   end;
MPRINT(EM_DIAGRAM):   *** Generate dummy variables for MentHlth ;
MPRINT(EM_DIAGRAM):   drop T_MentHlth ;
MPRINT(EM_DIAGRAM):   if missing( MentHlth ) then do;
MPRINT(EM_DIAGRAM):   T_MentHlth = .;
MPRINT(EM_DIAGRAM):   end;
MPRINT(EM_DIAGRAM):   else do;
MPRINT(EM_DIAGRAM):   length _dm12 $ 12;
MPRINT(EM_DIAGRAM):   drop _dm12 ;
MPRINT(EM_DIAGRAM):   _dm12 = put( MentHlth , BEST12. );
MPRINT(DMNORMIP):   call dmnorm(_dm12,
MPRINT(DMNORLEN):  32
MPRINT(DMNORMIP):  );
MPRINT(EM_DIAGRAM):   if _dm12 = '0' then do;
MPRINT(EM_DIAGRAM):   T_MentHlth = -0.64692713100466;
MPRINT(EM_DIAGRAM):   end;
MPRINT(EM_DIAGRAM):   else if _dm12 = '2' then do;
MPRINT(EM_DIAGRAM):   T_MentHlth = 1.08857747257817;
MPRINT(EM_DIAGRAM):   end;
MPRINT(EM_DIAGRAM):   else if _dm12 = '30' then do;
MPRINT(EM_DIAGRAM):   T_MentHlth = 2.02987457207006;
MPRINT(EM_DIAGRAM):   end;
MPRINT(EM_DIAGRAM):   else if _dm12 = '5' then do;
MPRINT(EM_DIAGRAM):   T_MentHlth = 1.45990715933354;
MPRINT(EM_DIAGRAM):   end;
MPRINT(EM_DIAGRAM):   else if _dm12 = '1' then do;
MPRINT(EM_DIAGRAM):   T_MentHlth = 0.90623216092549;
MPRINT(EM_DIAGRAM):   end;
MPRINT(EM_DIAGRAM):   else if _dm12 = '3' then do;
MPRINT(EM_DIAGRAM):   T_MentHlth = 1.2601056894718;
MPRINT(EM_DIAGRAM):   end;
MPRINT(EM_DIAGRAM):   else if _dm12 = '10' then do;
MPRINT(EM_DIAGRAM):   T_MentHlth = 1.66746374210456;
MPRINT(EM_DIAGRAM):   end;
MPRINT(EM_DIAGRAM):   else if _dm12 = '15' then do;
MPRINT(EM_DIAGRAM):   T_MentHlth = 1.79265205922791;
MPRINT(EM_DIAGRAM):   end;
MPRINT(EM_DIAGRAM):   else if _dm12 = '4' then do;
MPRINT(EM_DIAGRAM):   T_MentHlth = 1.35305257777185;
MPRINT(EM_DIAGRAM):   end;
MPRINT(EM_DIAGRAM):   else if _dm12 = '20' then do;
MPRINT(EM_DIAGRAM):   T_MentHlth = 1.86923022212536;
MPRINT(EM_DIAGRAM):   end;
MPRINT(EM_DIAGRAM):   else if _dm12 = '7' then do;
MPRINT(EM_DIAGRAM):   T_MentHlth = 1.57690157487132;
MPRINT(EM_DIAGRAM):   end;
MPRINT(EM_DIAGRAM):   else if _dm12 = '14' then do;
MPRINT(EM_DIAGRAM):   T_MentHlth = 1.73787024688111;
MPRINT(EM_DIAGRAM):   end;
MPRINT(EM_DIAGRAM):   else if _dm12 = '25' then do;
MPRINT(EM_DIAGRAM):   T_MentHlth = 1.91192626810556;
MPRINT(EM_DIAGRAM):   end;
MPRINT(EM_DIAGRAM):   else if _dm12 = '6' then do;
MPRINT(EM_DIAGRAM):   T_MentHlth = 1.54314346344954;
MPRINT(EM_DIAGRAM):   end;
MPRINT(EM_DIAGRAM):   else if _dm12 = '8' then do;
MPRINT(EM_DIAGRAM):   T_MentHlth = 1.60787433208707;
MPRINT(EM_DIAGRAM):   end;
MPRINT(EM_DIAGRAM):   else if _dm12 = '12' then do;
MPRINT(EM_DIAGRAM):   T_MentHlth = 1.72422010349468;
MPRINT(EM_DIAGRAM):   end;
MPRINT(EM_DIAGRAM):   else if _dm12 = '28' then do;
MPRINT(EM_DIAGRAM):   T_MentHlth = 1.92628228892776;
MPRINT(EM_DIAGRAM):   end;
MPRINT(EM_DIAGRAM):   else if _dm12 = '21' then do;
MPRINT(EM_DIAGRAM):   T_MentHlth = 1.89843828575167;
MPRINT(EM_DIAGRAM):   end;
MPRINT(EM_DIAGRAM):   else if _dm12 = '29' then do;
MPRINT(EM_DIAGRAM):   T_MentHlth = 1.93039354804695;
MPRINT(EM_DIAGRAM):   end;
MPRINT(EM_DIAGRAM):   else if _dm12 = '9' then do;
MPRINT(EM_DIAGRAM):   T_MentHlth = 1.61396014024958;
MPRINT(EM_DIAGRAM):   end;
MPRINT(EM_DIAGRAM):   else if _dm12 = '18' then do;
MPRINT(EM_DIAGRAM):   T_MentHlth = 1.8408234247775;
MPRINT(EM_DIAGRAM):   end;
MPRINT(EM_DIAGRAM):   else if _dm12 = '16' then do;
MPRINT(EM_DIAGRAM):   T_MentHlth = 1.83848639813203;
MPRINT(EM_DIAGRAM):   end;
MPRINT(EM_DIAGRAM):   else if _dm12 = '27' then do;
MPRINT(EM_DIAGRAM):   T_MentHlth = 1.92284829059155;
MPRINT(EM_DIAGRAM):   end;
MPRINT(EM_DIAGRAM):   else if _dm12 = '22' then do;
MPRINT(EM_DIAGRAM):   T_MentHlth = 1.90076577351288;
MPRINT(EM_DIAGRAM):   end;
MPRINT(EM_DIAGRAM):   else if _dm12 = '17' then do;
MPRINT(EM_DIAGRAM):   T_MentHlth = 1.83959290870703;
MPRINT(EM_DIAGRAM):   end;
MPRINT(EM_DIAGRAM):   else if _dm12 = '26' then do;
MPRINT(EM_DIAGRAM):   T_MentHlth = 1.92180855220642;
MPRINT(EM_DIAGRAM):   end;
MPRINT(EM_DIAGRAM):   else if _dm12 = '11' then do;
MPRINT(EM_DIAGRAM):   T_MentHlth = 1.72050947751472;
MPRINT(EM_DIAGRAM):   end;
MPRINT(EM_DIAGRAM):   else if _dm12 = '13' then do;
MPRINT(EM_DIAGRAM):   T_MentHlth = 1.72792119059037;
MPRINT(EM_DIAGRAM):   end;
MPRINT(EM_DIAGRAM):   else if _dm12 = '23' then do;
MPRINT(EM_DIAGRAM):   T_MentHlth = 1.90153842313853;
MPRINT(EM_DIAGRAM):   end;
MPRINT(EM_DIAGRAM):   else if _dm12 = '24' then do;
MPRINT(EM_DIAGRAM):   T_MentHlth = 1.90213937284736;
MPRINT(EM_DIAGRAM):   end;
MPRINT(EM_DIAGRAM):   else if _dm12 = '19' then do;
MPRINT(EM_DIAGRAM):   T_MentHlth = 1.84175823543569;
MPRINT(EM_DIAGRAM):   end;
MPRINT(EM_DIAGRAM):   else do;
MPRINT(EM_DIAGRAM):   T_MentHlth = .;
MPRINT(EM_DIAGRAM):   _DM_BAD = 1;
MPRINT(EM_DIAGRAM):   end;
MPRINT(EM_DIAGRAM):   end;
MPRINT(EM_DIAGRAM):   *** Generate dummy variables for PhysHlth ;
MPRINT(EM_DIAGRAM):   drop T_PhysHlth ;
MPRINT(EM_DIAGRAM):   if missing( PhysHlth ) then do;
MPRINT(EM_DIAGRAM):   T_PhysHlth = .;
MPRINT(EM_DIAGRAM):   end;
MPRINT(EM_DIAGRAM):   else do;
MPRINT(EM_DIAGRAM):   length _dm12 $ 12;
MPRINT(EM_DIAGRAM):   drop _dm12 ;
MPRINT(EM_DIAGRAM):   _dm12 = put( PhysHlth , BEST12. );
MPRINT(DMNORMIP):   call dmnorm(_dm12,
MPRINT(DMNORLEN):  32
MPRINT(DMNORMIP):  );
MPRINT(EM_DIAGRAM):   if _dm12 = '0' then do;
MPRINT(EM_DIAGRAM):   T_PhysHlth = -0.73159346519283;
MPRINT(EM_DIAGRAM):   end;
MPRINT(EM_DIAGRAM):   else if _dm12 = '30' then do;
MPRINT(EM_DIAGRAM):   T_PhysHlth = 1.86253869535975;
MPRINT(EM_DIAGRAM):   end;
MPRINT(EM_DIAGRAM):   else if _dm12 = '2' then do;
MPRINT(EM_DIAGRAM):   T_PhysHlth = 0.84666504855354;
MPRINT(EM_DIAGRAM):   end;
MPRINT(EM_DIAGRAM):   else if _dm12 = '1' then do;
MPRINT(EM_DIAGRAM):   T_PhysHlth = 0.63888889830955;
MPRINT(EM_DIAGRAM):   end;
MPRINT(EM_DIAGRAM):   else if _dm12 = '3' then do;
MPRINT(EM_DIAGRAM):   T_PhysHlth = 1.03058665401748;
MPRINT(EM_DIAGRAM):   end;
MPRINT(EM_DIAGRAM):   else if _dm12 = '5' then do;
MPRINT(EM_DIAGRAM):   T_PhysHlth = 1.22889671506304;
MPRINT(EM_DIAGRAM):   end;
MPRINT(EM_DIAGRAM):   else if _dm12 = '10' then do;
MPRINT(EM_DIAGRAM):   T_PhysHlth = 1.43999951951104;
MPRINT(EM_DIAGRAM):   end;
MPRINT(EM_DIAGRAM):   else if _dm12 = '15' then do;
MPRINT(EM_DIAGRAM):   T_PhysHlth = 1.57312879493313;
MPRINT(EM_DIAGRAM):   end;
MPRINT(EM_DIAGRAM):   else if _dm12 = '7' then do;
MPRINT(EM_DIAGRAM):   T_PhysHlth = 1.34490589202054;
MPRINT(EM_DIAGRAM):   end;
MPRINT(EM_DIAGRAM):   else if _dm12 = '4' then do;
MPRINT(EM_DIAGRAM):   T_PhysHlth = 1.13322610689758;
MPRINT(EM_DIAGRAM):   end;
MPRINT(EM_DIAGRAM):   else if _dm12 = '20' then do;
MPRINT(EM_DIAGRAM):   T_PhysHlth = 1.64152805088406;
MPRINT(EM_DIAGRAM):   end;
MPRINT(EM_DIAGRAM):   else if _dm12 = '14' then do;
MPRINT(EM_DIAGRAM):   T_PhysHlth = 1.51490783870127;
MPRINT(EM_DIAGRAM):   end;
MPRINT(EM_DIAGRAM):   else if _dm12 = '25' then do;
MPRINT(EM_DIAGRAM):   T_PhysHlth = 1.68970593724254;
MPRINT(EM_DIAGRAM):   end;
MPRINT(EM_DIAGRAM):   else if _dm12 = '6' then do;
MPRINT(EM_DIAGRAM):   T_PhysHlth = 1.29906297433101;
MPRINT(EM_DIAGRAM):   end;
MPRINT(EM_DIAGRAM):   else if _dm12 = '8' then do;
MPRINT(EM_DIAGRAM):   T_PhysHlth = 1.38709760387639;
MPRINT(EM_DIAGRAM):   end;
MPRINT(EM_DIAGRAM):   else if _dm12 = '21' then do;
MPRINT(EM_DIAGRAM):   T_PhysHlth = 1.67131467822845;
MPRINT(EM_DIAGRAM):   end;
MPRINT(EM_DIAGRAM):   else if _dm12 = '12' then do;
MPRINT(EM_DIAGRAM):   T_PhysHlth = 1.48904287688194;
MPRINT(EM_DIAGRAM):   end;
MPRINT(EM_DIAGRAM):   else if _dm12 = '28' then do;
MPRINT(EM_DIAGRAM):   T_PhysHlth = 1.70658262198488;
MPRINT(EM_DIAGRAM):   end;
MPRINT(EM_DIAGRAM):   else if _dm12 = '29' then do;
MPRINT(EM_DIAGRAM):   T_PhysHlth = 1.71220818356566;
MPRINT(EM_DIAGRAM):   end;
MPRINT(EM_DIAGRAM):   else if _dm12 = '9' then do;
MPRINT(EM_DIAGRAM):   T_PhysHlth = 1.39495896557261;
MPRINT(EM_DIAGRAM):   end;
MPRINT(EM_DIAGRAM):   else if _dm12 = '18' then do;
MPRINT(EM_DIAGRAM):   T_PhysHlth = 1.61537459872726;
MPRINT(EM_DIAGRAM):   end;
MPRINT(EM_DIAGRAM):   else if _dm12 = '16' then do;
MPRINT(EM_DIAGRAM):   T_PhysHlth = 1.61191271467755;
MPRINT(EM_DIAGRAM):   end;
MPRINT(EM_DIAGRAM):   else if _dm12 = '27' then do;
MPRINT(EM_DIAGRAM):   T_PhysHlth = 1.70182253141653;
MPRINT(EM_DIAGRAM):   end;
MPRINT(EM_DIAGRAM):   else if _dm12 = '17' then do;
MPRINT(EM_DIAGRAM):   T_PhysHlth = 1.61347236556453;
MPRINT(EM_DIAGRAM):   end;
MPRINT(EM_DIAGRAM):   else if _dm12 = '24' then do;
MPRINT(EM_DIAGRAM):   T_PhysHlth = 1.67887853426414;
MPRINT(EM_DIAGRAM):   end;
MPRINT(EM_DIAGRAM):   else if _dm12 = '13' then do;
MPRINT(EM_DIAGRAM):   T_PhysHlth = 1.49408244246473;
MPRINT(EM_DIAGRAM):   end;
MPRINT(EM_DIAGRAM):   else if _dm12 = '26' then do;
MPRINT(EM_DIAGRAM):   T_PhysHlth = 1.70049727892875;
MPRINT(EM_DIAGRAM):   end;
MPRINT(EM_DIAGRAM):   else if _dm12 = '22' then do;
MPRINT(EM_DIAGRAM):   T_PhysHlth = 1.67694925513227;
MPRINT(EM_DIAGRAM):   end;
MPRINT(EM_DIAGRAM):   else if _dm12 = '11' then do;
MPRINT(EM_DIAGRAM):   T_PhysHlth = 1.48410247985267;
MPRINT(EM_DIAGRAM):   end;
MPRINT(EM_DIAGRAM):   else if _dm12 = '23' then do;
MPRINT(EM_DIAGRAM):   T_PhysHlth = 1.67788684872907;
MPRINT(EM_DIAGRAM):   end;
MPRINT(EM_DIAGRAM):   else if _dm12 = '19' then do;
MPRINT(EM_DIAGRAM):   T_PhysHlth = 1.61670886653808;
MPRINT(EM_DIAGRAM):   end;
MPRINT(EM_DIAGRAM):   else do;
MPRINT(EM_DIAGRAM):   T_PhysHlth = .;
MPRINT(EM_DIAGRAM):   _DM_BAD = 1;
MPRINT(EM_DIAGRAM):   end;
MPRINT(EM_DIAGRAM):   end;
MPRINT(EM_DIAGRAM):   *** End Class Look-up, Standardization, Replacement ;
MPRINT(EM_DIAGRAM):   *** Omitted Cases;
MPRINT(EM_DIAGRAM):   if _dm_bad then do;
MPRINT(EM_DIAGRAM):   _SEGMENT_ = .;
MPRINT(EM_DIAGRAM):   Distance = .;
MPRINT(EM_DIAGRAM):   goto CLUS6vlex ;
MPRINT(EM_DIAGRAM):   end;
MPRINT(EM_DIAGRAM):   *** omitted;
MPRINT(EM_DIAGRAM):   *** Compute Distances and Cluster Membership;
MPRINT(EM_DIAGRAM):   label _SEGMENT_ = 'Segment Id' ;
MPRINT(EM_DIAGRAM):   label Distance = 'Distance' ;
MPRINT(EM_DIAGRAM):   array CLUS6vads [5] _temporary_;
MPRINT(EM_DIAGRAM):   drop _vqclus _vqmvar _vqnvar;
MPRINT(EM_DIAGRAM):   _vqmvar = 0;
MPRINT(EM_DIAGRAM):   do _vqclus = 1 to 5;
MPRINT(EM_DIAGRAM):   CLUS6vads [_vqclus] = 0;
MPRINT(EM_DIAGRAM):   end;
MPRINT(EM_DIAGRAM):   if not missing( T_Age ) then do;
MPRINT(EM_DIAGRAM):   CLUS6vads [1] + ( T_Age - -0.45712925695739 )**2;
MPRINT(EM_DIAGRAM):   CLUS6vads [2] + ( T_Age - 0.41751450140761 )**2;
MPRINT(EM_DIAGRAM):   CLUS6vads [3] + ( T_Age - -0.49028393063197 )**2;
MPRINT(EM_DIAGRAM):   CLUS6vads [4] + ( T_Age - -0.60903711553522 )**2;
MPRINT(EM_DIAGRAM):   CLUS6vads [5] + ( T_Age - 0.52783089930926 )**2;
MPRINT(EM_DIAGRAM):   end;
MPRINT(EM_DIAGRAM):   else _vqmvar + 1;
MPRINT(EM_DIAGRAM):   if not missing( T_BMI ) then do;
MPRINT(EM_DIAGRAM):   CLUS6vads [1] + ( T_BMI - -0.19441848721414 )**2;
MPRINT(EM_DIAGRAM):   CLUS6vads [2] + ( T_BMI - 0.41526209690833 )**2;
MPRINT(EM_DIAGRAM):   CLUS6vads [3] + ( T_BMI - -0.2841846278194 )**2;
MPRINT(EM_DIAGRAM):   CLUS6vads [4] + ( T_BMI - 0.07629403734896 )**2;
MPRINT(EM_DIAGRAM):   CLUS6vads [5] + ( T_BMI - 0.15295398221304 )**2;
MPRINT(EM_DIAGRAM):   end;
MPRINT(EM_DIAGRAM):   else _vqmvar + 1;
MPRINT(EM_DIAGRAM):   if not missing( AnyHealthcare0 ) then do;
MPRINT(EM_DIAGRAM):   CLUS6vads [1] + ( AnyHealthcare0 - 0.42193962123407 )**2;
MPRINT(EM_DIAGRAM):   CLUS6vads [2] + ( AnyHealthcare0 - -0.15922608413517 )**2;
MPRINT(EM_DIAGRAM):   CLUS6vads [3] + ( AnyHealthcare0 - -0.15931135162865 )**2;
MPRINT(EM_DIAGRAM):   CLUS6vads [4] + ( AnyHealthcare0 - 3.13849423547065 )**2;
MPRINT(EM_DIAGRAM):   CLUS6vads [5] + ( AnyHealthcare0 - -0.15931135162875 )**2;
MPRINT(EM_DIAGRAM):   end;
MPRINT(EM_DIAGRAM):   else _vqmvar + 0.5;
MPRINT(EM_DIAGRAM):   if not missing( AnyHealthcare1 ) then do;
MPRINT(EM_DIAGRAM):   CLUS6vads [1] + ( AnyHealthcare1 - -0.42193962123407 )**2;
MPRINT(EM_DIAGRAM):   CLUS6vads [2] + ( AnyHealthcare1 - 0.15922608413517 )**2;
MPRINT(EM_DIAGRAM):   CLUS6vads [3] + ( AnyHealthcare1 - 0.15931135162865 )**2;
MPRINT(EM_DIAGRAM):   CLUS6vads [4] + ( AnyHealthcare1 - -3.13849423547065 )**2;
MPRINT(EM_DIAGRAM):   CLUS6vads [5] + ( AnyHealthcare1 - 0.15931135162875 )**2;
MPRINT(EM_DIAGRAM):   end;
MPRINT(EM_DIAGRAM):   else _vqmvar + 0.49999999999999;
MPRINT(EM_DIAGRAM):   if not missing( CholCheck0 ) then do;
MPRINT(EM_DIAGRAM):   CLUS6vads [1] + ( CholCheck0 - 3.57057730835078 )**2;
MPRINT(EM_DIAGRAM):   CLUS6vads [2] + ( CholCheck0 - -0.13974492707845 )**2;
MPRINT(EM_DIAGRAM):   CLUS6vads [3] + ( CholCheck0 - -0.14003274976355 )**2;
MPRINT(EM_DIAGRAM):   CLUS6vads [4] + ( CholCheck0 - -0.1392341680229 )**2;
MPRINT(EM_DIAGRAM):   CLUS6vads [5] + ( CholCheck0 - -0.14003274976366 )**2;
MPRINT(EM_DIAGRAM):   end;
MPRINT(EM_DIAGRAM):   else _vqmvar + 0.5;
MPRINT(EM_DIAGRAM):   if not missing( CholCheck1 ) then do;
MPRINT(EM_DIAGRAM):   CLUS6vads [1] + ( CholCheck1 - -3.57057730835078 )**2;
MPRINT(EM_DIAGRAM):   CLUS6vads [2] + ( CholCheck1 - 0.13974492707845 )**2;
MPRINT(EM_DIAGRAM):   CLUS6vads [3] + ( CholCheck1 - 0.14003274976355 )**2;
MPRINT(EM_DIAGRAM):   CLUS6vads [4] + ( CholCheck1 - 0.1392341680229 )**2;
MPRINT(EM_DIAGRAM):   CLUS6vads [5] + ( CholCheck1 - 0.14003274976366 )**2;
MPRINT(EM_DIAGRAM):   end;
MPRINT(EM_DIAGRAM):   else _vqmvar + 0.49999999999999;
MPRINT(EM_DIAGRAM):   if not missing( DiffWalk0 ) then do;
MPRINT(EM_DIAGRAM):   CLUS6vads [1] + ( DiffWalk0 - 0.14123787949882 )**2;
MPRINT(EM_DIAGRAM):   CLUS6vads [2] + ( DiffWalk0 - -1.2103862632473 )**2;
MPRINT(EM_DIAGRAM):   CLUS6vads [3] + ( DiffWalk0 - 0.28380081319868 )**2;
MPRINT(EM_DIAGRAM):   CLUS6vads [4] + ( DiffWalk0 - 0.00880515508217 )**2;
MPRINT(EM_DIAGRAM):   CLUS6vads [5] + ( DiffWalk0 - 0.25982525532127 )**2;
MPRINT(EM_DIAGRAM):   end;
MPRINT(EM_DIAGRAM):   else _vqmvar + 0.5;
MPRINT(EM_DIAGRAM):   if not missing( DiffWalk1 ) then do;
MPRINT(EM_DIAGRAM):   CLUS6vads [1] + ( DiffWalk1 - -0.14123787949882 )**2;
MPRINT(EM_DIAGRAM):   CLUS6vads [2] + ( DiffWalk1 - 1.2103862632473 )**2;
MPRINT(EM_DIAGRAM):   CLUS6vads [3] + ( DiffWalk1 - -0.28380081319868 )**2;
MPRINT(EM_DIAGRAM):   CLUS6vads [4] + ( DiffWalk1 - -0.00880515508217 )**2;
MPRINT(EM_DIAGRAM):   CLUS6vads [5] + ( DiffWalk1 - -0.25982525532127 )**2;
MPRINT(EM_DIAGRAM):   end;
MPRINT(EM_DIAGRAM):   else _vqmvar + 0.5;
MPRINT(EM_DIAGRAM):   if not missing( HeartDiseaseorAttack0 ) then do;
MPRINT(EM_DIAGRAM):   CLUS6vads [1] + ( HeartDiseaseorAttack0 - 0.16013065847453 )**2;
MPRINT(EM_DIAGRAM):   CLUS6vads [2] + ( HeartDiseaseorAttack0 - -0.46806648669267 )**2;
MPRINT(EM_DIAGRAM):   CLUS6vads [3] + ( HeartDiseaseorAttack0 - 0.20148029765582 )**2;
MPRINT(EM_DIAGRAM):   CLUS6vads [4] + ( HeartDiseaseorAttack0 - 0.05044712172645 )**2;
MPRINT(EM_DIAGRAM):   CLUS6vads [5] + ( HeartDiseaseorAttack0 - -0.0330933318479 )**2;
MPRINT(EM_DIAGRAM):   end;
MPRINT(EM_DIAGRAM):   else _vqmvar + 0.5;
MPRINT(EM_DIAGRAM):   if not missing( HeartDiseaseorAttack1 ) then do;
MPRINT(EM_DIAGRAM):   CLUS6vads [1] + ( HeartDiseaseorAttack1 - -0.16013065847453 )**2;
MPRINT(EM_DIAGRAM):   CLUS6vads [2] + ( HeartDiseaseorAttack1 - 0.46806648669267 )**2;
MPRINT(EM_DIAGRAM):   CLUS6vads [3] + ( HeartDiseaseorAttack1 - -0.20148029765582 )**2;
MPRINT(EM_DIAGRAM):   CLUS6vads [4] + ( HeartDiseaseorAttack1 - -0.05044712172645 )**2;
MPRINT(EM_DIAGRAM):   CLUS6vads [5] + ( HeartDiseaseorAttack1 - 0.0330933318479 )**2;
MPRINT(EM_DIAGRAM):   end;
MPRINT(EM_DIAGRAM):   else _vqmvar + 0.5;
MPRINT(EM_DIAGRAM):   if not missing( HighBP0 ) then do;
MPRINT(EM_DIAGRAM):   CLUS6vads [1] + ( HighBP0 - 0.34842957893295 )**2;
MPRINT(EM_DIAGRAM):   CLUS6vads [2] + ( HighBP0 - -0.38222318199262 )**2;
MPRINT(EM_DIAGRAM):   CLUS6vads [3] + ( HighBP0 - 0.43037857362762 )**2;
MPRINT(EM_DIAGRAM):   CLUS6vads [4] + ( HighBP0 - 0.0886130997922 )**2;
MPRINT(EM_DIAGRAM):   CLUS6vads [5] + ( HighBP0 - -0.39286818040006 )**2;
MPRINT(EM_DIAGRAM):   end;
MPRINT(EM_DIAGRAM):   else _vqmvar + 0.49999999999999;
MPRINT(EM_DIAGRAM):   if not missing( HighBP1 ) then do;
MPRINT(EM_DIAGRAM):   CLUS6vads [1] + ( HighBP1 - -0.34842957893295 )**2;
MPRINT(EM_DIAGRAM):   CLUS6vads [2] + ( HighBP1 - 0.38222318199262 )**2;
MPRINT(EM_DIAGRAM):   CLUS6vads [3] + ( HighBP1 - -0.43037857362762 )**2;
MPRINT(EM_DIAGRAM):   CLUS6vads [4] + ( HighBP1 - -0.0886130997922 )**2;
MPRINT(EM_DIAGRAM):   CLUS6vads [5] + ( HighBP1 - 0.39286818040006 )**2;
MPRINT(EM_DIAGRAM):   end;
MPRINT(EM_DIAGRAM):   else _vqmvar + 0.5;
MPRINT(EM_DIAGRAM):   if not missing( HighChol0 ) then do;
MPRINT(EM_DIAGRAM):   CLUS6vads [1] + ( HighChol0 - 0.30807748643116 )**2;
MPRINT(EM_DIAGRAM):   CLUS6vads [2] + ( HighChol0 - -0.2762117520725 )**2;
MPRINT(EM_DIAGRAM):   CLUS6vads [3] + ( HighChol0 - 0.28633579150535 )**2;
MPRINT(EM_DIAGRAM):   CLUS6vads [4] + ( HighChol0 - 0.10697605643635 )**2;
MPRINT(EM_DIAGRAM):   CLUS6vads [5] + ( HighChol0 - -0.26463885242355 )**2;
MPRINT(EM_DIAGRAM):   end;
MPRINT(EM_DIAGRAM):   else _vqmvar + 0.49999999999999;
MPRINT(EM_DIAGRAM):   if not missing( HighChol1 ) then do;
MPRINT(EM_DIAGRAM):   CLUS6vads [1] + ( HighChol1 - -0.30807748643116 )**2;
MPRINT(EM_DIAGRAM):   CLUS6vads [2] + ( HighChol1 - 0.2762117520725 )**2;
MPRINT(EM_DIAGRAM):   CLUS6vads [3] + ( HighChol1 - -0.28633579150535 )**2;
MPRINT(EM_DIAGRAM):   CLUS6vads [4] + ( HighChol1 - -0.10697605643635 )**2;
MPRINT(EM_DIAGRAM):   CLUS6vads [5] + ( HighChol1 - 0.26463885242355 )**2;
MPRINT(EM_DIAGRAM):   end;
MPRINT(EM_DIAGRAM):   else _vqmvar + 0.49999999999999;
MPRINT(EM_DIAGRAM):   if not missing( HvyAlcoholConsump0 ) then do;
MPRINT(EM_DIAGRAM):   CLUS6vads [1] + ( HvyAlcoholConsump0 - -0.08447459076098 )**2;
MPRINT(EM_DIAGRAM):   CLUS6vads [2] + ( HvyAlcoholConsump0 - 0.06714364124992 )**2;
MPRINT(EM_DIAGRAM):   CLUS6vads [3] + ( HvyAlcoholConsump0 - -0.04539709337339 )**2;
MPRINT(EM_DIAGRAM):   CLUS6vads [4] + ( HvyAlcoholConsump0 - -0.02258627413237 )**2;
MPRINT(EM_DIAGRAM):   CLUS6vads [5] + ( HvyAlcoholConsump0 - 0.03448546962583 )**2;
MPRINT(EM_DIAGRAM):   end;
MPRINT(EM_DIAGRAM):   else _vqmvar + 0.49999999999999;
MPRINT(EM_DIAGRAM):   if not missing( HvyAlcoholConsump1 ) then do;
MPRINT(EM_DIAGRAM):   CLUS6vads [1] + ( HvyAlcoholConsump1 - 0.08447459076098 )**2;
MPRINT(EM_DIAGRAM):   CLUS6vads [2] + ( HvyAlcoholConsump1 - -0.06714364124992 )**2;
MPRINT(EM_DIAGRAM):   CLUS6vads [3] + ( HvyAlcoholConsump1 - 0.04539709337339 )**2;
MPRINT(EM_DIAGRAM):   CLUS6vads [4] + ( HvyAlcoholConsump1 - 0.02258627413237 )**2;
MPRINT(EM_DIAGRAM):   CLUS6vads [5] + ( HvyAlcoholConsump1 - -0.03448546962583 )**2;
MPRINT(EM_DIAGRAM):   end;
MPRINT(EM_DIAGRAM):   else _vqmvar + 0.49999999999999;
MPRINT(EM_DIAGRAM):   if not missing( NoDocbcCost0 ) then do;
MPRINT(EM_DIAGRAM):   CLUS6vads [1] + ( NoDocbcCost0 - -0.20717650507478 )**2;
MPRINT(EM_DIAGRAM):   CLUS6vads [2] + ( NoDocbcCost0 - -0.23344388106554 )**2;
MPRINT(EM_DIAGRAM):   CLUS6vads [3] + ( NoDocbcCost0 - 0.0984890086586 )**2;
MPRINT(EM_DIAGRAM):   CLUS6vads [4] + ( NoDocbcCost0 - -0.70331198200275 )**2;
MPRINT(EM_DIAGRAM):   CLUS6vads [5] + ( NoDocbcCost0 - 0.11054414686124 )**2;
MPRINT(EM_DIAGRAM):   end;
MPRINT(EM_DIAGRAM):   else _vqmvar + 0.49999999999999;
MPRINT(EM_DIAGRAM):   if not missing( NoDocbcCost1 ) then do;
MPRINT(EM_DIAGRAM):   CLUS6vads [1] + ( NoDocbcCost1 - 0.20717650507478 )**2;
MPRINT(EM_DIAGRAM):   CLUS6vads [2] + ( NoDocbcCost1 - 0.23344388106554 )**2;
MPRINT(EM_DIAGRAM):   CLUS6vads [3] + ( NoDocbcCost1 - -0.0984890086586 )**2;
MPRINT(EM_DIAGRAM):   CLUS6vads [4] + ( NoDocbcCost1 - 0.70331198200275 )**2;
MPRINT(EM_DIAGRAM):   CLUS6vads [5] + ( NoDocbcCost1 - -0.11054414686124 )**2;
MPRINT(EM_DIAGRAM):   end;
MPRINT(EM_DIAGRAM):   else _vqmvar + 0.49999999999999;
MPRINT(EM_DIAGRAM):   if not missing( T_Education ) then do;
MPRINT(EM_DIAGRAM):   CLUS6vads [1] + ( T_Education - -0.02803796235166 )**2;
MPRINT(EM_DIAGRAM):   CLUS6vads [2] + ( T_Education - -0.45269047807421 )**2;
MPRINT(EM_DIAGRAM):   CLUS6vads [3] + ( T_Education - 0.5145673256833 )**2;
MPRINT(EM_DIAGRAM):   CLUS6vads [4] + ( T_Education - -0.52096642104159 )**2;
MPRINT(EM_DIAGRAM):   CLUS6vads [5] + ( T_Education - -0.34226186192403 )**2;
MPRINT(EM_DIAGRAM):   end;
MPRINT(EM_DIAGRAM):   else _vqmvar + 1;
MPRINT(EM_DIAGRAM):   if not missing( T_GenHlth ) then do;
MPRINT(EM_DIAGRAM):   CLUS6vads [1] + ( T_GenHlth - -0.23750566363212 )**2;
MPRINT(EM_DIAGRAM):   CLUS6vads [2] + ( T_GenHlth - 1.09881248997726 )**2;
MPRINT(EM_DIAGRAM):   CLUS6vads [3] + ( T_GenHlth - -0.56877908810746 )**2;
MPRINT(EM_DIAGRAM):   CLUS6vads [4] + ( T_GenHlth - 0.22018682569903 )**2;
MPRINT(EM_DIAGRAM):   CLUS6vads [5] + ( T_GenHlth - 0.13995689593718 )**2;
MPRINT(EM_DIAGRAM):   end;
MPRINT(EM_DIAGRAM):   else _vqmvar + 1;
MPRINT(EM_DIAGRAM):   if not missing( T_Income ) then do;
MPRINT(EM_DIAGRAM):   CLUS6vads [1] + ( T_Income - -0.08077195773204 )**2;
MPRINT(EM_DIAGRAM):   CLUS6vads [2] + ( T_Income - -0.72994717320911 )**2;
MPRINT(EM_DIAGRAM):   CLUS6vads [3] + ( T_Income - 0.58849433437362 )**2;
MPRINT(EM_DIAGRAM):   CLUS6vads [4] + ( T_Income - -0.68391659824053 )**2;
MPRINT(EM_DIAGRAM):   CLUS6vads [5] + ( T_Income - -0.26349209286331 )**2;
MPRINT(EM_DIAGRAM):   end;
MPRINT(EM_DIAGRAM):   else _vqmvar + 1;
MPRINT(EM_DIAGRAM):   if not missing( T_MentHlth ) then do;
MPRINT(EM_DIAGRAM):   CLUS6vads [1] + ( T_MentHlth - 0.07313986673497 )**2;
MPRINT(EM_DIAGRAM):   CLUS6vads [2] + ( T_MentHlth - 0.63876489448948 )**2;
MPRINT(EM_DIAGRAM):   CLUS6vads [3] + ( T_MentHlth - -0.05721875918979 )**2;
MPRINT(EM_DIAGRAM):   CLUS6vads [4] + ( T_MentHlth - 0.21065824855542 )**2;
MPRINT(EM_DIAGRAM):   CLUS6vads [5] + ( T_MentHlth - -0.29773484286009 )**2;
MPRINT(EM_DIAGRAM):   end;
MPRINT(EM_DIAGRAM):   else _vqmvar + 1;
MPRINT(EM_DIAGRAM):   if not missing( T_PhysHlth ) then do;
MPRINT(EM_DIAGRAM):   CLUS6vads [1] + ( T_PhysHlth - -0.15097296445797 )**2;
MPRINT(EM_DIAGRAM):   CLUS6vads [2] + ( T_PhysHlth - 1.15476487611766 )**2;
MPRINT(EM_DIAGRAM):   CLUS6vads [3] + ( T_PhysHlth - -0.28380946788256 )**2;
MPRINT(EM_DIAGRAM):   CLUS6vads [4] + ( T_PhysHlth - 0.05448017923958 )**2;
MPRINT(EM_DIAGRAM):   CLUS6vads [5] + ( T_PhysHlth - -0.2375105971355 )**2;
MPRINT(EM_DIAGRAM):   end;
MPRINT(EM_DIAGRAM):   else _vqmvar + 1;
MPRINT(EM_DIAGRAM):   _vqnvar = 15 - _vqmvar;
MPRINT(EM_DIAGRAM):   if _vqnvar <= 3.9221959013957E-11 then do;
MPRINT(EM_DIAGRAM):   _SEGMENT_ = .;
MPRINT(EM_DIAGRAM):   Distance = .;
MPRINT(EM_DIAGRAM):   end;
MPRINT(EM_DIAGRAM):   else do;
MPRINT(EM_DIAGRAM):   _SEGMENT_ = 1;
MPRINT(EM_DIAGRAM):   Distance = CLUS6vads [1];
MPRINT(EM_DIAGRAM):   _vqfzdst = Distance * 0.99999999999988;
MPRINT(EM_DIAGRAM):   drop _vqfzdst;
MPRINT(EM_DIAGRAM):   do _vqclus = 2 to 5;
MPRINT(EM_DIAGRAM):   if CLUS6vads [_vqclus] < _vqfzdst then do;
MPRINT(EM_DIAGRAM):   _SEGMENT_ = _vqclus;
MPRINT(EM_DIAGRAM):   Distance = CLUS6vads [_vqclus];
MPRINT(EM_DIAGRAM):   _vqfzdst = Distance * 0.99999999999988;
MPRINT(EM_DIAGRAM):   end;
MPRINT(EM_DIAGRAM):   end;
MPRINT(EM_DIAGRAM):   Distance = sqrt(Distance * (15 / _vqnvar));
MPRINT(EM_DIAGRAM):   end;
MPRINT(EM_DIAGRAM):   CLUS6vlex :;
MPRINT(EM_DIAGRAM):   ***************************************;
MPRINT(EM_DIAGRAM):   *** End Scoring Code from PROC DMVQ ***;
MPRINT(EM_DIAGRAM):   ***************************************;
MPRINT(EM_DIAGRAM):   *------------------------------------------------------------*;
MPRINT(EM_DIAGRAM):   * Clus6: Creating Segment Label;
MPRINT(EM_DIAGRAM):   *------------------------------------------------------------*;
MPRINT(EM_DIAGRAM):   length _SEGMENT_LABEL_ $80;
MPRINT(EM_DIAGRAM):   label _SEGMENT_LABEL_= 'Segment Description';
MPRINT(EM_DIAGRAM):   if _SEGMENT_ = 1 then _SEGMENT_LABEL_="Cluster1";
MPRINT(EM_DIAGRAM):   else if _SEGMENT_ = 2 then _SEGMENT_LABEL_="Cluster2";
MPRINT(EM_DIAGRAM):   else if _SEGMENT_ = 3 then _SEGMENT_LABEL_="Cluster3";
MPRINT(EM_DIAGRAM):   else if _SEGMENT_ = 4 then _SEGMENT_LABEL_="Cluster4";
MPRINT(EM_DIAGRAM):   else if _SEGMENT_ = 5 then _SEGMENT_LABEL_="Cluster5";
MPRINT(EM_DIAGRAM):   run;
23385      run;

NOTE: DATA STEP view saved on file EMWS2.CLUS6_TRAIN.
NOTE: A stored DATA STEP view cannot run under a different operating system.
NOTE: DATA statement used (Total process time):
      real time           0.25 seconds
      cpu time            0.12 seconds
      

MPRINT(EM_DIAGRAM):   quit;
23386      quit;
23387      filename emflow;
MPRINT(EM_DIAGRAM):   filename emflow;
NOTE: Fileref EMFLOW has been deassigned.
23388      *------------------------------------------------------------*;
MPRINT(EM_DIAGRAM):    *------------------------------------------------------------*;
23389      * Clus6: Computing metadata for TRAIN data;
MPRINT(EM_DIAGRAM):   * Clus6: Computing metadata for TRAIN data;
23390      *------------------------------------------------------------*;
MPRINT(EM_DIAGRAM):   *------------------------------------------------------------*;

NOTE: View EMWS2.CLUS6_TRAIN.VIEW used (Total process time):
      real time           0.05 seconds
      cpu time            0.06 seconds
      
MPRINT(EM_DIAGRAM):    *------------------------------------------------------------*;
MPRINT(EM_DIAGRAM):   * &nodeid: Computing Metadata for TRAIN data;
MPRINT(EM_DIAGRAM):   *------------------------------------------------------------*;
MPRINT(EM_DIAGRAM):   filename _delta "\\uisnutvdiprof1a\redirected$\bkris2\Documents\ZetaProject\ZetaExploratoryAnalysis\Workspaces\EMWS2\Clus6\CDELTA_TRAIN.sas";
MPRINT(EMADVISECOLUMNS):   proc display c=sashelp.emmeta.advisecolumns.scl;
MPRINT(EMADVISECOLUMNS):   run;
MPRINT(EMADVISECOLUMNS):    options validvarname=any;
MPRINT(EMADVISECOLUMNS):   proc contents data=EMWS2.Clus6_TRAIN out=_tempAdvisor noprint;
MPRINT(EMADVISECOLUMNS):   run;
MPRINT(EMADVISECOLUMNS):   options validvarname=V7;
MPRINT(EMADVISECOLUMNS):    data _null_;
MPRINT(EMADVISECOLUMNS):   dsid = open('EMWS2.Clus6_TRAIN');
MPRINT(EMADVISECOLUMNS):   call symput('_dsidTable', strip(put(dsid, best.)));
MPRINT(EMADVISECOLUMNS):   if dsid then do;
MPRINT(EMADVISECOLUMNS):   call symput('_engineTable', attrc(dsid, 'ENGINE'));
MPRINT(EMADVISECOLUMNS):   dsid = close(dsid);
MPRINT(EMADVISECOLUMNS):   end;
MPRINT(EMADVISECOLUMNS):   run;
MPRINT(EMADVISECOLUMNS):    proc contents data=EMWS2.Clus6_TRAIN out=WORK.M14I0CVB noprint;
MPRINT(EMADVISECOLUMNS):   run;
MPRINT(EMADVISECOLUMNS):    data WORK.M14I0CVB;
MPRINT(EMADVISECOLUMNS):   length NAME $ 64 TYPE $ 1 LABEL $ 200 FORMAT $ 36 INFORMAT $36 INDEX $ 1 INDEXTYPE $ 9;
MPRINT(EMADVISECOLUMNS):   label NAME =;
MPRINT(EMADVISECOLUMNS):   set WORK.M14I0CVB(keep=name type length label format formatl formatd informat informl informd idxusage rename=(type=itype));
MPRINT(EMADVISECOLUMNS):   if itype = 1 then type = 'N';
MPRINT(EMADVISECOLUMNS):   else type = 'C';
MPRINT(EMADVISECOLUMNS):   if formatl > 0 then do;
MPRINT(EMADVISECOLUMNS):   if format ne '' then do;
MPRINT(EMADVISECOLUMNS):   if type='N' then format = strip(format)!!strip(put(formatl, best12.))!!'.'!!strip(put(formatd, best12.));
MPRINT(EMADVISECOLUMNS):   else format = strip(format)!!strip(put(formatl, best12.))!!'.';
MPRINT(EMADVISECOLUMNS):   end;
MPRINT(EMADVISECOLUMNS):   else format = strip(put(formatl, best12.))!!'.'!!strip(put(formatd, best12.));
MPRINT(EMADVISECOLUMNS):   end;
MPRINT(EMADVISECOLUMNS):   else if format ne '' then format = strip(format)!!'.';
MPRINT(EMADVISECOLUMNS):   if informl > 0 then do;
MPRINT(EMADVISECOLUMNS):   if informat ne ' ' then do;
MPRINT(EMADVISECOLUMNS):   if type='N' then informat = strip(informat)!!strip(put(informl, best12.))!!'.'!!strip(put(informd, best12.));
MPRINT(EMADVISECOLUMNS):   else informat = strip(informat)!!strip(put(informl, best12.))!!'.';
MPRINT(EMADVISECOLUMNS):   end;
MPRINT(EMADVISECOLUMNS):   else informat = strip(put(informl, best12.))!!'.'!!strip(put(informd, best12.));
MPRINT(EMADVISECOLUMNS):   end;
MPRINT(EMADVISECOLUMNS):   else if informat ne '' then informat = strip(informat)!!'.';
MPRINT(EMADVISECOLUMNS):   if idxusage = 'NONE' then index ="N";
MPRINT(EMADVISECOLUMNS):   else index = "Y";
MPRINT(EMADVISECOLUMNS):   indextype = idxusage;
MPRINT(EMADVISECOLUMNS):   drop idxusage itype formatl formatd informl informd;
MPRINT(EMADVISECOLUMNS):   run;
MPRINT(EMADVISECOLUMNS):    data WORK.M14I0CVB;
MPRINT(EMADVISECOLUMNS):   length UNAME $64;
MPRINT(EMADVISECOLUMNS):   set WORK.M14I0CVB;
MPRINT(EMADVISECOLUMNS):   UNAME = upcase(NAME);
MPRINT(EMADVISECOLUMNS):   run;
MPRINT(EMADVISECOLUMNS):    proc sort data=WORK.M182MGH1 NOTHREADS;
MPRINT(EMADVISECOLUMNS):   by UNAME;
MPRINT(EMADVISECOLUMNS):   run;
MPRINT(EMADVISECOLUMNS):    data WORK.M182MGH1;
MPRINT(EMADVISECOLUMNS):   drop UNAME;
MPRINT(EMADVISECOLUMNS):   set WORK.M182MGH1;
MPRINT(EMADVISECOLUMNS):   run;
MPRINT(EMADVISECOLUMNS):    data WORK.M1BL3GYE(keep=NAME ATTR);
MPRINT(EMADVISECOLUMNS):   length ATTR $ 20;
MPRINT(EMADVISECOLUMNS):   set WORK.M182MGH1;
MPRINT(EMADVISECOLUMNS):   if level ne "INTERVAL" then do;
MPRINT(EMADVISECOLUMNS):   if order = ' ' then do;
MPRINT(EMADVISECOLUMNS):   attr = 'ORDER';
MPRINT(EMADVISECOLUMNS):   output;
MPRINT(EMADVISECOLUMNS):   end;
MPRINT(EMADVISECOLUMNS):   end;
MPRINT(EMADVISECOLUMNS):   if format ne ' ' and formattype = ' ' then do;
MPRINT(EMADVISECOLUMNS):   attr = 'FORMATTYPE';
MPRINT(EMADVISECOLUMNS):   output;
MPRINT(EMADVISECOLUMNS):   end;
MPRINT(EMADVISECOLUMNS):   if role = ' ' then do;
MPRINT(EMADVISECOLUMNS):   attr = 'ROLE';
MPRINT(EMADVISECOLUMNS):   output;
MPRINT(EMADVISECOLUMNS):   end;
MPRINT(EMADVISECOLUMNS):   if level = ' ' then do;
MPRINT(EMADVISECOLUMNS):   attr = 'LEVEL';
MPRINT(EMADVISECOLUMNS):   output;
MPRINT(EMADVISECOLUMNS):   end;
MPRINT(EMADVISECOLUMNS):   if type = ' ' then do;
MPRINT(EMADVISECOLUMNS):   attr = 'TYPE';
MPRINT(EMADVISECOLUMNS):   output;
MPRINT(EMADVISECOLUMNS):   end;
MPRINT(EMADVISECOLUMNS):   if index = ' ' then do;
MPRINT(EMADVISECOLUMNS):   attr = 'INDEX';
MPRINT(EMADVISECOLUMNS):   output;
MPRINT(EMADVISECOLUMNS):   end;
MPRINT(EMADVISECOLUMNS):   if report = ' ' then do;
MPRINT(EMADVISECOLUMNS):   attr = 'REPORT';
MPRINT(EMADVISECOLUMNS):   output;
MPRINT(EMADVISECOLUMNS):   end;
MPRINT(EMADVISECOLUMNS):   run;
MPRINT(EMADVISECOLUMNS):   proc sort NOTHREADS;
MPRINT(EMADVISECOLUMNS):   by attr;
MPRINT(EMADVISECOLUMNS):   run;
MPRINT(EMADVISECOLUMNS):    data WORK.M182MGH1;
MPRINT(EMADVISECOLUMNS):   length NAME $64 ROLE $ 32 LEVEL $ 10 ORDER $ 8 CREATOR $32 FORMATTYPE $ 10 FAMILY $ 10 LOWERLIMIT 8 UPPERLIMIT 8 REPORT $1 DISTRIBUTION $ 20 COMMENT $64;
MPRINT(EMADVISECOLUMNS):   length levelAssigned 8 roleAssigned 8 PRICE 8;
MPRINT(EMADVISECOLUMNS):   set WORK.M182MGH1;
MPRINT(EMADVISECOLUMNS):   if formattype = ' ' then do;
MPRINT(EMADVISECOLUMNS):   if format ne ' ' then do;
MPRINT(EMADVISECOLUMNS):   if type = 'N' then do;
MPRINT(EMADVISECOLUMNS):   pos = indexc(format,'.1234567890');
MPRINT(EMADVISECOLUMNS):   if pos > 1 then tempfmt = substr(format,1, pos-1);
MPRINT(EMADVISECOLUMNS):   else tempfmt = ' ';
MPRINT(EMADVISECOLUMNS):   flen = length(tempfmt);
MPRINT(EMADVISECOLUMNS):   select;
MPRINT(EMADVISECOLUMNS):   when(tempfmt in ("DATE" "DAY" "DDMMYY" "DOWNAME" "JULDAY" "JULIAN" "MMDDYY" "MMDDYYD" "MMDDYYC" "MMDDYYN" "MMDDYYP" "MMDDYYS" "MONNAME" "MONTH" "MONYY" "NENGO" "QTR" "QTRR" "WEEKDATE" "WEEKDATX" "WEEKDAY" "WORDDATE" "WORDDATX" 
"YEAR" "YYMMDD" "YYMON" "YYMMDDC" "YYMMDDD" "YYMMDDN" "YYMMDDP" "YYMMDDS" "EURDFDE" "NJDATE" "NLDATE" "EURDFDD" "EURDFDWN" "EURDFMN" "EURDFMY" "EURDFWK" "EURDFWKX" "EURDFWDX" "EURDFDN" "EURDFDE" )) formattype = 'DATE';
MPRINT(EMADVISECOLUMNS):   when(tempfmt in ("DATETIME" "EURDFDT" "TOD" )) formattype = "DATETIME";
MPRINT(EMADVISECOLUMNS):   when(tempfmt in ("HHMM" "HOUR" "MMSS" "TIME" "TIMEAMPM" )) formattype = "TIME";
MPRINT(EMADVISECOLUMNS):   when(tempfmt in ("COMMA" "COMMAX" "DOLLAR" "DOLLARX" "E" "FRACT" "NEGPAREN" "PERCENT")) formattype="QUANTITY";
MPRINT(EMADVISECOLUMNS):   when(tempfmt in ("BINARY" "HEX" "IB" "OCTAL" "PD" "PIB" "PK" "RB" "SSN" "Z" "ZD")) formattype = "CODING";
MPRINT(EMADVISECOLUMNS):   otherwise do;
MPRINT(EMADVISECOLUMNS):   formattype = "USER";
MPRINT(EMADVISECOLUMNS):   if compress(tempfmt, '0123456789.', '') = '' then formattype='NUM';
MPRINT(EMADVISECOLUMNS):   else if substr(tempfmt, 1, 6)='NLDATE' then formattype = "DATE";
MPRINT(EMADVISECOLUMNS):   else if substr(tempfmt, 1, 6)='NLDATM' then formattype = "DATETIME";
MPRINT(EMADVISECOLUMNS):   else if substr(tempfmt, 1, 4)='NLTIM' then formattype = "TIME";
MPRINT(EMADVISECOLUMNS):   else if flen >= 4 then do;
MPRINT(EMADVISECOLUMNS):   str = substr(tempfmt,1,4);
MPRINT(EMADVISECOLUMNS):   if str in ("MMYY" "YYMM" "YYQR") then formattype ="DATE";
MPRINT(EMADVISECOLUMNS):   else if str = "S370" then formattype = "CODING";
MPRINT(EMADVISECOLUMNS):   else if str = "BEST" then formattype = "NUM";
MPRINT(EMADVISECOLUMNS):   drop str;
MPRINT(EMADVISECOLUMNS):   end;
MPRINT(EMADVISECOLUMNS):   else if flen >=3 and substr(tempfmt,1,3) = "YYQ" then formatType = "DATE";
MPRINT(EMADVISECOLUMNS):   end;
MPRINT(EMADVISECOLUMNS):   end;
MPRINT(EMADVISECOLUMNS):   drop flen tempfmt pos;
MPRINT(EMADVISECOLUMNS):   end;
MPRINT(EMADVISECOLUMNS):   else do;
MPRINT(EMADVISECOLUMNS):   formatType = "CATEGORY";
MPRINT(EMADVISECOLUMNS):   end;
MPRINT(EMADVISECOLUMNS):   end;
MPRINT(EMADVISECOLUMNS):   if formatType = "NUM" then do;
MPRINT(EMADVISECOLUMNS):   if index = "Y" then formatType = "DISCRETE";
MPRINT(EMADVISECOLUMNS):   else formatType = "QUANTITY";
MPRINT(EMADVISECOLUMNS):   end;
MPRINT(EMADVISECOLUMNS):   end;
MPRINT(EMADVISECOLUMNS):   if level = ' ' then do;
MPRINT(EMADVISECOLUMNS):   if formatType in ("CATEGORY", "CODING", "ID") or type = "C" then level = "NOMINAL";
MPRINT(EMADVISECOLUMNS):   else level = "INTERVAL";
MPRINT(EMADVISECOLUMNS):   levelAssigned = 1;
MPRINT(EMADVISECOLUMNS):   end;
MPRINT(EMADVISECOLUMNS):   else level = upcase(level);
MPRINT(EMADVISECOLUMNS):   if role = ' ' then do;
MPRINT(EMADVISECOLUMNS):   length name_prefix $8 _uname $64;
MPRINT(EMADVISECOLUMNS):   drop name_prefix _uname _freqflag;
MPRINT(EMADVISECOLUMNS):   retain _freqflag;
MPRINT(EMADVISECOLUMNS):   if LENGTH> 80 then ROLE = 'TEXT';
MPRINT(EMADVISECOLUMNS):   _uname = upcase(NAME);
MPRINT(EMADVISECOLUMNS):   select(_uname);
MPRINT(EMADVISECOLUMNS):   when('_PARTIND_') do;
MPRINT(EMADVISECOLUMNS):   ROLE = 'ID';
MPRINT(EMADVISECOLUMNS):   LEVEL = 'NOMINAL';
MPRINT(EMADVISECOLUMNS):   end;
MPRINT(EMADVISECOLUMNS):   when('_WARN_') ROLE = 'ASSESS';
MPRINT(EMADVISECOLUMNS):   when('EM_SEGMENT') do;
MPRINT(EMADVISECOLUMNS):   ROLE = 'SEGMENT';
MPRINT(EMADVISECOLUMNS):   LEVEL = 'NOMINAL';
MPRINT(EMADVISECOLUMNS):   end;
MPRINT(EMADVISECOLUMNS):   when('_NODE_') do;
MPRINT(EMADVISECOLUMNS):   ROLE = 'SEGMENT';
MPRINT(EMADVISECOLUMNS):   LEVEL = 'NOMINAL';
MPRINT(EMADVISECOLUMNS):   end;
MPRINT(EMADVISECOLUMNS):   when('EM_CLASSTARGET') ROLE = 'ASSESS';
MPRINT(EMADVISECOLUMNS):   when('EM_VALUETARGET') ROLE = 'ASSESS';
MPRINT(EMADVISECOLUMNS):   when('EM_PREDICTION') ROLE = 'PREDICT';
MPRINT(EMADVISECOLUMNS):   when('EM_PROBABILITY') ROLE = 'PREDICT';
MPRINT(EMADVISECOLUMNS):   when('EM_EVENTPROBABILITY') ROLE = 'PREDICT';
MPRINT(EMADVISECOLUMNS):   when('EM_CLASSIFICATION') ROLE = 'CLASSIFICATION';
MPRINT(EMADVISECOLUMNS):   when('EM_DECISION') ROLE = 'DECISION';
MPRINT(EMADVISECOLUMNS):   when('EM_PROFIT') ROLE = 'ASSESS';
MPRINT(EMADVISECOLUMNS):   when('EM_LOSS') ROLE = 'ASSESS';
MPRINT(EMADVISECOLUMNS):   when('EM_ROI') ROLE = 'ASSESS';
MPRINT(EMADVISECOLUMNS):   when('URI') ROLE = 'URL';
MPRINT(EMADVISECOLUMNS):   when('FILTERED') ROLE = 'TEXTLOC';
MPRINT(EMADVISECOLUMNS):   otherwise do;
MPRINT(EMADVISECOLUMNS):   if upcase(NAME) =: 'ZIP' then do;
MPRINT(EMADVISECOLUMNS):   ROLE = 'REJECTED';
MPRINT(EMADVISECOLUMNS):   LEVEL = 'NOMINAL';
MPRINT(EMADVISECOLUMNS):   COMMENT = 'Rejected by: Exceed the maximum class level of %s';
MPRINT(EMADVISECOLUMNS):   end;
MPRINT(EMADVISECOLUMNS):   else if upcase(NAME) in('FREQ', 'FREQUENCY') then do;
MPRINT(EMADVISECOLUMNS):   ROLE = 'FREQ';
MPRINT(EMADVISECOLUMNS):   if TYPE = 'C' then ROLE = 'INPUT';
MPRINT(EMADVISECOLUMNS):   else if _freqflag =1 then ROLE='REJECTED';
MPRINT(EMADVISECOLUMNS):   end;
MPRINT(EMADVISECOLUMNS):   else do;
MPRINT(EMADVISECOLUMNS):   name_prefix = scan(_uname, 1, '_');
MPRINT(EMADVISECOLUMNS):   if scan(_uname, 2, '_') = '' then name_prefix='';
MPRINT(EMADVISECOLUMNS):   if name_prefix in('F', 'I', 'U') then do;
MPRINT(EMADVISECOLUMNS):   ROLE = 'CLASSIFICATION';
MPRINT(EMADVISECOLUMNS):   LEVEL = 'NOMINAL';
MPRINT(EMADVISECOLUMNS):   end;
MPRINT(EMADVISECOLUMNS):   else if name_prefix in('Q') then ROLE = 'ASSESS';
MPRINT(EMADVISECOLUMNS):   else if name_prefix in('P', 'V') then ROLE = 'PREDICT';
MPRINT(EMADVISECOLUMNS):   else if name_prefix in('R', 'RS', 'RT', 'RD', 'RDS', 'RDT', 'RA', 'RAS', 'RAT') then ROLE = 'RESIDUAL';
MPRINT(EMADVISECOLUMNS):   else if name_prefix ='D' then do;
MPRINT(EMADVISECOLUMNS):   ROLE = 'DECISION';
MPRINT(EMADVISECOLUMNS):   LEVEL = 'NOMINAL';
MPRINT(EMADVISECOLUMNS):   end;
MPRINT(EMADVISECOLUMNS):   else if name_prefix ='B' then do;
MPRINT(EMADVISECOLUMNS):   ROLE = 'SEGMENT';
MPRINT(EMADVISECOLUMNS):   LEVEL = 'NOMINAL';
MPRINT(EMADVISECOLUMNS):   end;
MPRINT(EMADVISECOLUMNS):   else if name_prefix in('EP', 'BP', 'CP', 'EL', 'CL', 'BL', 'ROI', 'IC') then ROLE = 'ASSESS';
MPRINT(EMADVISECOLUMNS):   else do;
MPRINT(EMADVISECOLUMNS):   array _ROLE_ (19) $32 _TEMPORARY_ ('ASSESS','CLASSIFICATION','CENSOR', 'COST', 'CROSSID', 'DECISION', 'ID','INPUT', 'LABEL', 'MISSING','PREDICT','REFERRER','REJECTED', 'RESIDUAL','SEGMENT', 'SEQUENCE','TARGET', 'TEXT', 'TIMEID');
MPRINT(EMADVISECOLUMNS):   drop _found_ i;
MPRINT(EMADVISECOLUMNS):   _found_=0;
MPRINT(EMADVISECOLUMNS):   do i=1 to 19 until(_found_=1);
MPRINT(EMADVISECOLUMNS):   if index(_uname, trim(_ROLE_{i}))=1 then do;
MPRINT(EMADVISECOLUMNS):   ROLE=_ROLE_{i};
MPRINT(EMADVISECOLUMNS):   if ROLE = 'ID' then LEVEL = 'NOMINAL';
MPRINT(EMADVISECOLUMNS):   else if ROLE = 'SEGMENT' then LEVEL = 'NOMINAL';
MPRINT(EMADVISECOLUMNS):   else if ROLE = 'TIMEID' and TYPE='N' then LEVEL = 'INTERVAL';
MPRINT(EMADVISECOLUMNS):   _found_=1;
MPRINT(EMADVISECOLUMNS):   end;
MPRINT(EMADVISECOLUMNS):   end;
MPRINT(EMADVISECOLUMNS):   if length(_uname)>2 then do;
MPRINT(EMADVISECOLUMNS):   if substr(reverse(trim(_uname)), 1, 3) = 'DI_' then do;
MPRINT(EMADVISECOLUMNS):   ROLE = 'ID';
MPRINT(EMADVISECOLUMNS):   LEVEL = 'NOMINAL';
MPRINT(EMADVISECOLUMNS):   end;
MPRINT(EMADVISECOLUMNS):   end;
MPRINT(EMADVISECOLUMNS):   end;
MPRINT(EMADVISECOLUMNS):   end;
MPRINT(EMADVISECOLUMNS):   end;
MPRINT(EMADVISECOLUMNS):   end;
MPRINT(EMADVISECOLUMNS):   if ROLE='FREQ' then _freqflag=1;
MPRINT(EMADVISECOLUMNS):   else if ROLE = 'CLASSIFICATION' then LEVEL = 'NOMINAL';
MPRINT(EMADVISECOLUMNS):   if symexist('RATEMKG_ROLE') then do;
MPRINT(EMADVISECOLUMNS):   if upcase(symget('RATEMKG_ROLE')) in('Y', 'YES') then do;
MPRINT(EMADVISECOLUMNS):   if _uname =: 'POLICY' then ROLE = 'POLICYID';
MPRINT(EMADVISECOLUMNS):   else if _uname in ('PARTITION', '_PARTIND_') then ROLE = 'PARTITION';
MPRINT(EMADVISECOLUMNS):   else if type = 'N' then do;
MPRINT(EMADVISECOLUMNS):   if _uname = 'EXPOSURE' then ROLE = 'EXPOSURE';
MPRINT(EMADVISECOLUMNS):   else if _uname = 'YEAR' then ROLE = 'YEAR';
MPRINT(EMADVISECOLUMNS):   else if _uname = 'WEIGHT' then ROLE = 'WEIGHT';
MPRINT(EMADVISECOLUMNS):   else if _uname = 'OFFSET' then ROLE = 'OFFSET';
MPRINT(EMADVISECOLUMNS):   end;
MPRINT(EMADVISECOLUMNS):   end;
MPRINT(EMADVISECOLUMNS):   end;
MPRINT(EMADVISECOLUMNS):   end;
MPRINT(EMADVISECOLUMNS):   if role = ' ' then do;
MPRINT(EMADVISECOLUMNS):   if formattype in('DATE', 'DATETIME', 'TIME') then role = 'TIMEID';
MPRINT(EMADVISECOLUMNS):   else role = 'INPUT';
MPRINT(EMADVISECOLUMNS):   roleAssigned = 1;
MPRINT(EMADVISECOLUMNS):   end;
MPRINT(EMADVISECOLUMNS):   else role = upcase(role);
MPRINT(EMADVISECOLUMNS):   if REPORT = '' then REPORT = 'N';
MPRINT(EMADVISECOLUMNS):   if symexist('dmwb_product') then do;
MPRINT(EMADVISECOLUMNS):   if upcase(symget('dmwb_product')) = 'FACTORYMINER_DATASOURCE' then do;
MPRINT(EMADVISECOLUMNS):   if ROLE ^in('INPUT', 'TARGET', 'REJECTED', 'SEGMENT', 'FREQ', 'ID', 'KEY') then ROLE='REJECTED';
MPRINT(EMADVISECOLUMNS):   end;
MPRINT(EMADVISECOLUMNS):   end;
MPRINT(EMADVISECOLUMNS):   run;
MPRINT(EMADVISECOLUMNS):    data WORK.M182MGH1;
MPRINT(EMADVISECOLUMNS):   set WORK.M182MGH1;
MPRINT(EMADVISECOLUMNS):   label NAME = "Variable Name" TYPE = "Type" ROLE = "Role" LEVEL= "Measurement Level" ORDER= "Order" CREATOR= "Creator" FORMATTYPE= "Format Type" FAMILY= "Family" DISTRIBUTION= "Distribution" PRICE= "Price" LOWERLIMIT= "Lower 
limit" UPPERLIMIT= "Upper Limit" REPORT= "Report" COMMENT= "Comment" INDEX= "Index" INDEXTYPE= "IndexType" LABEL= "Label" LENGTH= "Length";
MPRINT(EMADVISECOLUMNS):   drop levelAssigned roleAssigned;
MPRINT(EMADVISECOLUMNS):   run;
MPRINT(EMADVISECOLUMNS):   
MPRINT(EM_DIAGRAM):  ;
MPRINT(EM_DIAGRAM):   proc sort data=WORK.COLUMNMETA;
MPRINT(EM_DIAGRAM):   by NAME;
MPRINT(EM_DIAGRAM):   run;
MPRINT(EM_DIAGRAM):   *------------------------------------------------------------*;
MPRINT(EM_DIAGRAM):   * &nodeid: Merge incoming metadata;
MPRINT(EM_DIAGRAM):   *------------------------------------------------------------*;
MPRINT(EM_DIAGRAM):   proc contents data=EMWS2.Smpl_DATA noprint out=_temp2(keep=NAME);
MPRINT(EM_DIAGRAM):   run;
MPRINT(EM_DIAGRAM):   proc sort data=_temp2;
MPRINT(EM_DIAGRAM):   by NAME;
MPRINT(EM_DIAGRAM):   run;
MPRINT(EM_DIAGRAM):   proc sort data=EMWS2.Smpl_CMeta_DATA out=_temp;
MPRINT(EM_DIAGRAM):   by NAME;
MPRINT(EM_DIAGRAM):   run;
MPRINT(EM_DIAGRAM):   data EMWS2.Clus6_CMeta_TRAIN;
MPRINT(EM_DIAGRAM):   merge WORK.COLUMNMETA(in=_a) _temp2(in=_b) _temp(drop=FORMAT INFORMAT LENGTH INDEX INDEXTYPE in=_c) end=_eof_;
MPRINT(EM_DIAGRAM):   by NAME;
MPRINT(EM_DIAGRAM):   if (^_a and _b) or (^_c and _a and _b) then delete;
MPRINT(EM_DIAGRAM):   if ^_b then CREATOR = "Clus6";
MPRINT(EM_DIAGRAM):   *------------------------------------------------------------*;
MPRINT(EM_DIAGRAM):   * Clus6: Apply Delta Code;
MPRINT(EM_DIAGRAM):   *------------------------------------------------------------*;
MPRINT(EM_DIAGRAM):   retain _segFlag_ 0;
MPRINT(EM_DIAGRAM):   drop _segFlag_;
MPRINT(EM_DIAGRAM):   if upcase(name) = '_SEGMENT_' then do;
MPRINT(EM_DIAGRAM):   _segFlag_ = 1;
MPRINT(EM_DIAGRAM):   role = 'SEGMENT';
MPRINT(EM_DIAGRAM):   level = 'NOMINAL';
MPRINT(EM_DIAGRAM):   label = 'Segment Variable';
MPRINT(EM_DIAGRAM):   end;
MPRINT(EM_DIAGRAM):   else if upcase(name) = '_SEGMENT_LABEL_' then do;
MPRINT(EM_DIAGRAM):   role = 'REJECTED';
MPRINT(EM_DIAGRAM):   level = 'NOMINAL';
MPRINT(EM_DIAGRAM):   label = 'Segment Description';
MPRINT(EM_DIAGRAM):   end;
MPRINT(EM_DIAGRAM):   else if upcase(NAME) = 'DISTANCE' then do;
MPRINT(EM_DIAGRAM):   role = 'REJECTED';
MPRINT(EM_DIAGRAM):   level = 'INTERVAL';
MPRINT(EM_DIAGRAM):   end;
MPRINT(EM_DIAGRAM):   else if upcase(NAME) = '_IMPUTE_' then do;
MPRINT(EM_DIAGRAM):   role = 'REJECTED';
MPRINT(EM_DIAGRAM):   level = 'INTERVAL';
MPRINT(EM_DIAGRAM):   end;
MPRINT(EM_DIAGRAM):   output;
MPRINT(EM_DIAGRAM):   if ^_segFlag_ and _eof_ then do;
MPRINT(EM_DIAGRAM):   type = 'N';
MPRINT(EM_DIAGRAM):   index = 'N';
MPRINT(EM_DIAGRAM):   indexType = 'NONE';
MPRINT(EM_DIAGRAM):   format = '';
MPRINT(EM_DIAGRAM):   informat = '';
MPRINT(EM_DIAGRAM):   name = '_SEGMENT_';
MPRINT(EM_DIAGRAM):   role = 'SEGMENT';
MPRINT(EM_DIAGRAM):   level = 'NOMINAL';
MPRINT(EM_DIAGRAM):   label = 'Segment Variable';
MPRINT(EM_DIAGRAM):   output;
MPRINT(EM_DIAGRAM):   name = '_SEGMENT_LABEL_';
MPRINT(EM_DIAGRAM):   role = 'REJECTED';
MPRINT(EM_DIAGRAM):   level = 'NOMINAL';
MPRINT(EM_DIAGRAM):   label = 'Segment Description';
MPRINT(EM_DIAGRAM):   output;
MPRINT(EM_DIAGRAM):   name = 'Distance';
MPRINT(EM_DIAGRAM):   role = 'REJECTED';
MPRINT(EM_DIAGRAM):   level = 'INTERVAL';
MPRINT(EM_DIAGRAM):   label = 'Distance to Cluster Seed';
MPRINT(EM_DIAGRAM):   output;
MPRINT(EM_DIAGRAM):   name = '_Impute_';
MPRINT(EM_DIAGRAM):   role = 'REJECTED';
MPRINT(EM_DIAGRAM):   level = 'INTERVAL';
MPRINT(EM_DIAGRAM):   label = '';
MPRINT(EM_DIAGRAM):   output;
MPRINT(EM_DIAGRAM):   end;
MPRINT(EM_DIAGRAM):   run;
MPRINT(EM_DIAGRAM):   filename _delta;
NOTE: View EMWS2.CLUS6_TRAIN.VIEW used (Total process time):
      real time           0.05 seconds
      cpu time            0.06 seconds
      
MPRINT(EM_DIAGRAM):    proc printto;
MPRINT(EM_DIAGRAM):   run;
