MPRINT(EM_DIAGRAM):    data _null_;
MPRINT(EM_DIAGRAM):   call symput('NLDATE', strip(put(date(), NLDATE.)));
MPRINT(EM_DIAGRAM):   call symput('NLTIME', strip(put(datetime(), NLTIME.)));
MPRINT(EM_DIAGRAM):   run;
MPRINT(EM_DIAGRAM):   data _null_;
MPRINT(EM_DIAGRAM):   nldate= sasmsg("sashelp.dmine", "log_date_note", 'N', "March 03, 2024" );
MPRINT(EM_DIAGRAM):   nltime= sasmsg("sashelp.dmine", "log_time_note", 'N', "20:12:35" );
MPRINT(EM_DIAGRAM):   put "*------------------------------------------------------------*";
MPRINT(EM_DIAGRAM):   put "* Training Log";
MPRINT(EM_DIAGRAM):   put nldate;
MPRINT(EM_DIAGRAM):   put nltime;
MPRINT(EM_DIAGRAM):   put "*------------------------------------------------------------*";
MPRINT(EM_DIAGRAM):   run;
*------------------------------------------------------------*
* Training Log
Date:                March 03, 2024
Time:                20:12:35
*------------------------------------------------------------*
MPRINT(EM_DIAGRAM):    filename O01FAD_E "\\uisnutvdiprof1a\redirected$\bkris2\Documents\ZetaProject\ZetaExploratoryAnalysis\Workspaces\EMWS2\Clus6\EMTRAIN.out" encoding="UTF-8" NOBOM;
MPRINT(EM_DIAGRAM):   proc printto print=O01FAD_E new;
MPRINT(EM_DIAGRAM):   run;
MPRINT(EM_DIAGRAM):    filename _LOG "\\uisnutvdiprof1a\redirected$\bkris2\Documents\ZetaProject\ZetaExploratoryAnalysis\Workspaces\EMWS2\Clus6\EMLOG.log" encoding="UTF-8" NOBOM;
MPRINT(EM_DIAGRAM):    data _null_;
MPRINT(EM_DIAGRAM):   call symput('NLDATE', strip(put(date(), NLDATE.)));
MPRINT(EM_DIAGRAM):   call symput('NLTIME', strip(put(datetime(), NLTIME.)));
MPRINT(EM_DIAGRAM):   run;
MPRINT(EM_DIAGRAM):   data _null_;
MPRINT(EM_DIAGRAM):   nldate= sasmsg("sashelp.dmine", "log_date_note", 'N', "March 03, 2024" );
MPRINT(EM_DIAGRAM):   nltime= sasmsg("sashelp.dmine", "log_time_note", 'N', "20:12:35" );
MPRINT(EM_DIAGRAM):   file _LOG;
MPRINT(EM_DIAGRAM):   put "*------------------------------------------------------------*";
MPRINT(EM_DIAGRAM):   put "User:                bkris2";
MPRINT(EM_DIAGRAM):   put nldate;
MPRINT(EM_DIAGRAM):   put nltime;
MPRINT(EM_DIAGRAM):   put "Site:                70080107";
MPRINT(EM_DIAGRAM):   put "Platform:            X64_10PRO";
MPRINT(EM_DIAGRAM):   put "Maintenance Release: 9.04.01M7P080520";
MPRINT(EM_DIAGRAM):   put "EM Version:          15.2";
MPRINT(EM_DIAGRAM):   put "* ";
MPRINT(EM_DIAGRAM):   run;
MPRINT(EM_DIAGRAM):    filename _LOGIN "\\uisnutvdiprof1a\redirected$\bkris2\Documents\ZetaProject\ZetaExploratoryAnalysis\Workspaces\EMWS2\Clus6\EMTRAIN.log" encoding="UTF-8" NOBOM;
MPRINT(EM_COPYFILE):   data _null_;
MPRINT(EM_COPYFILE):   length line $20000;
MPRINT(EM_COPYFILE):   file _LOG MOD lrecl=20000;
MPRINT(EM_COPYFILE):   fid=fopen("_LOGIN",'i',20000,'v');
MPRINT(EM_COPYFILE):   if fid > 0 then do;
MPRINT(EM_COPYFILE):   do while(^fread(fid));
MPRINT(EM_COPYFILE):   rlen = frlen(fid);
MPRINT(EM_COPYFILE):   rc= fget(fid,line,20000);
MPRINT(EM_COPYFILE):   start = length(line)-length(left(line))+1;
MPRINT(EM_COPYFILE):   line=strip(line);
MPRINT(EM_COPYFILE):   put @start line;
MPRINT(EM_COPYFILE):   end;
MPRINT(EM_COPYFILE):   if fid > 0 then rc=fclose(fid);
MPRINT(EM_COPYFILE):   end;
MPRINT(EM_COPYFILE):   run;
MPRINT(EM_DIAGRAM):  ;
MPRINT(EM_DIAGRAM):   filename _LOGIN;
MPRINT(EM_DIAGRAM):    data _null_;
MPRINT(EM_DIAGRAM):   file _LOG mod;
MPRINT(EM_DIAGRAM):   put _page_;
MPRINT(EM_DIAGRAM):   run;
MPRINT(EM_DIAGRAM):   filename _LOGIN "\\uisnutvdiprof1a\redirected$\bkris2\Documents\ZetaProject\ZetaExploratoryAnalysis\Workspaces\EMWS2\Clus6\EMSCORE.log" encoding="UTF-8" NOBOM;
MPRINT(EM_DIAGRAM):  ;
MPRINT(EM_DIAGRAM):   data _null_;
MPRINT(EM_DIAGRAM):   file _LOG mod;
MPRINT(EM_DIAGRAM):   put _page_;
MPRINT(EM_DIAGRAM):   run;
MPRINT(EM_DIAGRAM):    filename _LOGIN "\\uisnutvdiprof1a\redirected$\bkris2\Documents\ZetaProject\ZetaExploratoryAnalysis\Workspaces\EMWS2\Clus6\EMREPORT.log" encoding="UTF-8" NOBOM;
MPRINT(EM_DIAGRAM):  ;
MPRINT(EM_DIAGRAM):   filename _LOGIN;
MPRINT(EM_DIAGRAM):    filename _LOG;
MPRINT(EM_DIAGRAM):    filename _OUT "\\uisnutvdiprof1a\redirected$\bkris2\Documents\ZetaProject\ZetaExploratoryAnalysis\Workspaces\EMWS2\Clus6\EMOUTPUT.out" encoding="UTF-8" NOBOM;
MPRINT(EM_DIAGRAM):    data _null_;
MPRINT(EM_DIAGRAM):   call symput('NLDATE', strip(put(date(), NLDATE.)));
MPRINT(EM_DIAGRAM):   call symput('NLTIME', strip(put(datetime(), NLTIME.)));
MPRINT(EM_DIAGRAM):   run;
MPRINT(EM_DIAGRAM):   data _null_;
MPRINT(EM_DIAGRAM):   nldate= sasmsg("sashelp.dmine", "log_date_note", 'N', "March 03, 2024" );
MPRINT(EM_DIAGRAM):   nltime= sasmsg("sashelp.dmine", "log_time_note", 'N', "20:12:35" );
MPRINT(EM_DIAGRAM):   file _OUT;
MPRINT(EM_DIAGRAM):   put "*------------------------------------------------------------*";
MPRINT(EM_DIAGRAM):   put "User:                bkris2";
MPRINT(EM_DIAGRAM):   put nldate;
MPRINT(EM_DIAGRAM):   put nltime;
MPRINT(EM_DIAGRAM):   put "*------------------------------------------------------------*";
MPRINT(EM_DIAGRAM):   put "* Training Output";
MPRINT(EM_DIAGRAM):   put "*------------------------------------------------------------*";
MPRINT(EM_DIAGRAM):   run;
MPRINT(EM_DIAGRAM):    filename _OUTIN "\\uisnutvdiprof1a\redirected$\bkris2\Documents\ZetaProject\ZetaExploratoryAnalysis\Workspaces\EMWS2\Clus6\EMTRAIN.out" encoding="UTF-8" NOBOM;
MPRINT(EM_DIAGRAM):   ;
MPRINT(EM_COPYFILE):   data _null_;
MPRINT(EM_COPYFILE):   length line $20000;
MPRINT(EM_COPYFILE):   file _OUT MOD lrecl=20000;
MPRINT(EM_COPYFILE):   fid=fopen("_OUTIN",'i',20000,'v');
MPRINT(EM_COPYFILE):   if fid > 0 then do;
MPRINT(EM_COPYFILE):   do while(^fread(fid));
MPRINT(EM_COPYFILE):   rlen = frlen(fid);
MPRINT(EM_COPYFILE):   rc= fget(fid,line,20000);
MPRINT(EM_COPYFILE):   start = length(line)-length(left(line))+1;
MPRINT(EM_COPYFILE):   line=strip(line);
MPRINT(EM_COPYFILE):   put @start line;
MPRINT(EM_COPYFILE):   end;
MPRINT(EM_COPYFILE):   if fid > 0 then rc=fclose(fid);
MPRINT(EM_COPYFILE):   end;
MPRINT(EM_COPYFILE):   run;
MPRINT(EM_DIAGRAM):  ;
MPRINT(EM_DIAGRAM):   filename _OUTIN;
MPRINT(EM_DIAGRAM):    data _null_;
MPRINT(EM_DIAGRAM):   file _OUT mod;
MPRINT(EM_DIAGRAM):   put _page_;
MPRINT(EM_DIAGRAM):   put // "*------------------------------------------------------------*";
MPRINT(EM_DIAGRAM):   put "* Score Output";
MPRINT(EM_DIAGRAM):   put "*------------------------------------------------------------*";
MPRINT(EM_DIAGRAM):   run;
MPRINT(EM_DIAGRAM):    filename _OUTIN "\\uisnutvdiprof1a\redirected$\bkris2\Documents\ZetaProject\ZetaExploratoryAnalysis\Workspaces\EMWS2\Clus6\EMSCORE.out" encoding="UTF-8" NOBOM;
MPRINT(EM_DIAGRAM):  ;
MPRINT(EM_DIAGRAM):   filename _OUTIN;
MPRINT(EM_DIAGRAM):    data _null_;
MPRINT(EM_DIAGRAM):   file _OUT mod;
MPRINT(EM_DIAGRAM):   put _page_;
MPRINT(EM_DIAGRAM):   put // "*------------------------------------------------------------*";
MPRINT(EM_DIAGRAM):   put "* Report Output";
MPRINT(EM_DIAGRAM):   put "*------------------------------------------------------------*";
MPRINT(EM_DIAGRAM):   run;
MPRINT(EM_DIAGRAM):    filename _OUTIN "\\uisnutvdiprof1a\redirected$\bkris2\Documents\ZetaProject\ZetaExploratoryAnalysis\Workspaces\EMWS2\Clus6\EMREPORT.out" encoding="UTF-8" NOBOM;
MPRINT(EM_DIAGRAM):  ;
MPRINT(EM_DIAGRAM):   filename _OUTIN;
MPRINT(EM_DIAGRAM):    filename _OUT;
MPRINT(EM_DIAGRAM):    filename _emtool_ '\\uisnutvdiprof1a\redirected$\bkris2\Documents\ZetaProject\ZetaExploratoryAnalysis\Workspaces\EMWS2\Clus6\EMRUNSTATUS.xml' encoding="UTF-8" NOBOM;
22199      proc freq data=EMWS2.Clus6_VariableSet noprint;
MPRINT(EM_DIAGRAM):    proc freq data=EMWS2.Clus6_VariableSet noprint;
22200      table ROLE*LEVEL/out=WORK.Clus6META;
MPRINT(EM_DIAGRAM):   table ROLE*LEVEL/out=WORK.Clus6META;
22201      run;
MPRINT(EM_DIAGRAM):   run;

NOTE: There were 23 observations read from the data set EMWS2.CLUS6_VARIABLESET.
NOTE: The data set WORK.CLUS6META has 6 observations and 4 variables.
NOTE: PROCEDURE FREQ used (Total process time):
      real time           0.21 seconds
      cpu time            0.10 seconds
      

22202      proc print data=WORK.Clus6META label noobs;
MPRINT(EM_DIAGRAM):   proc print data=WORK.Clus6META label noobs;
22203      var ROLE LEVEL COUNT;
MPRINT(EM_DIAGRAM):   var ROLE LEVEL COUNT;
22204      label ROLE = "%sysfunc(sasmsg(sashelp.dmine, meta_role_vlabel, NOQUOTE))" LEVEL = "%sysfunc(sasmsg(sashelp.dmine, meta_level_vlabel, NOQUOTE))" COUNT = "%sysfunc(sasmsg(sashelp.dmine, rpt_count_vlabel, NOQUOTE))";
MPRINT(EM_DIAGRAM):   label ROLE = "Role" LEVEL = "Measurement Level" COUNT = "Frequency Count";
22205      title9 ' ';
MPRINT(EM_DIAGRAM):   title9 ' ';
22206      title10 "%sysfunc(sasmsg(sashelp.dmine, rpt_varSummary_title  , NOQUOTE))";
MPRINT(EM_DIAGRAM):   title10 "Variable Summary";
MPRINT(EM_DIAGRAM):   run;
22207      run;

NOTE: There were 6 observations read from the data set WORK.CLUS6META.
NOTE: The PROCEDURE PRINT printed page 1.
NOTE: PROCEDURE PRINT used (Total process time):
      real time           0.04 seconds
      cpu time            0.04 seconds
      

22208      title10;
MPRINT(EM_DIAGRAM):   title10;
22209      data WORK.M3FQ646R;
MPRINT(EM_DIAGRAM):    data WORK.M3FQ646R;
22210      set WORK.M3FQ646R;
MPRINT(EM_DIAGRAM):   set WORK.M3FQ646R;
22211      if role eq 'REJECTED' then role = 'INPUT';
MPRINT(EM_DIAGRAM):   if role eq 'REJECTED' then role = 'INPUT';
22212      run;
MPRINT(EM_DIAGRAM):   run;

NOTE: There were 15 observations read from the data set WORK.M3FQ646R.
NOTE: The data set WORK.M3FQ646R has 15 observations and 21 variables.
NOTE: DATA statement used (Total process time):
      real time           0.02 seconds
      cpu time            0.03 seconds
      

MPRINT(EM_DIAGRAM):    *------------------------------------------------------------*;
MPRINT(EM_DIAGRAM):   * Clus6: Preparing metadata for training;
MPRINT(EM_DIAGRAM):   ;
MPRINT(EM_DIAGRAM):   *------------------------------------------------------------*;
MPRINT(EM_DIAGRAM):   data WORK.M3FQ646R;
MPRINT(EM_DIAGRAM):   set WORK.M3FQ646R;
MPRINT(EM_DIAGRAM):   if role eq 'REJECTED' then role = 'INPUT';
MPRINT(EM_DIAGRAM):   run;
22221      *------------------------------------------------------------*;
MPRINT(EM_DIAGRAM):    *------------------------------------------------------------*;
22222      * Clus6: Preliminary Clustering;
MPRINT(EM_DIAGRAM):   * Clus6: Preliminary Clustering;
22223      *------------------------------------------------------------*;
MPRINT(EM_DIAGRAM):   *------------------------------------------------------------*;
22224      *------------------------------------------------------------* ;
MPRINT(EM_DIAGRAM):   *------------------------------------------------------------* ;
22225      * Clus6: DMDBClass Macro ;
MPRINT(EM_DIAGRAM):   * Clus6: DMDBClass Macro ;
22226      *------------------------------------------------------------* ;
MPRINT(EM_DIAGRAM):   *------------------------------------------------------------* ;
22227      %macro DMDBClass;
22228          AnyHealthcare(ASC) CholCheck(ASC) DiffWalk(ASC) Education(ASC) GenHlth(ASC)
22229         HeartDiseaseorAttack(ASC) HighBP(ASC) HighChol(ASC) HvyAlcoholConsump(ASC)
22230         Income(ASC) MentHlth(ASC) NoDocbcCost(ASC) PhysHlth(ASC)
22231      %mend DMDBClass;
22232      *------------------------------------------------------------* ;
MPRINT(EM_DIAGRAM):   *------------------------------------------------------------* ;
22233      * Clus6: DMDBVar Macro ;
MPRINT(EM_DIAGRAM):   * Clus6: DMDBVar Macro ;
22234      *------------------------------------------------------------* ;
MPRINT(EM_DIAGRAM):   *------------------------------------------------------------* ;
22235      %macro DMDBVar;
22236          Age BMI
22237      %mend DMDBVar;
22238      *------------------------------------------------------------*;
MPRINT(EM_DIAGRAM):   *------------------------------------------------------------*;
22239      * Clus6: Create DMDB;
MPRINT(EM_DIAGRAM):   * Clus6: Create DMDB;
22240      *------------------------------------------------------------*;
MPRINT(EM_DIAGRAM):   *------------------------------------------------------------*;
22241      proc dmdb batch data=EMWS2.Smpl_DATA
22242      dmdbcat=WORK.Clus6_DMDB
22243      maxlevel = 513
22244      out=WORK.Clus6_DMDB
22245      ;
MPRINT(EM_DIAGRAM):   proc dmdb batch data=EMWS2.Smpl_DATA dmdbcat=WORK.Clus6_DMDB maxlevel = 513 out=WORK.Clus6_DMDB ;
MPRINT(EM_DIAGRAM):   class
22246      class %DMDBClass;
MPRINT(DMDBCLASS):   AnyHealthcare(ASC) CholCheck(ASC) DiffWalk(ASC) Education(ASC) GenHlth(ASC) HeartDiseaseorAttack(ASC) HighBP(ASC) HighChol(ASC) HvyAlcoholConsump(ASC) Income(ASC) MentHlth(ASC) NoDocbcCost(ASC) PhysHlth(ASC)
MPRINT(EM_DIAGRAM):  ;
MPRINT(EM_DIAGRAM):   var
22247      var %DMDBVar;
MPRINT(DMDBVAR):   Age BMI
MPRINT(EM_DIAGRAM):  ;
22248      run;
MPRINT(EM_DIAGRAM):   run;

NOTE: Records processed = 100000   Memory used = 511K.
NOTE: Records processed = 200000   Memory used = 511K.
NOTE: Records processed = 223088   Memory used = 511K.
NOTE: There were 223088 observations read from the data set EMWS2.SMPL_DATA.
NOTE: The data set WORK.CLUS6_DMDB has 223088 observations and 15 variables.
NOTE: PROCEDURE DMDB used (Total process time):
      real time           0.75 seconds
      cpu time            0.67 seconds
      

MPRINT(EM_DIAGRAM):   quit;
MPRINT(EM_DIAGRAM):   *--- end code ---*;
22249      quit;
22250      *--- end code ---*;

22251      *------------------------------------------------------------* ;
MPRINT(EM_DIAGRAM):    *------------------------------------------------------------* ;
22252      * Clus6: Interval Inputs Macro ;
MPRINT(EM_DIAGRAM):   * Clus6: Interval Inputs Macro ;
22253      *------------------------------------------------------------* ;
MPRINT(EM_DIAGRAM):   *------------------------------------------------------------* ;
22254      %macro DMVQINTERVAL;
22255          Age BMI
22256      %mend DMVQINTERVAL;
22257      *------------------------------------------------------------* ;
MPRINT(EM_DIAGRAM):   *------------------------------------------------------------* ;
22258      * Clus6: Nominal Inputs Macro ;
MPRINT(EM_DIAGRAM):   * Clus6: Nominal Inputs Macro ;
22259      *------------------------------------------------------------* ;
MPRINT(EM_DIAGRAM):   *------------------------------------------------------------* ;
22260      %macro DMVQNOMINAL;
22261          AnyHealthcare CholCheck DiffWalk HeartDiseaseorAttack HighBP HighChol
22262         HvyAlcoholConsump NoDocbcCost
22263      %mend DMVQNOMINAL;
22264      *------------------------------------------------------------* ;
MPRINT(EM_DIAGRAM):   *------------------------------------------------------------* ;
22265      * Clus6: Ordinal Inputs Macro ;
MPRINT(EM_DIAGRAM):   * Clus6: Ordinal Inputs Macro ;
22266      *------------------------------------------------------------* ;
MPRINT(EM_DIAGRAM):   *------------------------------------------------------------* ;
22267      %macro DMVQORDINAL;
22268          Education GenHlth Income MentHlth PhysHlth
22269      %mend DMVQORDINAL;
22270      *------------------------------------------------------------*;
MPRINT(EM_DIAGRAM):   *------------------------------------------------------------*;
22271      * Clus6: Run DMVQ procedure;
MPRINT(EM_DIAGRAM):   * Clus6: Run DMVQ procedure;
22272      *------------------------------------------------------------*;
MPRINT(EM_DIAGRAM):   *------------------------------------------------------------*;
22273      title;
MPRINT(EM_DIAGRAM):   title;
22274      options nodate;
MPRINT(EM_DIAGRAM):   options nodate;
22275      proc dmvq data=WORK.Clus6_DMDB dmdbcat=WORK.Clus6_DMDB std=STD nominal=GLM ordinal=RANK
22276      ;
MPRINT(EM_DIAGRAM):   proc dmvq data=WORK.Clus6_DMDB dmdbcat=WORK.Clus6_DMDB std=STD nominal=GLM ordinal=RANK ;
NOTE: The training set WORK.CLUS6_DMDB.DATA has 15 variable(s).
NOTE: The DMVQ statement has finished with return code=0 and status=begin.
MPRINT(EM_DIAGRAM):   input
22277      input %DMVQINTERVAL / level=interval;
MPRINT(DMVQINTERVAL):   Age BMI
MPRINT(EM_DIAGRAM):   / level=interval;
NOTE: 2 input variable(s) defined for ID=I1.
NOTE: The INPUT statement has finished with return code=0 and status=variables.
MPRINT(EM_DIAGRAM):   input
22278      input %DMVQNOMINAL / level=nominal;
MPRINT(DMVQNOMINAL):   AnyHealthcare CholCheck DiffWalk HeartDiseaseorAttack HighBP HighChol HvyAlcoholConsump NoDocbcCost
MPRINT(EM_DIAGRAM):   / level=nominal;
NOTE: 8 input variable(s) defined for ID=I2.
NOTE: The INPUT statement has finished with return code=0 and status=variables.
MPRINT(EM_DIAGRAM):   input
22279      input %DMVQORDINAL / level=ordinal;
MPRINT(DMVQORDINAL):   Education GenHlth Income MentHlth PhysHlth
MPRINT(EM_DIAGRAM):   / level=ordinal;
NOTE: 5 input variable(s) defined for ID=I3.
NOTE: The INPUT statement has finished with return code=0 and status=variables.
22280      VQ maxc = 50 clusname=_SEGMENT_ CLUSLABEL="Segment Id" DISTLABEL="Distance";
MPRINT(EM_DIAGRAM):   VQ maxc = 50 clusname=_SEGMENT_ CLUSLABEL="Segment Id" DISTLABEL="Distance";
NOTE: A maximum of 50 clusters have been requested.
NOTE: The VQ statement has finished with return code=0 and status=architecture.
22281      MAKE outvar=EMWS2.Clus6_OUTVAR;
MPRINT(EM_DIAGRAM):   MAKE outvar=EMWS2.Clus6_OUTVAR;

NOTE: 15 input variable(s).
NOTE: Number of cases=223088
NOTE: Sum of frequencies=223088
NOTE: Sum of weights=223088
NOTE: VARDEF=DF      
NOTE: Maximum number of categories=31
NOTE: The total number of variables is 15 with dimensionality 23.
NOTE: 15 variables will be used for clustering.
NOTE: Open output data set EMWS2.CLUS6_OUTVAR.DATA with 24 variables.
NOTE: The data set EMWS2.CLUS6_OUTVAR has 4 observations and 24 variables.
NOTE: The MAKE statement has finished with return code=0 and status=made.
22282      INITIAL radius=0
22283      ;
MPRINT(EM_DIAGRAM):   INITIAL radius=0 ;
NOTE: 50 seeds were selected from data set WORK.CLUS6_DMDB.DATA using the SEPARATE algorithm.
NOTE: The INITIAL statement has finished with return code=0 and status=initialized.
22284      TRAIN tech=FORGY
22285      ;
MPRINT(EM_DIAGRAM):   TRAIN tech=FORGY ;
WARNING: The limit of 10 iterations was reached without convergence.
NOTE: The TRAIN statement has finished with return code=0 and status=trained.
22286      SAVE outstat=WORK.Clus6_OUTSTAT outmean=EMWS2.Clus6_OUTMEAN;
MPRINT(EM_DIAGRAM):   SAVE outstat=WORK.Clus6_OUTSTAT outmean=EMWS2.Clus6_OUTMEAN;
NOTE: The data set WORK.CLUS6_OUTSTAT has 316 observations and 26 variables.
NOTE: The data set EMWS2.CLUS6_OUTMEAN has 50 observations and 32 variables.
NOTE: The SAVE statement has finished with return code=0 and status=statistics.
22287      code file="\\uisnutvdiprof1a\redirected$\bkris2\Documents\ZetaProject\ZetaExploratoryAnalysis\Workspaces\EMWS2\Clus6\DMVQSCORECODE.sas"
22288      group=Clus6
22289      ;
MPRINT(EM_DIAGRAM):   code file="\\uisnutvdiprof1a\redirected$\bkris2\Documents\ZetaProject\ZetaExploratoryAnalysis\Workspaces\EMWS2\Clus6\DMVQSCORECODE.sas" group=Clus6 ;
NOTE: External file \\uisnutvdiprof1a\redirected$\bkris2\Documents\ZetaProject\ZetaExploratoryAnalysis\Workspaces\EMWS2\Clus6\DMVQSCORECODE.sas opened.
NOTE: The CODE statement has finished with return code=0 and status=statistics.
22290      run;
MPRINT(EM_DIAGRAM):   run;

22291      quit;
MPRINT(EM_DIAGRAM):   quit;

NOTE: There were 223088 observations read from the data set WORK.CLUS6_DMDB.
NOTE: PROCEDURE DMVQ used (Total process time):
      real time           6.08 seconds
      cpu time            5.79 seconds
      

22292      proc transpose data=EMWS2.Clus6_OUTVAR out=WORK.Clus6_OUTVAR(where=(COL1 ^in('IMPUTED','OMITTED')));
MPRINT(EM_DIAGRAM):    proc transpose data=EMWS2.Clus6_OUTVAR out=WORK.Clus6_OUTVAR(where=(COL1 ^in('IMPUTED','OMITTED')));
22293      var Age--T_PhysHlth;
MPRINT(EM_DIAGRAM):   var Age--T_PhysHlth;
22294      where _TYPE_ in('TYPE' 'VARIABLE');
MPRINT(EM_DIAGRAM):   where _TYPE_ in('TYPE' 'VARIABLE');
22295      run;
MPRINT(EM_DIAGRAM):   run;

NOTE: There were 2 observations read from the data set EMWS2.CLUS6_OUTVAR.
      WHERE _TYPE_ in ('TYPE', 'VARIABLE');
NOTE: The data set WORK.CLUS6_OUTVAR has 23 observations and 4 variables.
NOTE: PROCEDURE TRANSPOSE used (Total process time):
      real time           0.07 seconds
      cpu time            0.06 seconds
      

22296      *------------------------------------------------------------* ;
MPRINT(EM_DIAGRAM):    *------------------------------------------------------------* ;
22297      * Clus6: DMVQ Variables;
MPRINT(EM_DIAGRAM):   * Clus6: DMVQ Variables;
22298      *------------------------------------------------------------* ;
MPRINT(EM_DIAGRAM):   *------------------------------------------------------------* ;
22299      %macro dmvqvars;
22300          Age BMI AnyHealthcare0 AnyHealthcare1 CholCheck0 CholCheck1 DiffWalk0
22301         DiffWalk1 HeartDiseaseorAttack0 HeartDiseaseorAttack1 HighBP0 HighBP1 HighChol0
22302         HighChol1 HvyAlcoholConsump0 HvyAlcoholConsump1 NoDocbcCost0 NoDocbcCost1
22303         T_Education T_GenHlth T_Income T_MentHlth T_PhysHlth
22304      %mend ;
22305      
22306      

22307      *------------------------------------------------------------*;
MPRINT(EM_DIAGRAM):    *------------------------------------------------------------*;
22308      * Clus6: Determining the number of clusters;
MPRINT(EM_DIAGRAM):   * Clus6: Determining the number of clusters;
22309      *------------------------------------------------------------*;
MPRINT(EM_DIAGRAM):   *------------------------------------------------------------*;
22310      proc cluster data=EMWS2.Clus6_OUTMEAN method=AVERAGE pseudo outtree=EMWS2.Clus6_CLUSSEED
WARNING: The SAS/STAT product with which CLUSTER is associated will be expiring soon, and is currently in warning mode to indicate this upcoming expiration. Please run PROC SETINIT to obtain more information on your warning period.
22311      ;
MPRINT(EM_DIAGRAM):   proc cluster data=EMWS2.Clus6_OUTMEAN method=AVERAGE pseudo outtree=EMWS2.Clus6_CLUSSEED ;
MPRINT(EM_DIAGRAM):   var
22312      var %dmvqvars;
MPRINT(DMVQVARS):   Age BMI AnyHealthcare0 AnyHealthcare1 CholCheck0 CholCheck1 DiffWalk0 DiffWalk1 HeartDiseaseorAttack0 HeartDiseaseorAttack1 HighBP0 HighBP1 HighChol0 HighChol1 HvyAlcoholConsump0 HvyAlcoholConsump1 NoDocbcCost0 NoDocbcCost1 T_Education 
T_GenHlth T_Income T_MentHlth T_PhysHlth
MPRINT(EM_DIAGRAM):  ;
22313      copy _SEGMENT_;
MPRINT(EM_DIAGRAM):   copy _SEGMENT_;
22314      run;
MPRINT(EM_DIAGRAM):   run;

NOTE: The data set EMWS2.CLUS6_CLUSSEED has 99 observations and 40 variables.
NOTE: The PROCEDURE CLUSTER printed page 2.
NOTE: PROCEDURE CLUSTER used (Total process time):
      real time           0.13 seconds
      cpu time            0.04 seconds
      

MPRINT(EM_DIAGRAM):   quit;
22315      quit;
22316      proc sort data =EMWS2.Clus6_CLUSSEED out=WORK._SEED_;
MPRINT(EM_DIAGRAM):   proc sort data =EMWS2.Clus6_CLUSSEED out=WORK._SEED_;
22317      by _ncl_;
MPRINT(EM_DIAGRAM):   by _ncl_;
22318      where (_ccc_ > -99999.0);
MPRINT(EM_DIAGRAM):   where (_ccc_ > -99999.0);
22319      run;
MPRINT(EM_DIAGRAM):   run;

NOTE: There were 49 observations read from the data set EMWS2.CLUS6_CLUSSEED.
      WHERE _ccc_>-99999;
NOTE: The data set WORK._SEED_ has 49 observations and 40 variables.
NOTE: PROCEDURE SORT used (Total process time):
      real time           0.02 seconds
      cpu time            0.03 seconds
      

22320      data WORK._SEED2_;
MPRINT(EM_DIAGRAM):   data WORK._SEED2_;
22321      retain oJump occc oncl;
MPRINT(EM_DIAGRAM):   retain oJump occc oncl;
22322      set WORK._SEED_;
MPRINT(EM_DIAGRAM):   set WORK._SEED_;
22323      _lccc_=lag(_ccc_);
MPRINT(EM_DIAGRAM):   _lccc_=lag(_ccc_);
22324      if _lccc_ > . then jump = _ccc_ - _lccc_;
MPRINT(EM_DIAGRAM):   if _lccc_ > . then jump = _ccc_ - _lccc_;
22325      if jump<0 and ojump>0 then do;
MPRINT(EM_DIAGRAM):   if jump<0 and ojump>0 then do;
22326      * Have a local Max;
MPRINT(EM_DIAGRAM):   * Have a local Max;
22327      numclus = oncl;
MPRINT(EM_DIAGRAM):   numclus = oncl;
22328      cccvalue = occc;
MPRINT(EM_DIAGRAM):   cccvalue = occc;
22329      output;
MPRINT(EM_DIAGRAM):   output;
22330      end;
MPRINT(EM_DIAGRAM):   end;
22331      ojump = jump;
MPRINT(EM_DIAGRAM):   ojump = jump;
22332      occc = _ccc_;
MPRINT(EM_DIAGRAM):   occc = _ccc_;
22333      oncl = _ncl_;
MPRINT(EM_DIAGRAM):   oncl = _ncl_;
22334      run;
MPRINT(EM_DIAGRAM):   run;

NOTE: There were 49 observations read from the data set WORK._SEED_.
NOTE: The data set WORK._SEED2_ has 10 observations and 47 variables.
NOTE: DATA statement used (Total process time):
      real time           0.03 seconds
      cpu time            0.03 seconds
      

22335      proc print data=WORK._SEED2_ label;
MPRINT(EM_DIAGRAM):   proc print data=WORK._SEED2_ label;
22336      var numclus cccvalue;
MPRINT(EM_DIAGRAM):   var numclus cccvalue;
22337      label numclus="%sysfunc(sasmsg(sashelp.dmine, rpt_numclus_vlabel ,  NOQUOTE))";
MPRINT(EM_DIAGRAM):   label numclus= "Number of Clusters";
22338      label cccvalue="%sysfunc(sasmsg(sashelp.dmine, rpt_ccc_vlabel ,     NOQUOTE))";
MPRINT(EM_DIAGRAM):   label cccvalue= "Clustering Cubic Criterion";
22339      title10 "%sysfunc(sasmsg(sashelp.dmine, rpt_OptClus_title, NOQUOTE))";
MPRINT(EM_DIAGRAM):   title10 "Candidates for Optimum Number of Clusters";
MPRINT(EM_DIAGRAM):   run;
22340      run;

NOTE: There were 10 observations read from the data set WORK._SEED2_.
NOTE: The PROCEDURE PRINT printed page 3.
NOTE: PROCEDURE PRINT used (Total process time):
      real time           0.01 seconds
      cpu time            0.01 seconds
      

22341      title10;
MPRINT(EM_DIAGRAM):   title10;
22342      data WORK._SEED2_;
MPRINT(EM_DIAGRAM):    data WORK._SEED2_;
22343      length msg $200;
MPRINT(EM_DIAGRAM):   length msg $200;
22344      set WORK._SEED2_ end=eof;
MPRINT(EM_DIAGRAM):   set WORK._SEED2_ end=eof;
22345      retain select cccSelect 0 numSel;
MPRINT(EM_DIAGRAM):   retain select cccSelect 0 numSel;
22346      if _N_=1 then numSel = numClus;
MPRINT(EM_DIAGRAM):   if _N_=1 then numSel = numClus;
22347      if cccvalue>=3 then do;
MPRINT(EM_DIAGRAM):   if cccvalue>=3 then do;
22348      if 20>= numclus >= 2 and cccSelect<1 then do;
MPRINT(EM_DIAGRAM):   if 20>= numclus >= 2 and cccSelect<1 then do;
22349      cccSelect = 1;
MPRINT(EM_DIAGRAM):   cccSelect = 1;
22350      select =1;
MPRINT(EM_DIAGRAM):   select =1;
22351      numSel = numClus;
MPRINT(EM_DIAGRAM):   numSel = numClus;
22352      end;
MPRINT(EM_DIAGRAM):   end;
22353      end;
MPRINT(EM_DIAGRAM):   end;
22354      else if 20>= numclus >= 2 and select<1 then do;
MPRINT(EM_DIAGRAM):   else if 20>= numclus >= 2 and select<1 then do;
22355      select = 1;
MPRINT(EM_DIAGRAM):   select = 1;
22356      numSel = numClus;
MPRINT(EM_DIAGRAM):   numSel = numClus;
22357      end;
MPRINT(EM_DIAGRAM):   end;
22358      if eof then do;
MPRINT(EM_DIAGRAM):   if eof then do;
22359      if ^(select=1 and cccselect=1) then do;
MPRINT(EM_DIAGRAM):   if ^(select=1 and cccselect=1) then do;
22360      put "*------------------------------------------------------------*";
MPRINT(EM_DIAGRAM):   put "*------------------------------------------------------------*";
22361      put '*;';
MPRINT(EM_DIAGRAM):   put '*;';
22362      put "WARNING: The number of clusters selected based on the CCC values may not be valid.  Please refer to the documentation on the Cubic Clustering Criterion.";
MPRINT(EM_DIAGRAM):   put "WARNING: The number of clusters selected based on the CCC values may not be valid.  Please refer to the documentation on the Cubic Clustering Criterion.";
22363      put '*;';
MPRINT(EM_DIAGRAM):   put '*;';
22364      put "*------------------------------------------------------------*";
MPRINT(EM_DIAGRAM):   put "*------------------------------------------------------------*";
22365      end;
MPRINT(EM_DIAGRAM):   end;
22366      if select<1 then do;
MPRINT(EM_DIAGRAM):   if select<1 then do;
22367      msg = sasmsg('sashelp.dmine', 'rpt_noCCCclusternum_note', 'NOQUOTE');
MPRINT(EM_DIAGRAM):   msg = sasmsg('sashelp.dmine', 'rpt_noCCCclusternum_note', 'NOQUOTE');
22368      put msg;
MPRINT(EM_DIAGRAM):   put msg;
22369      end;
MPRINT(EM_DIAGRAM):   end;
22370      if cccselect<1 then do;
MPRINT(EM_DIAGRAM):   if cccselect<1 then do;
22371      msg = sasmsg('sashelp.dmine', 'rpt_noValidclusterNum_note', 'NOQUOTE');
MPRINT(EM_DIAGRAM):   msg = sasmsg('sashelp.dmine', 'rpt_noValidclusterNum_note', 'NOQUOTE');
22372      put msg;
MPRINT(EM_DIAGRAM):   put msg;
22373      end;
MPRINT(EM_DIAGRAM):   end;
22374      call symput('em_maxC', strip(put(numSel,best.)));
MPRINT(EM_DIAGRAM):   call symput('em_maxC', strip(put(numSel,best.)));
22375      end;
MPRINT(EM_DIAGRAM):   end;
22376      run;
MPRINT(EM_DIAGRAM):   run;

NOTE: There were 10 observations read from the data set WORK._SEED2_.
NOTE: The data set WORK._SEED2_ has 10 observations and 51 variables.
NOTE: DATA statement used (Total process time):
      real time           0.02 seconds
      cpu time            0.03 seconds
      

22377      *------------------------------------------------------------*;
MPRINT(EM_DIAGRAM):    *------------------------------------------------------------*;
22378      * Clus6: Training;
MPRINT(EM_DIAGRAM):   * Clus6: Training;
22379      *------------------------------------------------------------*;
MPRINT(EM_DIAGRAM):   *------------------------------------------------------------*;
22380      *------------------------------------------------------------*;
MPRINT(EM_DIAGRAM):   *------------------------------------------------------------*;
22381      * Clus6: Run DMVQ procedure;
MPRINT(EM_DIAGRAM):   * Clus6: Run DMVQ procedure;
22382      *------------------------------------------------------------*;
MPRINT(EM_DIAGRAM):   *------------------------------------------------------------*;
22383      title;
MPRINT(EM_DIAGRAM):   title;
22384      options nodate;
MPRINT(EM_DIAGRAM):   options nodate;
22385      proc dmvq data=WORK.Clus6_DMDB dmdbcat=WORK.Clus6_DMDB std=STD nominal=GLM ordinal=RANK
22386      ;
MPRINT(EM_DIAGRAM):   proc dmvq data=WORK.Clus6_DMDB dmdbcat=WORK.Clus6_DMDB std=STD nominal=GLM ordinal=RANK ;
NOTE: The training set WORK.CLUS6_DMDB.DATA has 15 variable(s).
NOTE: The DMVQ statement has finished with return code=0 and status=begin.
MPRINT(EM_DIAGRAM):   input
22387      input %DMVQINTERVAL / level=interval;
MPRINT(DMVQINTERVAL):   Age BMI
MPRINT(EM_DIAGRAM):   / level=interval;
NOTE: 2 input variable(s) defined for ID=I1.
NOTE: The INPUT statement has finished with return code=0 and status=variables.
MPRINT(EM_DIAGRAM):   input
22388      input %DMVQNOMINAL / level=nominal;
MPRINT(DMVQNOMINAL):   AnyHealthcare CholCheck DiffWalk HeartDiseaseorAttack HighBP HighChol HvyAlcoholConsump NoDocbcCost
MPRINT(EM_DIAGRAM):   / level=nominal;
NOTE: 8 input variable(s) defined for ID=I2.
NOTE: The INPUT statement has finished with return code=0 and status=variables.
MPRINT(EM_DIAGRAM):   input
22389      input %DMVQORDINAL / level=ordinal;
MPRINT(DMVQORDINAL):   Education GenHlth Income MentHlth PhysHlth
MPRINT(EM_DIAGRAM):   / level=ordinal;
NOTE: 5 input variable(s) defined for ID=I3.
NOTE: The INPUT statement has finished with return code=0 and status=variables.
22390      VQ maxc = 5 clusname=_SEGMENT_ CLUSLABEL="Segment Id" DISTLABEL="Distance";
MPRINT(EM_DIAGRAM):   VQ maxc = 5 clusname=_SEGMENT_ CLUSLABEL="Segment Id" DISTLABEL="Distance";
NOTE: A maximum of 5 clusters have been requested.
NOTE: The VQ statement has finished with return code=0 and status=architecture.
22391      MAKE outvar=EMWS2.Clus6_OUTVAR;
MPRINT(EM_DIAGRAM):   MAKE outvar=EMWS2.Clus6_OUTVAR;

NOTE: 15 input variable(s).
NOTE: Number of cases=223088
NOTE: Sum of frequencies=223088
NOTE: Sum of weights=223088
NOTE: VARDEF=DF      
NOTE: Maximum number of categories=31
NOTE: The total number of variables is 15 with dimensionality 23.
NOTE: 15 variables will be used for clustering.
NOTE: Open output data set EMWS2.CLUS6_OUTVAR.DATA with 24 variables.
NOTE: The data set EMWS2.CLUS6_OUTVAR has 4 observations and 24 variables.
NOTE: The MAKE statement has finished with return code=0 and status=made.
22392      INITIAL radius=0
22393      ;
MPRINT(EM_DIAGRAM):   INITIAL radius=0 ;
NOTE: 5 seeds were selected from data set WORK.CLUS6_DMDB.DATA using the SEPARATE algorithm.
NOTE: The INITIAL statement has finished with return code=0 and status=initialized.
22394      TRAIN tech=FORGY
22395      ;
MPRINT(EM_DIAGRAM):   TRAIN tech=FORGY ;
WARNING: The limit of 10 iterations was reached without convergence.
NOTE: The TRAIN statement has finished with return code=0 and status=trained.
22396      SAVE outstat=EMWS2.Clus6_OUTSTAT outmean=EMWS2.Clus6_OUTMEAN;
MPRINT(EM_DIAGRAM):   SAVE outstat=EMWS2.Clus6_OUTSTAT outmean=EMWS2.Clus6_OUTMEAN;
NOTE: The data set EMWS2.CLUS6_OUTSTAT has 46 observations and 26 variables.
NOTE: The data set EMWS2.CLUS6_OUTMEAN has 5 observations and 32 variables.
NOTE: The SAVE statement has finished with return code=0 and status=statistics.
22397      code file="\\uisnutvdiprof1a\redirected$\bkris2\Documents\ZetaProject\ZetaExploratoryAnalysis\Workspaces\EMWS2\Clus6\DMVQSCORECODE.sas"
22398      group=Clus6
22399      ;
MPRINT(EM_DIAGRAM):   code file="\\uisnutvdiprof1a\redirected$\bkris2\Documents\ZetaProject\ZetaExploratoryAnalysis\Workspaces\EMWS2\Clus6\DMVQSCORECODE.sas" group=Clus6 ;
NOTE: External file \\uisnutvdiprof1a\redirected$\bkris2\Documents\ZetaProject\ZetaExploratoryAnalysis\Workspaces\EMWS2\Clus6\DMVQSCORECODE.sas opened.
NOTE: The CODE statement has finished with return code=0 and status=statistics.
22400      run;
MPRINT(EM_DIAGRAM):   run;

22401      quit;
MPRINT(EM_DIAGRAM):   quit;

NOTE: There were 223088 observations read from the data set WORK.CLUS6_DMDB.
NOTE: PROCEDURE DMVQ used (Total process time):
      real time           2.85 seconds
      cpu time            2.49 seconds
      

22402      libname _spdslib;
MPRINT(EM_DIAGRAM):    libname _spdslib;
WARNING: Libref _SPDSLIB is not assigned.
22403      *------------------------------------------------------------*;
MPRINT(EM_DIAGRAM):    *------------------------------------------------------------*;
22404      * Clus6: Cluster Label;
MPRINT(EM_DIAGRAM):   * Clus6: Cluster Label;
22405      *------------------------------------------------------------*;
MPRINT(EM_DIAGRAM):   *------------------------------------------------------------*;
22406      data EMWS2.Clus6_LABEL;
MPRINT(EM_DIAGRAM):   data EMWS2.Clus6_LABEL;
22407      length _SEGMENT_ 8 Label $80;
MPRINT(EM_DIAGRAM):   length _SEGMENT_ 8 Label $80;
22408      format _SEGMENT_ 4.;
MPRINT(EM_DIAGRAM):   format _SEGMENT_ 4.;
22409      label _SEGMENT_ = "%sysfunc(sasmsg(sashelp.dmine, rpt_segmentName_vlabel,  NOQUOTE))";
MPRINT(EM_DIAGRAM):   label _SEGMENT_ = "Segment Name";
22410      label Label = "%sysfunc(sasmsg(sashelp.dmine, rpt_segmentLabel_vlabel,  NOQUOTE))";
MPRINT(EM_DIAGRAM):   label Label = "Segment Label";
22411      _SEGMENT_= 1;
MPRINT(EM_DIAGRAM):   _SEGMENT_= 1;
22412      Label='Cluster1';
MPRINT(EM_DIAGRAM):   Label='Cluster1';
22413      output;
MPRINT(EM_DIAGRAM):   output;
22414      _SEGMENT_= 2;
MPRINT(EM_DIAGRAM):   _SEGMENT_= 2;
22415      Label='Cluster2';
MPRINT(EM_DIAGRAM):   Label='Cluster2';
22416      output;
MPRINT(EM_DIAGRAM):   output;
22417      _SEGMENT_= 3;
MPRINT(EM_DIAGRAM):   _SEGMENT_= 3;
22418      Label='Cluster3';
MPRINT(EM_DIAGRAM):   Label='Cluster3';
22419      output;
MPRINT(EM_DIAGRAM):   output;
22420      _SEGMENT_= 4;
MPRINT(EM_DIAGRAM):   _SEGMENT_= 4;
22421      Label='Cluster4';
MPRINT(EM_DIAGRAM):   Label='Cluster4';
22422      output;
MPRINT(EM_DIAGRAM):   output;
22423      _SEGMENT_= 5;
MPRINT(EM_DIAGRAM):   _SEGMENT_= 5;
22424      Label='Cluster5';
MPRINT(EM_DIAGRAM):   Label='Cluster5';
22425      output;
MPRINT(EM_DIAGRAM):   output;
22426      run;
MPRINT(EM_DIAGRAM):   run;

NOTE: The data set EMWS2.CLUS6_LABEL has 5 observations and 2 variables.
NOTE: DATA statement used (Total process time):
      real time           0.16 seconds
      cpu time            0.07 seconds
      

MPRINT(EM_DIAGRAM):    proc printto;
MPRINT(EM_DIAGRAM):   run;
